[2025-04-22T22:12:11.384+0000] {local_task_job_runner.py:123} INFO - ::group::Pre task execution logs
[2025-04-22T22:12:11.408+0000] {taskinstance.py:2612} INFO - Dependencies all met for dep_context=non-requeueable deps ti=<TaskInstance: law_enforcement_ELT_dbtcloud.trigger_dbt_job manual__2025-04-22T22:12:09.858354+00:00 [queued]>
[2025-04-22T22:12:11.422+0000] {taskinstance.py:2612} INFO - Dependencies all met for dep_context=requeueable deps ti=<TaskInstance: law_enforcement_ELT_dbtcloud.trigger_dbt_job manual__2025-04-22T22:12:09.858354+00:00 [queued]>
[2025-04-22T22:12:11.425+0000] {taskinstance.py:2865} INFO - Starting attempt 1 of 1
[2025-04-22T22:12:11.454+0000] {taskinstance.py:2888} INFO - Executing <Task(DbtCloudRunJobOperator): trigger_dbt_job> on 2025-04-22 22:12:09.858354+00:00
[2025-04-22T22:12:11.548+0000] {logging_mixin.py:190} WARNING - /home/***/.local/lib/python3.12/site-packages/***/task/task_runner/standard_task_runner.py:70 DeprecationWarning: This process (pid=1350) is multi-threaded, use of fork() may lead to deadlocks in the child.
[2025-04-22T22:12:11.556+0000] {standard_task_runner.py:72} INFO - Started process 1351 to run task
[2025-04-22T22:12:11.528+0000] {standard_task_runner.py:104} INFO - Running: ['***', 'tasks', 'run', 'law_enforcement_ELT_dbtcloud', 'trigger_dbt_job', 'manual__2025-04-22T22:12:09.858354+00:00', '--job-id', '570', '--raw', '--subdir', 'DAGS_FOLDER/__pycache__/Lab2_ELT.py', '--cfg-path', '/tmp/tmp5sjlaj_o']
[2025-04-22T22:12:11.559+0000] {standard_task_runner.py:105} INFO - Job 570: Subtask trigger_dbt_job
[2025-04-22T22:12:11.783+0000] {task_command.py:467} INFO - Running <TaskInstance: law_enforcement_ELT_dbtcloud.trigger_dbt_job manual__2025-04-22T22:12:09.858354+00:00 [running]> on host 3fa5927efcb0
[2025-04-22T22:12:11.905+0000] {taskinstance.py:3131} INFO - Exporting env vars: AIRFLOW_CTX_DAG_OWNER='***' AIRFLOW_CTX_DAG_ID='law_enforcement_ELT_dbtcloud' AIRFLOW_CTX_TASK_ID='trigger_dbt_job' AIRFLOW_CTX_EXECUTION_DATE='2025-04-22T22:12:09.858354+00:00' AIRFLOW_CTX_TRY_NUMBER='1' AIRFLOW_CTX_DAG_RUN_ID='manual__2025-04-22T22:12:09.858354+00:00'
[2025-04-22T22:12:11.907+0000] {taskinstance.py:731} INFO - ::endgroup::
[2025-04-22T22:12:11.942+0000] {connection.py:277} WARNING - Connection schemes (type: dbt_cloud) shall not contain '_' according to RFC3986.
[2025-04-22T22:12:11.946+0000] {base.py:84} INFO - Retrieving connection 'dbt_cloud'
[2025-04-22T22:12:12.425+0000] {dbt.py:205} INFO - Waiting for job run 70471833313129 to terminate.
[2025-04-22T22:12:12.426+0000] {dbt.py:680} INFO - Getting the status of job run 70471833313129.
[2025-04-22T22:12:12.838+0000] {dbt.py:685} INFO - Current status of job run 70471833313129: STARTING
[2025-04-22T22:12:42.850+0000] {dbt.py:680} INFO - Getting the status of job run 70471833313129.
[2025-04-22T22:12:43.267+0000] {dbt.py:685} INFO - Current status of job run 70471833313129: RUNNING
[2025-04-22T22:13:13.274+0000] {dbt.py:680} INFO - Getting the status of job run 70471833313129.
[2025-04-22T22:13:13.626+0000] {dbt.py:685} INFO - Current status of job run 70471833313129: RUNNING
[2025-04-22T22:13:43.631+0000] {dbt.py:680} INFO - Getting the status of job run 70471833313129.
[2025-04-22T22:13:44.037+0000] {dbt.py:685} INFO - Current status of job run 70471833313129: SUCCESS
[2025-04-22T22:13:44.041+0000] {dbt.py:214} INFO - Job run 70471833313129 has completed successfully.
[2025-04-22T22:13:44.094+0000] {taskinstance.py:340} INFO - ::group::Post task execution logs
[2025-04-22T22:13:44.096+0000] {taskinstance.py:352} INFO - Marking task as SUCCESS. dag_id=law_enforcement_ELT_dbtcloud, task_id=trigger_dbt_job, run_id=manual__2025-04-22T22:12:09.858354+00:00, execution_date=20250422T221209, start_date=20250422T221211, end_date=20250422T221344
[2025-04-22T22:13:44.127+0000] {local_task_job_runner.py:266} INFO - Task exited with return code 0
[2025-04-22T22:13:44.140+0000] {taskinstance.py:3900} INFO - 0 downstream tasks scheduled from follow-on schedule check
[2025-04-22T22:13:44.141+0000] {local_task_job_runner.py:245} INFO - ::endgroup::
