[2025-03-25T16:49:26.947+0000] {processor.py:186} INFO - Started process (PID=235) to work on /opt/airflow/dags/not_running/Lab1_train_predict.py
[2025-03-25T16:49:26.948+0000] {processor.py:914} INFO - Processing file /opt/airflow/dags/not_running/Lab1_train_predict.py for tasks to queue
[2025-03-25T16:49:26.950+0000] {logging_mixin.py:190} INFO - [2025-03-25T16:49:26.949+0000] {dagbag.py:587} INFO - Filling up the DagBag from /opt/airflow/dags/not_running/Lab1_train_predict.py
[2025-03-25T16:49:26.965+0000] {logging_mixin.py:190} INFO - [2025-03-25T16:49:26.965+0000] {base.py:84} INFO - Retrieving connection 'snowflake_conn'
[2025-03-25T16:49:26.966+0000] {logging_mixin.py:190} INFO - [2025-03-25T16:49:26.966+0000] {connection.py:413} INFO - Snowflake Connector for Python Version: 3.12.1, Python Version: 3.12.5, Platform: Linux-6.12.5-linuxkit-aarch64-with-glibc2.36
[2025-03-25T16:49:26.967+0000] {logging_mixin.py:190} INFO - [2025-03-25T16:49:26.967+0000] {connection.py:1196} INFO - Connecting to GLOBAL Snowflake domain
[2025-03-25T16:49:26.968+0000] {logging_mixin.py:190} INFO - [2025-03-25T16:49:26.968+0000] {connection.py:1277} INFO - This connection is in OCSP Fail Open Mode. TLS Certificates would be checked for validity and revocation status. Any other Certificate Revocation related exceptions or OCSP Responder failures would be disregarded in favor of connectivity.
[2025-03-25T16:49:27.250+0000] {logging_mixin.py:190} INFO - [2025-03-25T16:49:27.249+0000] {dagbag.py:386} ERROR - Failed to import: /opt/airflow/dags/not_running/Lab1_train_predict.py
Traceback (most recent call last):
  File "/home/airflow/.local/lib/python3.12/site-packages/airflow/models/dagbag.py", line 382, in parse
    loader.exec_module(new_module)
  File "<frozen importlib._bootstrap_external>", line 995, in exec_module
  File "<frozen importlib._bootstrap>", line 488, in _call_with_frames_removed
  File "/opt/airflow/dags/not_running/Lab1_train_predict.py", line 96, in <module>
    cur = return_snowflake_conn()
          ^^^^^^^^^^^^^^^^^^^^^^^
  File "/opt/airflow/dags/not_running/Lab1_train_predict.py", line 18, in return_snowflake_conn
    conn = hook.get_conn()
           ^^^^^^^^^^^^^^^
  File "/home/airflow/.local/lib/python3.12/site-packages/airflow/providers/snowflake/hooks/snowflake.py", line 300, in get_conn
    conn = connector.connect(**conn_config)
           ^^^^^^^^^^^^^^^^^^^^^^^^^^^^^^^^
  File "/home/airflow/.local/lib/python3.12/site-packages/snowflake/connector/__init__.py", line 55, in Connect
    return SnowflakeConnection(**kwargs)
           ^^^^^^^^^^^^^^^^^^^^^^^^^^^^^
  File "/home/airflow/.local/lib/python3.12/site-packages/snowflake/connector/connection.py", line 456, in __init__
    self.connect(**kwargs)
  File "/home/airflow/.local/lib/python3.12/site-packages/snowflake/connector/connection.py", line 771, in connect
    self.__open_connection()
  File "/home/airflow/.local/lib/python3.12/site-packages/snowflake/connector/connection.py", line 1099, in __open_connection
    self.authenticate_with_retry(self.auth_class)
  File "/home/airflow/.local/lib/python3.12/site-packages/snowflake/connector/connection.py", line 1386, in authenticate_with_retry
    self._authenticate(auth_instance)
  File "/home/airflow/.local/lib/python3.12/site-packages/snowflake/connector/connection.py", line 1414, in _authenticate
    auth.authenticate(
  File "/home/airflow/.local/lib/python3.12/site-packages/snowflake/connector/auth/_auth.py", line 401, in authenticate
    Error.errorhandler_wrapper(
  File "/home/airflow/.local/lib/python3.12/site-packages/snowflake/connector/errors.py", line 284, in errorhandler_wrapper
    handed_over = Error.hand_to_other_handler(
                  ^^^^^^^^^^^^^^^^^^^^^^^^^^^^
  File "/home/airflow/.local/lib/python3.12/site-packages/snowflake/connector/errors.py", line 342, in hand_to_other_handler
    connection.errorhandler(connection, cursor, error_class, error_value)
  File "/home/airflow/.local/lib/python3.12/site-packages/snowflake/connector/errors.py", line 215, in default_errorhandler
    raise error_class(
snowflake.connector.errors.DatabaseError: 250001 (08001): None: Failed to connect to DB: PJRGOXN-KAB80700.snowflakecomputing.com:443. Incorrect username or password was specified.
[2025-03-25T16:49:27.251+0000] {processor.py:927} WARNING - No viable dags retrieved from /opt/airflow/dags/not_running/Lab1_train_predict.py
[2025-03-25T16:49:27.256+0000] {processor.py:208} INFO - Processing /opt/airflow/dags/not_running/Lab1_train_predict.py took 0.315 seconds
[2025-03-25T16:49:58.255+0000] {processor.py:186} INFO - Started process (PID=296) to work on /opt/airflow/dags/not_running/Lab1_train_predict.py
[2025-03-25T16:49:58.257+0000] {processor.py:914} INFO - Processing file /opt/airflow/dags/not_running/Lab1_train_predict.py for tasks to queue
[2025-03-25T16:49:58.258+0000] {logging_mixin.py:190} INFO - [2025-03-25T16:49:58.258+0000] {dagbag.py:587} INFO - Filling up the DagBag from /opt/airflow/dags/not_running/Lab1_train_predict.py
[2025-03-25T16:49:58.275+0000] {logging_mixin.py:190} INFO - [2025-03-25T16:49:58.275+0000] {base.py:84} INFO - Retrieving connection 'snowflake_conn'
[2025-03-25T16:49:58.276+0000] {logging_mixin.py:190} INFO - [2025-03-25T16:49:58.276+0000] {connection.py:413} INFO - Snowflake Connector for Python Version: 3.12.1, Python Version: 3.12.5, Platform: Linux-6.12.5-linuxkit-aarch64-with-glibc2.36
[2025-03-25T16:49:58.277+0000] {logging_mixin.py:190} INFO - [2025-03-25T16:49:58.277+0000] {connection.py:1196} INFO - Connecting to GLOBAL Snowflake domain
[2025-03-25T16:49:58.277+0000] {logging_mixin.py:190} INFO - [2025-03-25T16:49:58.277+0000] {connection.py:1277} INFO - This connection is in OCSP Fail Open Mode. TLS Certificates would be checked for validity and revocation status. Any other Certificate Revocation related exceptions or OCSP Responder failures would be disregarded in favor of connectivity.
[2025-03-25T16:49:58.567+0000] {logging_mixin.py:190} INFO - [2025-03-25T16:49:58.566+0000] {dagbag.py:386} ERROR - Failed to import: /opt/airflow/dags/not_running/Lab1_train_predict.py
Traceback (most recent call last):
  File "/home/airflow/.local/lib/python3.12/site-packages/airflow/models/dagbag.py", line 382, in parse
    loader.exec_module(new_module)
  File "<frozen importlib._bootstrap_external>", line 995, in exec_module
  File "<frozen importlib._bootstrap>", line 488, in _call_with_frames_removed
  File "/opt/airflow/dags/not_running/Lab1_train_predict.py", line 96, in <module>
    cur = return_snowflake_conn()
          ^^^^^^^^^^^^^^^^^^^^^^^
  File "/opt/airflow/dags/not_running/Lab1_train_predict.py", line 18, in return_snowflake_conn
    conn = hook.get_conn()
           ^^^^^^^^^^^^^^^
  File "/home/airflow/.local/lib/python3.12/site-packages/airflow/providers/snowflake/hooks/snowflake.py", line 300, in get_conn
    conn = connector.connect(**conn_config)
           ^^^^^^^^^^^^^^^^^^^^^^^^^^^^^^^^
  File "/home/airflow/.local/lib/python3.12/site-packages/snowflake/connector/__init__.py", line 55, in Connect
    return SnowflakeConnection(**kwargs)
           ^^^^^^^^^^^^^^^^^^^^^^^^^^^^^
  File "/home/airflow/.local/lib/python3.12/site-packages/snowflake/connector/connection.py", line 456, in __init__
    self.connect(**kwargs)
  File "/home/airflow/.local/lib/python3.12/site-packages/snowflake/connector/connection.py", line 771, in connect
    self.__open_connection()
  File "/home/airflow/.local/lib/python3.12/site-packages/snowflake/connector/connection.py", line 1099, in __open_connection
    self.authenticate_with_retry(self.auth_class)
  File "/home/airflow/.local/lib/python3.12/site-packages/snowflake/connector/connection.py", line 1386, in authenticate_with_retry
    self._authenticate(auth_instance)
  File "/home/airflow/.local/lib/python3.12/site-packages/snowflake/connector/connection.py", line 1414, in _authenticate
    auth.authenticate(
  File "/home/airflow/.local/lib/python3.12/site-packages/snowflake/connector/auth/_auth.py", line 401, in authenticate
    Error.errorhandler_wrapper(
  File "/home/airflow/.local/lib/python3.12/site-packages/snowflake/connector/errors.py", line 284, in errorhandler_wrapper
    handed_over = Error.hand_to_other_handler(
                  ^^^^^^^^^^^^^^^^^^^^^^^^^^^^
  File "/home/airflow/.local/lib/python3.12/site-packages/snowflake/connector/errors.py", line 342, in hand_to_other_handler
    connection.errorhandler(connection, cursor, error_class, error_value)
  File "/home/airflow/.local/lib/python3.12/site-packages/snowflake/connector/errors.py", line 215, in default_errorhandler
    raise error_class(
snowflake.connector.errors.DatabaseError: 250001 (08001): None: Failed to connect to DB: PJRGOXN-KAB80700.snowflakecomputing.com:443. Your user account has been temporarily locked. Try again later or contact your account administrator for assistance. For more information about this error, go to https://community.snowflake.com/s/error-your-user-login-has-been-locked.
[2025-03-25T16:49:58.568+0000] {processor.py:927} WARNING - No viable dags retrieved from /opt/airflow/dags/not_running/Lab1_train_predict.py
[2025-03-25T16:49:58.575+0000] {processor.py:208} INFO - Processing /opt/airflow/dags/not_running/Lab1_train_predict.py took 0.323 seconds
[2025-03-25T16:50:29.505+0000] {processor.py:186} INFO - Started process (PID=337) to work on /opt/airflow/dags/not_running/Lab1_train_predict.py
[2025-03-25T16:50:29.507+0000] {processor.py:914} INFO - Processing file /opt/airflow/dags/not_running/Lab1_train_predict.py for tasks to queue
[2025-03-25T16:50:29.508+0000] {logging_mixin.py:190} INFO - [2025-03-25T16:50:29.508+0000] {dagbag.py:587} INFO - Filling up the DagBag from /opt/airflow/dags/not_running/Lab1_train_predict.py
[2025-03-25T16:50:29.523+0000] {logging_mixin.py:190} INFO - [2025-03-25T16:50:29.523+0000] {base.py:84} INFO - Retrieving connection 'snowflake_conn'
[2025-03-25T16:50:29.523+0000] {logging_mixin.py:190} INFO - [2025-03-25T16:50:29.523+0000] {connection.py:413} INFO - Snowflake Connector for Python Version: 3.12.1, Python Version: 3.12.5, Platform: Linux-6.12.5-linuxkit-aarch64-with-glibc2.36
[2025-03-25T16:50:29.524+0000] {logging_mixin.py:190} INFO - [2025-03-25T16:50:29.524+0000] {connection.py:1196} INFO - Connecting to GLOBAL Snowflake domain
[2025-03-25T16:50:29.525+0000] {logging_mixin.py:190} INFO - [2025-03-25T16:50:29.525+0000] {connection.py:1277} INFO - This connection is in OCSP Fail Open Mode. TLS Certificates would be checked for validity and revocation status. Any other Certificate Revocation related exceptions or OCSP Responder failures would be disregarded in favor of connectivity.
[2025-03-25T16:50:29.778+0000] {logging_mixin.py:190} INFO - [2025-03-25T16:50:29.777+0000] {dagbag.py:386} ERROR - Failed to import: /opt/airflow/dags/not_running/Lab1_train_predict.py
Traceback (most recent call last):
  File "/home/airflow/.local/lib/python3.12/site-packages/airflow/models/dagbag.py", line 382, in parse
    loader.exec_module(new_module)
  File "<frozen importlib._bootstrap_external>", line 995, in exec_module
  File "<frozen importlib._bootstrap>", line 488, in _call_with_frames_removed
  File "/opt/airflow/dags/not_running/Lab1_train_predict.py", line 96, in <module>
    cur = return_snowflake_conn()
          ^^^^^^^^^^^^^^^^^^^^^^^
  File "/opt/airflow/dags/not_running/Lab1_train_predict.py", line 18, in return_snowflake_conn
    conn = hook.get_conn()
           ^^^^^^^^^^^^^^^
  File "/home/airflow/.local/lib/python3.12/site-packages/airflow/providers/snowflake/hooks/snowflake.py", line 300, in get_conn
    conn = connector.connect(**conn_config)
           ^^^^^^^^^^^^^^^^^^^^^^^^^^^^^^^^
  File "/home/airflow/.local/lib/python3.12/site-packages/snowflake/connector/__init__.py", line 55, in Connect
    return SnowflakeConnection(**kwargs)
           ^^^^^^^^^^^^^^^^^^^^^^^^^^^^^
  File "/home/airflow/.local/lib/python3.12/site-packages/snowflake/connector/connection.py", line 456, in __init__
    self.connect(**kwargs)
  File "/home/airflow/.local/lib/python3.12/site-packages/snowflake/connector/connection.py", line 771, in connect
    self.__open_connection()
  File "/home/airflow/.local/lib/python3.12/site-packages/snowflake/connector/connection.py", line 1099, in __open_connection
    self.authenticate_with_retry(self.auth_class)
  File "/home/airflow/.local/lib/python3.12/site-packages/snowflake/connector/connection.py", line 1386, in authenticate_with_retry
    self._authenticate(auth_instance)
  File "/home/airflow/.local/lib/python3.12/site-packages/snowflake/connector/connection.py", line 1414, in _authenticate
    auth.authenticate(
  File "/home/airflow/.local/lib/python3.12/site-packages/snowflake/connector/auth/_auth.py", line 401, in authenticate
    Error.errorhandler_wrapper(
  File "/home/airflow/.local/lib/python3.12/site-packages/snowflake/connector/errors.py", line 284, in errorhandler_wrapper
    handed_over = Error.hand_to_other_handler(
                  ^^^^^^^^^^^^^^^^^^^^^^^^^^^^
  File "/home/airflow/.local/lib/python3.12/site-packages/snowflake/connector/errors.py", line 342, in hand_to_other_handler
    connection.errorhandler(connection, cursor, error_class, error_value)
  File "/home/airflow/.local/lib/python3.12/site-packages/snowflake/connector/errors.py", line 215, in default_errorhandler
    raise error_class(
snowflake.connector.errors.DatabaseError: 250001 (08001): None: Failed to connect to DB: PJRGOXN-KAB80700.snowflakecomputing.com:443. Your user account has been temporarily locked. Try again later or contact your account administrator for assistance. For more information about this error, go to https://community.snowflake.com/s/error-your-user-login-has-been-locked.
[2025-03-25T16:50:29.779+0000] {processor.py:927} WARNING - No viable dags retrieved from /opt/airflow/dags/not_running/Lab1_train_predict.py
[2025-03-25T16:50:29.785+0000] {processor.py:208} INFO - Processing /opt/airflow/dags/not_running/Lab1_train_predict.py took 0.283 seconds
[2025-03-25T16:51:00.018+0000] {processor.py:186} INFO - Started process (PID=378) to work on /opt/airflow/dags/not_running/Lab1_train_predict.py
[2025-03-25T16:51:00.019+0000] {processor.py:914} INFO - Processing file /opt/airflow/dags/not_running/Lab1_train_predict.py for tasks to queue
[2025-03-25T16:51:00.020+0000] {logging_mixin.py:190} INFO - [2025-03-25T16:51:00.020+0000] {dagbag.py:587} INFO - Filling up the DagBag from /opt/airflow/dags/not_running/Lab1_train_predict.py
[2025-03-25T16:51:00.029+0000] {logging_mixin.py:190} INFO - [2025-03-25T16:51:00.029+0000] {base.py:84} INFO - Retrieving connection 'snowflake_conn'
[2025-03-25T16:51:00.030+0000] {logging_mixin.py:190} INFO - [2025-03-25T16:51:00.030+0000] {connection.py:413} INFO - Snowflake Connector for Python Version: 3.12.1, Python Version: 3.12.5, Platform: Linux-6.12.5-linuxkit-aarch64-with-glibc2.36
[2025-03-25T16:51:00.030+0000] {logging_mixin.py:190} INFO - [2025-03-25T16:51:00.030+0000] {connection.py:1196} INFO - Connecting to GLOBAL Snowflake domain
[2025-03-25T16:51:00.030+0000] {logging_mixin.py:190} INFO - [2025-03-25T16:51:00.030+0000] {connection.py:1277} INFO - This connection is in OCSP Fail Open Mode. TLS Certificates would be checked for validity and revocation status. Any other Certificate Revocation related exceptions or OCSP Responder failures would be disregarded in favor of connectivity.
[2025-03-25T16:51:00.251+0000] {logging_mixin.py:190} INFO - [2025-03-25T16:51:00.249+0000] {dagbag.py:386} ERROR - Failed to import: /opt/airflow/dags/not_running/Lab1_train_predict.py
Traceback (most recent call last):
  File "/home/airflow/.local/lib/python3.12/site-packages/airflow/models/dagbag.py", line 382, in parse
    loader.exec_module(new_module)
  File "<frozen importlib._bootstrap_external>", line 995, in exec_module
  File "<frozen importlib._bootstrap>", line 488, in _call_with_frames_removed
  File "/opt/airflow/dags/not_running/Lab1_train_predict.py", line 96, in <module>
    cur = return_snowflake_conn()
          ^^^^^^^^^^^^^^^^^^^^^^^
  File "/opt/airflow/dags/not_running/Lab1_train_predict.py", line 18, in return_snowflake_conn
    conn = hook.get_conn()
           ^^^^^^^^^^^^^^^
  File "/home/airflow/.local/lib/python3.12/site-packages/airflow/providers/snowflake/hooks/snowflake.py", line 300, in get_conn
    conn = connector.connect(**conn_config)
           ^^^^^^^^^^^^^^^^^^^^^^^^^^^^^^^^
  File "/home/airflow/.local/lib/python3.12/site-packages/snowflake/connector/__init__.py", line 55, in Connect
    return SnowflakeConnection(**kwargs)
           ^^^^^^^^^^^^^^^^^^^^^^^^^^^^^
  File "/home/airflow/.local/lib/python3.12/site-packages/snowflake/connector/connection.py", line 456, in __init__
    self.connect(**kwargs)
  File "/home/airflow/.local/lib/python3.12/site-packages/snowflake/connector/connection.py", line 771, in connect
    self.__open_connection()
  File "/home/airflow/.local/lib/python3.12/site-packages/snowflake/connector/connection.py", line 1099, in __open_connection
    self.authenticate_with_retry(self.auth_class)
  File "/home/airflow/.local/lib/python3.12/site-packages/snowflake/connector/connection.py", line 1386, in authenticate_with_retry
    self._authenticate(auth_instance)
  File "/home/airflow/.local/lib/python3.12/site-packages/snowflake/connector/connection.py", line 1414, in _authenticate
    auth.authenticate(
  File "/home/airflow/.local/lib/python3.12/site-packages/snowflake/connector/auth/_auth.py", line 401, in authenticate
    Error.errorhandler_wrapper(
  File "/home/airflow/.local/lib/python3.12/site-packages/snowflake/connector/errors.py", line 284, in errorhandler_wrapper
    handed_over = Error.hand_to_other_handler(
                  ^^^^^^^^^^^^^^^^^^^^^^^^^^^^
  File "/home/airflow/.local/lib/python3.12/site-packages/snowflake/connector/errors.py", line 342, in hand_to_other_handler
    connection.errorhandler(connection, cursor, error_class, error_value)
  File "/home/airflow/.local/lib/python3.12/site-packages/snowflake/connector/errors.py", line 215, in default_errorhandler
    raise error_class(
snowflake.connector.errors.DatabaseError: 250001 (08001): None: Failed to connect to DB: PJRGOXN-KAB80700.snowflakecomputing.com:443. Your user account has been temporarily locked. Try again later or contact your account administrator for assistance. For more information about this error, go to https://community.snowflake.com/s/error-your-user-login-has-been-locked.
[2025-03-25T16:51:00.252+0000] {processor.py:927} WARNING - No viable dags retrieved from /opt/airflow/dags/not_running/Lab1_train_predict.py
[2025-03-25T16:51:00.259+0000] {processor.py:208} INFO - Processing /opt/airflow/dags/not_running/Lab1_train_predict.py took 0.244 seconds
