[2025-03-25T16:54:25.217+0000] {processor.py:186} INFO - Started process (PID=442) to work on /opt/airflow/dags/ELT_DAG.py
[2025-03-25T16:54:25.219+0000] {processor.py:914} INFO - Processing file /opt/airflow/dags/ELT_DAG.py for tasks to queue
[2025-03-25T16:54:25.220+0000] {logging_mixin.py:190} INFO - [2025-03-25T16:54:25.220+0000] {dagbag.py:587} INFO - Filling up the DagBag from /opt/airflow/dags/ELT_DAG.py
[2025-03-25T16:54:25.243+0000] {processor.py:925} INFO - DAG(s) 'ELT' retrieved from /opt/airflow/dags/ELT_DAG.py
[2025-03-25T16:54:25.341+0000] {logging_mixin.py:190} INFO - [2025-03-25T16:54:25.340+0000] {dag.py:3229} INFO - Sync 1 DAGs
[2025-03-25T16:54:25.352+0000] {logging_mixin.py:190} INFO - [2025-03-25T16:54:25.351+0000] {dag.py:4156} INFO - Setting next_dagrun for ELT to 2025-03-24 02:45:00+00:00, run_after=2025-03-25 02:45:00+00:00
[2025-03-25T16:54:25.361+0000] {processor.py:208} INFO - Processing /opt/airflow/dags/ELT_DAG.py took 0.153 seconds
[2025-03-25T16:54:55.696+0000] {processor.py:186} INFO - Started process (PID=457) to work on /opt/airflow/dags/ELT_DAG.py
[2025-03-25T16:54:55.698+0000] {processor.py:914} INFO - Processing file /opt/airflow/dags/ELT_DAG.py for tasks to queue
[2025-03-25T16:54:55.699+0000] {logging_mixin.py:190} INFO - [2025-03-25T16:54:55.699+0000] {dagbag.py:587} INFO - Filling up the DagBag from /opt/airflow/dags/ELT_DAG.py
[2025-03-25T16:54:55.711+0000] {processor.py:925} INFO - DAG(s) 'ELT' retrieved from /opt/airflow/dags/ELT_DAG.py
[2025-03-25T16:54:55.734+0000] {logging_mixin.py:190} INFO - [2025-03-25T16:54:55.733+0000] {dag.py:3229} INFO - Sync 1 DAGs
[2025-03-25T16:54:55.747+0000] {logging_mixin.py:190} INFO - [2025-03-25T16:54:55.746+0000] {dag.py:4156} INFO - Setting next_dagrun for ELT to 2025-03-24 02:45:00+00:00, run_after=2025-03-25 02:45:00+00:00
[2025-03-25T16:54:55.753+0000] {processor.py:208} INFO - Processing /opt/airflow/dags/ELT_DAG.py took 0.069 seconds
[2025-03-25T16:55:26.184+0000] {processor.py:186} INFO - Started process (PID=476) to work on /opt/airflow/dags/ELT_DAG.py
[2025-03-25T16:55:26.187+0000] {processor.py:914} INFO - Processing file /opt/airflow/dags/ELT_DAG.py for tasks to queue
[2025-03-25T16:55:26.188+0000] {logging_mixin.py:190} INFO - [2025-03-25T16:55:26.188+0000] {dagbag.py:587} INFO - Filling up the DagBag from /opt/airflow/dags/ELT_DAG.py
[2025-03-25T16:55:26.208+0000] {processor.py:925} INFO - DAG(s) 'ELT' retrieved from /opt/airflow/dags/ELT_DAG.py
[2025-03-25T16:55:26.239+0000] {logging_mixin.py:190} INFO - [2025-03-25T16:55:26.237+0000] {dag.py:3229} INFO - Sync 1 DAGs
[2025-03-25T16:55:26.256+0000] {logging_mixin.py:190} INFO - [2025-03-25T16:55:26.256+0000] {dag.py:4156} INFO - Setting next_dagrun for ELT to 2025-03-24 02:45:00+00:00, run_after=2025-03-25 02:45:00+00:00
[2025-03-25T16:55:26.263+0000] {processor.py:208} INFO - Processing /opt/airflow/dags/ELT_DAG.py took 0.089 seconds
[2025-03-25T16:55:56.671+0000] {processor.py:186} INFO - Started process (PID=492) to work on /opt/airflow/dags/ELT_DAG.py
[2025-03-25T16:55:56.672+0000] {processor.py:914} INFO - Processing file /opt/airflow/dags/ELT_DAG.py for tasks to queue
[2025-03-25T16:55:56.673+0000] {logging_mixin.py:190} INFO - [2025-03-25T16:55:56.673+0000] {dagbag.py:587} INFO - Filling up the DagBag from /opt/airflow/dags/ELT_DAG.py
[2025-03-25T16:55:56.690+0000] {processor.py:925} INFO - DAG(s) 'ELT' retrieved from /opt/airflow/dags/ELT_DAG.py
[2025-03-25T16:55:56.719+0000] {logging_mixin.py:190} INFO - [2025-03-25T16:55:56.718+0000] {dag.py:3229} INFO - Sync 1 DAGs
[2025-03-25T16:55:56.731+0000] {logging_mixin.py:190} INFO - [2025-03-25T16:55:56.731+0000] {dag.py:4156} INFO - Setting next_dagrun for ELT to 2025-03-24 02:45:00+00:00, run_after=2025-03-25 02:45:00+00:00
[2025-03-25T16:55:56.737+0000] {processor.py:208} INFO - Processing /opt/airflow/dags/ELT_DAG.py took 0.075 seconds
[2025-03-25T16:56:27.115+0000] {processor.py:186} INFO - Started process (PID=508) to work on /opt/airflow/dags/ELT_DAG.py
[2025-03-25T16:56:27.116+0000] {processor.py:914} INFO - Processing file /opt/airflow/dags/ELT_DAG.py for tasks to queue
[2025-03-25T16:56:27.118+0000] {logging_mixin.py:190} INFO - [2025-03-25T16:56:27.118+0000] {dagbag.py:587} INFO - Filling up the DagBag from /opt/airflow/dags/ELT_DAG.py
[2025-03-25T16:56:27.130+0000] {processor.py:925} INFO - DAG(s) 'ELT' retrieved from /opt/airflow/dags/ELT_DAG.py
[2025-03-25T16:56:27.153+0000] {logging_mixin.py:190} INFO - [2025-03-25T16:56:27.152+0000] {dag.py:3229} INFO - Sync 1 DAGs
[2025-03-25T16:56:27.164+0000] {logging_mixin.py:190} INFO - [2025-03-25T16:56:27.164+0000] {dag.py:4156} INFO - Setting next_dagrun for ELT to 2025-03-24 02:45:00+00:00, run_after=2025-03-25 02:45:00+00:00
[2025-03-25T16:56:27.171+0000] {processor.py:208} INFO - Processing /opt/airflow/dags/ELT_DAG.py took 0.062 seconds
[2025-03-25T16:56:57.529+0000] {processor.py:186} INFO - Started process (PID=522) to work on /opt/airflow/dags/ELT_DAG.py
[2025-03-25T16:56:57.531+0000] {processor.py:914} INFO - Processing file /opt/airflow/dags/ELT_DAG.py for tasks to queue
[2025-03-25T16:56:57.532+0000] {logging_mixin.py:190} INFO - [2025-03-25T16:56:57.532+0000] {dagbag.py:587} INFO - Filling up the DagBag from /opt/airflow/dags/ELT_DAG.py
[2025-03-25T16:56:57.545+0000] {processor.py:925} INFO - DAG(s) 'ELT' retrieved from /opt/airflow/dags/ELT_DAG.py
[2025-03-25T16:56:57.571+0000] {logging_mixin.py:190} INFO - [2025-03-25T16:56:57.570+0000] {dag.py:3229} INFO - Sync 1 DAGs
[2025-03-25T16:56:57.585+0000] {logging_mixin.py:190} INFO - [2025-03-25T16:56:57.585+0000] {dag.py:4156} INFO - Setting next_dagrun for ELT to 2025-03-24 02:45:00+00:00, run_after=2025-03-25 02:45:00+00:00
[2025-03-25T16:56:57.599+0000] {processor.py:208} INFO - Processing /opt/airflow/dags/ELT_DAG.py took 0.080 seconds
[2025-03-25T16:57:27.979+0000] {processor.py:186} INFO - Started process (PID=541) to work on /opt/airflow/dags/ELT_DAG.py
[2025-03-25T16:57:27.980+0000] {processor.py:914} INFO - Processing file /opt/airflow/dags/ELT_DAG.py for tasks to queue
[2025-03-25T16:57:27.982+0000] {logging_mixin.py:190} INFO - [2025-03-25T16:57:27.982+0000] {dagbag.py:587} INFO - Filling up the DagBag from /opt/airflow/dags/ELT_DAG.py
[2025-03-25T16:57:28.000+0000] {processor.py:925} INFO - DAG(s) 'ELT' retrieved from /opt/airflow/dags/ELT_DAG.py
[2025-03-25T16:57:28.029+0000] {logging_mixin.py:190} INFO - [2025-03-25T16:57:28.029+0000] {dag.py:3229} INFO - Sync 1 DAGs
[2025-03-25T16:57:28.045+0000] {logging_mixin.py:190} INFO - [2025-03-25T16:57:28.045+0000] {dag.py:4156} INFO - Setting next_dagrun for ELT to 2025-03-24 02:45:00+00:00, run_after=2025-03-25 02:45:00+00:00
[2025-03-25T16:57:28.053+0000] {processor.py:208} INFO - Processing /opt/airflow/dags/ELT_DAG.py took 0.081 seconds
[2025-03-25T16:57:58.497+0000] {processor.py:186} INFO - Started process (PID=557) to work on /opt/airflow/dags/ELT_DAG.py
[2025-03-25T16:57:58.499+0000] {processor.py:914} INFO - Processing file /opt/airflow/dags/ELT_DAG.py for tasks to queue
[2025-03-25T16:57:58.501+0000] {logging_mixin.py:190} INFO - [2025-03-25T16:57:58.501+0000] {dagbag.py:587} INFO - Filling up the DagBag from /opt/airflow/dags/ELT_DAG.py
[2025-03-25T16:57:58.518+0000] {processor.py:925} INFO - DAG(s) 'ELT' retrieved from /opt/airflow/dags/ELT_DAG.py
[2025-03-25T16:57:58.551+0000] {logging_mixin.py:190} INFO - [2025-03-25T16:57:58.550+0000] {dag.py:3229} INFO - Sync 1 DAGs
[2025-03-25T16:57:58.564+0000] {logging_mixin.py:190} INFO - [2025-03-25T16:57:58.564+0000] {dag.py:4156} INFO - Setting next_dagrun for ELT to 2025-03-24 02:45:00+00:00, run_after=2025-03-25 02:45:00+00:00
[2025-03-25T16:57:58.574+0000] {processor.py:208} INFO - Processing /opt/airflow/dags/ELT_DAG.py took 0.085 seconds
[2025-03-25T16:58:28.969+0000] {processor.py:186} INFO - Started process (PID=573) to work on /opt/airflow/dags/ELT_DAG.py
[2025-03-25T16:58:28.971+0000] {processor.py:914} INFO - Processing file /opt/airflow/dags/ELT_DAG.py for tasks to queue
[2025-03-25T16:58:28.973+0000] {logging_mixin.py:190} INFO - [2025-03-25T16:58:28.973+0000] {dagbag.py:587} INFO - Filling up the DagBag from /opt/airflow/dags/ELT_DAG.py
[2025-03-25T16:58:28.987+0000] {processor.py:925} INFO - DAG(s) 'ELT' retrieved from /opt/airflow/dags/ELT_DAG.py
[2025-03-25T16:58:29.010+0000] {logging_mixin.py:190} INFO - [2025-03-25T16:58:29.009+0000] {dag.py:3229} INFO - Sync 1 DAGs
[2025-03-25T16:58:29.022+0000] {logging_mixin.py:190} INFO - [2025-03-25T16:58:29.022+0000] {dag.py:4156} INFO - Setting next_dagrun for ELT to 2025-03-24 02:45:00+00:00, run_after=2025-03-25 02:45:00+00:00
[2025-03-25T16:58:29.029+0000] {processor.py:208} INFO - Processing /opt/airflow/dags/ELT_DAG.py took 0.065 seconds
[2025-03-25T16:58:59.467+0000] {processor.py:186} INFO - Started process (PID=590) to work on /opt/airflow/dags/ELT_DAG.py
[2025-03-25T16:58:59.470+0000] {processor.py:914} INFO - Processing file /opt/airflow/dags/ELT_DAG.py for tasks to queue
[2025-03-25T16:58:59.472+0000] {logging_mixin.py:190} INFO - [2025-03-25T16:58:59.471+0000] {dagbag.py:587} INFO - Filling up the DagBag from /opt/airflow/dags/ELT_DAG.py
[2025-03-25T16:58:59.486+0000] {processor.py:925} INFO - DAG(s) 'ELT' retrieved from /opt/airflow/dags/ELT_DAG.py
[2025-03-25T16:58:59.515+0000] {logging_mixin.py:190} INFO - [2025-03-25T16:58:59.515+0000] {dag.py:3229} INFO - Sync 1 DAGs
[2025-03-25T16:58:59.526+0000] {logging_mixin.py:190} INFO - [2025-03-25T16:58:59.526+0000] {dag.py:4156} INFO - Setting next_dagrun for ELT to 2025-03-24 02:45:00+00:00, run_after=2025-03-25 02:45:00+00:00
[2025-03-25T16:58:59.532+0000] {processor.py:208} INFO - Processing /opt/airflow/dags/ELT_DAG.py took 0.074 seconds
[2025-03-25T21:00:32.562+0000] {processor.py:186} INFO - Started process (PID=226) to work on /opt/airflow/dags/ELT_DAG.py
[2025-03-25T21:00:32.565+0000] {processor.py:914} INFO - Processing file /opt/airflow/dags/ELT_DAG.py for tasks to queue
[2025-03-25T21:00:32.567+0000] {logging_mixin.py:190} INFO - [2025-03-25T21:00:32.567+0000] {dagbag.py:587} INFO - Filling up the DagBag from /opt/airflow/dags/ELT_DAG.py
[2025-03-25T21:00:32.580+0000] {processor.py:925} INFO - DAG(s) 'ELT' retrieved from /opt/airflow/dags/ELT_DAG.py
[2025-03-25T21:00:32.614+0000] {logging_mixin.py:190} INFO - [2025-03-25T21:00:32.613+0000] {dag.py:3229} INFO - Sync 1 DAGs
[2025-03-25T21:00:32.626+0000] {logging_mixin.py:190} INFO - [2025-03-25T21:00:32.626+0000] {dag.py:4156} INFO - Setting next_dagrun for ELT to 2025-03-24 02:45:00+00:00, run_after=2025-03-25 02:45:00+00:00
[2025-03-25T21:00:32.632+0000] {processor.py:208} INFO - Processing /opt/airflow/dags/ELT_DAG.py took 0.075 seconds
[2025-03-25T21:01:02.680+0000] {processor.py:186} INFO - Started process (PID=256) to work on /opt/airflow/dags/ELT_DAG.py
[2025-03-25T21:01:02.682+0000] {processor.py:914} INFO - Processing file /opt/airflow/dags/ELT_DAG.py for tasks to queue
[2025-03-25T21:01:02.686+0000] {logging_mixin.py:190} INFO - [2025-03-25T21:01:02.686+0000] {dagbag.py:587} INFO - Filling up the DagBag from /opt/airflow/dags/ELT_DAG.py
[2025-03-25T21:01:02.702+0000] {processor.py:925} INFO - DAG(s) 'ELT' retrieved from /opt/airflow/dags/ELT_DAG.py
[2025-03-25T21:01:02.720+0000] {logging_mixin.py:190} INFO - [2025-03-25T21:01:02.720+0000] {dag.py:3229} INFO - Sync 1 DAGs
[2025-03-25T21:01:02.731+0000] {logging_mixin.py:190} INFO - [2025-03-25T21:01:02.731+0000] {dag.py:4156} INFO - Setting next_dagrun for ELT to 2025-03-24 02:45:00+00:00, run_after=2025-03-25 02:45:00+00:00
[2025-03-25T21:01:02.738+0000] {processor.py:208} INFO - Processing /opt/airflow/dags/ELT_DAG.py took 0.066 seconds
[2025-03-25T21:01:33.092+0000] {processor.py:186} INFO - Started process (PID=272) to work on /opt/airflow/dags/ELT_DAG.py
[2025-03-25T21:01:33.092+0000] {processor.py:914} INFO - Processing file /opt/airflow/dags/ELT_DAG.py for tasks to queue
[2025-03-25T21:01:33.098+0000] {logging_mixin.py:190} INFO - [2025-03-25T21:01:33.098+0000] {dagbag.py:587} INFO - Filling up the DagBag from /opt/airflow/dags/ELT_DAG.py
[2025-03-25T21:01:33.116+0000] {processor.py:925} INFO - DAG(s) 'ELT' retrieved from /opt/airflow/dags/ELT_DAG.py
[2025-03-25T21:01:33.138+0000] {logging_mixin.py:190} INFO - [2025-03-25T21:01:33.138+0000] {dag.py:3229} INFO - Sync 1 DAGs
[2025-03-25T21:01:33.151+0000] {logging_mixin.py:190} INFO - [2025-03-25T21:01:33.151+0000] {dag.py:4156} INFO - Setting next_dagrun for ELT to 2025-03-24 02:45:00+00:00, run_after=2025-03-25 02:45:00+00:00
[2025-03-25T21:01:33.166+0000] {processor.py:208} INFO - Processing /opt/airflow/dags/ELT_DAG.py took 0.080 seconds
[2025-03-25T21:02:03.524+0000] {processor.py:186} INFO - Started process (PID=288) to work on /opt/airflow/dags/ELT_DAG.py
[2025-03-25T21:02:03.526+0000] {processor.py:914} INFO - Processing file /opt/airflow/dags/ELT_DAG.py for tasks to queue
[2025-03-25T21:02:03.530+0000] {logging_mixin.py:190} INFO - [2025-03-25T21:02:03.529+0000] {dagbag.py:587} INFO - Filling up the DagBag from /opt/airflow/dags/ELT_DAG.py
[2025-03-25T21:02:03.543+0000] {processor.py:925} INFO - DAG(s) 'ELT' retrieved from /opt/airflow/dags/ELT_DAG.py
[2025-03-25T21:02:03.563+0000] {logging_mixin.py:190} INFO - [2025-03-25T21:02:03.563+0000] {dag.py:3229} INFO - Sync 1 DAGs
[2025-03-25T21:02:03.575+0000] {logging_mixin.py:190} INFO - [2025-03-25T21:02:03.575+0000] {dag.py:4156} INFO - Setting next_dagrun for ELT to 2025-03-24 02:45:00+00:00, run_after=2025-03-25 02:45:00+00:00
[2025-03-25T21:02:03.582+0000] {processor.py:208} INFO - Processing /opt/airflow/dags/ELT_DAG.py took 0.065 seconds
[2025-03-25T21:02:33.943+0000] {processor.py:186} INFO - Started process (PID=304) to work on /opt/airflow/dags/ELT_DAG.py
[2025-03-25T21:02:33.944+0000] {processor.py:914} INFO - Processing file /opt/airflow/dags/ELT_DAG.py for tasks to queue
[2025-03-25T21:02:33.948+0000] {logging_mixin.py:190} INFO - [2025-03-25T21:02:33.948+0000] {dagbag.py:587} INFO - Filling up the DagBag from /opt/airflow/dags/ELT_DAG.py
[2025-03-25T21:02:33.961+0000] {processor.py:925} INFO - DAG(s) 'ELT' retrieved from /opt/airflow/dags/ELT_DAG.py
[2025-03-25T21:02:33.981+0000] {logging_mixin.py:190} INFO - [2025-03-25T21:02:33.981+0000] {dag.py:3229} INFO - Sync 1 DAGs
[2025-03-25T21:02:33.992+0000] {logging_mixin.py:190} INFO - [2025-03-25T21:02:33.992+0000] {dag.py:4156} INFO - Setting next_dagrun for ELT to 2025-03-24 02:45:00+00:00, run_after=2025-03-25 02:45:00+00:00
[2025-03-25T21:02:33.998+0000] {processor.py:208} INFO - Processing /opt/airflow/dags/ELT_DAG.py took 0.062 seconds
[2025-03-25T21:03:04.330+0000] {processor.py:186} INFO - Started process (PID=320) to work on /opt/airflow/dags/ELT_DAG.py
[2025-03-25T21:03:04.332+0000] {processor.py:914} INFO - Processing file /opt/airflow/dags/ELT_DAG.py for tasks to queue
[2025-03-25T21:03:04.335+0000] {logging_mixin.py:190} INFO - [2025-03-25T21:03:04.334+0000] {dagbag.py:587} INFO - Filling up the DagBag from /opt/airflow/dags/ELT_DAG.py
[2025-03-25T21:03:04.349+0000] {processor.py:925} INFO - DAG(s) 'ELT' retrieved from /opt/airflow/dags/ELT_DAG.py
[2025-03-25T21:03:04.378+0000] {logging_mixin.py:190} INFO - [2025-03-25T21:03:04.378+0000] {dag.py:3229} INFO - Sync 1 DAGs
[2025-03-25T21:03:04.395+0000] {logging_mixin.py:190} INFO - [2025-03-25T21:03:04.395+0000] {dag.py:4156} INFO - Setting next_dagrun for ELT to 2025-03-24 02:45:00+00:00, run_after=2025-03-25 02:45:00+00:00
[2025-03-25T21:03:04.402+0000] {processor.py:208} INFO - Processing /opt/airflow/dags/ELT_DAG.py took 0.081 seconds
[2025-03-25T21:03:34.745+0000] {processor.py:186} INFO - Started process (PID=336) to work on /opt/airflow/dags/ELT_DAG.py
[2025-03-25T21:03:34.746+0000] {processor.py:914} INFO - Processing file /opt/airflow/dags/ELT_DAG.py for tasks to queue
[2025-03-25T21:03:34.750+0000] {logging_mixin.py:190} INFO - [2025-03-25T21:03:34.749+0000] {dagbag.py:587} INFO - Filling up the DagBag from /opt/airflow/dags/ELT_DAG.py
[2025-03-25T21:03:34.760+0000] {processor.py:925} INFO - DAG(s) 'ELT' retrieved from /opt/airflow/dags/ELT_DAG.py
[2025-03-25T21:03:34.779+0000] {logging_mixin.py:190} INFO - [2025-03-25T21:03:34.778+0000] {dag.py:3229} INFO - Sync 1 DAGs
[2025-03-25T21:03:34.790+0000] {logging_mixin.py:190} INFO - [2025-03-25T21:03:34.790+0000] {dag.py:4156} INFO - Setting next_dagrun for ELT to 2025-03-24 02:45:00+00:00, run_after=2025-03-25 02:45:00+00:00
[2025-03-25T21:03:34.797+0000] {processor.py:208} INFO - Processing /opt/airflow/dags/ELT_DAG.py took 0.059 seconds
[2025-03-25T21:04:05.147+0000] {processor.py:186} INFO - Started process (PID=353) to work on /opt/airflow/dags/ELT_DAG.py
[2025-03-25T21:04:05.148+0000] {processor.py:914} INFO - Processing file /opt/airflow/dags/ELT_DAG.py for tasks to queue
[2025-03-25T21:04:05.151+0000] {logging_mixin.py:190} INFO - [2025-03-25T21:04:05.150+0000] {dagbag.py:587} INFO - Filling up the DagBag from /opt/airflow/dags/ELT_DAG.py
[2025-03-25T21:04:05.163+0000] {processor.py:925} INFO - DAG(s) 'ELT' retrieved from /opt/airflow/dags/ELT_DAG.py
[2025-03-25T21:04:05.182+0000] {logging_mixin.py:190} INFO - [2025-03-25T21:04:05.182+0000] {dag.py:3229} INFO - Sync 1 DAGs
[2025-03-25T21:04:05.194+0000] {logging_mixin.py:190} INFO - [2025-03-25T21:04:05.194+0000] {dag.py:4156} INFO - Setting next_dagrun for ELT to 2025-03-24 02:45:00+00:00, run_after=2025-03-25 02:45:00+00:00
[2025-03-25T21:04:05.201+0000] {processor.py:208} INFO - Processing /opt/airflow/dags/ELT_DAG.py took 0.062 seconds
[2025-03-25T21:04:35.600+0000] {processor.py:186} INFO - Started process (PID=369) to work on /opt/airflow/dags/ELT_DAG.py
[2025-03-25T21:04:35.602+0000] {processor.py:914} INFO - Processing file /opt/airflow/dags/ELT_DAG.py for tasks to queue
[2025-03-25T21:04:35.605+0000] {logging_mixin.py:190} INFO - [2025-03-25T21:04:35.605+0000] {dagbag.py:587} INFO - Filling up the DagBag from /opt/airflow/dags/ELT_DAG.py
[2025-03-25T21:04:35.619+0000] {processor.py:925} INFO - DAG(s) 'ELT' retrieved from /opt/airflow/dags/ELT_DAG.py
[2025-03-25T21:04:35.644+0000] {logging_mixin.py:190} INFO - [2025-03-25T21:04:35.643+0000] {dag.py:3229} INFO - Sync 1 DAGs
[2025-03-25T21:04:35.660+0000] {logging_mixin.py:190} INFO - [2025-03-25T21:04:35.660+0000] {dag.py:4156} INFO - Setting next_dagrun for ELT to 2025-03-24 02:45:00+00:00, run_after=2025-03-25 02:45:00+00:00
[2025-03-25T21:04:35.668+0000] {processor.py:208} INFO - Processing /opt/airflow/dags/ELT_DAG.py took 0.074 seconds
[2025-03-25T21:05:06.021+0000] {processor.py:186} INFO - Started process (PID=385) to work on /opt/airflow/dags/ELT_DAG.py
[2025-03-25T21:05:06.022+0000] {processor.py:914} INFO - Processing file /opt/airflow/dags/ELT_DAG.py for tasks to queue
[2025-03-25T21:05:06.026+0000] {logging_mixin.py:190} INFO - [2025-03-25T21:05:06.025+0000] {dagbag.py:587} INFO - Filling up the DagBag from /opt/airflow/dags/ELT_DAG.py
[2025-03-25T21:05:06.040+0000] {processor.py:925} INFO - DAG(s) 'ELT' retrieved from /opt/airflow/dags/ELT_DAG.py
[2025-03-25T21:05:06.068+0000] {logging_mixin.py:190} INFO - [2025-03-25T21:05:06.067+0000] {dag.py:3229} INFO - Sync 1 DAGs
[2025-03-25T21:05:06.085+0000] {logging_mixin.py:190} INFO - [2025-03-25T21:05:06.085+0000] {dag.py:4156} INFO - Setting next_dagrun for ELT to 2025-03-24 02:45:00+00:00, run_after=2025-03-25 02:45:00+00:00
[2025-03-25T21:05:06.093+0000] {processor.py:208} INFO - Processing /opt/airflow/dags/ELT_DAG.py took 0.080 seconds
[2025-03-25T21:05:36.524+0000] {processor.py:186} INFO - Started process (PID=401) to work on /opt/airflow/dags/ELT_DAG.py
[2025-03-25T21:05:36.525+0000] {processor.py:914} INFO - Processing file /opt/airflow/dags/ELT_DAG.py for tasks to queue
[2025-03-25T21:05:36.527+0000] {logging_mixin.py:190} INFO - [2025-03-25T21:05:36.526+0000] {dagbag.py:587} INFO - Filling up the DagBag from /opt/airflow/dags/ELT_DAG.py
[2025-03-25T21:05:36.543+0000] {processor.py:925} INFO - DAG(s) 'ELT' retrieved from /opt/airflow/dags/ELT_DAG.py
[2025-03-25T21:05:36.570+0000] {logging_mixin.py:190} INFO - [2025-03-25T21:05:36.570+0000] {dag.py:3229} INFO - Sync 1 DAGs
[2025-03-25T21:05:36.584+0000] {logging_mixin.py:190} INFO - [2025-03-25T21:05:36.584+0000] {dag.py:4156} INFO - Setting next_dagrun for ELT to 2025-03-24 02:45:00+00:00, run_after=2025-03-25 02:45:00+00:00
[2025-03-25T21:05:36.594+0000] {processor.py:208} INFO - Processing /opt/airflow/dags/ELT_DAG.py took 0.076 seconds
[2025-03-25T21:06:07.353+0000] {processor.py:186} INFO - Started process (PID=427) to work on /opt/airflow/dags/ELT_DAG.py
[2025-03-25T21:06:07.355+0000] {processor.py:914} INFO - Processing file /opt/airflow/dags/ELT_DAG.py for tasks to queue
[2025-03-25T21:06:07.360+0000] {logging_mixin.py:190} INFO - [2025-03-25T21:06:07.359+0000] {dagbag.py:587} INFO - Filling up the DagBag from /opt/airflow/dags/ELT_DAG.py
[2025-03-25T21:06:07.373+0000] {processor.py:925} INFO - DAG(s) 'ELT' retrieved from /opt/airflow/dags/ELT_DAG.py
[2025-03-25T21:06:07.398+0000] {logging_mixin.py:190} INFO - [2025-03-25T21:06:07.398+0000] {dag.py:3229} INFO - Sync 1 DAGs
[2025-03-25T21:06:07.410+0000] {logging_mixin.py:190} INFO - [2025-03-25T21:06:07.410+0000] {dag.py:4156} INFO - Setting next_dagrun for ELT to 2025-03-24 02:45:00+00:00, run_after=2025-03-25 02:45:00+00:00
[2025-03-25T21:06:07.418+0000] {processor.py:208} INFO - Processing /opt/airflow/dags/ELT_DAG.py took 0.075 seconds
[2025-03-25T21:06:36.742+0000] {processor.py:186} INFO - Started process (PID=443) to work on /opt/airflow/dags/ELT_DAG.py
[2025-03-25T21:06:36.744+0000] {processor.py:914} INFO - Processing file /opt/airflow/dags/ELT_DAG.py for tasks to queue
[2025-03-25T21:06:36.747+0000] {logging_mixin.py:190} INFO - [2025-03-25T21:06:36.747+0000] {dagbag.py:587} INFO - Filling up the DagBag from /opt/airflow/dags/ELT_DAG.py
[2025-03-25T21:06:36.785+0000] {processor.py:925} INFO - DAG(s) 'ELT' retrieved from /opt/airflow/dags/ELT_DAG.py
[2025-03-25T21:06:36.887+0000] {logging_mixin.py:190} INFO - [2025-03-25T21:06:36.887+0000] {dag.py:3229} INFO - Sync 1 DAGs
[2025-03-25T21:06:36.896+0000] {logging_mixin.py:190} INFO - [2025-03-25T21:06:36.896+0000] {dag.py:4156} INFO - Setting next_dagrun for ELT to 2025-03-24 02:45:00+00:00, run_after=2025-03-25 02:45:00+00:00
[2025-03-25T21:06:36.903+0000] {processor.py:208} INFO - Processing /opt/airflow/dags/ELT_DAG.py took 0.172 seconds
[2025-03-25T21:07:07.230+0000] {processor.py:186} INFO - Started process (PID=459) to work on /opt/airflow/dags/ELT_DAG.py
[2025-03-25T21:07:07.232+0000] {processor.py:914} INFO - Processing file /opt/airflow/dags/ELT_DAG.py for tasks to queue
[2025-03-25T21:07:07.236+0000] {logging_mixin.py:190} INFO - [2025-03-25T21:07:07.235+0000] {dagbag.py:587} INFO - Filling up the DagBag from /opt/airflow/dags/ELT_DAG.py
[2025-03-25T21:07:07.247+0000] {processor.py:925} INFO - DAG(s) 'ELT' retrieved from /opt/airflow/dags/ELT_DAG.py
[2025-03-25T21:07:07.268+0000] {logging_mixin.py:190} INFO - [2025-03-25T21:07:07.267+0000] {dag.py:3229} INFO - Sync 1 DAGs
[2025-03-25T21:07:07.280+0000] {logging_mixin.py:190} INFO - [2025-03-25T21:07:07.280+0000] {dag.py:4156} INFO - Setting next_dagrun for ELT to 2025-03-24 02:45:00+00:00, run_after=2025-03-25 02:45:00+00:00
[2025-03-25T21:07:07.287+0000] {processor.py:208} INFO - Processing /opt/airflow/dags/ELT_DAG.py took 0.067 seconds
[2025-03-25T21:07:37.674+0000] {processor.py:186} INFO - Started process (PID=475) to work on /opt/airflow/dags/ELT_DAG.py
[2025-03-25T21:07:37.676+0000] {processor.py:914} INFO - Processing file /opt/airflow/dags/ELT_DAG.py for tasks to queue
[2025-03-25T21:07:37.679+0000] {logging_mixin.py:190} INFO - [2025-03-25T21:07:37.679+0000] {dagbag.py:587} INFO - Filling up the DagBag from /opt/airflow/dags/ELT_DAG.py
[2025-03-25T21:07:37.695+0000] {processor.py:925} INFO - DAG(s) 'ELT' retrieved from /opt/airflow/dags/ELT_DAG.py
[2025-03-25T21:07:37.718+0000] {logging_mixin.py:190} INFO - [2025-03-25T21:07:37.718+0000] {dag.py:3229} INFO - Sync 1 DAGs
[2025-03-25T21:07:37.737+0000] {logging_mixin.py:190} INFO - [2025-03-25T21:07:37.737+0000] {dag.py:4156} INFO - Setting next_dagrun for ELT to 2025-03-24 02:45:00+00:00, run_after=2025-03-25 02:45:00+00:00
[2025-03-25T21:07:37.744+0000] {processor.py:208} INFO - Processing /opt/airflow/dags/ELT_DAG.py took 0.077 seconds
[2025-03-25T21:08:08.100+0000] {processor.py:186} INFO - Started process (PID=491) to work on /opt/airflow/dags/ELT_DAG.py
[2025-03-25T21:08:08.103+0000] {processor.py:914} INFO - Processing file /opt/airflow/dags/ELT_DAG.py for tasks to queue
[2025-03-25T21:08:08.106+0000] {logging_mixin.py:190} INFO - [2025-03-25T21:08:08.105+0000] {dagbag.py:587} INFO - Filling up the DagBag from /opt/airflow/dags/ELT_DAG.py
[2025-03-25T21:08:08.120+0000] {processor.py:925} INFO - DAG(s) 'ELT' retrieved from /opt/airflow/dags/ELT_DAG.py
[2025-03-25T21:08:08.151+0000] {logging_mixin.py:190} INFO - [2025-03-25T21:08:08.150+0000] {dag.py:3229} INFO - Sync 1 DAGs
[2025-03-25T21:08:08.163+0000] {logging_mixin.py:190} INFO - [2025-03-25T21:08:08.162+0000] {dag.py:4156} INFO - Setting next_dagrun for ELT to 2025-03-24 02:45:00+00:00, run_after=2025-03-25 02:45:00+00:00
[2025-03-25T21:08:08.174+0000] {processor.py:208} INFO - Processing /opt/airflow/dags/ELT_DAG.py took 0.091 seconds
[2025-03-25T21:08:38.558+0000] {processor.py:186} INFO - Started process (PID=512) to work on /opt/airflow/dags/ELT_DAG.py
[2025-03-25T21:08:38.560+0000] {processor.py:914} INFO - Processing file /opt/airflow/dags/ELT_DAG.py for tasks to queue
[2025-03-25T21:08:38.562+0000] {logging_mixin.py:190} INFO - [2025-03-25T21:08:38.562+0000] {dagbag.py:587} INFO - Filling up the DagBag from /opt/airflow/dags/ELT_DAG.py
[2025-03-25T21:08:38.571+0000] {processor.py:925} INFO - DAG(s) 'ELT' retrieved from /opt/airflow/dags/ELT_DAG.py
[2025-03-25T21:08:38.589+0000] {logging_mixin.py:190} INFO - [2025-03-25T21:08:38.589+0000] {dag.py:3229} INFO - Sync 1 DAGs
[2025-03-25T21:08:38.600+0000] {logging_mixin.py:190} INFO - [2025-03-25T21:08:38.600+0000] {dag.py:4156} INFO - Setting next_dagrun for ELT to 2025-03-24 02:45:00+00:00, run_after=2025-03-25 02:45:00+00:00
[2025-03-25T21:08:38.607+0000] {processor.py:208} INFO - Processing /opt/airflow/dags/ELT_DAG.py took 0.053 seconds
[2025-03-25T21:09:08.957+0000] {processor.py:186} INFO - Started process (PID=533) to work on /opt/airflow/dags/ELT_DAG.py
[2025-03-25T21:09:08.959+0000] {processor.py:914} INFO - Processing file /opt/airflow/dags/ELT_DAG.py for tasks to queue
[2025-03-25T21:09:08.964+0000] {logging_mixin.py:190} INFO - [2025-03-25T21:09:08.963+0000] {dagbag.py:587} INFO - Filling up the DagBag from /opt/airflow/dags/ELT_DAG.py
[2025-03-25T21:09:08.977+0000] {processor.py:925} INFO - DAG(s) 'ELT' retrieved from /opt/airflow/dags/ELT_DAG.py
[2025-03-25T21:09:09.001+0000] {logging_mixin.py:190} INFO - [2025-03-25T21:09:09.000+0000] {dag.py:3229} INFO - Sync 1 DAGs
[2025-03-25T21:09:09.015+0000] {logging_mixin.py:190} INFO - [2025-03-25T21:09:09.014+0000] {dag.py:4156} INFO - Setting next_dagrun for ELT to 2025-03-24 02:45:00+00:00, run_after=2025-03-25 02:45:00+00:00
[2025-03-25T21:09:09.023+0000] {processor.py:208} INFO - Processing /opt/airflow/dags/ELT_DAG.py took 0.076 seconds
[2025-03-25T21:09:39.401+0000] {processor.py:186} INFO - Started process (PID=554) to work on /opt/airflow/dags/ELT_DAG.py
[2025-03-25T21:09:39.404+0000] {processor.py:914} INFO - Processing file /opt/airflow/dags/ELT_DAG.py for tasks to queue
[2025-03-25T21:09:39.408+0000] {logging_mixin.py:190} INFO - [2025-03-25T21:09:39.407+0000] {dagbag.py:587} INFO - Filling up the DagBag from /opt/airflow/dags/ELT_DAG.py
[2025-03-25T21:09:39.424+0000] {processor.py:925} INFO - DAG(s) 'ELT' retrieved from /opt/airflow/dags/ELT_DAG.py
[2025-03-25T21:09:39.448+0000] {logging_mixin.py:190} INFO - [2025-03-25T21:09:39.448+0000] {dag.py:3229} INFO - Sync 1 DAGs
[2025-03-25T21:09:39.461+0000] {logging_mixin.py:190} INFO - [2025-03-25T21:09:39.461+0000] {dag.py:4156} INFO - Setting next_dagrun for ELT to 2025-03-24 02:45:00+00:00, run_after=2025-03-25 02:45:00+00:00
[2025-03-25T21:09:39.469+0000] {processor.py:208} INFO - Processing /opt/airflow/dags/ELT_DAG.py took 0.078 seconds
[2025-03-25T21:10:09.786+0000] {processor.py:186} INFO - Started process (PID=570) to work on /opt/airflow/dags/ELT_DAG.py
[2025-03-25T21:10:09.787+0000] {processor.py:914} INFO - Processing file /opt/airflow/dags/ELT_DAG.py for tasks to queue
[2025-03-25T21:10:09.790+0000] {logging_mixin.py:190} INFO - [2025-03-25T21:10:09.789+0000] {dagbag.py:587} INFO - Filling up the DagBag from /opt/airflow/dags/ELT_DAG.py
[2025-03-25T21:10:09.801+0000] {processor.py:925} INFO - DAG(s) 'ELT' retrieved from /opt/airflow/dags/ELT_DAG.py
[2025-03-25T21:10:09.824+0000] {logging_mixin.py:190} INFO - [2025-03-25T21:10:09.823+0000] {dag.py:3229} INFO - Sync 1 DAGs
[2025-03-25T21:10:09.836+0000] {logging_mixin.py:190} INFO - [2025-03-25T21:10:09.836+0000] {dag.py:4156} INFO - Setting next_dagrun for ELT to 2025-03-24 02:45:00+00:00, run_after=2025-03-25 02:45:00+00:00
[2025-03-25T21:10:09.844+0000] {processor.py:208} INFO - Processing /opt/airflow/dags/ELT_DAG.py took 0.064 seconds
[2025-03-25T21:10:40.181+0000] {processor.py:186} INFO - Started process (PID=586) to work on /opt/airflow/dags/ELT_DAG.py
[2025-03-25T21:10:40.183+0000] {processor.py:914} INFO - Processing file /opt/airflow/dags/ELT_DAG.py for tasks to queue
[2025-03-25T21:10:40.186+0000] {logging_mixin.py:190} INFO - [2025-03-25T21:10:40.185+0000] {dagbag.py:587} INFO - Filling up the DagBag from /opt/airflow/dags/ELT_DAG.py
[2025-03-25T21:10:40.201+0000] {processor.py:925} INFO - DAG(s) 'ELT' retrieved from /opt/airflow/dags/ELT_DAG.py
[2025-03-25T21:10:40.228+0000] {logging_mixin.py:190} INFO - [2025-03-25T21:10:40.227+0000] {dag.py:3229} INFO - Sync 1 DAGs
[2025-03-25T21:10:40.240+0000] {logging_mixin.py:190} INFO - [2025-03-25T21:10:40.240+0000] {dag.py:4156} INFO - Setting next_dagrun for ELT to 2025-03-24 02:45:00+00:00, run_after=2025-03-25 02:45:00+00:00
[2025-03-25T21:10:40.248+0000] {processor.py:208} INFO - Processing /opt/airflow/dags/ELT_DAG.py took 0.078 seconds
[2025-03-25T21:11:10.881+0000] {processor.py:186} INFO - Started process (PID=617) to work on /opt/airflow/dags/ELT_DAG.py
[2025-03-25T21:11:10.882+0000] {processor.py:914} INFO - Processing file /opt/airflow/dags/ELT_DAG.py for tasks to queue
[2025-03-25T21:11:10.884+0000] {logging_mixin.py:190} INFO - [2025-03-25T21:11:10.884+0000] {dagbag.py:587} INFO - Filling up the DagBag from /opt/airflow/dags/ELT_DAG.py
[2025-03-25T21:11:10.903+0000] {processor.py:925} INFO - DAG(s) 'ELT' retrieved from /opt/airflow/dags/ELT_DAG.py
[2025-03-25T21:11:10.922+0000] {logging_mixin.py:190} INFO - [2025-03-25T21:11:10.922+0000] {dag.py:3229} INFO - Sync 1 DAGs
[2025-03-25T21:11:10.933+0000] {logging_mixin.py:190} INFO - [2025-03-25T21:11:10.933+0000] {dag.py:4156} INFO - Setting next_dagrun for ELT to 2025-03-24 02:45:00+00:00, run_after=2025-03-25 02:45:00+00:00
[2025-03-25T21:11:10.941+0000] {processor.py:208} INFO - Processing /opt/airflow/dags/ELT_DAG.py took 0.065 seconds
[2025-03-25T21:11:41.105+0000] {processor.py:186} INFO - Started process (PID=654) to work on /opt/airflow/dags/ELT_DAG.py
[2025-03-25T21:11:41.108+0000] {processor.py:914} INFO - Processing file /opt/airflow/dags/ELT_DAG.py for tasks to queue
[2025-03-25T21:11:41.111+0000] {logging_mixin.py:190} INFO - [2025-03-25T21:11:41.111+0000] {dagbag.py:587} INFO - Filling up the DagBag from /opt/airflow/dags/ELT_DAG.py
[2025-03-25T21:11:41.121+0000] {processor.py:925} INFO - DAG(s) 'ELT' retrieved from /opt/airflow/dags/ELT_DAG.py
[2025-03-25T21:11:41.137+0000] {logging_mixin.py:190} INFO - [2025-03-25T21:11:41.136+0000] {dag.py:3229} INFO - Sync 1 DAGs
[2025-03-25T21:11:41.148+0000] {logging_mixin.py:190} INFO - [2025-03-25T21:11:41.148+0000] {dag.py:4156} INFO - Setting next_dagrun for ELT to 2025-03-24 02:45:00+00:00, run_after=2025-03-25 02:45:00+00:00
[2025-03-25T21:11:41.154+0000] {processor.py:208} INFO - Processing /opt/airflow/dags/ELT_DAG.py took 0.057 seconds
[2025-03-25T21:12:11.592+0000] {processor.py:186} INFO - Started process (PID=670) to work on /opt/airflow/dags/ELT_DAG.py
[2025-03-25T21:12:11.595+0000] {processor.py:914} INFO - Processing file /opt/airflow/dags/ELT_DAG.py for tasks to queue
[2025-03-25T21:12:11.599+0000] {logging_mixin.py:190} INFO - [2025-03-25T21:12:11.598+0000] {dagbag.py:587} INFO - Filling up the DagBag from /opt/airflow/dags/ELT_DAG.py
[2025-03-25T21:12:11.616+0000] {processor.py:925} INFO - DAG(s) 'ELT' retrieved from /opt/airflow/dags/ELT_DAG.py
[2025-03-25T21:12:11.637+0000] {logging_mixin.py:190} INFO - [2025-03-25T21:12:11.637+0000] {dag.py:3229} INFO - Sync 1 DAGs
[2025-03-25T21:12:11.648+0000] {logging_mixin.py:190} INFO - [2025-03-25T21:12:11.648+0000] {dag.py:4156} INFO - Setting next_dagrun for ELT to 2025-03-24 02:45:00+00:00, run_after=2025-03-25 02:45:00+00:00
[2025-03-25T21:12:11.655+0000] {processor.py:208} INFO - Processing /opt/airflow/dags/ELT_DAG.py took 0.074 seconds
[2025-03-25T21:12:42.044+0000] {processor.py:186} INFO - Started process (PID=686) to work on /opt/airflow/dags/ELT_DAG.py
[2025-03-25T21:12:42.045+0000] {processor.py:914} INFO - Processing file /opt/airflow/dags/ELT_DAG.py for tasks to queue
[2025-03-25T21:12:42.048+0000] {logging_mixin.py:190} INFO - [2025-03-25T21:12:42.047+0000] {dagbag.py:587} INFO - Filling up the DagBag from /opt/airflow/dags/ELT_DAG.py
[2025-03-25T21:12:42.058+0000] {processor.py:925} INFO - DAG(s) 'ELT' retrieved from /opt/airflow/dags/ELT_DAG.py
[2025-03-25T21:12:42.078+0000] {logging_mixin.py:190} INFO - [2025-03-25T21:12:42.078+0000] {dag.py:3229} INFO - Sync 1 DAGs
[2025-03-25T21:12:42.090+0000] {logging_mixin.py:190} INFO - [2025-03-25T21:12:42.090+0000] {dag.py:4156} INFO - Setting next_dagrun for ELT to 2025-03-24 02:45:00+00:00, run_after=2025-03-25 02:45:00+00:00
[2025-03-25T21:12:42.097+0000] {processor.py:208} INFO - Processing /opt/airflow/dags/ELT_DAG.py took 0.061 seconds
[2025-03-25T21:13:12.767+0000] {processor.py:186} INFO - Started process (PID=717) to work on /opt/airflow/dags/ELT_DAG.py
[2025-03-25T21:13:12.769+0000] {processor.py:914} INFO - Processing file /opt/airflow/dags/ELT_DAG.py for tasks to queue
[2025-03-25T21:13:12.772+0000] {logging_mixin.py:190} INFO - [2025-03-25T21:13:12.772+0000] {dagbag.py:587} INFO - Filling up the DagBag from /opt/airflow/dags/ELT_DAG.py
[2025-03-25T21:13:12.788+0000] {processor.py:925} INFO - DAG(s) 'ELT' retrieved from /opt/airflow/dags/ELT_DAG.py
[2025-03-25T21:13:12.810+0000] {logging_mixin.py:190} INFO - [2025-03-25T21:13:12.810+0000] {dag.py:3229} INFO - Sync 1 DAGs
[2025-03-25T21:13:12.822+0000] {logging_mixin.py:190} INFO - [2025-03-25T21:13:12.822+0000] {dag.py:4156} INFO - Setting next_dagrun for ELT to 2025-03-24 02:45:00+00:00, run_after=2025-03-25 02:45:00+00:00
[2025-03-25T21:13:12.829+0000] {processor.py:208} INFO - Processing /opt/airflow/dags/ELT_DAG.py took 0.073 seconds
[2025-03-25T21:13:43.217+0000] {processor.py:186} INFO - Started process (PID=733) to work on /opt/airflow/dags/ELT_DAG.py
[2025-03-25T21:13:43.219+0000] {processor.py:914} INFO - Processing file /opt/airflow/dags/ELT_DAG.py for tasks to queue
[2025-03-25T21:13:43.224+0000] {logging_mixin.py:190} INFO - [2025-03-25T21:13:43.223+0000] {dagbag.py:587} INFO - Filling up the DagBag from /opt/airflow/dags/ELT_DAG.py
[2025-03-25T21:13:43.236+0000] {processor.py:925} INFO - DAG(s) 'ELT' retrieved from /opt/airflow/dags/ELT_DAG.py
[2025-03-25T21:13:43.268+0000] {logging_mixin.py:190} INFO - [2025-03-25T21:13:43.268+0000] {dag.py:3229} INFO - Sync 1 DAGs
[2025-03-25T21:13:43.282+0000] {logging_mixin.py:190} INFO - [2025-03-25T21:13:43.282+0000] {dag.py:4156} INFO - Setting next_dagrun for ELT to 2025-03-24 02:45:00+00:00, run_after=2025-03-25 02:45:00+00:00
[2025-03-25T21:13:43.291+0000] {processor.py:208} INFO - Processing /opt/airflow/dags/ELT_DAG.py took 0.083 seconds
[2025-03-25T21:14:13.674+0000] {processor.py:186} INFO - Started process (PID=749) to work on /opt/airflow/dags/ELT_DAG.py
[2025-03-25T21:14:13.676+0000] {processor.py:914} INFO - Processing file /opt/airflow/dags/ELT_DAG.py for tasks to queue
[2025-03-25T21:14:13.680+0000] {logging_mixin.py:190} INFO - [2025-03-25T21:14:13.680+0000] {dagbag.py:587} INFO - Filling up the DagBag from /opt/airflow/dags/ELT_DAG.py
[2025-03-25T21:14:13.692+0000] {processor.py:925} INFO - DAG(s) 'ELT' retrieved from /opt/airflow/dags/ELT_DAG.py
[2025-03-25T21:14:13.711+0000] {logging_mixin.py:190} INFO - [2025-03-25T21:14:13.710+0000] {dag.py:3229} INFO - Sync 1 DAGs
[2025-03-25T21:14:13.722+0000] {logging_mixin.py:190} INFO - [2025-03-25T21:14:13.722+0000] {dag.py:4156} INFO - Setting next_dagrun for ELT to 2025-03-24 02:45:00+00:00, run_after=2025-03-25 02:45:00+00:00
[2025-03-25T21:14:13.729+0000] {processor.py:208} INFO - Processing /opt/airflow/dags/ELT_DAG.py took 0.063 seconds
[2025-03-25T21:14:29.895+0000] {processor.py:186} INFO - Started process (PID=765) to work on /opt/airflow/dags/ELT_DAG.py
[2025-03-25T21:14:29.895+0000] {processor.py:914} INFO - Processing file /opt/airflow/dags/ELT_DAG.py for tasks to queue
[2025-03-25T21:14:29.897+0000] {logging_mixin.py:190} INFO - [2025-03-25T21:14:29.897+0000] {dagbag.py:587} INFO - Filling up the DagBag from /opt/airflow/dags/ELT_DAG.py
[2025-03-25T21:14:29.908+0000] {processor.py:925} INFO - DAG(s) 'ELT' retrieved from /opt/airflow/dags/ELT_DAG.py
[2025-03-25T21:14:29.962+0000] {logging_mixin.py:190} INFO - [2025-03-25T21:14:29.962+0000] {dag.py:3229} INFO - Sync 1 DAGs
[2025-03-25T21:14:29.974+0000] {logging_mixin.py:190} INFO - [2025-03-25T21:14:29.974+0000] {dag.py:4156} INFO - Setting next_dagrun for ELT to 2025-03-24 02:45:00+00:00, run_after=2025-03-25 02:45:00+00:00
[2025-03-25T21:14:29.980+0000] {processor.py:208} INFO - Processing /opt/airflow/dags/ELT_DAG.py took 0.090 seconds
[2025-03-25T21:14:33.938+0000] {processor.py:186} INFO - Started process (PID=770) to work on /opt/airflow/dags/ELT_DAG.py
[2025-03-25T21:14:33.939+0000] {processor.py:914} INFO - Processing file /opt/airflow/dags/ELT_DAG.py for tasks to queue
[2025-03-25T21:14:33.940+0000] {logging_mixin.py:190} INFO - [2025-03-25T21:14:33.940+0000] {dagbag.py:587} INFO - Filling up the DagBag from /opt/airflow/dags/ELT_DAG.py
[2025-03-25T21:14:33.949+0000] {processor.py:925} INFO - DAG(s) 'ELT' retrieved from /opt/airflow/dags/ELT_DAG.py
[2025-03-25T21:14:33.958+0000] {logging_mixin.py:190} INFO - [2025-03-25T21:14:33.958+0000] {dag.py:3229} INFO - Sync 1 DAGs
[2025-03-25T21:14:33.971+0000] {logging_mixin.py:190} INFO - [2025-03-25T21:14:33.971+0000] {dag.py:4156} INFO - Setting next_dagrun for ELT to 2025-03-24 02:45:00+00:00, run_after=2025-03-25 02:45:00+00:00
[2025-03-25T21:14:33.979+0000] {processor.py:208} INFO - Processing /opt/airflow/dags/ELT_DAG.py took 0.046 seconds
[2025-03-25T21:14:34.959+0000] {processor.py:186} INFO - Started process (PID=775) to work on /opt/airflow/dags/ELT_DAG.py
[2025-03-25T21:14:34.959+0000] {processor.py:914} INFO - Processing file /opt/airflow/dags/ELT_DAG.py for tasks to queue
[2025-03-25T21:14:34.961+0000] {logging_mixin.py:190} INFO - [2025-03-25T21:14:34.961+0000] {dagbag.py:587} INFO - Filling up the DagBag from /opt/airflow/dags/ELT_DAG.py
[2025-03-25T21:14:34.970+0000] {processor.py:925} INFO - DAG(s) 'ELT' retrieved from /opt/airflow/dags/ELT_DAG.py
[2025-03-25T21:14:34.979+0000] {logging_mixin.py:190} INFO - [2025-03-25T21:14:34.978+0000] {dag.py:3229} INFO - Sync 1 DAGs
[2025-03-25T21:14:34.991+0000] {logging_mixin.py:190} INFO - [2025-03-25T21:14:34.990+0000] {dag.py:4156} INFO - Setting next_dagrun for ELT to 2025-03-24 02:45:00+00:00, run_after=2025-03-25 02:45:00+00:00
[2025-03-25T21:14:34.998+0000] {processor.py:208} INFO - Processing /opt/airflow/dags/ELT_DAG.py took 0.044 seconds
[2025-03-25T21:14:44.101+0000] {processor.py:186} INFO - Started process (PID=780) to work on /opt/airflow/dags/ELT_DAG.py
[2025-03-25T21:14:44.102+0000] {processor.py:914} INFO - Processing file /opt/airflow/dags/ELT_DAG.py for tasks to queue
[2025-03-25T21:14:44.105+0000] {logging_mixin.py:190} INFO - [2025-03-25T21:14:44.105+0000] {dagbag.py:587} INFO - Filling up the DagBag from /opt/airflow/dags/ELT_DAG.py
[2025-03-25T21:14:44.117+0000] {processor.py:925} INFO - DAG(s) 'ELT' retrieved from /opt/airflow/dags/ELT_DAG.py
[2025-03-25T21:14:44.125+0000] {logging_mixin.py:190} INFO - [2025-03-25T21:14:44.125+0000] {dag.py:3229} INFO - Sync 1 DAGs
[2025-03-25T21:14:44.137+0000] {logging_mixin.py:190} INFO - [2025-03-25T21:14:44.137+0000] {dag.py:4156} INFO - Setting next_dagrun for ELT to 2025-03-24 02:45:00+00:00, run_after=2025-03-25 02:45:00+00:00
[2025-03-25T21:14:44.144+0000] {processor.py:208} INFO - Processing /opt/airflow/dags/ELT_DAG.py took 0.050 seconds
[2025-03-25T21:15:07.434+0000] {processor.py:186} INFO - Started process (PID=796) to work on /opt/airflow/dags/ELT_DAG.py
[2025-03-25T21:15:07.435+0000] {processor.py:914} INFO - Processing file /opt/airflow/dags/ELT_DAG.py for tasks to queue
[2025-03-25T21:15:07.439+0000] {logging_mixin.py:190} INFO - [2025-03-25T21:15:07.438+0000] {dagbag.py:587} INFO - Filling up the DagBag from /opt/airflow/dags/ELT_DAG.py
[2025-03-25T21:15:07.453+0000] {processor.py:925} INFO - DAG(s) 'ELT' retrieved from /opt/airflow/dags/ELT_DAG.py
[2025-03-25T21:15:07.543+0000] {logging_mixin.py:190} INFO - [2025-03-25T21:15:07.543+0000] {dag.py:3229} INFO - Sync 1 DAGs
[2025-03-25T21:15:07.557+0000] {logging_mixin.py:190} INFO - [2025-03-25T21:15:07.557+0000] {dag.py:4156} INFO - Setting next_dagrun for ELT to 2025-03-24 02:45:00+00:00, run_after=2025-03-25 02:45:00+00:00
[2025-03-25T21:15:07.566+0000] {processor.py:208} INFO - Processing /opt/airflow/dags/ELT_DAG.py took 0.145 seconds
[2025-03-25T21:15:10.467+0000] {processor.py:186} INFO - Started process (PID=801) to work on /opt/airflow/dags/ELT_DAG.py
[2025-03-25T21:15:10.468+0000] {processor.py:914} INFO - Processing file /opt/airflow/dags/ELT_DAG.py for tasks to queue
[2025-03-25T21:15:10.470+0000] {logging_mixin.py:190} INFO - [2025-03-25T21:15:10.470+0000] {dagbag.py:587} INFO - Filling up the DagBag from /opt/airflow/dags/ELT_DAG.py
[2025-03-25T21:15:10.479+0000] {processor.py:925} INFO - DAG(s) 'ELT' retrieved from /opt/airflow/dags/ELT_DAG.py
[2025-03-25T21:15:10.488+0000] {logging_mixin.py:190} INFO - [2025-03-25T21:15:10.487+0000] {dag.py:3229} INFO - Sync 1 DAGs
[2025-03-25T21:15:10.499+0000] {logging_mixin.py:190} INFO - [2025-03-25T21:15:10.498+0000] {dag.py:4156} INFO - Setting next_dagrun for ELT to 2025-03-24 02:45:00+00:00, run_after=2025-03-25 02:45:00+00:00
[2025-03-25T21:15:10.507+0000] {processor.py:208} INFO - Processing /opt/airflow/dags/ELT_DAG.py took 0.046 seconds
[2025-03-25T21:15:12.534+0000] {processor.py:186} INFO - Started process (PID=806) to work on /opt/airflow/dags/ELT_DAG.py
[2025-03-25T21:15:12.537+0000] {processor.py:914} INFO - Processing file /opt/airflow/dags/ELT_DAG.py for tasks to queue
[2025-03-25T21:15:12.542+0000] {logging_mixin.py:190} INFO - [2025-03-25T21:15:12.541+0000] {dagbag.py:587} INFO - Filling up the DagBag from /opt/airflow/dags/ELT_DAG.py
[2025-03-25T21:15:12.556+0000] {processor.py:925} INFO - DAG(s) 'ELT' retrieved from /opt/airflow/dags/ELT_DAG.py
[2025-03-25T21:15:12.573+0000] {logging_mixin.py:190} INFO - [2025-03-25T21:15:12.573+0000] {dag.py:3229} INFO - Sync 1 DAGs
[2025-03-25T21:15:12.592+0000] {logging_mixin.py:190} INFO - [2025-03-25T21:15:12.591+0000] {dag.py:4156} INFO - Setting next_dagrun for ELT to 2025-03-24 02:45:00+00:00, run_after=2025-03-25 02:45:00+00:00
[2025-03-25T21:15:12.600+0000] {processor.py:208} INFO - Processing /opt/airflow/dags/ELT_DAG.py took 0.080 seconds
[2025-03-25T21:15:22.750+0000] {processor.py:186} INFO - Started process (PID=817) to work on /opt/airflow/dags/ELT_DAG.py
[2025-03-25T21:15:22.753+0000] {processor.py:914} INFO - Processing file /opt/airflow/dags/ELT_DAG.py for tasks to queue
[2025-03-25T21:15:22.757+0000] {logging_mixin.py:190} INFO - [2025-03-25T21:15:22.756+0000] {dagbag.py:587} INFO - Filling up the DagBag from /opt/airflow/dags/ELT_DAG.py
[2025-03-25T21:15:22.776+0000] {processor.py:925} INFO - DAG(s) 'ELT' retrieved from /opt/airflow/dags/ELT_DAG.py
[2025-03-25T21:15:22.789+0000] {logging_mixin.py:190} INFO - [2025-03-25T21:15:22.789+0000] {dag.py:3229} INFO - Sync 1 DAGs
[2025-03-25T21:15:22.828+0000] {logging_mixin.py:190} INFO - [2025-03-25T21:15:22.828+0000] {dag.py:4156} INFO - Setting next_dagrun for ELT to 2025-03-24 02:45:00+00:00, run_after=2025-03-25 02:45:00+00:00
[2025-03-25T21:15:22.837+0000] {processor.py:208} INFO - Processing /opt/airflow/dags/ELT_DAG.py took 0.099 seconds
[2025-03-25T21:15:23.768+0000] {processor.py:186} INFO - Started process (PID=822) to work on /opt/airflow/dags/ELT_DAG.py
[2025-03-25T21:15:23.769+0000] {processor.py:914} INFO - Processing file /opt/airflow/dags/ELT_DAG.py for tasks to queue
[2025-03-25T21:15:23.770+0000] {logging_mixin.py:190} INFO - [2025-03-25T21:15:23.770+0000] {dagbag.py:587} INFO - Filling up the DagBag from /opt/airflow/dags/ELT_DAG.py
[2025-03-25T21:15:23.779+0000] {processor.py:925} INFO - DAG(s) 'ELT' retrieved from /opt/airflow/dags/ELT_DAG.py
[2025-03-25T21:15:23.792+0000] {logging_mixin.py:190} INFO - [2025-03-25T21:15:23.791+0000] {dag.py:3229} INFO - Sync 1 DAGs
[2025-03-25T21:15:23.804+0000] {logging_mixin.py:190} INFO - [2025-03-25T21:15:23.804+0000] {dag.py:4156} INFO - Setting next_dagrun for ELT to 2025-03-24 02:45:00+00:00, run_after=2025-03-25 02:45:00+00:00
[2025-03-25T21:15:23.812+0000] {processor.py:208} INFO - Processing /opt/airflow/dags/ELT_DAG.py took 0.049 seconds
[2025-03-25T21:15:27.823+0000] {processor.py:186} INFO - Started process (PID=827) to work on /opt/airflow/dags/ELT_DAG.py
[2025-03-25T21:15:27.825+0000] {processor.py:914} INFO - Processing file /opt/airflow/dags/ELT_DAG.py for tasks to queue
[2025-03-25T21:15:27.826+0000] {logging_mixin.py:190} INFO - [2025-03-25T21:15:27.826+0000] {dagbag.py:587} INFO - Filling up the DagBag from /opt/airflow/dags/ELT_DAG.py
[2025-03-25T21:15:27.834+0000] {processor.py:925} INFO - DAG(s) 'ELT' retrieved from /opt/airflow/dags/ELT_DAG.py
[2025-03-25T21:15:27.842+0000] {logging_mixin.py:190} INFO - [2025-03-25T21:15:27.842+0000] {dag.py:3229} INFO - Sync 1 DAGs
[2025-03-25T21:15:27.857+0000] {logging_mixin.py:190} INFO - [2025-03-25T21:15:27.856+0000] {dag.py:4156} INFO - Setting next_dagrun for ELT to 2025-03-24 02:45:00+00:00, run_after=2025-03-25 02:45:00+00:00
[2025-03-25T21:15:27.864+0000] {processor.py:208} INFO - Processing /opt/airflow/dags/ELT_DAG.py took 0.046 seconds
[2025-03-25T21:15:30.206+0000] {processor.py:186} INFO - Started process (PID=837) to work on /opt/airflow/dags/ELT_DAG.py
[2025-03-25T21:15:30.206+0000] {processor.py:914} INFO - Processing file /opt/airflow/dags/ELT_DAG.py for tasks to queue
[2025-03-25T21:15:30.208+0000] {logging_mixin.py:190} INFO - [2025-03-25T21:15:30.207+0000] {dagbag.py:587} INFO - Filling up the DagBag from /opt/airflow/dags/ELT_DAG.py
[2025-03-25T21:15:30.215+0000] {processor.py:925} INFO - DAG(s) 'ELT' retrieved from /opt/airflow/dags/ELT_DAG.py
[2025-03-25T21:15:30.220+0000] {logging_mixin.py:190} INFO - [2025-03-25T21:15:30.220+0000] {dag.py:3229} INFO - Sync 1 DAGs
[2025-03-25T21:15:30.233+0000] {logging_mixin.py:190} INFO - [2025-03-25T21:15:30.233+0000] {dag.py:4156} INFO - Setting next_dagrun for ELT to 2025-03-24 02:45:00+00:00, run_after=2025-03-25 02:45:00+00:00
[2025-03-25T21:15:30.240+0000] {processor.py:208} INFO - Processing /opt/airflow/dags/ELT_DAG.py took 0.038 seconds
[2025-03-25T21:16:00.603+0000] {processor.py:186} INFO - Started process (PID=848) to work on /opt/airflow/dags/ELT_DAG.py
[2025-03-25T21:16:00.605+0000] {processor.py:914} INFO - Processing file /opt/airflow/dags/ELT_DAG.py for tasks to queue
[2025-03-25T21:16:00.610+0000] {logging_mixin.py:190} INFO - [2025-03-25T21:16:00.610+0000] {dagbag.py:587} INFO - Filling up the DagBag from /opt/airflow/dags/ELT_DAG.py
[2025-03-25T21:16:00.623+0000] {processor.py:925} INFO - DAG(s) 'ELT' retrieved from /opt/airflow/dags/ELT_DAG.py
[2025-03-25T21:16:00.643+0000] {logging_mixin.py:190} INFO - [2025-03-25T21:16:00.643+0000] {dag.py:3229} INFO - Sync 1 DAGs
[2025-03-25T21:16:00.657+0000] {logging_mixin.py:190} INFO - [2025-03-25T21:16:00.657+0000] {dag.py:4156} INFO - Setting next_dagrun for ELT to 2025-03-24 02:45:00+00:00, run_after=2025-03-25 02:45:00+00:00
[2025-03-25T21:16:00.665+0000] {processor.py:208} INFO - Processing /opt/airflow/dags/ELT_DAG.py took 0.067 seconds
[2025-03-25T21:16:31.117+0000] {processor.py:186} INFO - Started process (PID=864) to work on /opt/airflow/dags/ELT_DAG.py
[2025-03-25T21:16:31.120+0000] {processor.py:914} INFO - Processing file /opt/airflow/dags/ELT_DAG.py for tasks to queue
[2025-03-25T21:16:31.130+0000] {logging_mixin.py:190} INFO - [2025-03-25T21:16:31.130+0000] {dagbag.py:587} INFO - Filling up the DagBag from /opt/airflow/dags/ELT_DAG.py
[2025-03-25T21:16:31.141+0000] {processor.py:925} INFO - DAG(s) 'ELT' retrieved from /opt/airflow/dags/ELT_DAG.py
[2025-03-25T21:16:31.165+0000] {logging_mixin.py:190} INFO - [2025-03-25T21:16:31.165+0000] {dag.py:3229} INFO - Sync 1 DAGs
[2025-03-25T21:16:31.178+0000] {logging_mixin.py:190} INFO - [2025-03-25T21:16:31.177+0000] {dag.py:4156} INFO - Setting next_dagrun for ELT to 2025-03-24 02:45:00+00:00, run_after=2025-03-25 02:45:00+00:00
[2025-03-25T21:16:31.186+0000] {processor.py:208} INFO - Processing /opt/airflow/dags/ELT_DAG.py took 0.077 seconds
[2025-03-25T21:16:31.482+0000] {processor.py:186} INFO - Started process (PID=874) to work on /opt/airflow/dags/ELT_DAG.py
[2025-03-25T21:16:31.483+0000] {processor.py:914} INFO - Processing file /opt/airflow/dags/ELT_DAG.py for tasks to queue
[2025-03-25T21:16:31.484+0000] {logging_mixin.py:190} INFO - [2025-03-25T21:16:31.484+0000] {dagbag.py:587} INFO - Filling up the DagBag from /opt/airflow/dags/ELT_DAG.py
[2025-03-25T21:16:31.486+0000] {logging_mixin.py:190} INFO - [2025-03-25T21:16:31.486+0000] {dagbag.py:386} ERROR - Failed to import: /opt/airflow/dags/ELT_DAG.py
Traceback (most recent call last):
  File "/home/airflow/.local/lib/python3.12/site-packages/airflow/models/dagbag.py", line 382, in parse
    loader.exec_module(new_module)
  File "<frozen importlib._bootstrap_external>", line 991, in exec_module
  File "<frozen importlib._bootstrap_external>", line 1129, in get_code
  File "<frozen importlib._bootstrap_external>", line 1059, in source_to_code
  File "<frozen importlib._bootstrap>", line 488, in _call_with_frames_removed
  File "/opt/airflow/dags/ELT_DAG.py", line 89
    SELECT u.*, s.ts, 
    ^^^^^^^^
SyntaxError: invalid syntax. Perhaps you forgot a comma?
[2025-03-25T21:16:31.487+0000] {processor.py:927} WARNING - No viable dags retrieved from /opt/airflow/dags/ELT_DAG.py
[2025-03-25T21:16:31.497+0000] {processor.py:208} INFO - Processing /opt/airflow/dags/ELT_DAG.py took 0.019 seconds
[2025-03-25T21:16:33.523+0000] {processor.py:186} INFO - Started process (PID=879) to work on /opt/airflow/dags/ELT_DAG.py
[2025-03-25T21:16:33.525+0000] {processor.py:914} INFO - Processing file /opt/airflow/dags/ELT_DAG.py for tasks to queue
[2025-03-25T21:16:33.537+0000] {logging_mixin.py:190} INFO - [2025-03-25T21:16:33.536+0000] {dagbag.py:587} INFO - Filling up the DagBag from /opt/airflow/dags/ELT_DAG.py
[2025-03-25T21:16:33.557+0000] {processor.py:925} INFO - DAG(s) 'ELT' retrieved from /opt/airflow/dags/ELT_DAG.py
[2025-03-25T21:16:33.572+0000] {logging_mixin.py:190} INFO - [2025-03-25T21:16:33.572+0000] {dag.py:3229} INFO - Sync 1 DAGs
[2025-03-25T21:16:33.582+0000] {logging_mixin.py:190} INFO - [2025-03-25T21:16:33.582+0000] {dag.py:4156} INFO - Setting next_dagrun for ELT to 2025-03-24 02:45:00+00:00, run_after=2025-03-25 02:45:00+00:00
[2025-03-25T21:16:33.588+0000] {processor.py:208} INFO - Processing /opt/airflow/dags/ELT_DAG.py took 0.072 seconds
[2025-03-25T21:16:35.583+0000] {processor.py:186} INFO - Started process (PID=884) to work on /opt/airflow/dags/ELT_DAG.py
[2025-03-25T21:16:35.584+0000] {processor.py:914} INFO - Processing file /opt/airflow/dags/ELT_DAG.py for tasks to queue
[2025-03-25T21:16:35.586+0000] {logging_mixin.py:190} INFO - [2025-03-25T21:16:35.586+0000] {dagbag.py:587} INFO - Filling up the DagBag from /opt/airflow/dags/ELT_DAG.py
[2025-03-25T21:16:35.596+0000] {processor.py:925} INFO - DAG(s) 'ELT' retrieved from /opt/airflow/dags/ELT_DAG.py
[2025-03-25T21:16:35.651+0000] {logging_mixin.py:190} INFO - [2025-03-25T21:16:35.651+0000] {dag.py:3229} INFO - Sync 1 DAGs
[2025-03-25T21:16:35.660+0000] {logging_mixin.py:190} INFO - [2025-03-25T21:16:35.660+0000] {dag.py:4156} INFO - Setting next_dagrun for ELT to 2025-03-24 02:45:00+00:00, run_after=2025-03-25 02:45:00+00:00
[2025-03-25T21:16:35.667+0000] {processor.py:208} INFO - Processing /opt/airflow/dags/ELT_DAG.py took 0.089 seconds
[2025-03-25T21:16:39.689+0000] {processor.py:186} INFO - Started process (PID=889) to work on /opt/airflow/dags/ELT_DAG.py
[2025-03-25T21:16:39.690+0000] {processor.py:914} INFO - Processing file /opt/airflow/dags/ELT_DAG.py for tasks to queue
[2025-03-25T21:16:39.692+0000] {logging_mixin.py:190} INFO - [2025-03-25T21:16:39.691+0000] {dagbag.py:587} INFO - Filling up the DagBag from /opt/airflow/dags/ELT_DAG.py
[2025-03-25T21:16:39.711+0000] {processor.py:925} INFO - DAG(s) 'ELT' retrieved from /opt/airflow/dags/ELT_DAG.py
[2025-03-25T21:16:39.718+0000] {logging_mixin.py:190} INFO - [2025-03-25T21:16:39.717+0000] {dag.py:3229} INFO - Sync 1 DAGs
[2025-03-25T21:16:39.728+0000] {logging_mixin.py:190} INFO - [2025-03-25T21:16:39.727+0000] {dag.py:4156} INFO - Setting next_dagrun for ELT to 2025-03-24 02:45:00+00:00, run_after=2025-03-25 02:45:00+00:00
[2025-03-25T21:16:39.734+0000] {processor.py:208} INFO - Processing /opt/airflow/dags/ELT_DAG.py took 0.050 seconds
[2025-03-25T21:16:44.773+0000] {processor.py:186} INFO - Started process (PID=894) to work on /opt/airflow/dags/ELT_DAG.py
[2025-03-25T21:16:44.774+0000] {processor.py:914} INFO - Processing file /opt/airflow/dags/ELT_DAG.py for tasks to queue
[2025-03-25T21:16:44.777+0000] {logging_mixin.py:190} INFO - [2025-03-25T21:16:44.776+0000] {dagbag.py:587} INFO - Filling up the DagBag from /opt/airflow/dags/ELT_DAG.py
[2025-03-25T21:16:44.788+0000] {processor.py:925} INFO - DAG(s) 'ELT' retrieved from /opt/airflow/dags/ELT_DAG.py
[2025-03-25T21:16:44.799+0000] {logging_mixin.py:190} INFO - [2025-03-25T21:16:44.798+0000] {dag.py:3229} INFO - Sync 1 DAGs
[2025-03-25T21:16:44.819+0000] {logging_mixin.py:190} INFO - [2025-03-25T21:16:44.819+0000] {dag.py:4156} INFO - Setting next_dagrun for ELT to 2025-03-24 02:45:00+00:00, run_after=2025-03-25 02:45:00+00:00
[2025-03-25T21:16:44.832+0000] {processor.py:208} INFO - Processing /opt/airflow/dags/ELT_DAG.py took 0.064 seconds
[2025-03-25T21:16:46.814+0000] {processor.py:186} INFO - Started process (PID=905) to work on /opt/airflow/dags/ELT_DAG.py
[2025-03-25T21:16:46.814+0000] {processor.py:914} INFO - Processing file /opt/airflow/dags/ELT_DAG.py for tasks to queue
[2025-03-25T21:16:46.816+0000] {logging_mixin.py:190} INFO - [2025-03-25T21:16:46.815+0000] {dagbag.py:587} INFO - Filling up the DagBag from /opt/airflow/dags/ELT_DAG.py
[2025-03-25T21:16:46.823+0000] {processor.py:925} INFO - DAG(s) 'ELT' retrieved from /opt/airflow/dags/ELT_DAG.py
[2025-03-25T21:16:46.832+0000] {logging_mixin.py:190} INFO - [2025-03-25T21:16:46.831+0000] {dag.py:3229} INFO - Sync 1 DAGs
[2025-03-25T21:16:46.844+0000] {logging_mixin.py:190} INFO - [2025-03-25T21:16:46.844+0000] {dag.py:4156} INFO - Setting next_dagrun for ELT to 2025-03-24 02:45:00+00:00, run_after=2025-03-25 02:45:00+00:00
[2025-03-25T21:16:46.857+0000] {processor.py:208} INFO - Processing /opt/airflow/dags/ELT_DAG.py took 0.047 seconds
[2025-03-25T21:17:10.163+0000] {processor.py:186} INFO - Started process (PID=915) to work on /opt/airflow/dags/ELT_DAG.py
[2025-03-25T21:17:10.165+0000] {processor.py:914} INFO - Processing file /opt/airflow/dags/ELT_DAG.py for tasks to queue
[2025-03-25T21:17:10.167+0000] {logging_mixin.py:190} INFO - [2025-03-25T21:17:10.166+0000] {dagbag.py:587} INFO - Filling up the DagBag from /opt/airflow/dags/ELT_DAG.py
[2025-03-25T21:17:10.182+0000] {processor.py:925} INFO - DAG(s) 'ELT' retrieved from /opt/airflow/dags/ELT_DAG.py
[2025-03-25T21:17:10.252+0000] {logging_mixin.py:190} INFO - [2025-03-25T21:17:10.251+0000] {dag.py:3229} INFO - Sync 1 DAGs
[2025-03-25T21:17:10.261+0000] {logging_mixin.py:190} INFO - [2025-03-25T21:17:10.261+0000] {dag.py:4156} INFO - Setting next_dagrun for ELT to 2025-03-24 02:45:00+00:00, run_after=2025-03-25 02:45:00+00:00
[2025-03-25T21:17:10.269+0000] {processor.py:208} INFO - Processing /opt/airflow/dags/ELT_DAG.py took 0.115 seconds
[2025-03-25T21:17:12.202+0000] {processor.py:186} INFO - Started process (PID=920) to work on /opt/airflow/dags/ELT_DAG.py
[2025-03-25T21:17:12.204+0000] {processor.py:914} INFO - Processing file /opt/airflow/dags/ELT_DAG.py for tasks to queue
[2025-03-25T21:17:12.208+0000] {logging_mixin.py:190} INFO - [2025-03-25T21:17:12.208+0000] {dagbag.py:587} INFO - Filling up the DagBag from /opt/airflow/dags/ELT_DAG.py
[2025-03-25T21:17:12.221+0000] {processor.py:925} INFO - DAG(s) 'ELT' retrieved from /opt/airflow/dags/ELT_DAG.py
[2025-03-25T21:17:12.232+0000] {logging_mixin.py:190} INFO - [2025-03-25T21:17:12.231+0000] {dag.py:3229} INFO - Sync 1 DAGs
[2025-03-25T21:17:12.243+0000] {logging_mixin.py:190} INFO - [2025-03-25T21:17:12.243+0000] {dag.py:4156} INFO - Setting next_dagrun for ELT to 2025-03-24 02:45:00+00:00, run_after=2025-03-25 02:45:00+00:00
[2025-03-25T21:17:12.250+0000] {processor.py:208} INFO - Processing /opt/airflow/dags/ELT_DAG.py took 0.057 seconds
[2025-03-25T21:17:13.217+0000] {processor.py:186} INFO - Started process (PID=925) to work on /opt/airflow/dags/ELT_DAG.py
[2025-03-25T21:17:13.218+0000] {processor.py:914} INFO - Processing file /opt/airflow/dags/ELT_DAG.py for tasks to queue
[2025-03-25T21:17:13.219+0000] {logging_mixin.py:190} INFO - [2025-03-25T21:17:13.219+0000] {dagbag.py:587} INFO - Filling up the DagBag from /opt/airflow/dags/ELT_DAG.py
[2025-03-25T21:17:13.228+0000] {processor.py:925} INFO - DAG(s) 'ELT' retrieved from /opt/airflow/dags/ELT_DAG.py
[2025-03-25T21:17:13.236+0000] {logging_mixin.py:190} INFO - [2025-03-25T21:17:13.235+0000] {dag.py:3229} INFO - Sync 1 DAGs
[2025-03-25T21:17:13.248+0000] {logging_mixin.py:190} INFO - [2025-03-25T21:17:13.248+0000] {dag.py:4156} INFO - Setting next_dagrun for ELT to 2025-03-24 02:45:00+00:00, run_after=2025-03-25 02:45:00+00:00
[2025-03-25T21:17:13.257+0000] {processor.py:208} INFO - Processing /opt/airflow/dags/ELT_DAG.py took 0.044 seconds
[2025-03-25T21:17:14.241+0000] {processor.py:186} INFO - Started process (PID=930) to work on /opt/airflow/dags/ELT_DAG.py
[2025-03-25T21:17:14.242+0000] {processor.py:914} INFO - Processing file /opt/airflow/dags/ELT_DAG.py for tasks to queue
[2025-03-25T21:17:14.244+0000] {logging_mixin.py:190} INFO - [2025-03-25T21:17:14.244+0000] {dagbag.py:587} INFO - Filling up the DagBag from /opt/airflow/dags/ELT_DAG.py
[2025-03-25T21:17:14.248+0000] {logging_mixin.py:190} INFO - [2025-03-25T21:17:14.247+0000] {dagbag.py:386} ERROR - Failed to import: /opt/airflow/dags/ELT_DAG.py
Traceback (most recent call last):
  File "/home/airflow/.local/lib/python3.12/site-packages/airflow/models/dagbag.py", line 382, in parse
    loader.exec_module(new_module)
  File "<frozen importlib._bootstrap_external>", line 991, in exec_module
  File "<frozen importlib._bootstrap_external>", line 1129, in get_code
  File "<frozen importlib._bootstrap_external>", line 1059, in source_to_code
  File "<frozen importlib._bootstrap>", line 488, in _call_with_frames_removed
  File "/opt/airflow/dags/ELT_DAG.py", line 92
    SELECT u.*, s.ts
IndentationError: unexpected indent
[2025-03-25T21:17:14.249+0000] {processor.py:927} WARNING - No viable dags retrieved from /opt/airflow/dags/ELT_DAG.py
[2025-03-25T21:17:14.268+0000] {processor.py:208} INFO - Processing /opt/airflow/dags/ELT_DAG.py took 0.031 seconds
[2025-03-25T21:17:17.354+0000] {processor.py:186} INFO - Started process (PID=941) to work on /opt/airflow/dags/ELT_DAG.py
[2025-03-25T21:17:17.356+0000] {processor.py:914} INFO - Processing file /opt/airflow/dags/ELT_DAG.py for tasks to queue
[2025-03-25T21:17:17.359+0000] {logging_mixin.py:190} INFO - [2025-03-25T21:17:17.359+0000] {dagbag.py:587} INFO - Filling up the DagBag from /opt/airflow/dags/ELT_DAG.py
[2025-03-25T21:17:17.375+0000] {processor.py:925} INFO - DAG(s) 'ELT' retrieved from /opt/airflow/dags/ELT_DAG.py
[2025-03-25T21:17:17.396+0000] {logging_mixin.py:190} INFO - [2025-03-25T21:17:17.395+0000] {dag.py:3229} INFO - Sync 1 DAGs
[2025-03-25T21:17:17.414+0000] {logging_mixin.py:190} INFO - [2025-03-25T21:17:17.413+0000] {dag.py:4156} INFO - Setting next_dagrun for ELT to 2025-03-24 02:45:00+00:00, run_after=2025-03-25 02:45:00+00:00
[2025-03-25T21:17:17.424+0000] {processor.py:208} INFO - Processing /opt/airflow/dags/ELT_DAG.py took 0.081 seconds
[2025-03-25T21:17:18.391+0000] {processor.py:186} INFO - Started process (PID=946) to work on /opt/airflow/dags/ELT_DAG.py
[2025-03-25T21:17:18.392+0000] {processor.py:914} INFO - Processing file /opt/airflow/dags/ELT_DAG.py for tasks to queue
[2025-03-25T21:17:18.393+0000] {logging_mixin.py:190} INFO - [2025-03-25T21:17:18.393+0000] {dagbag.py:587} INFO - Filling up the DagBag from /opt/airflow/dags/ELT_DAG.py
[2025-03-25T21:17:18.402+0000] {processor.py:925} INFO - DAG(s) 'ELT' retrieved from /opt/airflow/dags/ELT_DAG.py
[2025-03-25T21:17:18.411+0000] {logging_mixin.py:190} INFO - [2025-03-25T21:17:18.411+0000] {dag.py:3229} INFO - Sync 1 DAGs
[2025-03-25T21:17:18.422+0000] {logging_mixin.py:190} INFO - [2025-03-25T21:17:18.422+0000] {dag.py:4156} INFO - Setting next_dagrun for ELT to 2025-03-24 02:45:00+00:00, run_after=2025-03-25 02:45:00+00:00
[2025-03-25T21:17:18.429+0000] {processor.py:208} INFO - Processing /opt/airflow/dags/ELT_DAG.py took 0.043 seconds
[2025-03-25T21:17:47.946+0000] {processor.py:186} INFO - Started process (PID=962) to work on /opt/airflow/dags/ELT_DAG.py
[2025-03-25T21:17:47.948+0000] {processor.py:914} INFO - Processing file /opt/airflow/dags/ELT_DAG.py for tasks to queue
[2025-03-25T21:17:47.952+0000] {logging_mixin.py:190} INFO - [2025-03-25T21:17:47.952+0000] {dagbag.py:587} INFO - Filling up the DagBag from /opt/airflow/dags/ELT_DAG.py
[2025-03-25T21:17:47.958+0000] {logging_mixin.py:190} INFO - [2025-03-25T21:17:47.957+0000] {dagbag.py:386} ERROR - Failed to import: /opt/airflow/dags/ELT_DAG.py
Traceback (most recent call last):
  File "/home/airflow/.local/lib/python3.12/site-packages/airflow/models/dagbag.py", line 382, in parse
    loader.exec_module(new_module)
  File "<frozen importlib._bootstrap_external>", line 991, in exec_module
  File "<frozen importlib._bootstrap_external>", line 1129, in get_code
  File "<frozen importlib._bootstrap_external>", line 1059, in source_to_code
  File "<frozen importlib._bootstrap>", line 488, in _call_with_frames_removed
  File "/opt/airflow/dags/ELT_DAG.py", line 98
    run_ctas(database, schema, table, select_sql, primary_key='sessionId')
IndentationError: unexpected indent
[2025-03-25T21:17:47.959+0000] {processor.py:927} WARNING - No viable dags retrieved from /opt/airflow/dags/ELT_DAG.py
[2025-03-25T21:17:47.981+0000] {processor.py:208} INFO - Processing /opt/airflow/dags/ELT_DAG.py took 0.052 seconds
[2025-03-25T21:18:14.358+0000] {processor.py:186} INFO - Started process (PID=972) to work on /opt/airflow/dags/ELT_DAG.py
[2025-03-25T21:18:14.363+0000] {processor.py:914} INFO - Processing file /opt/airflow/dags/ELT_DAG.py for tasks to queue
[2025-03-25T21:18:14.367+0000] {logging_mixin.py:190} INFO - [2025-03-25T21:18:14.366+0000] {dagbag.py:587} INFO - Filling up the DagBag from /opt/airflow/dags/ELT_DAG.py
[2025-03-25T21:18:14.384+0000] {processor.py:925} INFO - DAG(s) 'ELT' retrieved from /opt/airflow/dags/ELT_DAG.py
[2025-03-25T21:18:14.471+0000] {logging_mixin.py:190} INFO - [2025-03-25T21:18:14.471+0000] {dag.py:3229} INFO - Sync 1 DAGs
[2025-03-25T21:18:14.480+0000] {logging_mixin.py:190} INFO - [2025-03-25T21:18:14.480+0000] {dag.py:4156} INFO - Setting next_dagrun for ELT to 2025-03-24 02:45:00+00:00, run_after=2025-03-25 02:45:00+00:00
[2025-03-25T21:18:14.489+0000] {processor.py:208} INFO - Processing /opt/airflow/dags/ELT_DAG.py took 0.144 seconds
[2025-03-25T21:18:44.849+0000] {processor.py:186} INFO - Started process (PID=988) to work on /opt/airflow/dags/ELT_DAG.py
[2025-03-25T21:18:44.851+0000] {processor.py:914} INFO - Processing file /opt/airflow/dags/ELT_DAG.py for tasks to queue
[2025-03-25T21:18:44.855+0000] {logging_mixin.py:190} INFO - [2025-03-25T21:18:44.854+0000] {dagbag.py:587} INFO - Filling up the DagBag from /opt/airflow/dags/ELT_DAG.py
[2025-03-25T21:18:44.869+0000] {processor.py:925} INFO - DAG(s) 'ELT' retrieved from /opt/airflow/dags/ELT_DAG.py
[2025-03-25T21:18:44.893+0000] {logging_mixin.py:190} INFO - [2025-03-25T21:18:44.893+0000] {dag.py:3229} INFO - Sync 1 DAGs
[2025-03-25T21:18:44.906+0000] {logging_mixin.py:190} INFO - [2025-03-25T21:18:44.906+0000] {dag.py:4156} INFO - Setting next_dagrun for ELT to 2025-03-24 02:45:00+00:00, run_after=2025-03-25 02:45:00+00:00
[2025-03-25T21:18:44.916+0000] {processor.py:208} INFO - Processing /opt/airflow/dags/ELT_DAG.py took 0.077 seconds
