[2025-03-01T20:49:12.088+0000] {processor.py:186} INFO - Started process (PID=4573) to work on /opt/airflow/dags/Lab1_ETL_sma.py
[2025-03-01T20:49:12.088+0000] {processor.py:914} INFO - Processing file /opt/airflow/dags/Lab1_ETL_sma.py for tasks to queue
[2025-03-01T20:49:12.090+0000] {logging_mixin.py:190} INFO - [2025-03-01T20:49:12.090+0000] {dagbag.py:587} INFO - Filling up the DagBag from /opt/airflow/dags/Lab1_ETL_sma.py
[2025-03-01T20:49:12.106+0000] {logging_mixin.py:190} INFO - [2025-03-01T20:49:12.106+0000] {base.py:84} INFO - Retrieving connection 'snowflake_conn'
[2025-03-01T20:49:12.106+0000] {logging_mixin.py:190} INFO - [2025-03-01T20:49:12.106+0000] {connection.py:413} INFO - Snowflake Connector for Python Version: 3.12.1, Python Version: 3.12.5, Platform: Linux-6.12.5-linuxkit-aarch64-with-glibc2.36
[2025-03-01T20:49:12.108+0000] {logging_mixin.py:190} INFO - [2025-03-01T20:49:12.108+0000] {connection.py:1196} INFO - Connecting to GLOBAL Snowflake domain
[2025-03-01T20:49:12.108+0000] {logging_mixin.py:190} INFO - [2025-03-01T20:49:12.108+0000] {connection.py:1277} INFO - This connection is in OCSP Fail Open Mode. TLS Certificates would be checked for validity and revocation status. Any other Certificate Revocation related exceptions or OCSP Responder failures would be disregarded in favor of connectivity.
[2025-03-01T20:49:12.412+0000] {processor.py:925} INFO - DAG(s) 'SMA' retrieved from /opt/airflow/dags/Lab1_ETL_sma.py
[2025-03-01T20:49:12.473+0000] {logging_mixin.py:190} INFO - [2025-03-01T20:49:12.473+0000] {override.py:1900} INFO - Created Permission View: can read on DAG:SMA
[2025-03-01T20:49:12.480+0000] {logging_mixin.py:190} INFO - [2025-03-01T20:49:12.480+0000] {override.py:1900} INFO - Created Permission View: can delete on DAG:SMA
[2025-03-01T20:49:12.484+0000] {logging_mixin.py:190} INFO - [2025-03-01T20:49:12.483+0000] {override.py:1900} INFO - Created Permission View: can edit on DAG:SMA
[2025-03-01T20:49:12.489+0000] {logging_mixin.py:190} INFO - [2025-03-01T20:49:12.488+0000] {override.py:1900} INFO - Created Permission View: can read on DAG Run:SMA
[2025-03-01T20:49:12.491+0000] {logging_mixin.py:190} INFO - [2025-03-01T20:49:12.491+0000] {override.py:1900} INFO - Created Permission View: menu access on DAG Run:SMA
[2025-03-01T20:49:12.494+0000] {logging_mixin.py:190} INFO - [2025-03-01T20:49:12.494+0000] {override.py:1900} INFO - Created Permission View: can create on DAG Run:SMA
[2025-03-01T20:49:12.498+0000] {logging_mixin.py:190} INFO - [2025-03-01T20:49:12.497+0000] {override.py:1900} INFO - Created Permission View: can delete on DAG Run:SMA
[2025-03-01T20:49:12.498+0000] {logging_mixin.py:190} INFO - [2025-03-01T20:49:12.498+0000] {dag.py:3229} INFO - Sync 1 DAGs
[2025-03-01T20:49:12.506+0000] {logging_mixin.py:190} INFO - [2025-03-01T20:49:12.506+0000] {dag.py:3252} INFO - Creating ORM DAG for SMA
[2025-03-01T20:49:12.511+0000] {logging_mixin.py:190} INFO - [2025-03-01T20:49:12.510+0000] {dag.py:4156} INFO - Setting next_dagrun for SMA to 2025-02-28 02:30:00+00:00, run_after=2025-03-01 02:30:00+00:00
[2025-03-01T20:49:12.520+0000] {processor.py:208} INFO - Processing /opt/airflow/dags/Lab1_ETL_sma.py took 0.436 seconds
[2025-03-01T20:49:33.886+0000] {processor.py:186} INFO - Started process (PID=4593) to work on /opt/airflow/dags/Lab1_ETL_sma.py
[2025-03-01T20:49:33.891+0000] {processor.py:914} INFO - Processing file /opt/airflow/dags/Lab1_ETL_sma.py for tasks to queue
[2025-03-01T20:49:33.899+0000] {logging_mixin.py:190} INFO - [2025-03-01T20:49:33.898+0000] {dagbag.py:587} INFO - Filling up the DagBag from /opt/airflow/dags/Lab1_ETL_sma.py
[2025-03-01T20:49:33.941+0000] {logging_mixin.py:190} INFO - [2025-03-01T20:49:33.941+0000] {base.py:84} INFO - Retrieving connection 'snowflake_conn'
[2025-03-01T20:49:33.942+0000] {logging_mixin.py:190} INFO - [2025-03-01T20:49:33.942+0000] {connection.py:413} INFO - Snowflake Connector for Python Version: 3.12.1, Python Version: 3.12.5, Platform: Linux-6.12.5-linuxkit-aarch64-with-glibc2.36
[2025-03-01T20:49:33.944+0000] {logging_mixin.py:190} INFO - [2025-03-01T20:49:33.944+0000] {connection.py:1196} INFO - Connecting to GLOBAL Snowflake domain
[2025-03-01T20:49:33.945+0000] {logging_mixin.py:190} INFO - [2025-03-01T20:49:33.945+0000] {connection.py:1277} INFO - This connection is in OCSP Fail Open Mode. TLS Certificates would be checked for validity and revocation status. Any other Certificate Revocation related exceptions or OCSP Responder failures would be disregarded in favor of connectivity.
[2025-03-01T20:49:34.435+0000] {processor.py:925} INFO - DAG(s) 'SMA' retrieved from /opt/airflow/dags/Lab1_ETL_sma.py
[2025-03-01T20:49:34.442+0000] {logging_mixin.py:190} INFO - [2025-03-01T20:49:34.442+0000] {dag.py:3229} INFO - Sync 1 DAGs
[2025-03-01T20:49:34.467+0000] {logging_mixin.py:190} INFO - [2025-03-01T20:49:34.466+0000] {dag.py:4156} INFO - Setting next_dagrun for SMA to 2025-02-28 02:30:00+00:00, run_after=2025-03-01 02:30:00+00:00
[2025-03-01T20:49:34.478+0000] {processor.py:208} INFO - Processing /opt/airflow/dags/Lab1_ETL_sma.py took 0.614 seconds
[2025-03-01T20:49:38.571+0000] {processor.py:186} INFO - Started process (PID=4604) to work on /opt/airflow/dags/Lab1_ETL_sma.py
[2025-03-01T20:49:38.573+0000] {processor.py:914} INFO - Processing file /opt/airflow/dags/Lab1_ETL_sma.py for tasks to queue
[2025-03-01T20:49:38.576+0000] {logging_mixin.py:190} INFO - [2025-03-01T20:49:38.576+0000] {dagbag.py:587} INFO - Filling up the DagBag from /opt/airflow/dags/Lab1_ETL_sma.py
[2025-03-01T20:49:38.600+0000] {logging_mixin.py:190} INFO - [2025-03-01T20:49:38.599+0000] {base.py:84} INFO - Retrieving connection 'snowflake_conn'
[2025-03-01T20:49:38.600+0000] {logging_mixin.py:190} INFO - [2025-03-01T20:49:38.600+0000] {connection.py:413} INFO - Snowflake Connector for Python Version: 3.12.1, Python Version: 3.12.5, Platform: Linux-6.12.5-linuxkit-aarch64-with-glibc2.36
[2025-03-01T20:49:38.601+0000] {logging_mixin.py:190} INFO - [2025-03-01T20:49:38.601+0000] {connection.py:1196} INFO - Connecting to GLOBAL Snowflake domain
[2025-03-01T20:49:38.601+0000] {logging_mixin.py:190} INFO - [2025-03-01T20:49:38.601+0000] {connection.py:1277} INFO - This connection is in OCSP Fail Open Mode. TLS Certificates would be checked for validity and revocation status. Any other Certificate Revocation related exceptions or OCSP Responder failures would be disregarded in favor of connectivity.
[2025-03-01T20:49:39.012+0000] {processor.py:925} INFO - DAG(s) 'SMA' retrieved from /opt/airflow/dags/Lab1_ETL_sma.py
[2025-03-01T20:49:39.016+0000] {logging_mixin.py:190} INFO - [2025-03-01T20:49:39.015+0000] {dag.py:3229} INFO - Sync 1 DAGs
[2025-03-01T20:49:39.031+0000] {logging_mixin.py:190} INFO - [2025-03-01T20:49:39.031+0000] {dag.py:4156} INFO - Setting next_dagrun for SMA to 2025-02-28 02:30:00+00:00, run_after=2025-03-01 02:30:00+00:00
[2025-03-01T20:49:39.042+0000] {processor.py:208} INFO - Processing /opt/airflow/dags/Lab1_ETL_sma.py took 0.482 seconds
[2025-03-01T20:49:41.560+0000] {processor.py:186} INFO - Started process (PID=4619) to work on /opt/airflow/dags/Lab1_ETL_sma.py
[2025-03-01T20:49:41.560+0000] {processor.py:914} INFO - Processing file /opt/airflow/dags/Lab1_ETL_sma.py for tasks to queue
[2025-03-01T20:49:41.561+0000] {logging_mixin.py:190} INFO - [2025-03-01T20:49:41.561+0000] {dagbag.py:587} INFO - Filling up the DagBag from /opt/airflow/dags/Lab1_ETL_sma.py
[2025-03-01T20:49:41.572+0000] {logging_mixin.py:190} INFO - [2025-03-01T20:49:41.572+0000] {base.py:84} INFO - Retrieving connection 'snowflake_conn'
[2025-03-01T20:49:41.572+0000] {logging_mixin.py:190} INFO - [2025-03-01T20:49:41.572+0000] {connection.py:413} INFO - Snowflake Connector for Python Version: 3.12.1, Python Version: 3.12.5, Platform: Linux-6.12.5-linuxkit-aarch64-with-glibc2.36
[2025-03-01T20:49:41.573+0000] {logging_mixin.py:190} INFO - [2025-03-01T20:49:41.573+0000] {connection.py:1196} INFO - Connecting to GLOBAL Snowflake domain
[2025-03-01T20:49:41.573+0000] {logging_mixin.py:190} INFO - [2025-03-01T20:49:41.573+0000] {connection.py:1277} INFO - This connection is in OCSP Fail Open Mode. TLS Certificates would be checked for validity and revocation status. Any other Certificate Revocation related exceptions or OCSP Responder failures would be disregarded in favor of connectivity.
[2025-03-01T20:49:42.017+0000] {processor.py:925} INFO - DAG(s) 'SMA' retrieved from /opt/airflow/dags/Lab1_ETL_sma.py
[2025-03-01T20:49:42.022+0000] {logging_mixin.py:190} INFO - [2025-03-01T20:49:42.022+0000] {dag.py:3229} INFO - Sync 1 DAGs
[2025-03-01T20:49:42.040+0000] {logging_mixin.py:190} INFO - [2025-03-01T20:49:42.040+0000] {dag.py:4156} INFO - Setting next_dagrun for SMA to 2025-02-28 02:30:00+00:00, run_after=2025-03-01 02:30:00+00:00
[2025-03-01T20:49:42.050+0000] {processor.py:208} INFO - Processing /opt/airflow/dags/Lab1_ETL_sma.py took 0.493 seconds
[2025-03-01T20:49:45.047+0000] {processor.py:186} INFO - Started process (PID=4634) to work on /opt/airflow/dags/Lab1_ETL_sma.py
[2025-03-01T20:49:45.048+0000] {processor.py:914} INFO - Processing file /opt/airflow/dags/Lab1_ETL_sma.py for tasks to queue
[2025-03-01T20:49:45.050+0000] {logging_mixin.py:190} INFO - [2025-03-01T20:49:45.050+0000] {dagbag.py:587} INFO - Filling up the DagBag from /opt/airflow/dags/Lab1_ETL_sma.py
[2025-03-01T20:49:45.069+0000] {logging_mixin.py:190} INFO - [2025-03-01T20:49:45.069+0000] {base.py:84} INFO - Retrieving connection 'snowflake_conn'
[2025-03-01T20:49:45.070+0000] {logging_mixin.py:190} INFO - [2025-03-01T20:49:45.070+0000] {connection.py:413} INFO - Snowflake Connector for Python Version: 3.12.1, Python Version: 3.12.5, Platform: Linux-6.12.5-linuxkit-aarch64-with-glibc2.36
[2025-03-01T20:49:45.070+0000] {logging_mixin.py:190} INFO - [2025-03-01T20:49:45.070+0000] {connection.py:1196} INFO - Connecting to GLOBAL Snowflake domain
[2025-03-01T20:49:45.071+0000] {logging_mixin.py:190} INFO - [2025-03-01T20:49:45.070+0000] {connection.py:1277} INFO - This connection is in OCSP Fail Open Mode. TLS Certificates would be checked for validity and revocation status. Any other Certificate Revocation related exceptions or OCSP Responder failures would be disregarded in favor of connectivity.
[2025-03-01T20:49:45.416+0000] {processor.py:925} INFO - DAG(s) 'SMA' retrieved from /opt/airflow/dags/Lab1_ETL_sma.py
[2025-03-01T20:49:45.479+0000] {logging_mixin.py:190} INFO - [2025-03-01T20:49:45.479+0000] {dag.py:3229} INFO - Sync 1 DAGs
[2025-03-01T20:49:45.488+0000] {logging_mixin.py:190} INFO - [2025-03-01T20:49:45.487+0000] {dag.py:4156} INFO - Setting next_dagrun for SMA to 2025-02-28 02:30:00+00:00, run_after=2025-03-01 02:30:00+00:00
[2025-03-01T20:49:45.495+0000] {processor.py:208} INFO - Processing /opt/airflow/dags/Lab1_ETL_sma.py took 0.452 seconds
[2025-03-01T20:49:54.644+0000] {processor.py:186} INFO - Started process (PID=4644) to work on /opt/airflow/dags/Lab1_ETL_sma.py
[2025-03-01T20:49:54.645+0000] {processor.py:914} INFO - Processing file /opt/airflow/dags/Lab1_ETL_sma.py for tasks to queue
[2025-03-01T20:49:54.649+0000] {logging_mixin.py:190} INFO - [2025-03-01T20:49:54.648+0000] {dagbag.py:587} INFO - Filling up the DagBag from /opt/airflow/dags/Lab1_ETL_sma.py
[2025-03-01T20:49:54.674+0000] {logging_mixin.py:190} INFO - [2025-03-01T20:49:54.674+0000] {base.py:84} INFO - Retrieving connection 'snowflake_conn'
[2025-03-01T20:49:54.675+0000] {logging_mixin.py:190} INFO - [2025-03-01T20:49:54.675+0000] {connection.py:413} INFO - Snowflake Connector for Python Version: 3.12.1, Python Version: 3.12.5, Platform: Linux-6.12.5-linuxkit-aarch64-with-glibc2.36
[2025-03-01T20:49:54.676+0000] {logging_mixin.py:190} INFO - [2025-03-01T20:49:54.676+0000] {connection.py:1196} INFO - Connecting to GLOBAL Snowflake domain
[2025-03-01T20:49:54.676+0000] {logging_mixin.py:190} INFO - [2025-03-01T20:49:54.676+0000] {connection.py:1277} INFO - This connection is in OCSP Fail Open Mode. TLS Certificates would be checked for validity and revocation status. Any other Certificate Revocation related exceptions or OCSP Responder failures would be disregarded in favor of connectivity.
[2025-03-01T20:49:55.067+0000] {processor.py:925} INFO - DAG(s) 'SMA' retrieved from /opt/airflow/dags/Lab1_ETL_sma.py
[2025-03-01T20:49:55.073+0000] {logging_mixin.py:190} INFO - [2025-03-01T20:49:55.072+0000] {dag.py:3229} INFO - Sync 1 DAGs
[2025-03-01T20:49:55.090+0000] {logging_mixin.py:190} INFO - [2025-03-01T20:49:55.089+0000] {dag.py:4156} INFO - Setting next_dagrun for SMA to 2025-02-28 02:30:00+00:00, run_after=2025-03-01 02:30:00+00:00
[2025-03-01T20:49:55.099+0000] {processor.py:208} INFO - Processing /opt/airflow/dags/Lab1_ETL_sma.py took 0.464 seconds
[2025-03-01T20:49:57.141+0000] {processor.py:186} INFO - Started process (PID=4649) to work on /opt/airflow/dags/Lab1_ETL_sma.py
[2025-03-01T20:49:57.142+0000] {processor.py:914} INFO - Processing file /opt/airflow/dags/Lab1_ETL_sma.py for tasks to queue
[2025-03-01T20:49:57.143+0000] {logging_mixin.py:190} INFO - [2025-03-01T20:49:57.143+0000] {dagbag.py:587} INFO - Filling up the DagBag from /opt/airflow/dags/Lab1_ETL_sma.py
[2025-03-01T20:49:57.155+0000] {logging_mixin.py:190} INFO - [2025-03-01T20:49:57.155+0000] {base.py:84} INFO - Retrieving connection 'snowflake_conn'
[2025-03-01T20:49:57.156+0000] {logging_mixin.py:190} INFO - [2025-03-01T20:49:57.156+0000] {connection.py:413} INFO - Snowflake Connector for Python Version: 3.12.1, Python Version: 3.12.5, Platform: Linux-6.12.5-linuxkit-aarch64-with-glibc2.36
[2025-03-01T20:49:57.156+0000] {logging_mixin.py:190} INFO - [2025-03-01T20:49:57.156+0000] {connection.py:1196} INFO - Connecting to GLOBAL Snowflake domain
[2025-03-01T20:49:57.157+0000] {logging_mixin.py:190} INFO - [2025-03-01T20:49:57.156+0000] {connection.py:1277} INFO - This connection is in OCSP Fail Open Mode. TLS Certificates would be checked for validity and revocation status. Any other Certificate Revocation related exceptions or OCSP Responder failures would be disregarded in favor of connectivity.
[2025-03-01T20:49:57.516+0000] {processor.py:925} INFO - DAG(s) 'SMA' retrieved from /opt/airflow/dags/Lab1_ETL_sma.py
[2025-03-01T20:49:57.522+0000] {logging_mixin.py:190} INFO - [2025-03-01T20:49:57.522+0000] {dag.py:3229} INFO - Sync 1 DAGs
[2025-03-01T20:49:57.539+0000] {logging_mixin.py:190} INFO - [2025-03-01T20:49:57.539+0000] {dag.py:4156} INFO - Setting next_dagrun for SMA to 2025-02-28 02:30:00+00:00, run_after=2025-03-01 02:30:00+00:00
[2025-03-01T20:49:57.549+0000] {processor.py:208} INFO - Processing /opt/airflow/dags/Lab1_ETL_sma.py took 0.413 seconds
[2025-03-01T20:49:58.159+0000] {processor.py:186} INFO - Started process (PID=4654) to work on /opt/airflow/dags/Lab1_ETL_sma.py
[2025-03-01T20:49:58.160+0000] {processor.py:914} INFO - Processing file /opt/airflow/dags/Lab1_ETL_sma.py for tasks to queue
[2025-03-01T20:49:58.162+0000] {logging_mixin.py:190} INFO - [2025-03-01T20:49:58.162+0000] {dagbag.py:587} INFO - Filling up the DagBag from /opt/airflow/dags/Lab1_ETL_sma.py
[2025-03-01T20:49:58.178+0000] {logging_mixin.py:190} INFO - [2025-03-01T20:49:58.178+0000] {base.py:84} INFO - Retrieving connection 'snowflake_conn'
[2025-03-01T20:49:58.179+0000] {logging_mixin.py:190} INFO - [2025-03-01T20:49:58.179+0000] {connection.py:413} INFO - Snowflake Connector for Python Version: 3.12.1, Python Version: 3.12.5, Platform: Linux-6.12.5-linuxkit-aarch64-with-glibc2.36
[2025-03-01T20:49:58.180+0000] {logging_mixin.py:190} INFO - [2025-03-01T20:49:58.179+0000] {connection.py:1196} INFO - Connecting to GLOBAL Snowflake domain
[2025-03-01T20:49:58.180+0000] {logging_mixin.py:190} INFO - [2025-03-01T20:49:58.180+0000] {connection.py:1277} INFO - This connection is in OCSP Fail Open Mode. TLS Certificates would be checked for validity and revocation status. Any other Certificate Revocation related exceptions or OCSP Responder failures would be disregarded in favor of connectivity.
[2025-03-01T20:49:58.508+0000] {processor.py:925} INFO - DAG(s) 'SMA' retrieved from /opt/airflow/dags/Lab1_ETL_sma.py
[2025-03-01T20:49:58.515+0000] {logging_mixin.py:190} INFO - [2025-03-01T20:49:58.514+0000] {dag.py:3229} INFO - Sync 1 DAGs
[2025-03-01T20:49:58.531+0000] {logging_mixin.py:190} INFO - [2025-03-01T20:49:58.531+0000] {dag.py:4156} INFO - Setting next_dagrun for SMA to 2025-02-28 02:30:00+00:00, run_after=2025-03-01 02:30:00+00:00
[2025-03-01T20:49:58.541+0000] {processor.py:208} INFO - Processing /opt/airflow/dags/Lab1_ETL_sma.py took 0.386 seconds
[2025-03-01T20:50:02.211+0000] {processor.py:186} INFO - Started process (PID=4659) to work on /opt/airflow/dags/Lab1_ETL_sma.py
[2025-03-01T20:50:02.212+0000] {processor.py:914} INFO - Processing file /opt/airflow/dags/Lab1_ETL_sma.py for tasks to queue
[2025-03-01T20:50:02.215+0000] {logging_mixin.py:190} INFO - [2025-03-01T20:50:02.214+0000] {dagbag.py:587} INFO - Filling up the DagBag from /opt/airflow/dags/Lab1_ETL_sma.py
[2025-03-01T20:50:02.244+0000] {logging_mixin.py:190} INFO - [2025-03-01T20:50:02.243+0000] {base.py:84} INFO - Retrieving connection 'snowflake_conn'
[2025-03-01T20:50:02.245+0000] {logging_mixin.py:190} INFO - [2025-03-01T20:50:02.245+0000] {connection.py:413} INFO - Snowflake Connector for Python Version: 3.12.1, Python Version: 3.12.5, Platform: Linux-6.12.5-linuxkit-aarch64-with-glibc2.36
[2025-03-01T20:50:02.246+0000] {logging_mixin.py:190} INFO - [2025-03-01T20:50:02.246+0000] {connection.py:1196} INFO - Connecting to GLOBAL Snowflake domain
[2025-03-01T20:50:02.246+0000] {logging_mixin.py:190} INFO - [2025-03-01T20:50:02.246+0000] {connection.py:1277} INFO - This connection is in OCSP Fail Open Mode. TLS Certificates would be checked for validity and revocation status. Any other Certificate Revocation related exceptions or OCSP Responder failures would be disregarded in favor of connectivity.
[2025-03-01T20:50:02.648+0000] {processor.py:925} INFO - DAG(s) 'SMA' retrieved from /opt/airflow/dags/Lab1_ETL_sma.py
[2025-03-01T20:50:02.653+0000] {logging_mixin.py:190} INFO - [2025-03-01T20:50:02.653+0000] {dag.py:3229} INFO - Sync 1 DAGs
[2025-03-01T20:50:02.677+0000] {logging_mixin.py:190} INFO - [2025-03-01T20:50:02.677+0000] {dag.py:4156} INFO - Setting next_dagrun for SMA to 2025-02-28 02:30:00+00:00, run_after=2025-03-01 02:30:00+00:00
[2025-03-01T20:50:02.687+0000] {processor.py:208} INFO - Processing /opt/airflow/dags/Lab1_ETL_sma.py took 0.482 seconds
[2025-03-01T20:50:33.059+0000] {processor.py:186} INFO - Started process (PID=4695) to work on /opt/airflow/dags/Lab1_ETL_sma.py
[2025-03-01T20:50:33.061+0000] {processor.py:914} INFO - Processing file /opt/airflow/dags/Lab1_ETL_sma.py for tasks to queue
[2025-03-01T20:50:33.064+0000] {logging_mixin.py:190} INFO - [2025-03-01T20:50:33.064+0000] {dagbag.py:587} INFO - Filling up the DagBag from /opt/airflow/dags/Lab1_ETL_sma.py
[2025-03-01T20:50:33.084+0000] {logging_mixin.py:190} INFO - [2025-03-01T20:50:33.084+0000] {base.py:84} INFO - Retrieving connection 'snowflake_conn'
[2025-03-01T20:50:33.085+0000] {logging_mixin.py:190} INFO - [2025-03-01T20:50:33.085+0000] {connection.py:413} INFO - Snowflake Connector for Python Version: 3.12.1, Python Version: 3.12.5, Platform: Linux-6.12.5-linuxkit-aarch64-with-glibc2.36
[2025-03-01T20:50:33.085+0000] {logging_mixin.py:190} INFO - [2025-03-01T20:50:33.085+0000] {connection.py:1196} INFO - Connecting to GLOBAL Snowflake domain
[2025-03-01T20:50:33.086+0000] {logging_mixin.py:190} INFO - [2025-03-01T20:50:33.086+0000] {connection.py:1277} INFO - This connection is in OCSP Fail Open Mode. TLS Certificates would be checked for validity and revocation status. Any other Certificate Revocation related exceptions or OCSP Responder failures would be disregarded in favor of connectivity.
[2025-03-01T20:50:33.622+0000] {processor.py:925} INFO - DAG(s) 'SMA' retrieved from /opt/airflow/dags/Lab1_ETL_sma.py
[2025-03-01T20:50:33.688+0000] {logging_mixin.py:190} INFO - [2025-03-01T20:50:33.687+0000] {dag.py:3229} INFO - Sync 1 DAGs
[2025-03-01T20:50:33.698+0000] {logging_mixin.py:190} INFO - [2025-03-01T20:50:33.698+0000] {dag.py:4156} INFO - Setting next_dagrun for SMA to 2025-02-28 02:30:00+00:00, run_after=2025-03-01 02:30:00+00:00
[2025-03-01T20:50:33.705+0000] {processor.py:208} INFO - Processing /opt/airflow/dags/Lab1_ETL_sma.py took 0.654 seconds
[2025-03-01T20:50:35.148+0000] {processor.py:186} INFO - Started process (PID=4706) to work on /opt/airflow/dags/Lab1_ETL_sma.py
[2025-03-01T20:50:35.150+0000] {processor.py:914} INFO - Processing file /opt/airflow/dags/Lab1_ETL_sma.py for tasks to queue
[2025-03-01T20:50:35.152+0000] {logging_mixin.py:190} INFO - [2025-03-01T20:50:35.152+0000] {dagbag.py:587} INFO - Filling up the DagBag from /opt/airflow/dags/Lab1_ETL_sma.py
[2025-03-01T20:50:35.176+0000] {logging_mixin.py:190} INFO - [2025-03-01T20:50:35.176+0000] {base.py:84} INFO - Retrieving connection 'snowflake_conn'
[2025-03-01T20:50:35.176+0000] {logging_mixin.py:190} INFO - [2025-03-01T20:50:35.176+0000] {connection.py:413} INFO - Snowflake Connector for Python Version: 3.12.1, Python Version: 3.12.5, Platform: Linux-6.12.5-linuxkit-aarch64-with-glibc2.36
[2025-03-01T20:50:35.177+0000] {logging_mixin.py:190} INFO - [2025-03-01T20:50:35.177+0000] {connection.py:1196} INFO - Connecting to GLOBAL Snowflake domain
[2025-03-01T20:50:35.177+0000] {logging_mixin.py:190} INFO - [2025-03-01T20:50:35.177+0000] {connection.py:1277} INFO - This connection is in OCSP Fail Open Mode. TLS Certificates would be checked for validity and revocation status. Any other Certificate Revocation related exceptions or OCSP Responder failures would be disregarded in favor of connectivity.
[2025-03-01T20:50:35.457+0000] {processor.py:925} INFO - DAG(s) 'LABSMA' retrieved from /opt/airflow/dags/Lab1_ETL_sma.py
[2025-03-01T20:50:35.510+0000] {logging_mixin.py:190} INFO - [2025-03-01T20:50:35.509+0000] {override.py:1900} INFO - Created Permission View: can read on DAG:LABSMA
[2025-03-01T20:50:35.513+0000] {logging_mixin.py:190} INFO - [2025-03-01T20:50:35.513+0000] {override.py:1900} INFO - Created Permission View: can delete on DAG:LABSMA
[2025-03-01T20:50:35.515+0000] {logging_mixin.py:190} INFO - [2025-03-01T20:50:35.515+0000] {override.py:1900} INFO - Created Permission View: can edit on DAG:LABSMA
[2025-03-01T20:50:35.517+0000] {logging_mixin.py:190} INFO - [2025-03-01T20:50:35.516+0000] {override.py:1900} INFO - Created Permission View: can read on DAG Run:LABSMA
[2025-03-01T20:50:35.518+0000] {logging_mixin.py:190} INFO - [2025-03-01T20:50:35.518+0000] {override.py:1900} INFO - Created Permission View: menu access on DAG Run:LABSMA
[2025-03-01T20:50:35.519+0000] {logging_mixin.py:190} INFO - [2025-03-01T20:50:35.519+0000] {override.py:1900} INFO - Created Permission View: can create on DAG Run:LABSMA
[2025-03-01T20:50:35.520+0000] {logging_mixin.py:190} INFO - [2025-03-01T20:50:35.520+0000] {override.py:1900} INFO - Created Permission View: can delete on DAG Run:LABSMA
[2025-03-01T20:50:35.521+0000] {logging_mixin.py:190} INFO - [2025-03-01T20:50:35.521+0000] {dag.py:3229} INFO - Sync 1 DAGs
[2025-03-01T20:50:35.525+0000] {logging_mixin.py:190} INFO - [2025-03-01T20:50:35.525+0000] {dag.py:3252} INFO - Creating ORM DAG for LABSMA
[2025-03-01T20:50:35.529+0000] {logging_mixin.py:190} INFO - [2025-03-01T20:50:35.529+0000] {dag.py:4156} INFO - Setting next_dagrun for LABSMA to 2025-02-28 02:30:00+00:00, run_after=2025-03-01 02:30:00+00:00
[2025-03-01T20:50:35.535+0000] {processor.py:208} INFO - Processing /opt/airflow/dags/Lab1_ETL_sma.py took 0.395 seconds
[2025-03-01T20:50:40.235+0000] {processor.py:186} INFO - Started process (PID=4711) to work on /opt/airflow/dags/Lab1_ETL_sma.py
[2025-03-01T20:50:40.238+0000] {processor.py:914} INFO - Processing file /opt/airflow/dags/Lab1_ETL_sma.py for tasks to queue
[2025-03-01T20:50:40.244+0000] {logging_mixin.py:190} INFO - [2025-03-01T20:50:40.244+0000] {dagbag.py:587} INFO - Filling up the DagBag from /opt/airflow/dags/Lab1_ETL_sma.py
[2025-03-01T20:50:40.280+0000] {logging_mixin.py:190} INFO - [2025-03-01T20:50:40.280+0000] {base.py:84} INFO - Retrieving connection 'snowflake_conn'
[2025-03-01T20:50:40.282+0000] {logging_mixin.py:190} INFO - [2025-03-01T20:50:40.281+0000] {connection.py:413} INFO - Snowflake Connector for Python Version: 3.12.1, Python Version: 3.12.5, Platform: Linux-6.12.5-linuxkit-aarch64-with-glibc2.36
[2025-03-01T20:50:40.283+0000] {logging_mixin.py:190} INFO - [2025-03-01T20:50:40.283+0000] {connection.py:1196} INFO - Connecting to GLOBAL Snowflake domain
[2025-03-01T20:50:40.283+0000] {logging_mixin.py:190} INFO - [2025-03-01T20:50:40.283+0000] {connection.py:1277} INFO - This connection is in OCSP Fail Open Mode. TLS Certificates would be checked for validity and revocation status. Any other Certificate Revocation related exceptions or OCSP Responder failures would be disregarded in favor of connectivity.
[2025-03-01T20:50:40.746+0000] {processor.py:925} INFO - DAG(s) 'LabSMA' retrieved from /opt/airflow/dags/Lab1_ETL_sma.py
[2025-03-01T20:50:40.812+0000] {logging_mixin.py:190} INFO - [2025-03-01T20:50:40.812+0000] {override.py:1900} INFO - Created Permission View: can read on DAG:LabSMA
[2025-03-01T20:50:40.815+0000] {logging_mixin.py:190} INFO - [2025-03-01T20:50:40.815+0000] {override.py:1900} INFO - Created Permission View: can delete on DAG:LabSMA
[2025-03-01T20:50:40.817+0000] {logging_mixin.py:190} INFO - [2025-03-01T20:50:40.817+0000] {override.py:1900} INFO - Created Permission View: can edit on DAG:LabSMA
[2025-03-01T20:50:40.818+0000] {logging_mixin.py:190} INFO - [2025-03-01T20:50:40.818+0000] {override.py:1900} INFO - Created Permission View: can read on DAG Run:LabSMA
[2025-03-01T20:50:40.820+0000] {logging_mixin.py:190} INFO - [2025-03-01T20:50:40.820+0000] {override.py:1900} INFO - Created Permission View: menu access on DAG Run:LabSMA
[2025-03-01T20:50:40.821+0000] {logging_mixin.py:190} INFO - [2025-03-01T20:50:40.821+0000] {override.py:1900} INFO - Created Permission View: can create on DAG Run:LabSMA
[2025-03-01T20:50:40.822+0000] {logging_mixin.py:190} INFO - [2025-03-01T20:50:40.822+0000] {override.py:1900} INFO - Created Permission View: can delete on DAG Run:LabSMA
[2025-03-01T20:50:40.823+0000] {logging_mixin.py:190} INFO - [2025-03-01T20:50:40.823+0000] {dag.py:3229} INFO - Sync 1 DAGs
[2025-03-01T20:50:40.828+0000] {logging_mixin.py:190} INFO - [2025-03-01T20:50:40.828+0000] {dag.py:3252} INFO - Creating ORM DAG for LabSMA
[2025-03-01T20:50:40.833+0000] {logging_mixin.py:190} INFO - [2025-03-01T20:50:40.833+0000] {dag.py:4156} INFO - Setting next_dagrun for LabSMA to 2025-02-28 02:30:00+00:00, run_after=2025-03-01 02:30:00+00:00
[2025-03-01T20:50:40.839+0000] {processor.py:208} INFO - Processing /opt/airflow/dags/Lab1_ETL_sma.py took 0.614 seconds
[2025-03-01T20:51:11.031+0000] {processor.py:186} INFO - Started process (PID=4752) to work on /opt/airflow/dags/Lab1_ETL_sma.py
[2025-03-01T20:51:11.032+0000] {processor.py:914} INFO - Processing file /opt/airflow/dags/Lab1_ETL_sma.py for tasks to queue
[2025-03-01T20:51:11.034+0000] {logging_mixin.py:190} INFO - [2025-03-01T20:51:11.033+0000] {dagbag.py:587} INFO - Filling up the DagBag from /opt/airflow/dags/Lab1_ETL_sma.py
[2025-03-01T20:51:11.047+0000] {logging_mixin.py:190} INFO - [2025-03-01T20:51:11.047+0000] {base.py:84} INFO - Retrieving connection 'snowflake_conn'
[2025-03-01T20:51:11.047+0000] {logging_mixin.py:190} INFO - [2025-03-01T20:51:11.047+0000] {connection.py:413} INFO - Snowflake Connector for Python Version: 3.12.1, Python Version: 3.12.5, Platform: Linux-6.12.5-linuxkit-aarch64-with-glibc2.36
[2025-03-01T20:51:11.048+0000] {logging_mixin.py:190} INFO - [2025-03-01T20:51:11.048+0000] {connection.py:1196} INFO - Connecting to GLOBAL Snowflake domain
[2025-03-01T20:51:11.048+0000] {logging_mixin.py:190} INFO - [2025-03-01T20:51:11.048+0000] {connection.py:1277} INFO - This connection is in OCSP Fail Open Mode. TLS Certificates would be checked for validity and revocation status. Any other Certificate Revocation related exceptions or OCSP Responder failures would be disregarded in favor of connectivity.
[2025-03-01T20:51:11.468+0000] {processor.py:925} INFO - DAG(s) 'LabSMA' retrieved from /opt/airflow/dags/Lab1_ETL_sma.py
[2025-03-01T20:51:11.519+0000] {logging_mixin.py:190} INFO - [2025-03-01T20:51:11.519+0000] {dag.py:3229} INFO - Sync 1 DAGs
[2025-03-01T20:51:11.529+0000] {logging_mixin.py:190} INFO - [2025-03-01T20:51:11.529+0000] {dag.py:4156} INFO - Setting next_dagrun for LabSMA to 2025-02-28 02:30:00+00:00, run_after=2025-03-01 02:30:00+00:00
[2025-03-01T20:51:11.536+0000] {processor.py:208} INFO - Processing /opt/airflow/dags/Lab1_ETL_sma.py took 0.510 seconds
[2025-03-01T20:51:41.754+0000] {processor.py:186} INFO - Started process (PID=4788) to work on /opt/airflow/dags/Lab1_ETL_sma.py
[2025-03-01T20:51:41.757+0000] {processor.py:914} INFO - Processing file /opt/airflow/dags/Lab1_ETL_sma.py for tasks to queue
[2025-03-01T20:51:41.760+0000] {logging_mixin.py:190} INFO - [2025-03-01T20:51:41.759+0000] {dagbag.py:587} INFO - Filling up the DagBag from /opt/airflow/dags/Lab1_ETL_sma.py
[2025-03-01T20:51:41.779+0000] {logging_mixin.py:190} INFO - [2025-03-01T20:51:41.779+0000] {base.py:84} INFO - Retrieving connection 'snowflake_conn'
[2025-03-01T20:51:41.779+0000] {logging_mixin.py:190} INFO - [2025-03-01T20:51:41.779+0000] {connection.py:413} INFO - Snowflake Connector for Python Version: 3.12.1, Python Version: 3.12.5, Platform: Linux-6.12.5-linuxkit-aarch64-with-glibc2.36
[2025-03-01T20:51:41.780+0000] {logging_mixin.py:190} INFO - [2025-03-01T20:51:41.780+0000] {connection.py:1196} INFO - Connecting to GLOBAL Snowflake domain
[2025-03-01T20:51:41.780+0000] {logging_mixin.py:190} INFO - [2025-03-01T20:51:41.780+0000] {connection.py:1277} INFO - This connection is in OCSP Fail Open Mode. TLS Certificates would be checked for validity and revocation status. Any other Certificate Revocation related exceptions or OCSP Responder failures would be disregarded in favor of connectivity.
[2025-03-01T20:51:42.041+0000] {processor.py:925} INFO - DAG(s) 'LabSMA' retrieved from /opt/airflow/dags/Lab1_ETL_sma.py
[2025-03-01T20:51:42.095+0000] {logging_mixin.py:190} INFO - [2025-03-01T20:51:42.095+0000] {dag.py:3229} INFO - Sync 1 DAGs
[2025-03-01T20:51:42.104+0000] {logging_mixin.py:190} INFO - [2025-03-01T20:51:42.104+0000] {dag.py:4156} INFO - Setting next_dagrun for LabSMA to 2025-02-28 02:30:00+00:00, run_after=2025-03-01 02:30:00+00:00
[2025-03-01T20:51:42.110+0000] {processor.py:208} INFO - Processing /opt/airflow/dags/Lab1_ETL_sma.py took 0.363 seconds
[2025-03-01T20:52:12.590+0000] {processor.py:186} INFO - Started process (PID=4824) to work on /opt/airflow/dags/Lab1_ETL_sma.py
[2025-03-01T20:52:12.592+0000] {processor.py:914} INFO - Processing file /opt/airflow/dags/Lab1_ETL_sma.py for tasks to queue
[2025-03-01T20:52:12.593+0000] {logging_mixin.py:190} INFO - [2025-03-01T20:52:12.593+0000] {dagbag.py:587} INFO - Filling up the DagBag from /opt/airflow/dags/Lab1_ETL_sma.py
[2025-03-01T20:52:12.611+0000] {logging_mixin.py:190} INFO - [2025-03-01T20:52:12.610+0000] {base.py:84} INFO - Retrieving connection 'snowflake_conn'
[2025-03-01T20:52:12.611+0000] {logging_mixin.py:190} INFO - [2025-03-01T20:52:12.611+0000] {connection.py:413} INFO - Snowflake Connector for Python Version: 3.12.1, Python Version: 3.12.5, Platform: Linux-6.12.5-linuxkit-aarch64-with-glibc2.36
[2025-03-01T20:52:12.612+0000] {logging_mixin.py:190} INFO - [2025-03-01T20:52:12.612+0000] {connection.py:1196} INFO - Connecting to GLOBAL Snowflake domain
[2025-03-01T20:52:12.612+0000] {logging_mixin.py:190} INFO - [2025-03-01T20:52:12.612+0000] {connection.py:1277} INFO - This connection is in OCSP Fail Open Mode. TLS Certificates would be checked for validity and revocation status. Any other Certificate Revocation related exceptions or OCSP Responder failures would be disregarded in favor of connectivity.
[2025-03-01T20:52:12.949+0000] {processor.py:925} INFO - DAG(s) 'LabSMA' retrieved from /opt/airflow/dags/Lab1_ETL_sma.py
[2025-03-01T20:52:13.004+0000] {logging_mixin.py:190} INFO - [2025-03-01T20:52:13.004+0000] {dag.py:3229} INFO - Sync 1 DAGs
[2025-03-01T20:52:13.012+0000] {logging_mixin.py:190} INFO - [2025-03-01T20:52:13.012+0000] {dag.py:4156} INFO - Setting next_dagrun for LabSMA to 2025-02-28 02:30:00+00:00, run_after=2025-03-01 02:30:00+00:00
[2025-03-01T20:52:13.018+0000] {processor.py:208} INFO - Processing /opt/airflow/dags/Lab1_ETL_sma.py took 0.435 seconds
[2025-03-01T20:52:43.054+0000] {processor.py:186} INFO - Started process (PID=4860) to work on /opt/airflow/dags/Lab1_ETL_sma.py
[2025-03-01T20:52:43.056+0000] {processor.py:914} INFO - Processing file /opt/airflow/dags/Lab1_ETL_sma.py for tasks to queue
[2025-03-01T20:52:43.057+0000] {logging_mixin.py:190} INFO - [2025-03-01T20:52:43.057+0000] {dagbag.py:587} INFO - Filling up the DagBag from /opt/airflow/dags/Lab1_ETL_sma.py
[2025-03-01T20:52:43.074+0000] {logging_mixin.py:190} INFO - [2025-03-01T20:52:43.074+0000] {base.py:84} INFO - Retrieving connection 'snowflake_conn'
[2025-03-01T20:52:43.075+0000] {logging_mixin.py:190} INFO - [2025-03-01T20:52:43.075+0000] {connection.py:413} INFO - Snowflake Connector for Python Version: 3.12.1, Python Version: 3.12.5, Platform: Linux-6.12.5-linuxkit-aarch64-with-glibc2.36
[2025-03-01T20:52:43.075+0000] {logging_mixin.py:190} INFO - [2025-03-01T20:52:43.075+0000] {connection.py:1196} INFO - Connecting to GLOBAL Snowflake domain
[2025-03-01T20:52:43.076+0000] {logging_mixin.py:190} INFO - [2025-03-01T20:52:43.076+0000] {connection.py:1277} INFO - This connection is in OCSP Fail Open Mode. TLS Certificates would be checked for validity and revocation status. Any other Certificate Revocation related exceptions or OCSP Responder failures would be disregarded in favor of connectivity.
[2025-03-01T20:52:43.464+0000] {processor.py:925} INFO - DAG(s) 'LabSMA' retrieved from /opt/airflow/dags/Lab1_ETL_sma.py
[2025-03-01T20:52:43.514+0000] {logging_mixin.py:190} INFO - [2025-03-01T20:52:43.514+0000] {dag.py:3229} INFO - Sync 1 DAGs
[2025-03-01T20:52:43.523+0000] {logging_mixin.py:190} INFO - [2025-03-01T20:52:43.522+0000] {dag.py:4156} INFO - Setting next_dagrun for LabSMA to 2025-02-28 02:30:00+00:00, run_after=2025-03-01 02:30:00+00:00
[2025-03-01T20:52:43.529+0000] {processor.py:208} INFO - Processing /opt/airflow/dags/Lab1_ETL_sma.py took 0.482 seconds
[2025-03-01T20:53:13.993+0000] {processor.py:186} INFO - Started process (PID=4896) to work on /opt/airflow/dags/Lab1_ETL_sma.py
[2025-03-01T20:53:13.995+0000] {processor.py:914} INFO - Processing file /opt/airflow/dags/Lab1_ETL_sma.py for tasks to queue
[2025-03-01T20:53:13.996+0000] {logging_mixin.py:190} INFO - [2025-03-01T20:53:13.995+0000] {dagbag.py:587} INFO - Filling up the DagBag from /opt/airflow/dags/Lab1_ETL_sma.py
[2025-03-01T20:53:14.014+0000] {logging_mixin.py:190} INFO - [2025-03-01T20:53:14.013+0000] {base.py:84} INFO - Retrieving connection 'snowflake_conn'
[2025-03-01T20:53:14.014+0000] {logging_mixin.py:190} INFO - [2025-03-01T20:53:14.014+0000] {connection.py:413} INFO - Snowflake Connector for Python Version: 3.12.1, Python Version: 3.12.5, Platform: Linux-6.12.5-linuxkit-aarch64-with-glibc2.36
[2025-03-01T20:53:14.015+0000] {logging_mixin.py:190} INFO - [2025-03-01T20:53:14.015+0000] {connection.py:1196} INFO - Connecting to GLOBAL Snowflake domain
[2025-03-01T20:53:14.015+0000] {logging_mixin.py:190} INFO - [2025-03-01T20:53:14.015+0000] {connection.py:1277} INFO - This connection is in OCSP Fail Open Mode. TLS Certificates would be checked for validity and revocation status. Any other Certificate Revocation related exceptions or OCSP Responder failures would be disregarded in favor of connectivity.
[2025-03-01T20:53:14.339+0000] {processor.py:925} INFO - DAG(s) 'LabSMA' retrieved from /opt/airflow/dags/Lab1_ETL_sma.py
[2025-03-01T20:53:14.401+0000] {logging_mixin.py:190} INFO - [2025-03-01T20:53:14.401+0000] {dag.py:3229} INFO - Sync 1 DAGs
[2025-03-01T20:53:14.411+0000] {logging_mixin.py:190} INFO - [2025-03-01T20:53:14.411+0000] {dag.py:4156} INFO - Setting next_dagrun for LabSMA to 2025-02-28 02:30:00+00:00, run_after=2025-03-01 02:30:00+00:00
[2025-03-01T20:53:14.417+0000] {processor.py:208} INFO - Processing /opt/airflow/dags/Lab1_ETL_sma.py took 0.435 seconds
[2025-03-01T20:53:44.866+0000] {processor.py:186} INFO - Started process (PID=4932) to work on /opt/airflow/dags/Lab1_ETL_sma.py
[2025-03-01T20:53:44.867+0000] {processor.py:914} INFO - Processing file /opt/airflow/dags/Lab1_ETL_sma.py for tasks to queue
[2025-03-01T20:53:44.868+0000] {logging_mixin.py:190} INFO - [2025-03-01T20:53:44.868+0000] {dagbag.py:587} INFO - Filling up the DagBag from /opt/airflow/dags/Lab1_ETL_sma.py
[2025-03-01T20:53:44.893+0000] {logging_mixin.py:190} INFO - [2025-03-01T20:53:44.893+0000] {base.py:84} INFO - Retrieving connection 'snowflake_conn'
[2025-03-01T20:53:44.894+0000] {logging_mixin.py:190} INFO - [2025-03-01T20:53:44.894+0000] {connection.py:413} INFO - Snowflake Connector for Python Version: 3.12.1, Python Version: 3.12.5, Platform: Linux-6.12.5-linuxkit-aarch64-with-glibc2.36
[2025-03-01T20:53:44.895+0000] {logging_mixin.py:190} INFO - [2025-03-01T20:53:44.895+0000] {connection.py:1196} INFO - Connecting to GLOBAL Snowflake domain
[2025-03-01T20:53:44.895+0000] {logging_mixin.py:190} INFO - [2025-03-01T20:53:44.895+0000] {connection.py:1277} INFO - This connection is in OCSP Fail Open Mode. TLS Certificates would be checked for validity and revocation status. Any other Certificate Revocation related exceptions or OCSP Responder failures would be disregarded in favor of connectivity.
[2025-03-01T20:53:45.283+0000] {processor.py:925} INFO - DAG(s) 'LabSMA' retrieved from /opt/airflow/dags/Lab1_ETL_sma.py
[2025-03-01T20:53:45.352+0000] {logging_mixin.py:190} INFO - [2025-03-01T20:53:45.352+0000] {dag.py:3229} INFO - Sync 1 DAGs
[2025-03-01T20:53:45.365+0000] {logging_mixin.py:190} INFO - [2025-03-01T20:53:45.365+0000] {dag.py:4156} INFO - Setting next_dagrun for LabSMA to 2025-02-28 02:30:00+00:00, run_after=2025-03-01 02:30:00+00:00
[2025-03-01T20:53:45.380+0000] {processor.py:208} INFO - Processing /opt/airflow/dags/Lab1_ETL_sma.py took 0.521 seconds
