[2025-03-15T01:31:21.071+0000] {processor.py:186} INFO - Started process (PID=224) to work on /opt/airflow/dags/ELT_DAG.py
[2025-03-15T01:31:21.073+0000] {processor.py:914} INFO - Processing file /opt/airflow/dags/ELT_DAG.py for tasks to queue
[2025-03-15T01:31:21.081+0000] {logging_mixin.py:190} INFO - [2025-03-15T01:31:21.080+0000] {dagbag.py:587} INFO - Filling up the DagBag from /opt/airflow/dags/ELT_DAG.py
[2025-03-15T01:31:21.109+0000] {processor.py:925} INFO - DAG(s) 'BuildELT_CTAS' retrieved from /opt/airflow/dags/ELT_DAG.py
[2025-03-15T01:31:21.210+0000] {logging_mixin.py:190} INFO - [2025-03-15T01:31:21.209+0000] {override.py:1900} INFO - Created Permission View: can edit on DAG:BuildELT_CTAS
[2025-03-15T01:31:21.215+0000] {logging_mixin.py:190} INFO - [2025-03-15T01:31:21.215+0000] {override.py:1900} INFO - Created Permission View: can delete on DAG:BuildELT_CTAS
[2025-03-15T01:31:21.216+0000] {logging_mixin.py:190} INFO - [2025-03-15T01:31:21.216+0000] {override.py:1900} INFO - Created Permission View: can read on DAG:BuildELT_CTAS
[2025-03-15T01:31:21.218+0000] {logging_mixin.py:190} INFO - [2025-03-15T01:31:21.218+0000] {override.py:1900} INFO - Created Permission View: menu access on DAG Run:BuildELT_CTAS
[2025-03-15T01:31:21.219+0000] {logging_mixin.py:190} INFO - [2025-03-15T01:31:21.219+0000] {override.py:1900} INFO - Created Permission View: can delete on DAG Run:BuildELT_CTAS
[2025-03-15T01:31:21.221+0000] {logging_mixin.py:190} INFO - [2025-03-15T01:31:21.221+0000] {override.py:1900} INFO - Created Permission View: can read on DAG Run:BuildELT_CTAS
[2025-03-15T01:31:21.223+0000] {logging_mixin.py:190} INFO - [2025-03-15T01:31:21.223+0000] {override.py:1900} INFO - Created Permission View: can create on DAG Run:BuildELT_CTAS
[2025-03-15T01:31:21.225+0000] {logging_mixin.py:190} INFO - [2025-03-15T01:31:21.224+0000] {dag.py:3229} INFO - Sync 1 DAGs
[2025-03-15T01:31:21.242+0000] {logging_mixin.py:190} INFO - [2025-03-15T01:31:21.242+0000] {dag.py:3252} INFO - Creating ORM DAG for BuildELT_CTAS
[2025-03-15T01:31:21.257+0000] {logging_mixin.py:190} INFO - [2025-03-15T01:31:21.257+0000] {dag.py:4156} INFO - Setting next_dagrun for BuildELT_CTAS to 2025-03-13 02:45:00+00:00, run_after=2025-03-14 02:45:00+00:00
[2025-03-15T01:31:21.270+0000] {processor.py:208} INFO - Processing /opt/airflow/dags/ELT_DAG.py took 0.213 seconds
[2025-03-15T01:31:51.889+0000] {processor.py:186} INFO - Started process (PID=279) to work on /opt/airflow/dags/ELT_DAG.py
[2025-03-15T01:31:51.890+0000] {processor.py:914} INFO - Processing file /opt/airflow/dags/ELT_DAG.py for tasks to queue
[2025-03-15T01:31:51.892+0000] {logging_mixin.py:190} INFO - [2025-03-15T01:31:51.892+0000] {dagbag.py:587} INFO - Filling up the DagBag from /opt/airflow/dags/ELT_DAG.py
[2025-03-15T01:31:51.918+0000] {processor.py:925} INFO - DAG(s) 'BuildELT_CTAS' retrieved from /opt/airflow/dags/ELT_DAG.py
[2025-03-15T01:31:51.962+0000] {logging_mixin.py:190} INFO - [2025-03-15T01:31:51.962+0000] {dag.py:3229} INFO - Sync 1 DAGs
[2025-03-15T01:31:51.996+0000] {logging_mixin.py:190} INFO - [2025-03-15T01:31:51.996+0000] {dag.py:4156} INFO - Setting next_dagrun for BuildELT_CTAS to 2025-03-13 02:45:00+00:00, run_after=2025-03-14 02:45:00+00:00
[2025-03-15T01:31:52.014+0000] {processor.py:208} INFO - Processing /opt/airflow/dags/ELT_DAG.py took 0.131 seconds
[2025-03-15T01:32:22.356+0000] {processor.py:186} INFO - Started process (PID=320) to work on /opt/airflow/dags/ELT_DAG.py
[2025-03-15T01:32:22.357+0000] {processor.py:914} INFO - Processing file /opt/airflow/dags/ELT_DAG.py for tasks to queue
[2025-03-15T01:32:22.362+0000] {logging_mixin.py:190} INFO - [2025-03-15T01:32:22.360+0000] {dagbag.py:587} INFO - Filling up the DagBag from /opt/airflow/dags/ELT_DAG.py
[2025-03-15T01:32:22.376+0000] {processor.py:925} INFO - DAG(s) 'BuildELT_CTAS' retrieved from /opt/airflow/dags/ELT_DAG.py
[2025-03-15T01:32:22.405+0000] {logging_mixin.py:190} INFO - [2025-03-15T01:32:22.405+0000] {dag.py:3229} INFO - Sync 1 DAGs
[2025-03-15T01:32:22.424+0000] {logging_mixin.py:190} INFO - [2025-03-15T01:32:22.424+0000] {dag.py:4156} INFO - Setting next_dagrun for BuildELT_CTAS to 2025-03-13 02:45:00+00:00, run_after=2025-03-14 02:45:00+00:00
[2025-03-15T01:32:22.435+0000] {processor.py:208} INFO - Processing /opt/airflow/dags/ELT_DAG.py took 0.085 seconds
[2025-03-15T01:49:24.307+0000] {processor.py:186} INFO - Started process (PID=364) to work on /opt/airflow/dags/ELT_DAG.py
[2025-03-15T01:49:24.308+0000] {processor.py:914} INFO - Processing file /opt/airflow/dags/ELT_DAG.py for tasks to queue
[2025-03-15T01:49:24.310+0000] {logging_mixin.py:190} INFO - [2025-03-15T01:49:24.309+0000] {dagbag.py:587} INFO - Filling up the DagBag from /opt/airflow/dags/ELT_DAG.py
[2025-03-15T01:49:24.336+0000] {processor.py:925} INFO - DAG(s) 'BuildELT_CTAS' retrieved from /opt/airflow/dags/ELT_DAG.py
[2025-03-15T01:49:24.375+0000] {logging_mixin.py:190} INFO - [2025-03-15T01:49:24.374+0000] {dag.py:3229} INFO - Sync 1 DAGs
[2025-03-15T01:49:24.388+0000] {logging_mixin.py:190} INFO - [2025-03-15T01:49:24.388+0000] {dag.py:4156} INFO - Setting next_dagrun for BuildELT_CTAS to 2025-03-13 02:45:00+00:00, run_after=2025-03-14 02:45:00+00:00
[2025-03-15T01:49:24.395+0000] {processor.py:208} INFO - Processing /opt/airflow/dags/ELT_DAG.py took 0.093 seconds
[2025-03-15T02:36:30.630+0000] {processor.py:186} INFO - Started process (PID=405) to work on /opt/airflow/dags/ELT_DAG.py
[2025-03-15T02:36:30.632+0000] {processor.py:914} INFO - Processing file /opt/airflow/dags/ELT_DAG.py for tasks to queue
[2025-03-15T02:36:30.635+0000] {logging_mixin.py:190} INFO - [2025-03-15T02:36:30.635+0000] {dagbag.py:587} INFO - Filling up the DagBag from /opt/airflow/dags/ELT_DAG.py
[2025-03-15T02:36:30.647+0000] {processor.py:925} INFO - DAG(s) 'BuildELT_CTAS' retrieved from /opt/airflow/dags/ELT_DAG.py
[2025-03-15T02:36:30.682+0000] {logging_mixin.py:190} INFO - [2025-03-15T02:36:30.682+0000] {dag.py:3229} INFO - Sync 1 DAGs
[2025-03-15T02:36:30.698+0000] {logging_mixin.py:190} INFO - [2025-03-15T02:36:30.698+0000] {dag.py:4156} INFO - Setting next_dagrun for BuildELT_CTAS to 2025-03-13 02:45:00+00:00, run_after=2025-03-14 02:45:00+00:00
[2025-03-15T02:36:30.705+0000] {processor.py:208} INFO - Processing /opt/airflow/dags/ELT_DAG.py took 0.082 seconds
[2025-03-15T02:49:54.300+0000] {processor.py:186} INFO - Started process (PID=447) to work on /opt/airflow/dags/ELT_DAG.py
[2025-03-15T02:49:54.302+0000] {processor.py:914} INFO - Processing file /opt/airflow/dags/ELT_DAG.py for tasks to queue
[2025-03-15T02:49:54.306+0000] {logging_mixin.py:190} INFO - [2025-03-15T02:49:54.306+0000] {dagbag.py:587} INFO - Filling up the DagBag from /opt/airflow/dags/ELT_DAG.py
[2025-03-15T02:49:54.321+0000] {processor.py:925} INFO - DAG(s) 'BuildELT_CTAS' retrieved from /opt/airflow/dags/ELT_DAG.py
[2025-03-15T02:49:54.377+0000] {logging_mixin.py:190} INFO - [2025-03-15T02:49:54.376+0000] {dag.py:3229} INFO - Sync 1 DAGs
[2025-03-15T02:49:54.405+0000] {logging_mixin.py:190} INFO - [2025-03-15T02:49:54.405+0000] {dag.py:4156} INFO - Setting next_dagrun for BuildELT_CTAS to 2025-03-14 02:45:00+00:00, run_after=2025-03-15 02:45:00+00:00
[2025-03-15T02:49:54.416+0000] {processor.py:208} INFO - Processing /opt/airflow/dags/ELT_DAG.py took 0.126 seconds
[2025-03-15T02:50:24.959+0000] {processor.py:186} INFO - Started process (PID=488) to work on /opt/airflow/dags/ELT_DAG.py
[2025-03-15T02:50:24.963+0000] {processor.py:914} INFO - Processing file /opt/airflow/dags/ELT_DAG.py for tasks to queue
[2025-03-15T02:50:24.966+0000] {logging_mixin.py:190} INFO - [2025-03-15T02:50:24.965+0000] {dagbag.py:587} INFO - Filling up the DagBag from /opt/airflow/dags/ELT_DAG.py
[2025-03-15T02:50:24.985+0000] {processor.py:925} INFO - DAG(s) 'BuildELT_CTAS' retrieved from /opt/airflow/dags/ELT_DAG.py
[2025-03-15T02:50:25.022+0000] {logging_mixin.py:190} INFO - [2025-03-15T02:50:25.022+0000] {dag.py:3229} INFO - Sync 1 DAGs
[2025-03-15T02:50:25.041+0000] {logging_mixin.py:190} INFO - [2025-03-15T02:50:25.041+0000] {dag.py:4156} INFO - Setting next_dagrun for BuildELT_CTAS to 2025-03-14 02:45:00+00:00, run_after=2025-03-15 02:45:00+00:00
[2025-03-15T02:50:25.054+0000] {processor.py:208} INFO - Processing /opt/airflow/dags/ELT_DAG.py took 0.101 seconds
[2025-03-15T02:50:55.357+0000] {processor.py:186} INFO - Started process (PID=521) to work on /opt/airflow/dags/ELT_DAG.py
[2025-03-15T02:50:55.360+0000] {processor.py:914} INFO - Processing file /opt/airflow/dags/ELT_DAG.py for tasks to queue
[2025-03-15T02:50:55.361+0000] {logging_mixin.py:190} INFO - [2025-03-15T02:50:55.361+0000] {dagbag.py:587} INFO - Filling up the DagBag from /opt/airflow/dags/ELT_DAG.py
[2025-03-15T02:50:55.376+0000] {processor.py:925} INFO - DAG(s) 'BuildELT_CTAS' retrieved from /opt/airflow/dags/ELT_DAG.py
[2025-03-15T02:50:55.406+0000] {logging_mixin.py:190} INFO - [2025-03-15T02:50:55.404+0000] {dag.py:3229} INFO - Sync 1 DAGs
[2025-03-15T02:50:55.419+0000] {logging_mixin.py:190} INFO - [2025-03-15T02:50:55.419+0000] {dag.py:4156} INFO - Setting next_dagrun for BuildELT_CTAS to 2025-03-14 02:45:00+00:00, run_after=2025-03-15 02:45:00+00:00
[2025-03-15T02:50:55.427+0000] {processor.py:208} INFO - Processing /opt/airflow/dags/ELT_DAG.py took 0.077 seconds
[2025-03-15T02:51:25.846+0000] {processor.py:186} INFO - Started process (PID=537) to work on /opt/airflow/dags/ELT_DAG.py
[2025-03-15T02:51:25.848+0000] {processor.py:914} INFO - Processing file /opt/airflow/dags/ELT_DAG.py for tasks to queue
[2025-03-15T02:51:25.850+0000] {logging_mixin.py:190} INFO - [2025-03-15T02:51:25.849+0000] {dagbag.py:587} INFO - Filling up the DagBag from /opt/airflow/dags/ELT_DAG.py
[2025-03-15T02:51:25.863+0000] {processor.py:925} INFO - DAG(s) 'BuildELT_CTAS' retrieved from /opt/airflow/dags/ELT_DAG.py
[2025-03-15T02:51:25.892+0000] {logging_mixin.py:190} INFO - [2025-03-15T02:51:25.890+0000] {dag.py:3229} INFO - Sync 1 DAGs
[2025-03-15T02:51:25.908+0000] {logging_mixin.py:190} INFO - [2025-03-15T02:51:25.907+0000] {dag.py:4156} INFO - Setting next_dagrun for BuildELT_CTAS to 2025-03-14 02:45:00+00:00, run_after=2025-03-15 02:45:00+00:00
[2025-03-15T02:51:25.921+0000] {processor.py:208} INFO - Processing /opt/airflow/dags/ELT_DAG.py took 0.084 seconds
[2025-03-15T02:51:56.318+0000] {processor.py:186} INFO - Started process (PID=553) to work on /opt/airflow/dags/ELT_DAG.py
[2025-03-15T02:51:56.319+0000] {processor.py:914} INFO - Processing file /opt/airflow/dags/ELT_DAG.py for tasks to queue
[2025-03-15T02:51:56.323+0000] {logging_mixin.py:190} INFO - [2025-03-15T02:51:56.321+0000] {dagbag.py:587} INFO - Filling up the DagBag from /opt/airflow/dags/ELT_DAG.py
[2025-03-15T02:51:56.344+0000] {processor.py:925} INFO - DAG(s) 'BuildELT_CTAS' retrieved from /opt/airflow/dags/ELT_DAG.py
[2025-03-15T02:51:56.376+0000] {logging_mixin.py:190} INFO - [2025-03-15T02:51:56.374+0000] {dag.py:3229} INFO - Sync 1 DAGs
[2025-03-15T02:51:56.393+0000] {logging_mixin.py:190} INFO - [2025-03-15T02:51:56.393+0000] {dag.py:4156} INFO - Setting next_dagrun for BuildELT_CTAS to 2025-03-14 02:45:00+00:00, run_after=2025-03-15 02:45:00+00:00
[2025-03-15T02:51:56.409+0000] {processor.py:208} INFO - Processing /opt/airflow/dags/ELT_DAG.py took 0.100 seconds
[2025-03-15T02:52:26.809+0000] {processor.py:186} INFO - Started process (PID=569) to work on /opt/airflow/dags/ELT_DAG.py
[2025-03-15T02:52:26.812+0000] {processor.py:914} INFO - Processing file /opt/airflow/dags/ELT_DAG.py for tasks to queue
[2025-03-15T02:52:26.815+0000] {logging_mixin.py:190} INFO - [2025-03-15T02:52:26.814+0000] {dagbag.py:587} INFO - Filling up the DagBag from /opt/airflow/dags/ELT_DAG.py
[2025-03-15T02:52:26.829+0000] {processor.py:925} INFO - DAG(s) 'BuildELT_CTAS' retrieved from /opt/airflow/dags/ELT_DAG.py
[2025-03-15T02:52:26.861+0000] {logging_mixin.py:190} INFO - [2025-03-15T02:52:26.860+0000] {dag.py:3229} INFO - Sync 1 DAGs
[2025-03-15T02:52:26.878+0000] {logging_mixin.py:190} INFO - [2025-03-15T02:52:26.878+0000] {dag.py:4156} INFO - Setting next_dagrun for BuildELT_CTAS to 2025-03-14 02:45:00+00:00, run_after=2025-03-15 02:45:00+00:00
[2025-03-15T02:52:26.891+0000] {processor.py:208} INFO - Processing /opt/airflow/dags/ELT_DAG.py took 0.093 seconds
[2025-03-15T02:52:57.381+0000] {processor.py:186} INFO - Started process (PID=585) to work on /opt/airflow/dags/ELT_DAG.py
[2025-03-15T02:52:57.384+0000] {processor.py:914} INFO - Processing file /opt/airflow/dags/ELT_DAG.py for tasks to queue
[2025-03-15T02:52:57.386+0000] {logging_mixin.py:190} INFO - [2025-03-15T02:52:57.385+0000] {dagbag.py:587} INFO - Filling up the DagBag from /opt/airflow/dags/ELT_DAG.py
[2025-03-15T02:52:57.404+0000] {processor.py:925} INFO - DAG(s) 'BuildELT_CTAS' retrieved from /opt/airflow/dags/ELT_DAG.py
[2025-03-15T02:52:57.447+0000] {logging_mixin.py:190} INFO - [2025-03-15T02:52:57.444+0000] {dag.py:3229} INFO - Sync 1 DAGs
[2025-03-15T02:52:57.473+0000] {logging_mixin.py:190} INFO - [2025-03-15T02:52:57.473+0000] {dag.py:4156} INFO - Setting next_dagrun for BuildELT_CTAS to 2025-03-14 02:45:00+00:00, run_after=2025-03-15 02:45:00+00:00
[2025-03-15T02:52:57.485+0000] {processor.py:208} INFO - Processing /opt/airflow/dags/ELT_DAG.py took 0.122 seconds
[2025-03-15T02:53:27.610+0000] {processor.py:186} INFO - Started process (PID=611) to work on /opt/airflow/dags/ELT_DAG.py
[2025-03-15T02:53:27.611+0000] {processor.py:914} INFO - Processing file /opt/airflow/dags/ELT_DAG.py for tasks to queue
[2025-03-15T02:53:27.613+0000] {logging_mixin.py:190} INFO - [2025-03-15T02:53:27.612+0000] {dagbag.py:587} INFO - Filling up the DagBag from /opt/airflow/dags/ELT_DAG.py
[2025-03-15T02:53:27.629+0000] {processor.py:925} INFO - DAG(s) 'BuildELT_CTAS' retrieved from /opt/airflow/dags/ELT_DAG.py
[2025-03-15T02:53:27.653+0000] {logging_mixin.py:190} INFO - [2025-03-15T02:53:27.651+0000] {dag.py:3229} INFO - Sync 1 DAGs
[2025-03-15T02:53:27.666+0000] {logging_mixin.py:190} INFO - [2025-03-15T02:53:27.666+0000] {dag.py:4156} INFO - Setting next_dagrun for BuildELT_CTAS to 2025-03-14 02:45:00+00:00, run_after=2025-03-15 02:45:00+00:00
[2025-03-15T02:53:27.673+0000] {processor.py:208} INFO - Processing /opt/airflow/dags/ELT_DAG.py took 0.071 seconds
[2025-03-15T02:53:58.029+0000] {processor.py:186} INFO - Started process (PID=627) to work on /opt/airflow/dags/ELT_DAG.py
[2025-03-15T02:53:58.031+0000] {processor.py:914} INFO - Processing file /opt/airflow/dags/ELT_DAG.py for tasks to queue
[2025-03-15T02:53:58.032+0000] {logging_mixin.py:190} INFO - [2025-03-15T02:53:58.032+0000] {dagbag.py:587} INFO - Filling up the DagBag from /opt/airflow/dags/ELT_DAG.py
[2025-03-15T02:53:58.048+0000] {processor.py:925} INFO - DAG(s) 'BuildELT_CTAS' retrieved from /opt/airflow/dags/ELT_DAG.py
[2025-03-15T02:53:58.072+0000] {logging_mixin.py:190} INFO - [2025-03-15T02:53:58.070+0000] {dag.py:3229} INFO - Sync 1 DAGs
[2025-03-15T02:53:58.086+0000] {logging_mixin.py:190} INFO - [2025-03-15T02:53:58.085+0000] {dag.py:4156} INFO - Setting next_dagrun for BuildELT_CTAS to 2025-03-14 02:45:00+00:00, run_after=2025-03-15 02:45:00+00:00
[2025-03-15T02:53:58.094+0000] {processor.py:208} INFO - Processing /opt/airflow/dags/ELT_DAG.py took 0.078 seconds
[2025-03-15T02:54:28.577+0000] {processor.py:186} INFO - Started process (PID=643) to work on /opt/airflow/dags/ELT_DAG.py
[2025-03-15T02:54:28.579+0000] {processor.py:914} INFO - Processing file /opt/airflow/dags/ELT_DAG.py for tasks to queue
[2025-03-15T02:54:28.580+0000] {logging_mixin.py:190} INFO - [2025-03-15T02:54:28.580+0000] {dagbag.py:587} INFO - Filling up the DagBag from /opt/airflow/dags/ELT_DAG.py
[2025-03-15T02:54:28.591+0000] {processor.py:925} INFO - DAG(s) 'BuildELT_CTAS' retrieved from /opt/airflow/dags/ELT_DAG.py
[2025-03-15T02:54:28.615+0000] {logging_mixin.py:190} INFO - [2025-03-15T02:54:28.613+0000] {dag.py:3229} INFO - Sync 1 DAGs
[2025-03-15T02:54:28.627+0000] {logging_mixin.py:190} INFO - [2025-03-15T02:54:28.627+0000] {dag.py:4156} INFO - Setting next_dagrun for BuildELT_CTAS to 2025-03-14 02:45:00+00:00, run_after=2025-03-15 02:45:00+00:00
[2025-03-15T02:54:28.635+0000] {processor.py:208} INFO - Processing /opt/airflow/dags/ELT_DAG.py took 0.065 seconds
[2025-03-15T02:54:58.909+0000] {processor.py:186} INFO - Started process (PID=684) to work on /opt/airflow/dags/ELT_DAG.py
[2025-03-15T02:54:58.911+0000] {processor.py:914} INFO - Processing file /opt/airflow/dags/ELT_DAG.py for tasks to queue
[2025-03-15T02:54:58.913+0000] {logging_mixin.py:190} INFO - [2025-03-15T02:54:58.912+0000] {dagbag.py:587} INFO - Filling up the DagBag from /opt/airflow/dags/ELT_DAG.py
[2025-03-15T02:54:58.923+0000] {processor.py:925} INFO - DAG(s) 'BuildELT_CTAS' retrieved from /opt/airflow/dags/ELT_DAG.py
[2025-03-15T02:54:58.939+0000] {logging_mixin.py:190} INFO - [2025-03-15T02:54:58.938+0000] {dag.py:3229} INFO - Sync 1 DAGs
[2025-03-15T02:54:58.948+0000] {logging_mixin.py:190} INFO - [2025-03-15T02:54:58.948+0000] {dag.py:4156} INFO - Setting next_dagrun for BuildELT_CTAS to 2025-03-14 02:45:00+00:00, run_after=2025-03-15 02:45:00+00:00
[2025-03-15T02:54:58.954+0000] {processor.py:208} INFO - Processing /opt/airflow/dags/ELT_DAG.py took 0.053 seconds
[2025-03-15T02:55:29.322+0000] {processor.py:186} INFO - Started process (PID=725) to work on /opt/airflow/dags/ELT_DAG.py
[2025-03-15T02:55:29.326+0000] {processor.py:914} INFO - Processing file /opt/airflow/dags/ELT_DAG.py for tasks to queue
[2025-03-15T02:55:29.328+0000] {logging_mixin.py:190} INFO - [2025-03-15T02:55:29.327+0000] {dagbag.py:587} INFO - Filling up the DagBag from /opt/airflow/dags/ELT_DAG.py
[2025-03-15T02:55:29.341+0000] {processor.py:925} INFO - DAG(s) 'BuildELT_CTAS' retrieved from /opt/airflow/dags/ELT_DAG.py
[2025-03-15T02:55:29.377+0000] {logging_mixin.py:190} INFO - [2025-03-15T02:55:29.376+0000] {dag.py:3229} INFO - Sync 1 DAGs
[2025-03-15T02:55:29.391+0000] {logging_mixin.py:190} INFO - [2025-03-15T02:55:29.391+0000] {dag.py:4156} INFO - Setting next_dagrun for BuildELT_CTAS to 2025-03-14 02:45:00+00:00, run_after=2025-03-15 02:45:00+00:00
[2025-03-15T02:55:29.403+0000] {processor.py:208} INFO - Processing /opt/airflow/dags/ELT_DAG.py took 0.095 seconds
[2025-03-15T02:55:59.980+0000] {processor.py:186} INFO - Started process (PID=766) to work on /opt/airflow/dags/ELT_DAG.py
[2025-03-15T02:55:59.986+0000] {processor.py:914} INFO - Processing file /opt/airflow/dags/ELT_DAG.py for tasks to queue
[2025-03-15T02:55:59.988+0000] {logging_mixin.py:190} INFO - [2025-03-15T02:55:59.987+0000] {dagbag.py:587} INFO - Filling up the DagBag from /opt/airflow/dags/ELT_DAG.py
[2025-03-15T02:56:00.011+0000] {processor.py:925} INFO - DAG(s) 'BuildELT_CTAS' retrieved from /opt/airflow/dags/ELT_DAG.py
[2025-03-15T02:56:00.056+0000] {logging_mixin.py:190} INFO - [2025-03-15T02:56:00.054+0000] {dag.py:3229} INFO - Sync 1 DAGs
[2025-03-15T02:56:00.079+0000] {logging_mixin.py:190} INFO - [2025-03-15T02:56:00.079+0000] {dag.py:4156} INFO - Setting next_dagrun for BuildELT_CTAS to 2025-03-14 02:45:00+00:00, run_after=2025-03-15 02:45:00+00:00
[2025-03-15T02:56:00.089+0000] {processor.py:208} INFO - Processing /opt/airflow/dags/ELT_DAG.py took 0.130 seconds
[2025-03-15T02:56:30.166+0000] {processor.py:186} INFO - Started process (PID=807) to work on /opt/airflow/dags/ELT_DAG.py
[2025-03-15T02:56:30.169+0000] {processor.py:914} INFO - Processing file /opt/airflow/dags/ELT_DAG.py for tasks to queue
[2025-03-15T02:56:30.173+0000] {logging_mixin.py:190} INFO - [2025-03-15T02:56:30.173+0000] {dagbag.py:587} INFO - Filling up the DagBag from /opt/airflow/dags/ELT_DAG.py
[2025-03-15T02:56:30.185+0000] {processor.py:925} INFO - DAG(s) 'BuildELT_CTAS' retrieved from /opt/airflow/dags/ELT_DAG.py
[2025-03-15T02:56:30.204+0000] {logging_mixin.py:190} INFO - [2025-03-15T02:56:30.204+0000] {dag.py:3229} INFO - Sync 1 DAGs
[2025-03-15T02:56:30.214+0000] {logging_mixin.py:190} INFO - [2025-03-15T02:56:30.214+0000] {dag.py:4156} INFO - Setting next_dagrun for BuildELT_CTAS to 2025-03-14 02:45:00+00:00, run_after=2025-03-15 02:45:00+00:00
[2025-03-15T02:56:30.227+0000] {processor.py:208} INFO - Processing /opt/airflow/dags/ELT_DAG.py took 0.076 seconds
[2025-03-15T02:57:00.370+0000] {processor.py:186} INFO - Started process (PID=848) to work on /opt/airflow/dags/ELT_DAG.py
[2025-03-15T02:57:00.371+0000] {processor.py:914} INFO - Processing file /opt/airflow/dags/ELT_DAG.py for tasks to queue
[2025-03-15T02:57:00.372+0000] {logging_mixin.py:190} INFO - [2025-03-15T02:57:00.372+0000] {dagbag.py:587} INFO - Filling up the DagBag from /opt/airflow/dags/ELT_DAG.py
[2025-03-15T02:57:00.379+0000] {processor.py:925} INFO - DAG(s) 'BuildELT_CTAS' retrieved from /opt/airflow/dags/ELT_DAG.py
[2025-03-15T02:57:00.402+0000] {logging_mixin.py:190} INFO - [2025-03-15T02:57:00.402+0000] {dag.py:3229} INFO - Sync 1 DAGs
[2025-03-15T02:57:00.412+0000] {logging_mixin.py:190} INFO - [2025-03-15T02:57:00.412+0000] {dag.py:4156} INFO - Setting next_dagrun for BuildELT_CTAS to 2025-03-14 02:45:00+00:00, run_after=2025-03-15 02:45:00+00:00
[2025-03-15T02:57:00.417+0000] {processor.py:208} INFO - Processing /opt/airflow/dags/ELT_DAG.py took 0.053 seconds
[2025-03-15T02:57:31.720+0000] {processor.py:186} INFO - Started process (PID=887) to work on /opt/airflow/dags/ELT_DAG.py
[2025-03-15T02:57:31.721+0000] {processor.py:914} INFO - Processing file /opt/airflow/dags/ELT_DAG.py for tasks to queue
[2025-03-15T02:57:31.721+0000] {logging_mixin.py:190} INFO - [2025-03-15T02:57:31.721+0000] {dagbag.py:587} INFO - Filling up the DagBag from /opt/airflow/dags/ELT_DAG.py
[2025-03-15T02:57:31.727+0000] {processor.py:925} INFO - DAG(s) 'BuildELT_CTAS' retrieved from /opt/airflow/dags/ELT_DAG.py
[2025-03-15T02:57:31.741+0000] {logging_mixin.py:190} INFO - [2025-03-15T02:57:31.741+0000] {dag.py:3229} INFO - Sync 1 DAGs
[2025-03-15T02:57:31.750+0000] {logging_mixin.py:190} INFO - [2025-03-15T02:57:31.750+0000] {dag.py:4156} INFO - Setting next_dagrun for BuildELT_CTAS to 2025-03-14 02:45:00+00:00, run_after=2025-03-15 02:45:00+00:00
[2025-03-15T02:57:31.756+0000] {processor.py:208} INFO - Processing /opt/airflow/dags/ELT_DAG.py took 0.038 seconds
[2025-03-15T02:58:02.558+0000] {processor.py:186} INFO - Started process (PID=915) to work on /opt/airflow/dags/ELT_DAG.py
[2025-03-15T02:58:02.559+0000] {processor.py:914} INFO - Processing file /opt/airflow/dags/ELT_DAG.py for tasks to queue
[2025-03-15T02:58:02.560+0000] {logging_mixin.py:190} INFO - [2025-03-15T02:58:02.560+0000] {dagbag.py:587} INFO - Filling up the DagBag from /opt/airflow/dags/ELT_DAG.py
[2025-03-15T02:58:02.569+0000] {processor.py:925} INFO - DAG(s) 'BuildELT_CTAS' retrieved from /opt/airflow/dags/ELT_DAG.py
[2025-03-15T02:58:02.593+0000] {logging_mixin.py:190} INFO - [2025-03-15T02:58:02.592+0000] {dag.py:3229} INFO - Sync 1 DAGs
[2025-03-15T02:58:02.604+0000] {logging_mixin.py:190} INFO - [2025-03-15T02:58:02.604+0000] {dag.py:4156} INFO - Setting next_dagrun for BuildELT_CTAS to 2025-03-14 02:45:00+00:00, run_after=2025-03-15 02:45:00+00:00
[2025-03-15T02:58:02.610+0000] {processor.py:208} INFO - Processing /opt/airflow/dags/ELT_DAG.py took 0.056 seconds
[2025-03-15T02:58:32.677+0000] {processor.py:186} INFO - Started process (PID=956) to work on /opt/airflow/dags/ELT_DAG.py
[2025-03-15T02:58:32.678+0000] {processor.py:914} INFO - Processing file /opt/airflow/dags/ELT_DAG.py for tasks to queue
[2025-03-15T02:58:32.678+0000] {logging_mixin.py:190} INFO - [2025-03-15T02:58:32.678+0000] {dagbag.py:587} INFO - Filling up the DagBag from /opt/airflow/dags/ELT_DAG.py
[2025-03-15T02:58:32.684+0000] {processor.py:925} INFO - DAG(s) 'BuildELT_CTAS' retrieved from /opt/airflow/dags/ELT_DAG.py
[2025-03-15T02:58:32.698+0000] {logging_mixin.py:190} INFO - [2025-03-15T02:58:32.697+0000] {dag.py:3229} INFO - Sync 1 DAGs
[2025-03-15T02:58:32.708+0000] {logging_mixin.py:190} INFO - [2025-03-15T02:58:32.708+0000] {dag.py:4156} INFO - Setting next_dagrun for BuildELT_CTAS to 2025-03-14 02:45:00+00:00, run_after=2025-03-15 02:45:00+00:00
[2025-03-15T02:58:32.713+0000] {processor.py:208} INFO - Processing /opt/airflow/dags/ELT_DAG.py took 0.042 seconds
[2025-03-15T02:59:02.824+0000] {processor.py:186} INFO - Started process (PID=987) to work on /opt/airflow/dags/ELT_DAG.py
[2025-03-15T02:59:02.826+0000] {processor.py:914} INFO - Processing file /opt/airflow/dags/ELT_DAG.py for tasks to queue
[2025-03-15T02:59:02.828+0000] {logging_mixin.py:190} INFO - [2025-03-15T02:59:02.827+0000] {dagbag.py:587} INFO - Filling up the DagBag from /opt/airflow/dags/ELT_DAG.py
[2025-03-15T02:59:02.843+0000] {processor.py:925} INFO - DAG(s) 'BuildELT_CTAS' retrieved from /opt/airflow/dags/ELT_DAG.py
[2025-03-15T02:59:02.868+0000] {logging_mixin.py:190} INFO - [2025-03-15T02:59:02.867+0000] {dag.py:3229} INFO - Sync 1 DAGs
[2025-03-15T02:59:02.879+0000] {logging_mixin.py:190} INFO - [2025-03-15T02:59:02.879+0000] {dag.py:4156} INFO - Setting next_dagrun for BuildELT_CTAS to 2025-03-14 02:45:00+00:00, run_after=2025-03-15 02:45:00+00:00
[2025-03-15T02:59:02.886+0000] {processor.py:208} INFO - Processing /opt/airflow/dags/ELT_DAG.py took 0.070 seconds
[2025-03-15T02:59:33.007+0000] {processor.py:186} INFO - Started process (PID=1028) to work on /opt/airflow/dags/ELT_DAG.py
[2025-03-15T02:59:33.010+0000] {processor.py:914} INFO - Processing file /opt/airflow/dags/ELT_DAG.py for tasks to queue
[2025-03-15T02:59:33.012+0000] {logging_mixin.py:190} INFO - [2025-03-15T02:59:33.011+0000] {dagbag.py:587} INFO - Filling up the DagBag from /opt/airflow/dags/ELT_DAG.py
[2025-03-15T02:59:33.037+0000] {processor.py:925} INFO - DAG(s) 'BuildELT_CTAS' retrieved from /opt/airflow/dags/ELT_DAG.py
[2025-03-15T02:59:33.070+0000] {logging_mixin.py:190} INFO - [2025-03-15T02:59:33.065+0000] {dag.py:3229} INFO - Sync 1 DAGs
[2025-03-15T02:59:33.083+0000] {logging_mixin.py:190} INFO - [2025-03-15T02:59:33.083+0000] {dag.py:4156} INFO - Setting next_dagrun for BuildELT_CTAS to 2025-03-14 02:45:00+00:00, run_after=2025-03-15 02:45:00+00:00
[2025-03-15T02:59:33.091+0000] {processor.py:208} INFO - Processing /opt/airflow/dags/ELT_DAG.py took 0.100 seconds
[2025-03-15T03:00:03.412+0000] {processor.py:186} INFO - Started process (PID=1069) to work on /opt/airflow/dags/ELT_DAG.py
[2025-03-15T03:00:03.414+0000] {processor.py:914} INFO - Processing file /opt/airflow/dags/ELT_DAG.py for tasks to queue
[2025-03-15T03:00:03.415+0000] {logging_mixin.py:190} INFO - [2025-03-15T03:00:03.414+0000] {dagbag.py:587} INFO - Filling up the DagBag from /opt/airflow/dags/ELT_DAG.py
[2025-03-15T03:00:03.431+0000] {processor.py:925} INFO - DAG(s) 'BuildELT_CTAS' retrieved from /opt/airflow/dags/ELT_DAG.py
[2025-03-15T03:00:03.454+0000] {logging_mixin.py:190} INFO - [2025-03-15T03:00:03.453+0000] {dag.py:3229} INFO - Sync 1 DAGs
[2025-03-15T03:00:03.465+0000] {logging_mixin.py:190} INFO - [2025-03-15T03:00:03.465+0000] {dag.py:4156} INFO - Setting next_dagrun for BuildELT_CTAS to 2025-03-14 02:45:00+00:00, run_after=2025-03-15 02:45:00+00:00
[2025-03-15T03:00:03.471+0000] {processor.py:208} INFO - Processing /opt/airflow/dags/ELT_DAG.py took 0.068 seconds
[2025-03-15T03:00:33.618+0000] {processor.py:186} INFO - Started process (PID=1110) to work on /opt/airflow/dags/ELT_DAG.py
[2025-03-15T03:00:33.619+0000] {processor.py:914} INFO - Processing file /opt/airflow/dags/ELT_DAG.py for tasks to queue
[2025-03-15T03:00:33.620+0000] {logging_mixin.py:190} INFO - [2025-03-15T03:00:33.620+0000] {dagbag.py:587} INFO - Filling up the DagBag from /opt/airflow/dags/ELT_DAG.py
[2025-03-15T03:00:33.631+0000] {processor.py:925} INFO - DAG(s) 'BuildELT_CTAS' retrieved from /opt/airflow/dags/ELT_DAG.py
[2025-03-15T03:00:33.648+0000] {logging_mixin.py:190} INFO - [2025-03-15T03:00:33.648+0000] {dag.py:3229} INFO - Sync 1 DAGs
[2025-03-15T03:00:33.660+0000] {logging_mixin.py:190} INFO - [2025-03-15T03:00:33.660+0000] {dag.py:4156} INFO - Setting next_dagrun for BuildELT_CTAS to 2025-03-14 02:45:00+00:00, run_after=2025-03-15 02:45:00+00:00
[2025-03-15T03:00:33.666+0000] {processor.py:208} INFO - Processing /opt/airflow/dags/ELT_DAG.py took 0.055 seconds
[2025-03-15T03:01:03.825+0000] {processor.py:186} INFO - Started process (PID=1151) to work on /opt/airflow/dags/ELT_DAG.py
[2025-03-15T03:01:03.826+0000] {processor.py:914} INFO - Processing file /opt/airflow/dags/ELT_DAG.py for tasks to queue
[2025-03-15T03:01:03.827+0000] {logging_mixin.py:190} INFO - [2025-03-15T03:01:03.827+0000] {dagbag.py:587} INFO - Filling up the DagBag from /opt/airflow/dags/ELT_DAG.py
[2025-03-15T03:01:03.837+0000] {processor.py:925} INFO - DAG(s) 'BuildELT_CTAS' retrieved from /opt/airflow/dags/ELT_DAG.py
[2025-03-15T03:01:03.865+0000] {logging_mixin.py:190} INFO - [2025-03-15T03:01:03.864+0000] {dag.py:3229} INFO - Sync 1 DAGs
[2025-03-15T03:01:03.881+0000] {logging_mixin.py:190} INFO - [2025-03-15T03:01:03.881+0000] {dag.py:4156} INFO - Setting next_dagrun for BuildELT_CTAS to 2025-03-14 02:45:00+00:00, run_after=2025-03-15 02:45:00+00:00
[2025-03-15T03:01:03.888+0000] {processor.py:208} INFO - Processing /opt/airflow/dags/ELT_DAG.py took 0.075 seconds
[2025-03-15T03:01:33.974+0000] {processor.py:186} INFO - Started process (PID=1192) to work on /opt/airflow/dags/ELT_DAG.py
[2025-03-15T03:01:33.975+0000] {processor.py:914} INFO - Processing file /opt/airflow/dags/ELT_DAG.py for tasks to queue
[2025-03-15T03:01:33.977+0000] {logging_mixin.py:190} INFO - [2025-03-15T03:01:33.976+0000] {dagbag.py:587} INFO - Filling up the DagBag from /opt/airflow/dags/ELT_DAG.py
[2025-03-15T03:01:33.989+0000] {processor.py:925} INFO - DAG(s) 'BuildELT_CTAS' retrieved from /opt/airflow/dags/ELT_DAG.py
[2025-03-15T03:01:34.011+0000] {logging_mixin.py:190} INFO - [2025-03-15T03:01:34.009+0000] {dag.py:3229} INFO - Sync 1 DAGs
[2025-03-15T03:01:34.024+0000] {logging_mixin.py:190} INFO - [2025-03-15T03:01:34.024+0000] {dag.py:4156} INFO - Setting next_dagrun for BuildELT_CTAS to 2025-03-14 02:45:00+00:00, run_after=2025-03-15 02:45:00+00:00
[2025-03-15T03:01:34.033+0000] {processor.py:208} INFO - Processing /opt/airflow/dags/ELT_DAG.py took 0.072 seconds
[2025-03-15T03:02:04.763+0000] {processor.py:186} INFO - Started process (PID=1238) to work on /opt/airflow/dags/ELT_DAG.py
[2025-03-15T03:02:04.766+0000] {processor.py:914} INFO - Processing file /opt/airflow/dags/ELT_DAG.py for tasks to queue
[2025-03-15T03:02:04.768+0000] {logging_mixin.py:190} INFO - [2025-03-15T03:02:04.767+0000] {dagbag.py:587} INFO - Filling up the DagBag from /opt/airflow/dags/ELT_DAG.py
[2025-03-15T03:02:04.787+0000] {processor.py:925} INFO - DAG(s) 'BuildELT_CTAS' retrieved from /opt/airflow/dags/ELT_DAG.py
[2025-03-15T03:02:04.819+0000] {logging_mixin.py:190} INFO - [2025-03-15T03:02:04.817+0000] {dag.py:3229} INFO - Sync 1 DAGs
[2025-03-15T03:02:04.833+0000] {logging_mixin.py:190} INFO - [2025-03-15T03:02:04.832+0000] {dag.py:4156} INFO - Setting next_dagrun for BuildELT_CTAS to 2025-03-14 02:45:00+00:00, run_after=2025-03-15 02:45:00+00:00
[2025-03-15T03:02:04.842+0000] {processor.py:208} INFO - Processing /opt/airflow/dags/ELT_DAG.py took 0.090 seconds
[2025-03-15T03:02:34.994+0000] {processor.py:186} INFO - Started process (PID=1279) to work on /opt/airflow/dags/ELT_DAG.py
[2025-03-15T03:02:34.996+0000] {processor.py:914} INFO - Processing file /opt/airflow/dags/ELT_DAG.py for tasks to queue
[2025-03-15T03:02:34.997+0000] {logging_mixin.py:190} INFO - [2025-03-15T03:02:34.997+0000] {dagbag.py:587} INFO - Filling up the DagBag from /opt/airflow/dags/ELT_DAG.py
[2025-03-15T03:02:35.013+0000] {processor.py:925} INFO - DAG(s) 'BuildELT_CTAS' retrieved from /opt/airflow/dags/ELT_DAG.py
[2025-03-15T03:02:35.048+0000] {logging_mixin.py:190} INFO - [2025-03-15T03:02:35.043+0000] {dag.py:3229} INFO - Sync 1 DAGs
[2025-03-15T03:02:35.061+0000] {logging_mixin.py:190} INFO - [2025-03-15T03:02:35.061+0000] {dag.py:4156} INFO - Setting next_dagrun for BuildELT_CTAS to 2025-03-14 02:45:00+00:00, run_after=2025-03-15 02:45:00+00:00
[2025-03-15T03:02:35.068+0000] {processor.py:208} INFO - Processing /opt/airflow/dags/ELT_DAG.py took 0.087 seconds
[2025-03-15T03:02:46.497+0000] {processor.py:186} INFO - Started process (PID=1314) to work on /opt/airflow/dags/ELT_DAG.py
[2025-03-15T03:02:46.498+0000] {processor.py:914} INFO - Processing file /opt/airflow/dags/ELT_DAG.py for tasks to queue
[2025-03-15T03:02:46.500+0000] {logging_mixin.py:190} INFO - [2025-03-15T03:02:46.499+0000] {dagbag.py:587} INFO - Filling up the DagBag from /opt/airflow/dags/ELT_DAG.py
[2025-03-15T03:02:46.519+0000] {processor.py:925} INFO - DAG(s) 'BuildELT_CTAS' retrieved from /opt/airflow/dags/ELT_DAG.py
[2025-03-15T03:02:46.563+0000] {logging_mixin.py:190} INFO - [2025-03-15T03:02:46.561+0000] {dag.py:3229} INFO - Sync 1 DAGs
[2025-03-15T03:02:46.576+0000] {logging_mixin.py:190} INFO - [2025-03-15T03:02:46.576+0000] {dag.py:4156} INFO - Setting next_dagrun for BuildELT_CTAS to 2025-03-14 02:45:00+00:00, run_after=2025-03-15 02:45:00+00:00
[2025-03-15T03:02:46.584+0000] {processor.py:208} INFO - Processing /opt/airflow/dags/ELT_DAG.py took 0.099 seconds
[2025-03-15T03:02:55.762+0000] {processor.py:186} INFO - Started process (PID=1330) to work on /opt/airflow/dags/ELT_DAG.py
[2025-03-15T03:02:55.763+0000] {processor.py:914} INFO - Processing file /opt/airflow/dags/ELT_DAG.py for tasks to queue
[2025-03-15T03:02:55.764+0000] {logging_mixin.py:190} INFO - [2025-03-15T03:02:55.764+0000] {dagbag.py:587} INFO - Filling up the DagBag from /opt/airflow/dags/ELT_DAG.py
[2025-03-15T03:02:55.777+0000] {processor.py:925} INFO - DAG(s) 'ELT_CTAS' retrieved from /opt/airflow/dags/ELT_DAG.py
[2025-03-15T03:02:55.872+0000] {logging_mixin.py:190} INFO - [2025-03-15T03:02:55.871+0000] {override.py:1900} INFO - Created Permission View: can edit on DAG:ELT_CTAS
[2025-03-15T03:02:55.875+0000] {logging_mixin.py:190} INFO - [2025-03-15T03:02:55.875+0000] {override.py:1900} INFO - Created Permission View: can delete on DAG:ELT_CTAS
[2025-03-15T03:02:55.877+0000] {logging_mixin.py:190} INFO - [2025-03-15T03:02:55.877+0000] {override.py:1900} INFO - Created Permission View: can read on DAG:ELT_CTAS
[2025-03-15T03:02:55.878+0000] {logging_mixin.py:190} INFO - [2025-03-15T03:02:55.878+0000] {override.py:1900} INFO - Created Permission View: menu access on DAG Run:ELT_CTAS
[2025-03-15T03:02:55.879+0000] {logging_mixin.py:190} INFO - [2025-03-15T03:02:55.879+0000] {override.py:1900} INFO - Created Permission View: can delete on DAG Run:ELT_CTAS
[2025-03-15T03:02:55.881+0000] {logging_mixin.py:190} INFO - [2025-03-15T03:02:55.881+0000] {override.py:1900} INFO - Created Permission View: can read on DAG Run:ELT_CTAS
[2025-03-15T03:02:55.882+0000] {logging_mixin.py:190} INFO - [2025-03-15T03:02:55.882+0000] {override.py:1900} INFO - Created Permission View: can create on DAG Run:ELT_CTAS
[2025-03-15T03:02:55.882+0000] {logging_mixin.py:190} INFO - [2025-03-15T03:02:55.882+0000] {dag.py:3229} INFO - Sync 1 DAGs
[2025-03-15T03:02:55.888+0000] {logging_mixin.py:190} INFO - [2025-03-15T03:02:55.888+0000] {dag.py:3252} INFO - Creating ORM DAG for ELT_CTAS
[2025-03-15T03:02:55.893+0000] {logging_mixin.py:190} INFO - [2025-03-15T03:02:55.893+0000] {dag.py:4156} INFO - Setting next_dagrun for ELT_CTAS to 2025-03-14 02:45:00+00:00, run_after=2025-03-15 02:45:00+00:00
[2025-03-15T03:02:55.901+0000] {processor.py:208} INFO - Processing /opt/airflow/dags/ELT_DAG.py took 0.154 seconds
[2025-03-15T03:02:57.778+0000] {processor.py:186} INFO - Started process (PID=1335) to work on /opt/airflow/dags/ELT_DAG.py
[2025-03-15T03:02:57.780+0000] {processor.py:914} INFO - Processing file /opt/airflow/dags/ELT_DAG.py for tasks to queue
[2025-03-15T03:02:57.782+0000] {logging_mixin.py:190} INFO - [2025-03-15T03:02:57.781+0000] {dagbag.py:587} INFO - Filling up the DagBag from /opt/airflow/dags/ELT_DAG.py
[2025-03-15T03:02:57.792+0000] {processor.py:925} INFO - DAG(s) 'ELT' retrieved from /opt/airflow/dags/ELT_DAG.py
[2025-03-15T03:02:57.848+0000] {logging_mixin.py:190} INFO - [2025-03-15T03:02:57.847+0000] {override.py:1900} INFO - Created Permission View: can edit on DAG:ELT
[2025-03-15T03:02:57.851+0000] {logging_mixin.py:190} INFO - [2025-03-15T03:02:57.851+0000] {override.py:1900} INFO - Created Permission View: can delete on DAG:ELT
[2025-03-15T03:02:57.853+0000] {logging_mixin.py:190} INFO - [2025-03-15T03:02:57.853+0000] {override.py:1900} INFO - Created Permission View: can read on DAG:ELT
[2025-03-15T03:02:57.854+0000] {logging_mixin.py:190} INFO - [2025-03-15T03:02:57.854+0000] {override.py:1900} INFO - Created Permission View: menu access on DAG Run:ELT
[2025-03-15T03:02:57.856+0000] {logging_mixin.py:190} INFO - [2025-03-15T03:02:57.856+0000] {override.py:1900} INFO - Created Permission View: can delete on DAG Run:ELT
[2025-03-15T03:02:57.857+0000] {logging_mixin.py:190} INFO - [2025-03-15T03:02:57.857+0000] {override.py:1900} INFO - Created Permission View: can read on DAG Run:ELT
[2025-03-15T03:02:57.859+0000] {logging_mixin.py:190} INFO - [2025-03-15T03:02:57.858+0000] {override.py:1900} INFO - Created Permission View: can create on DAG Run:ELT
[2025-03-15T03:02:57.859+0000] {logging_mixin.py:190} INFO - [2025-03-15T03:02:57.859+0000] {dag.py:3229} INFO - Sync 1 DAGs
[2025-03-15T03:02:57.863+0000] {logging_mixin.py:190} INFO - [2025-03-15T03:02:57.863+0000] {dag.py:3252} INFO - Creating ORM DAG for ELT
[2025-03-15T03:02:57.867+0000] {logging_mixin.py:190} INFO - [2025-03-15T03:02:57.867+0000] {dag.py:4156} INFO - Setting next_dagrun for ELT to 2025-03-14 02:45:00+00:00, run_after=2025-03-15 02:45:00+00:00
[2025-03-15T03:02:57.873+0000] {processor.py:208} INFO - Processing /opt/airflow/dags/ELT_DAG.py took 0.100 seconds
[2025-03-15T03:03:28.135+0000] {processor.py:186} INFO - Started process (PID=1386) to work on /opt/airflow/dags/ELT_DAG.py
[2025-03-15T03:03:28.138+0000] {processor.py:914} INFO - Processing file /opt/airflow/dags/ELT_DAG.py for tasks to queue
[2025-03-15T03:03:28.141+0000] {logging_mixin.py:190} INFO - [2025-03-15T03:03:28.141+0000] {dagbag.py:587} INFO - Filling up the DagBag from /opt/airflow/dags/ELT_DAG.py
[2025-03-15T03:03:28.152+0000] {processor.py:925} INFO - DAG(s) 'ELT' retrieved from /opt/airflow/dags/ELT_DAG.py
[2025-03-15T03:03:28.359+0000] {logging_mixin.py:190} INFO - [2025-03-15T03:03:28.357+0000] {dag.py:3229} INFO - Sync 1 DAGs
[2025-03-15T03:03:28.371+0000] {logging_mixin.py:190} INFO - [2025-03-15T03:03:28.371+0000] {dag.py:4156} INFO - Setting next_dagrun for ELT to 2025-03-14 02:45:00+00:00, run_after=2025-03-15 02:45:00+00:00
[2025-03-15T03:03:28.378+0000] {processor.py:208} INFO - Processing /opt/airflow/dags/ELT_DAG.py took 0.250 seconds
[2025-03-15T03:03:58.499+0000] {processor.py:186} INFO - Started process (PID=1427) to work on /opt/airflow/dags/ELT_DAG.py
[2025-03-15T03:03:58.501+0000] {processor.py:914} INFO - Processing file /opt/airflow/dags/ELT_DAG.py for tasks to queue
[2025-03-15T03:03:58.503+0000] {logging_mixin.py:190} INFO - [2025-03-15T03:03:58.502+0000] {dagbag.py:587} INFO - Filling up the DagBag from /opt/airflow/dags/ELT_DAG.py
[2025-03-15T03:03:58.515+0000] {processor.py:925} INFO - DAG(s) 'ELT' retrieved from /opt/airflow/dags/ELT_DAG.py
[2025-03-15T03:03:58.544+0000] {logging_mixin.py:190} INFO - [2025-03-15T03:03:58.543+0000] {dag.py:3229} INFO - Sync 1 DAGs
[2025-03-15T03:03:58.560+0000] {logging_mixin.py:190} INFO - [2025-03-15T03:03:58.560+0000] {dag.py:4156} INFO - Setting next_dagrun for ELT to 2025-03-14 02:45:00+00:00, run_after=2025-03-15 02:45:00+00:00
[2025-03-15T03:03:58.566+0000] {processor.py:208} INFO - Processing /opt/airflow/dags/ELT_DAG.py took 0.079 seconds
[2025-03-15T03:04:28.860+0000] {processor.py:186} INFO - Started process (PID=1468) to work on /opt/airflow/dags/ELT_DAG.py
[2025-03-15T03:04:28.861+0000] {processor.py:914} INFO - Processing file /opt/airflow/dags/ELT_DAG.py for tasks to queue
[2025-03-15T03:04:28.862+0000] {logging_mixin.py:190} INFO - [2025-03-15T03:04:28.862+0000] {dagbag.py:587} INFO - Filling up the DagBag from /opt/airflow/dags/ELT_DAG.py
[2025-03-15T03:04:28.873+0000] {processor.py:925} INFO - DAG(s) 'ELT' retrieved from /opt/airflow/dags/ELT_DAG.py
[2025-03-15T03:04:28.892+0000] {logging_mixin.py:190} INFO - [2025-03-15T03:04:28.892+0000] {dag.py:3229} INFO - Sync 1 DAGs
[2025-03-15T03:04:28.903+0000] {logging_mixin.py:190} INFO - [2025-03-15T03:04:28.903+0000] {dag.py:4156} INFO - Setting next_dagrun for ELT to 2025-03-14 02:45:00+00:00, run_after=2025-03-15 02:45:00+00:00
[2025-03-15T03:04:28.909+0000] {processor.py:208} INFO - Processing /opt/airflow/dags/ELT_DAG.py took 0.058 seconds
[2025-03-15T03:04:59.186+0000] {processor.py:186} INFO - Started process (PID=1509) to work on /opt/airflow/dags/ELT_DAG.py
[2025-03-15T03:04:59.187+0000] {processor.py:914} INFO - Processing file /opt/airflow/dags/ELT_DAG.py for tasks to queue
[2025-03-15T03:04:59.188+0000] {logging_mixin.py:190} INFO - [2025-03-15T03:04:59.187+0000] {dagbag.py:587} INFO - Filling up the DagBag from /opt/airflow/dags/ELT_DAG.py
[2025-03-15T03:04:59.204+0000] {processor.py:925} INFO - DAG(s) 'ELT' retrieved from /opt/airflow/dags/ELT_DAG.py
[2025-03-15T03:04:59.230+0000] {logging_mixin.py:190} INFO - [2025-03-15T03:04:59.230+0000] {dag.py:3229} INFO - Sync 1 DAGs
[2025-03-15T03:04:59.244+0000] {logging_mixin.py:190} INFO - [2025-03-15T03:04:59.243+0000] {dag.py:4156} INFO - Setting next_dagrun for ELT to 2025-03-14 02:45:00+00:00, run_after=2025-03-15 02:45:00+00:00
[2025-03-15T03:04:59.250+0000] {processor.py:208} INFO - Processing /opt/airflow/dags/ELT_DAG.py took 0.071 seconds
[2025-03-15T03:05:29.316+0000] {processor.py:186} INFO - Started process (PID=1550) to work on /opt/airflow/dags/ELT_DAG.py
[2025-03-15T03:05:29.318+0000] {processor.py:914} INFO - Processing file /opt/airflow/dags/ELT_DAG.py for tasks to queue
[2025-03-15T03:05:29.319+0000] {logging_mixin.py:190} INFO - [2025-03-15T03:05:29.319+0000] {dagbag.py:587} INFO - Filling up the DagBag from /opt/airflow/dags/ELT_DAG.py
[2025-03-15T03:05:29.327+0000] {processor.py:925} INFO - DAG(s) 'ELT' retrieved from /opt/airflow/dags/ELT_DAG.py
[2025-03-15T03:05:29.342+0000] {logging_mixin.py:190} INFO - [2025-03-15T03:05:29.342+0000] {dag.py:3229} INFO - Sync 1 DAGs
[2025-03-15T03:05:29.353+0000] {logging_mixin.py:190} INFO - [2025-03-15T03:05:29.352+0000] {dag.py:4156} INFO - Setting next_dagrun for ELT to 2025-03-14 02:45:00+00:00, run_after=2025-03-15 02:45:00+00:00
[2025-03-15T03:05:29.359+0000] {processor.py:208} INFO - Processing /opt/airflow/dags/ELT_DAG.py took 0.048 seconds
[2025-03-15T03:05:59.744+0000] {processor.py:186} INFO - Started process (PID=1596) to work on /opt/airflow/dags/ELT_DAG.py
[2025-03-15T03:05:59.745+0000] {processor.py:914} INFO - Processing file /opt/airflow/dags/ELT_DAG.py for tasks to queue
[2025-03-15T03:05:59.746+0000] {logging_mixin.py:190} INFO - [2025-03-15T03:05:59.746+0000] {dagbag.py:587} INFO - Filling up the DagBag from /opt/airflow/dags/ELT_DAG.py
[2025-03-15T03:05:59.752+0000] {processor.py:925} INFO - DAG(s) 'ELT' retrieved from /opt/airflow/dags/ELT_DAG.py
[2025-03-15T03:05:59.767+0000] {logging_mixin.py:190} INFO - [2025-03-15T03:05:59.767+0000] {dag.py:3229} INFO - Sync 1 DAGs
[2025-03-15T03:05:59.779+0000] {logging_mixin.py:190} INFO - [2025-03-15T03:05:59.778+0000] {dag.py:4156} INFO - Setting next_dagrun for ELT to 2025-03-14 02:45:00+00:00, run_after=2025-03-15 02:45:00+00:00
[2025-03-15T03:05:59.785+0000] {processor.py:208} INFO - Processing /opt/airflow/dags/ELT_DAG.py took 0.044 seconds
[2025-03-15T03:06:30.740+0000] {processor.py:186} INFO - Started process (PID=1665) to work on /opt/airflow/dags/ELT_DAG.py
[2025-03-15T03:06:30.744+0000] {processor.py:914} INFO - Processing file /opt/airflow/dags/ELT_DAG.py for tasks to queue
[2025-03-15T03:06:30.748+0000] {logging_mixin.py:190} INFO - [2025-03-15T03:06:30.747+0000] {dagbag.py:587} INFO - Filling up the DagBag from /opt/airflow/dags/ELT_DAG.py
[2025-03-15T03:06:30.762+0000] {processor.py:925} INFO - DAG(s) 'ELT' retrieved from /opt/airflow/dags/ELT_DAG.py
[2025-03-15T03:06:30.791+0000] {logging_mixin.py:190} INFO - [2025-03-15T03:06:30.791+0000] {dag.py:3229} INFO - Sync 1 DAGs
[2025-03-15T03:06:30.805+0000] {logging_mixin.py:190} INFO - [2025-03-15T03:06:30.805+0000] {dag.py:4156} INFO - Setting next_dagrun for ELT to 2025-03-14 02:45:00+00:00, run_after=2025-03-15 02:45:00+00:00
[2025-03-15T03:06:30.814+0000] {processor.py:208} INFO - Processing /opt/airflow/dags/ELT_DAG.py took 0.083 seconds
[2025-03-15T03:07:01.637+0000] {processor.py:186} INFO - Started process (PID=1728) to work on /opt/airflow/dags/ELT_DAG.py
[2025-03-15T03:07:01.640+0000] {processor.py:914} INFO - Processing file /opt/airflow/dags/ELT_DAG.py for tasks to queue
[2025-03-15T03:07:01.642+0000] {logging_mixin.py:190} INFO - [2025-03-15T03:07:01.641+0000] {dagbag.py:587} INFO - Filling up the DagBag from /opt/airflow/dags/ELT_DAG.py
[2025-03-15T03:07:01.658+0000] {processor.py:925} INFO - DAG(s) 'ELT' retrieved from /opt/airflow/dags/ELT_DAG.py
[2025-03-15T03:07:01.692+0000] {logging_mixin.py:190} INFO - [2025-03-15T03:07:01.692+0000] {dag.py:3229} INFO - Sync 1 DAGs
[2025-03-15T03:07:01.707+0000] {logging_mixin.py:190} INFO - [2025-03-15T03:07:01.707+0000] {dag.py:4156} INFO - Setting next_dagrun for ELT to 2025-03-14 02:45:00+00:00, run_after=2025-03-15 02:45:00+00:00
[2025-03-15T03:07:01.716+0000] {processor.py:208} INFO - Processing /opt/airflow/dags/ELT_DAG.py took 0.092 seconds
[2025-03-15T03:07:31.955+0000] {processor.py:186} INFO - Started process (PID=1792) to work on /opt/airflow/dags/ELT_DAG.py
[2025-03-15T03:07:31.958+0000] {processor.py:914} INFO - Processing file /opt/airflow/dags/ELT_DAG.py for tasks to queue
[2025-03-15T03:07:31.962+0000] {logging_mixin.py:190} INFO - [2025-03-15T03:07:31.959+0000] {dagbag.py:587} INFO - Filling up the DagBag from /opt/airflow/dags/ELT_DAG.py
[2025-03-15T03:07:31.979+0000] {processor.py:925} INFO - DAG(s) 'ELT' retrieved from /opt/airflow/dags/ELT_DAG.py
[2025-03-15T03:07:31.995+0000] {logging_mixin.py:190} INFO - [2025-03-15T03:07:31.995+0000] {dag.py:3229} INFO - Sync 1 DAGs
[2025-03-15T03:07:32.008+0000] {logging_mixin.py:190} INFO - [2025-03-15T03:07:32.008+0000] {dag.py:4156} INFO - Setting next_dagrun for ELT to 2025-03-14 02:45:00+00:00, run_after=2025-03-15 02:45:00+00:00
[2025-03-15T03:07:32.014+0000] {processor.py:208} INFO - Processing /opt/airflow/dags/ELT_DAG.py took 0.065 seconds
[2025-03-15T03:08:02.620+0000] {processor.py:186} INFO - Started process (PID=1885) to work on /opt/airflow/dags/ELT_DAG.py
[2025-03-15T03:08:02.622+0000] {processor.py:914} INFO - Processing file /opt/airflow/dags/ELT_DAG.py for tasks to queue
[2025-03-15T03:08:02.623+0000] {logging_mixin.py:190} INFO - [2025-03-15T03:08:02.623+0000] {dagbag.py:587} INFO - Filling up the DagBag from /opt/airflow/dags/ELT_DAG.py
[2025-03-15T03:08:02.635+0000] {processor.py:925} INFO - DAG(s) 'ELT' retrieved from /opt/airflow/dags/ELT_DAG.py
[2025-03-15T03:08:02.661+0000] {logging_mixin.py:190} INFO - [2025-03-15T03:08:02.660+0000] {dag.py:3229} INFO - Sync 1 DAGs
[2025-03-15T03:08:02.681+0000] {logging_mixin.py:190} INFO - [2025-03-15T03:08:02.681+0000] {dag.py:4156} INFO - Setting next_dagrun for ELT to 2025-03-14 02:45:00+00:00, run_after=2025-03-15 02:45:00+00:00
[2025-03-15T03:08:02.688+0000] {processor.py:208} INFO - Processing /opt/airflow/dags/ELT_DAG.py took 0.074 seconds
[2025-03-15T03:08:33.183+0000] {processor.py:186} INFO - Started process (PID=1961) to work on /opt/airflow/dags/ELT_DAG.py
[2025-03-15T03:08:33.185+0000] {processor.py:914} INFO - Processing file /opt/airflow/dags/ELT_DAG.py for tasks to queue
[2025-03-15T03:08:33.187+0000] {logging_mixin.py:190} INFO - [2025-03-15T03:08:33.187+0000] {dagbag.py:587} INFO - Filling up the DagBag from /opt/airflow/dags/ELT_DAG.py
[2025-03-15T03:08:33.201+0000] {processor.py:925} INFO - DAG(s) 'ELT' retrieved from /opt/airflow/dags/ELT_DAG.py
[2025-03-15T03:08:33.233+0000] {logging_mixin.py:190} INFO - [2025-03-15T03:08:33.233+0000] {dag.py:3229} INFO - Sync 1 DAGs
[2025-03-15T03:08:33.247+0000] {logging_mixin.py:190} INFO - [2025-03-15T03:08:33.247+0000] {dag.py:4156} INFO - Setting next_dagrun for ELT to 2025-03-14 02:45:00+00:00, run_after=2025-03-15 02:45:00+00:00
[2025-03-15T03:08:33.257+0000] {processor.py:208} INFO - Processing /opt/airflow/dags/ELT_DAG.py took 0.084 seconds
[2025-03-15T03:09:03.417+0000] {processor.py:186} INFO - Started process (PID=2007) to work on /opt/airflow/dags/ELT_DAG.py
[2025-03-15T03:09:03.419+0000] {processor.py:914} INFO - Processing file /opt/airflow/dags/ELT_DAG.py for tasks to queue
[2025-03-15T03:09:03.420+0000] {logging_mixin.py:190} INFO - [2025-03-15T03:09:03.420+0000] {dagbag.py:587} INFO - Filling up the DagBag from /opt/airflow/dags/ELT_DAG.py
[2025-03-15T03:09:03.431+0000] {processor.py:925} INFO - DAG(s) 'ELT' retrieved from /opt/airflow/dags/ELT_DAG.py
[2025-03-15T03:09:03.453+0000] {logging_mixin.py:190} INFO - [2025-03-15T03:09:03.453+0000] {dag.py:3229} INFO - Sync 1 DAGs
[2025-03-15T03:09:03.473+0000] {logging_mixin.py:190} INFO - [2025-03-15T03:09:03.473+0000] {dag.py:4156} INFO - Setting next_dagrun for ELT to 2025-03-14 02:45:00+00:00, run_after=2025-03-15 02:45:00+00:00
[2025-03-15T03:09:03.481+0000] {processor.py:208} INFO - Processing /opt/airflow/dags/ELT_DAG.py took 0.073 seconds
[2025-03-15T03:09:33.707+0000] {processor.py:186} INFO - Started process (PID=2083) to work on /opt/airflow/dags/ELT_DAG.py
[2025-03-15T03:09:33.708+0000] {processor.py:914} INFO - Processing file /opt/airflow/dags/ELT_DAG.py for tasks to queue
[2025-03-15T03:09:33.709+0000] {logging_mixin.py:190} INFO - [2025-03-15T03:09:33.708+0000] {dagbag.py:587} INFO - Filling up the DagBag from /opt/airflow/dags/ELT_DAG.py
[2025-03-15T03:09:33.715+0000] {processor.py:925} INFO - DAG(s) 'ELT' retrieved from /opt/airflow/dags/ELT_DAG.py
[2025-03-15T03:09:33.732+0000] {logging_mixin.py:190} INFO - [2025-03-15T03:09:33.732+0000] {dag.py:3229} INFO - Sync 1 DAGs
[2025-03-15T03:09:33.747+0000] {logging_mixin.py:190} INFO - [2025-03-15T03:09:33.747+0000] {dag.py:4156} INFO - Setting next_dagrun for ELT to 2025-03-14 02:45:00+00:00, run_after=2025-03-15 02:45:00+00:00
[2025-03-15T03:09:33.754+0000] {processor.py:208} INFO - Processing /opt/airflow/dags/ELT_DAG.py took 0.051 seconds
[2025-03-15T03:10:04.128+0000] {processor.py:186} INFO - Started process (PID=2129) to work on /opt/airflow/dags/ELT_DAG.py
[2025-03-15T03:10:04.130+0000] {processor.py:914} INFO - Processing file /opt/airflow/dags/ELT_DAG.py for tasks to queue
[2025-03-15T03:10:04.131+0000] {logging_mixin.py:190} INFO - [2025-03-15T03:10:04.131+0000] {dagbag.py:587} INFO - Filling up the DagBag from /opt/airflow/dags/ELT_DAG.py
[2025-03-15T03:10:04.153+0000] {processor.py:925} INFO - DAG(s) 'ELT' retrieved from /opt/airflow/dags/ELT_DAG.py
[2025-03-15T03:10:04.184+0000] {logging_mixin.py:190} INFO - [2025-03-15T03:10:04.184+0000] {dag.py:3229} INFO - Sync 1 DAGs
[2025-03-15T03:10:04.198+0000] {logging_mixin.py:190} INFO - [2025-03-15T03:10:04.198+0000] {dag.py:4156} INFO - Setting next_dagrun for ELT to 2025-03-14 02:45:00+00:00, run_after=2025-03-15 02:45:00+00:00
[2025-03-15T03:10:04.205+0000] {processor.py:208} INFO - Processing /opt/airflow/dags/ELT_DAG.py took 0.086 seconds
[2025-03-15T03:10:34.480+0000] {processor.py:186} INFO - Started process (PID=2175) to work on /opt/airflow/dags/ELT_DAG.py
[2025-03-15T03:10:34.481+0000] {processor.py:914} INFO - Processing file /opt/airflow/dags/ELT_DAG.py for tasks to queue
[2025-03-15T03:10:34.482+0000] {logging_mixin.py:190} INFO - [2025-03-15T03:10:34.482+0000] {dagbag.py:587} INFO - Filling up the DagBag from /opt/airflow/dags/ELT_DAG.py
[2025-03-15T03:10:34.492+0000] {processor.py:925} INFO - DAG(s) 'ELT' retrieved from /opt/airflow/dags/ELT_DAG.py
[2025-03-15T03:10:34.510+0000] {logging_mixin.py:190} INFO - [2025-03-15T03:10:34.510+0000] {dag.py:3229} INFO - Sync 1 DAGs
[2025-03-15T03:10:34.526+0000] {logging_mixin.py:190} INFO - [2025-03-15T03:10:34.526+0000] {dag.py:4156} INFO - Setting next_dagrun for ELT to 2025-03-14 02:45:00+00:00, run_after=2025-03-15 02:45:00+00:00
[2025-03-15T03:10:34.533+0000] {processor.py:208} INFO - Processing /opt/airflow/dags/ELT_DAG.py took 0.058 seconds
[2025-03-15T03:11:04.893+0000] {processor.py:186} INFO - Started process (PID=2246) to work on /opt/airflow/dags/ELT_DAG.py
[2025-03-15T03:11:04.896+0000] {processor.py:914} INFO - Processing file /opt/airflow/dags/ELT_DAG.py for tasks to queue
[2025-03-15T03:11:04.898+0000] {logging_mixin.py:190} INFO - [2025-03-15T03:11:04.898+0000] {dagbag.py:587} INFO - Filling up the DagBag from /opt/airflow/dags/ELT_DAG.py
[2025-03-15T03:11:04.918+0000] {processor.py:925} INFO - DAG(s) 'ELT' retrieved from /opt/airflow/dags/ELT_DAG.py
[2025-03-15T03:11:04.956+0000] {logging_mixin.py:190} INFO - [2025-03-15T03:11:04.956+0000] {dag.py:3229} INFO - Sync 1 DAGs
[2025-03-15T03:11:04.979+0000] {logging_mixin.py:190} INFO - [2025-03-15T03:11:04.979+0000] {dag.py:4156} INFO - Setting next_dagrun for ELT to 2025-03-14 02:45:00+00:00, run_after=2025-03-15 02:45:00+00:00
[2025-03-15T03:11:04.987+0000] {processor.py:208} INFO - Processing /opt/airflow/dags/ELT_DAG.py took 0.123 seconds
[2025-03-15T03:11:15.207+0000] {processor.py:186} INFO - Started process (PID=2256) to work on /opt/airflow/dags/ELT_DAG.py
[2025-03-15T03:11:15.209+0000] {processor.py:914} INFO - Processing file /opt/airflow/dags/ELT_DAG.py for tasks to queue
[2025-03-15T03:11:15.211+0000] {logging_mixin.py:190} INFO - [2025-03-15T03:11:15.210+0000] {dagbag.py:587} INFO - Filling up the DagBag from /opt/airflow/dags/ELT_DAG.py
[2025-03-15T03:11:15.233+0000] {processor.py:925} INFO - DAG(s) 'ELT' retrieved from /opt/airflow/dags/ELT_DAG.py
[2025-03-15T03:11:15.344+0000] {logging_mixin.py:190} INFO - [2025-03-15T03:11:15.344+0000] {dag.py:3229} INFO - Sync 1 DAGs
[2025-03-15T03:11:15.363+0000] {logging_mixin.py:190} INFO - [2025-03-15T03:11:15.363+0000] {dag.py:4156} INFO - Setting next_dagrun for ELT to 2025-10-02 02:45:00+00:00, run_after=2025-10-03 02:45:00+00:00
[2025-03-15T03:11:15.373+0000] {processor.py:208} INFO - Processing /opt/airflow/dags/ELT_DAG.py took 0.183 seconds
[2025-03-15T03:11:18.470+0000] {processor.py:186} INFO - Started process (PID=2261) to work on /opt/airflow/dags/ELT_DAG.py
[2025-03-15T03:11:18.472+0000] {processor.py:914} INFO - Processing file /opt/airflow/dags/ELT_DAG.py for tasks to queue
[2025-03-15T03:11:18.474+0000] {logging_mixin.py:190} INFO - [2025-03-15T03:11:18.474+0000] {dagbag.py:587} INFO - Filling up the DagBag from /opt/airflow/dags/ELT_DAG.py
[2025-03-15T03:11:18.487+0000] {logging_mixin.py:190} INFO - [2025-03-15T03:11:18.484+0000] {dagbag.py:386} ERROR - Failed to import: /opt/airflow/dags/ELT_DAG.py
Traceback (most recent call last):
  File "/home/airflow/.local/lib/python3.12/site-packages/airflow/models/dagbag.py", line 382, in parse
    loader.exec_module(new_module)
  File "<frozen importlib._bootstrap_external>", line 991, in exec_module
  File "<frozen importlib._bootstrap_external>", line 1129, in get_code
  File "<frozen importlib._bootstrap_external>", line 1059, in source_to_code
  File "<frozen importlib._bootstrap>", line 488, in _call_with_frames_removed
  File "/opt/airflow/dags/ELT_DAG.py", line 73
    start_date = datetime(2025,03,2),
                               ^
SyntaxError: leading zeros in decimal integer literals are not permitted; use an 0o prefix for octal integers
[2025-03-15T03:11:18.487+0000] {processor.py:927} WARNING - No viable dags retrieved from /opt/airflow/dags/ELT_DAG.py
[2025-03-15T03:11:18.512+0000] {processor.py:208} INFO - Processing /opt/airflow/dags/ELT_DAG.py took 0.060 seconds
[2025-03-15T03:11:20.523+0000] {processor.py:186} INFO - Started process (PID=2266) to work on /opt/airflow/dags/ELT_DAG.py
[2025-03-15T03:11:20.524+0000] {processor.py:914} INFO - Processing file /opt/airflow/dags/ELT_DAG.py for tasks to queue
[2025-03-15T03:11:20.525+0000] {logging_mixin.py:190} INFO - [2025-03-15T03:11:20.525+0000] {dagbag.py:587} INFO - Filling up the DagBag from /opt/airflow/dags/ELT_DAG.py
[2025-03-15T03:11:20.537+0000] {logging_mixin.py:190} INFO - [2025-03-15T03:11:20.534+0000] {dagbag.py:386} ERROR - Failed to import: /opt/airflow/dags/ELT_DAG.py
Traceback (most recent call last):
  File "/home/airflow/.local/lib/python3.12/site-packages/airflow/models/dagbag.py", line 382, in parse
    loader.exec_module(new_module)
  File "<frozen importlib._bootstrap_external>", line 991, in exec_module
  File "<frozen importlib._bootstrap_external>", line 1129, in get_code
  File "<frozen importlib._bootstrap_external>", line 1059, in source_to_code
  File "<frozen importlib._bootstrap>", line 488, in _call_with_frames_removed
  File "/opt/airflow/dags/ELT_DAG.py", line 73
    start_date = datetime(2025,03,10),
                               ^
SyntaxError: leading zeros in decimal integer literals are not permitted; use an 0o prefix for octal integers
[2025-03-15T03:11:20.538+0000] {processor.py:927} WARNING - No viable dags retrieved from /opt/airflow/dags/ELT_DAG.py
[2025-03-15T03:11:20.557+0000] {processor.py:208} INFO - Processing /opt/airflow/dags/ELT_DAG.py took 0.042 seconds
[2025-03-15T03:11:22.618+0000] {processor.py:186} INFO - Started process (PID=2271) to work on /opt/airflow/dags/ELT_DAG.py
[2025-03-15T03:11:22.619+0000] {processor.py:914} INFO - Processing file /opt/airflow/dags/ELT_DAG.py for tasks to queue
[2025-03-15T03:11:22.621+0000] {logging_mixin.py:190} INFO - [2025-03-15T03:11:22.621+0000] {dagbag.py:587} INFO - Filling up the DagBag from /opt/airflow/dags/ELT_DAG.py
[2025-03-15T03:11:22.626+0000] {logging_mixin.py:190} INFO - [2025-03-15T03:11:22.625+0000] {dagbag.py:386} ERROR - Failed to import: /opt/airflow/dags/ELT_DAG.py
Traceback (most recent call last):
  File "/home/airflow/.local/lib/python3.12/site-packages/airflow/models/dagbag.py", line 382, in parse
    loader.exec_module(new_module)
  File "<frozen importlib._bootstrap_external>", line 991, in exec_module
  File "<frozen importlib._bootstrap_external>", line 1129, in get_code
  File "<frozen importlib._bootstrap_external>", line 1059, in source_to_code
  File "<frozen importlib._bootstrap>", line 488, in _call_with_frames_removed
  File "/opt/airflow/dags/ELT_DAG.py", line 73
    start_date = datetime(2025,03,10),
                               ^
SyntaxError: leading zeros in decimal integer literals are not permitted; use an 0o prefix for octal integers
[2025-03-15T03:11:22.626+0000] {processor.py:927} WARNING - No viable dags retrieved from /opt/airflow/dags/ELT_DAG.py
[2025-03-15T03:11:22.649+0000] {processor.py:208} INFO - Processing /opt/airflow/dags/ELT_DAG.py took 0.045 seconds
[2025-03-15T03:11:26.661+0000] {processor.py:186} INFO - Started process (PID=2307) to work on /opt/airflow/dags/ELT_DAG.py
[2025-03-15T03:11:26.662+0000] {processor.py:914} INFO - Processing file /opt/airflow/dags/ELT_DAG.py for tasks to queue
[2025-03-15T03:11:26.663+0000] {logging_mixin.py:190} INFO - [2025-03-15T03:11:26.663+0000] {dagbag.py:587} INFO - Filling up the DagBag from /opt/airflow/dags/ELT_DAG.py
[2025-03-15T03:11:26.670+0000] {processor.py:925} INFO - DAG(s) 'ELT' retrieved from /opt/airflow/dags/ELT_DAG.py
[2025-03-15T03:11:26.678+0000] {logging_mixin.py:190} INFO - [2025-03-15T03:11:26.678+0000] {dag.py:3229} INFO - Sync 1 DAGs
[2025-03-15T03:11:26.692+0000] {logging_mixin.py:190} INFO - [2025-03-15T03:11:26.691+0000] {dag.py:4156} INFO - Setting next_dagrun for ELT to 2025-03-14 02:45:00+00:00, run_after=2025-03-15 02:45:00+00:00
[2025-03-15T03:11:26.699+0000] {processor.py:208} INFO - Processing /opt/airflow/dags/ELT_DAG.py took 0.044 seconds
[2025-03-15T03:11:56.889+0000] {processor.py:186} INFO - Started process (PID=2350) to work on /opt/airflow/dags/ELT_DAG.py
[2025-03-15T03:11:56.890+0000] {processor.py:914} INFO - Processing file /opt/airflow/dags/ELT_DAG.py for tasks to queue
[2025-03-15T03:11:56.891+0000] {logging_mixin.py:190} INFO - [2025-03-15T03:11:56.890+0000] {dagbag.py:587} INFO - Filling up the DagBag from /opt/airflow/dags/ELT_DAG.py
[2025-03-15T03:11:56.897+0000] {processor.py:925} INFO - DAG(s) 'ELT' retrieved from /opt/airflow/dags/ELT_DAG.py
[2025-03-15T03:11:56.955+0000] {logging_mixin.py:190} INFO - [2025-03-15T03:11:56.955+0000] {dag.py:3229} INFO - Sync 1 DAGs
[2025-03-15T03:11:56.963+0000] {logging_mixin.py:190} INFO - [2025-03-15T03:11:56.963+0000] {dag.py:4156} INFO - Setting next_dagrun for ELT to 2025-03-14 02:45:00+00:00, run_after=2025-03-15 02:45:00+00:00
[2025-03-15T03:11:56.969+0000] {processor.py:208} INFO - Processing /opt/airflow/dags/ELT_DAG.py took 0.084 seconds
[2025-03-15T03:12:27.553+0000] {processor.py:186} INFO - Started process (PID=2391) to work on /opt/airflow/dags/ELT_DAG.py
[2025-03-15T03:12:27.555+0000] {processor.py:914} INFO - Processing file /opt/airflow/dags/ELT_DAG.py for tasks to queue
[2025-03-15T03:12:27.556+0000] {logging_mixin.py:190} INFO - [2025-03-15T03:12:27.556+0000] {dagbag.py:587} INFO - Filling up the DagBag from /opt/airflow/dags/ELT_DAG.py
[2025-03-15T03:12:27.566+0000] {processor.py:925} INFO - DAG(s) 'ELT' retrieved from /opt/airflow/dags/ELT_DAG.py
[2025-03-15T03:12:27.581+0000] {logging_mixin.py:190} INFO - [2025-03-15T03:12:27.581+0000] {dag.py:3229} INFO - Sync 1 DAGs
[2025-03-15T03:12:27.592+0000] {logging_mixin.py:190} INFO - [2025-03-15T03:12:27.592+0000] {dag.py:4156} INFO - Setting next_dagrun for ELT to 2025-03-14 02:45:00+00:00, run_after=2025-03-15 02:45:00+00:00
[2025-03-15T03:12:27.598+0000] {processor.py:208} INFO - Processing /opt/airflow/dags/ELT_DAG.py took 0.051 seconds
[2025-03-15T03:12:57.985+0000] {processor.py:186} INFO - Started process (PID=2432) to work on /opt/airflow/dags/ELT_DAG.py
[2025-03-15T03:12:57.986+0000] {processor.py:914} INFO - Processing file /opt/airflow/dags/ELT_DAG.py for tasks to queue
[2025-03-15T03:12:57.987+0000] {logging_mixin.py:190} INFO - [2025-03-15T03:12:57.987+0000] {dagbag.py:587} INFO - Filling up the DagBag from /opt/airflow/dags/ELT_DAG.py
[2025-03-15T03:12:57.995+0000] {processor.py:925} INFO - DAG(s) 'ELT' retrieved from /opt/airflow/dags/ELT_DAG.py
[2025-03-15T03:12:58.009+0000] {logging_mixin.py:190} INFO - [2025-03-15T03:12:58.009+0000] {dag.py:3229} INFO - Sync 1 DAGs
[2025-03-15T03:12:58.019+0000] {logging_mixin.py:190} INFO - [2025-03-15T03:12:58.019+0000] {dag.py:4156} INFO - Setting next_dagrun for ELT to 2025-03-14 02:45:00+00:00, run_after=2025-03-15 02:45:00+00:00
[2025-03-15T03:12:58.026+0000] {processor.py:208} INFO - Processing /opt/airflow/dags/ELT_DAG.py took 0.045 seconds
[2025-03-15T03:13:28.074+0000] {processor.py:186} INFO - Started process (PID=2468) to work on /opt/airflow/dags/ELT_DAG.py
[2025-03-15T03:13:28.077+0000] {processor.py:914} INFO - Processing file /opt/airflow/dags/ELT_DAG.py for tasks to queue
[2025-03-15T03:13:28.078+0000] {logging_mixin.py:190} INFO - [2025-03-15T03:13:28.078+0000] {dagbag.py:587} INFO - Filling up the DagBag from /opt/airflow/dags/ELT_DAG.py
[2025-03-15T03:13:28.090+0000] {processor.py:925} INFO - DAG(s) 'ELT' retrieved from /opt/airflow/dags/ELT_DAG.py
[2025-03-15T03:13:28.108+0000] {logging_mixin.py:190} INFO - [2025-03-15T03:13:28.108+0000] {dag.py:3229} INFO - Sync 1 DAGs
[2025-03-15T03:13:28.119+0000] {logging_mixin.py:190} INFO - [2025-03-15T03:13:28.119+0000] {dag.py:4156} INFO - Setting next_dagrun for ELT to 2025-03-14 02:45:00+00:00, run_after=2025-03-15 02:45:00+00:00
[2025-03-15T03:13:28.126+0000] {processor.py:208} INFO - Processing /opt/airflow/dags/ELT_DAG.py took 0.059 seconds
[2025-03-15T03:13:58.291+0000] {processor.py:186} INFO - Started process (PID=2509) to work on /opt/airflow/dags/ELT_DAG.py
[2025-03-15T03:13:58.292+0000] {processor.py:914} INFO - Processing file /opt/airflow/dags/ELT_DAG.py for tasks to queue
[2025-03-15T03:13:58.293+0000] {logging_mixin.py:190} INFO - [2025-03-15T03:13:58.293+0000] {dagbag.py:587} INFO - Filling up the DagBag from /opt/airflow/dags/ELT_DAG.py
[2025-03-15T03:13:58.305+0000] {processor.py:925} INFO - DAG(s) 'ELT' retrieved from /opt/airflow/dags/ELT_DAG.py
[2025-03-15T03:13:58.323+0000] {logging_mixin.py:190} INFO - [2025-03-15T03:13:58.322+0000] {dag.py:3229} INFO - Sync 1 DAGs
[2025-03-15T03:13:58.344+0000] {logging_mixin.py:190} INFO - [2025-03-15T03:13:58.344+0000] {dag.py:4156} INFO - Setting next_dagrun for ELT to 2025-03-14 02:45:00+00:00, run_after=2025-03-15 02:45:00+00:00
[2025-03-15T03:13:58.358+0000] {processor.py:208} INFO - Processing /opt/airflow/dags/ELT_DAG.py took 0.071 seconds
[2025-03-15T03:14:28.508+0000] {processor.py:186} INFO - Started process (PID=2551) to work on /opt/airflow/dags/ELT_DAG.py
[2025-03-15T03:14:28.509+0000] {processor.py:914} INFO - Processing file /opt/airflow/dags/ELT_DAG.py for tasks to queue
[2025-03-15T03:14:28.510+0000] {logging_mixin.py:190} INFO - [2025-03-15T03:14:28.510+0000] {dagbag.py:587} INFO - Filling up the DagBag from /opt/airflow/dags/ELT_DAG.py
[2025-03-15T03:14:28.514+0000] {processor.py:925} INFO - DAG(s) 'ELT' retrieved from /opt/airflow/dags/ELT_DAG.py
[2025-03-15T03:14:28.526+0000] {logging_mixin.py:190} INFO - [2025-03-15T03:14:28.526+0000] {dag.py:3229} INFO - Sync 1 DAGs
[2025-03-15T03:14:28.535+0000] {logging_mixin.py:190} INFO - [2025-03-15T03:14:28.535+0000] {dag.py:4156} INFO - Setting next_dagrun for ELT to 2025-03-14 02:45:00+00:00, run_after=2025-03-15 02:45:00+00:00
[2025-03-15T03:14:28.541+0000] {processor.py:208} INFO - Processing /opt/airflow/dags/ELT_DAG.py took 0.036 seconds
[2025-03-15T03:14:58.554+0000] {processor.py:186} INFO - Started process (PID=2585) to work on /opt/airflow/dags/ELT_DAG.py
[2025-03-15T03:14:58.555+0000] {processor.py:914} INFO - Processing file /opt/airflow/dags/ELT_DAG.py for tasks to queue
[2025-03-15T03:14:58.555+0000] {logging_mixin.py:190} INFO - [2025-03-15T03:14:58.555+0000] {dagbag.py:587} INFO - Filling up the DagBag from /opt/airflow/dags/ELT_DAG.py
[2025-03-15T03:14:58.559+0000] {processor.py:925} INFO - DAG(s) 'ELT' retrieved from /opt/airflow/dags/ELT_DAG.py
[2025-03-15T03:14:58.568+0000] {logging_mixin.py:190} INFO - [2025-03-15T03:14:58.568+0000] {dag.py:3229} INFO - Sync 1 DAGs
[2025-03-15T03:14:58.576+0000] {logging_mixin.py:190} INFO - [2025-03-15T03:14:58.576+0000] {dag.py:4156} INFO - Setting next_dagrun for ELT to 2025-03-14 02:45:00+00:00, run_after=2025-03-15 02:45:00+00:00
[2025-03-15T03:14:58.584+0000] {processor.py:208} INFO - Processing /opt/airflow/dags/ELT_DAG.py took 0.032 seconds
[2025-03-15T03:15:28.718+0000] {processor.py:186} INFO - Started process (PID=2621) to work on /opt/airflow/dags/ELT_DAG.py
[2025-03-15T03:15:28.719+0000] {processor.py:914} INFO - Processing file /opt/airflow/dags/ELT_DAG.py for tasks to queue
[2025-03-15T03:15:28.719+0000] {logging_mixin.py:190} INFO - [2025-03-15T03:15:28.719+0000] {dagbag.py:587} INFO - Filling up the DagBag from /opt/airflow/dags/ELT_DAG.py
[2025-03-15T03:15:28.729+0000] {processor.py:925} INFO - DAG(s) 'ELT' retrieved from /opt/airflow/dags/ELT_DAG.py
[2025-03-15T03:15:28.744+0000] {logging_mixin.py:190} INFO - [2025-03-15T03:15:28.744+0000] {dag.py:3229} INFO - Sync 1 DAGs
[2025-03-15T03:15:28.754+0000] {logging_mixin.py:190} INFO - [2025-03-15T03:15:28.754+0000] {dag.py:4156} INFO - Setting next_dagrun for ELT to 2025-03-14 02:45:00+00:00, run_after=2025-03-15 02:45:00+00:00
[2025-03-15T03:15:28.761+0000] {processor.py:208} INFO - Processing /opt/airflow/dags/ELT_DAG.py took 0.049 seconds
[2025-03-15T03:15:59.241+0000] {processor.py:186} INFO - Started process (PID=2654) to work on /opt/airflow/dags/ELT_DAG.py
[2025-03-15T03:15:59.247+0000] {processor.py:914} INFO - Processing file /opt/airflow/dags/ELT_DAG.py for tasks to queue
[2025-03-15T03:15:59.253+0000] {logging_mixin.py:190} INFO - [2025-03-15T03:15:59.251+0000] {dagbag.py:587} INFO - Filling up the DagBag from /opt/airflow/dags/ELT_DAG.py
[2025-03-15T03:15:59.280+0000] {processor.py:925} INFO - DAG(s) 'ELT' retrieved from /opt/airflow/dags/ELT_DAG.py
[2025-03-15T03:15:59.341+0000] {logging_mixin.py:190} INFO - [2025-03-15T03:15:59.341+0000] {dag.py:3229} INFO - Sync 1 DAGs
[2025-03-15T03:15:59.371+0000] {logging_mixin.py:190} INFO - [2025-03-15T03:15:59.371+0000] {dag.py:4156} INFO - Setting next_dagrun for ELT to 2025-03-14 02:45:00+00:00, run_after=2025-03-15 02:45:00+00:00
[2025-03-15T03:15:59.385+0000] {processor.py:208} INFO - Processing /opt/airflow/dags/ELT_DAG.py took 0.156 seconds
[2025-03-15T03:16:29.777+0000] {processor.py:186} INFO - Started process (PID=2695) to work on /opt/airflow/dags/ELT_DAG.py
[2025-03-15T03:16:29.781+0000] {processor.py:914} INFO - Processing file /opt/airflow/dags/ELT_DAG.py for tasks to queue
[2025-03-15T03:16:29.784+0000] {logging_mixin.py:190} INFO - [2025-03-15T03:16:29.784+0000] {dagbag.py:587} INFO - Filling up the DagBag from /opt/airflow/dags/ELT_DAG.py
[2025-03-15T03:16:29.807+0000] {processor.py:925} INFO - DAG(s) 'ELT' retrieved from /opt/airflow/dags/ELT_DAG.py
[2025-03-15T03:16:29.847+0000] {logging_mixin.py:190} INFO - [2025-03-15T03:16:29.847+0000] {dag.py:3229} INFO - Sync 1 DAGs
[2025-03-15T03:16:29.866+0000] {logging_mixin.py:190} INFO - [2025-03-15T03:16:29.866+0000] {dag.py:4156} INFO - Setting next_dagrun for ELT to 2025-03-14 02:45:00+00:00, run_after=2025-03-15 02:45:00+00:00
[2025-03-15T03:16:29.874+0000] {processor.py:208} INFO - Processing /opt/airflow/dags/ELT_DAG.py took 0.108 seconds
[2025-03-15T03:17:00.315+0000] {processor.py:186} INFO - Started process (PID=2736) to work on /opt/airflow/dags/ELT_DAG.py
[2025-03-15T03:17:00.317+0000] {processor.py:914} INFO - Processing file /opt/airflow/dags/ELT_DAG.py for tasks to queue
[2025-03-15T03:17:00.319+0000] {logging_mixin.py:190} INFO - [2025-03-15T03:17:00.318+0000] {dagbag.py:587} INFO - Filling up the DagBag from /opt/airflow/dags/ELT_DAG.py
[2025-03-15T03:17:00.335+0000] {processor.py:925} INFO - DAG(s) 'ELT' retrieved from /opt/airflow/dags/ELT_DAG.py
[2025-03-15T03:17:00.387+0000] {logging_mixin.py:190} INFO - [2025-03-15T03:17:00.386+0000] {dag.py:3229} INFO - Sync 1 DAGs
[2025-03-15T03:17:00.407+0000] {logging_mixin.py:190} INFO - [2025-03-15T03:17:00.407+0000] {dag.py:4156} INFO - Setting next_dagrun for ELT to 2025-03-14 02:45:00+00:00, run_after=2025-03-15 02:45:00+00:00
[2025-03-15T03:17:00.415+0000] {processor.py:208} INFO - Processing /opt/airflow/dags/ELT_DAG.py took 0.111 seconds
[2025-03-15T03:17:30.809+0000] {processor.py:186} INFO - Started process (PID=2777) to work on /opt/airflow/dags/ELT_DAG.py
[2025-03-15T03:17:30.811+0000] {processor.py:914} INFO - Processing file /opt/airflow/dags/ELT_DAG.py for tasks to queue
[2025-03-15T03:17:30.814+0000] {logging_mixin.py:190} INFO - [2025-03-15T03:17:30.813+0000] {dagbag.py:587} INFO - Filling up the DagBag from /opt/airflow/dags/ELT_DAG.py
[2025-03-15T03:17:30.842+0000] {processor.py:925} INFO - DAG(s) 'ELT' retrieved from /opt/airflow/dags/ELT_DAG.py
[2025-03-15T03:17:30.879+0000] {logging_mixin.py:190} INFO - [2025-03-15T03:17:30.879+0000] {dag.py:3229} INFO - Sync 1 DAGs
[2025-03-15T03:17:30.896+0000] {logging_mixin.py:190} INFO - [2025-03-15T03:17:30.896+0000] {dag.py:4156} INFO - Setting next_dagrun for ELT to 2025-03-14 02:45:00+00:00, run_after=2025-03-15 02:45:00+00:00
[2025-03-15T03:17:30.904+0000] {processor.py:208} INFO - Processing /opt/airflow/dags/ELT_DAG.py took 0.108 seconds
[2025-03-15T03:18:01.467+0000] {processor.py:186} INFO - Started process (PID=2818) to work on /opt/airflow/dags/ELT_DAG.py
[2025-03-15T03:18:01.470+0000] {processor.py:914} INFO - Processing file /opt/airflow/dags/ELT_DAG.py for tasks to queue
[2025-03-15T03:18:01.472+0000] {logging_mixin.py:190} INFO - [2025-03-15T03:18:01.471+0000] {dagbag.py:587} INFO - Filling up the DagBag from /opt/airflow/dags/ELT_DAG.py
[2025-03-15T03:18:01.487+0000] {processor.py:925} INFO - DAG(s) 'ELT' retrieved from /opt/airflow/dags/ELT_DAG.py
[2025-03-15T03:18:01.519+0000] {logging_mixin.py:190} INFO - [2025-03-15T03:18:01.519+0000] {dag.py:3229} INFO - Sync 1 DAGs
[2025-03-15T03:18:01.534+0000] {logging_mixin.py:190} INFO - [2025-03-15T03:18:01.534+0000] {dag.py:4156} INFO - Setting next_dagrun for ELT to 2025-03-14 02:45:00+00:00, run_after=2025-03-15 02:45:00+00:00
[2025-03-15T03:18:01.541+0000] {processor.py:208} INFO - Processing /opt/airflow/dags/ELT_DAG.py took 0.087 seconds
[2025-03-15T03:18:32.022+0000] {processor.py:186} INFO - Started process (PID=2859) to work on /opt/airflow/dags/ELT_DAG.py
[2025-03-15T03:18:32.024+0000] {processor.py:914} INFO - Processing file /opt/airflow/dags/ELT_DAG.py for tasks to queue
[2025-03-15T03:18:32.029+0000] {logging_mixin.py:190} INFO - [2025-03-15T03:18:32.028+0000] {dagbag.py:587} INFO - Filling up the DagBag from /opt/airflow/dags/ELT_DAG.py
[2025-03-15T03:18:32.051+0000] {processor.py:925} INFO - DAG(s) 'ELT' retrieved from /opt/airflow/dags/ELT_DAG.py
[2025-03-15T03:18:32.086+0000] {logging_mixin.py:190} INFO - [2025-03-15T03:18:32.086+0000] {dag.py:3229} INFO - Sync 1 DAGs
[2025-03-15T03:18:32.104+0000] {logging_mixin.py:190} INFO - [2025-03-15T03:18:32.104+0000] {dag.py:4156} INFO - Setting next_dagrun for ELT to 2025-03-14 02:45:00+00:00, run_after=2025-03-15 02:45:00+00:00
[2025-03-15T03:18:32.111+0000] {processor.py:208} INFO - Processing /opt/airflow/dags/ELT_DAG.py took 0.097 seconds
[2025-03-15T03:19:02.508+0000] {processor.py:186} INFO - Started process (PID=2900) to work on /opt/airflow/dags/ELT_DAG.py
[2025-03-15T03:19:02.510+0000] {processor.py:914} INFO - Processing file /opt/airflow/dags/ELT_DAG.py for tasks to queue
[2025-03-15T03:19:02.514+0000] {logging_mixin.py:190} INFO - [2025-03-15T03:19:02.513+0000] {dagbag.py:587} INFO - Filling up the DagBag from /opt/airflow/dags/ELT_DAG.py
[2025-03-15T03:19:02.531+0000] {processor.py:925} INFO - DAG(s) 'ELT' retrieved from /opt/airflow/dags/ELT_DAG.py
[2025-03-15T03:19:02.556+0000] {logging_mixin.py:190} INFO - [2025-03-15T03:19:02.556+0000] {dag.py:3229} INFO - Sync 1 DAGs
[2025-03-15T03:19:02.571+0000] {logging_mixin.py:190} INFO - [2025-03-15T03:19:02.571+0000] {dag.py:4156} INFO - Setting next_dagrun for ELT to 2025-03-14 02:45:00+00:00, run_after=2025-03-15 02:45:00+00:00
[2025-03-15T03:19:02.577+0000] {processor.py:208} INFO - Processing /opt/airflow/dags/ELT_DAG.py took 0.082 seconds
[2025-03-15T03:19:33.048+0000] {processor.py:186} INFO - Started process (PID=2941) to work on /opt/airflow/dags/ELT_DAG.py
[2025-03-15T03:19:33.058+0000] {processor.py:914} INFO - Processing file /opt/airflow/dags/ELT_DAG.py for tasks to queue
[2025-03-15T03:19:33.061+0000] {logging_mixin.py:190} INFO - [2025-03-15T03:19:33.060+0000] {dagbag.py:587} INFO - Filling up the DagBag from /opt/airflow/dags/ELT_DAG.py
[2025-03-15T03:19:33.078+0000] {processor.py:925} INFO - DAG(s) 'ELT' retrieved from /opt/airflow/dags/ELT_DAG.py
[2025-03-15T03:19:33.107+0000] {logging_mixin.py:190} INFO - [2025-03-15T03:19:33.107+0000] {dag.py:3229} INFO - Sync 1 DAGs
[2025-03-15T03:19:33.125+0000] {logging_mixin.py:190} INFO - [2025-03-15T03:19:33.125+0000] {dag.py:4156} INFO - Setting next_dagrun for ELT to 2025-03-14 02:45:00+00:00, run_after=2025-03-15 02:45:00+00:00
[2025-03-15T03:19:33.133+0000] {processor.py:208} INFO - Processing /opt/airflow/dags/ELT_DAG.py took 0.091 seconds
[2025-03-15T03:20:03.204+0000] {processor.py:186} INFO - Started process (PID=2981) to work on /opt/airflow/dags/ELT_DAG.py
[2025-03-15T03:20:03.207+0000] {processor.py:914} INFO - Processing file /opt/airflow/dags/ELT_DAG.py for tasks to queue
[2025-03-15T03:20:03.209+0000] {logging_mixin.py:190} INFO - [2025-03-15T03:20:03.208+0000] {dagbag.py:587} INFO - Filling up the DagBag from /opt/airflow/dags/ELT_DAG.py
[2025-03-15T03:20:03.229+0000] {processor.py:925} INFO - DAG(s) 'ELT' retrieved from /opt/airflow/dags/ELT_DAG.py
[2025-03-15T03:20:03.264+0000] {logging_mixin.py:190} INFO - [2025-03-15T03:20:03.264+0000] {dag.py:3229} INFO - Sync 1 DAGs
[2025-03-15T03:20:03.285+0000] {logging_mixin.py:190} INFO - [2025-03-15T03:20:03.285+0000] {dag.py:4156} INFO - Setting next_dagrun for ELT to 2025-03-14 02:45:00+00:00, run_after=2025-03-15 02:45:00+00:00
[2025-03-15T03:20:03.294+0000] {processor.py:208} INFO - Processing /opt/airflow/dags/ELT_DAG.py took 0.106 seconds
[2025-03-15T03:20:33.532+0000] {processor.py:186} INFO - Started process (PID=3022) to work on /opt/airflow/dags/ELT_DAG.py
[2025-03-15T03:20:33.535+0000] {processor.py:914} INFO - Processing file /opt/airflow/dags/ELT_DAG.py for tasks to queue
[2025-03-15T03:20:33.537+0000] {logging_mixin.py:190} INFO - [2025-03-15T03:20:33.536+0000] {dagbag.py:587} INFO - Filling up the DagBag from /opt/airflow/dags/ELT_DAG.py
[2025-03-15T03:20:33.557+0000] {processor.py:925} INFO - DAG(s) 'ELT' retrieved from /opt/airflow/dags/ELT_DAG.py
[2025-03-15T03:20:33.585+0000] {logging_mixin.py:190} INFO - [2025-03-15T03:20:33.585+0000] {dag.py:3229} INFO - Sync 1 DAGs
[2025-03-15T03:20:33.606+0000] {logging_mixin.py:190} INFO - [2025-03-15T03:20:33.605+0000] {dag.py:4156} INFO - Setting next_dagrun for ELT to 2025-03-14 02:45:00+00:00, run_after=2025-03-15 02:45:00+00:00
[2025-03-15T03:20:33.613+0000] {processor.py:208} INFO - Processing /opt/airflow/dags/ELT_DAG.py took 0.087 seconds
[2025-03-15T03:21:03.954+0000] {processor.py:186} INFO - Started process (PID=3063) to work on /opt/airflow/dags/ELT_DAG.py
[2025-03-15T03:21:03.962+0000] {processor.py:914} INFO - Processing file /opt/airflow/dags/ELT_DAG.py for tasks to queue
[2025-03-15T03:21:03.965+0000] {logging_mixin.py:190} INFO - [2025-03-15T03:21:03.964+0000] {dagbag.py:587} INFO - Filling up the DagBag from /opt/airflow/dags/ELT_DAG.py
[2025-03-15T03:21:03.980+0000] {processor.py:925} INFO - DAG(s) 'ELT' retrieved from /opt/airflow/dags/ELT_DAG.py
[2025-03-15T03:21:04.010+0000] {logging_mixin.py:190} INFO - [2025-03-15T03:21:04.010+0000] {dag.py:3229} INFO - Sync 1 DAGs
[2025-03-15T03:21:04.034+0000] {logging_mixin.py:190} INFO - [2025-03-15T03:21:04.034+0000] {dag.py:4156} INFO - Setting next_dagrun for ELT to 2025-03-14 02:45:00+00:00, run_after=2025-03-15 02:45:00+00:00
[2025-03-15T03:21:04.043+0000] {processor.py:208} INFO - Processing /opt/airflow/dags/ELT_DAG.py took 0.097 seconds
[2025-03-15T03:21:34.350+0000] {processor.py:186} INFO - Started process (PID=3104) to work on /opt/airflow/dags/ELT_DAG.py
[2025-03-15T03:21:34.352+0000] {processor.py:914} INFO - Processing file /opt/airflow/dags/ELT_DAG.py for tasks to queue
[2025-03-15T03:21:34.353+0000] {logging_mixin.py:190} INFO - [2025-03-15T03:21:34.353+0000] {dagbag.py:587} INFO - Filling up the DagBag from /opt/airflow/dags/ELT_DAG.py
[2025-03-15T03:21:34.367+0000] {processor.py:925} INFO - DAG(s) 'ELT' retrieved from /opt/airflow/dags/ELT_DAG.py
[2025-03-15T03:21:34.399+0000] {logging_mixin.py:190} INFO - [2025-03-15T03:21:34.399+0000] {dag.py:3229} INFO - Sync 1 DAGs
[2025-03-15T03:21:34.424+0000] {logging_mixin.py:190} INFO - [2025-03-15T03:21:34.424+0000] {dag.py:4156} INFO - Setting next_dagrun for ELT to 2025-03-14 02:45:00+00:00, run_after=2025-03-15 02:45:00+00:00
[2025-03-15T03:21:34.433+0000] {processor.py:208} INFO - Processing /opt/airflow/dags/ELT_DAG.py took 0.090 seconds
[2025-03-15T03:22:04.873+0000] {processor.py:186} INFO - Started process (PID=3145) to work on /opt/airflow/dags/ELT_DAG.py
[2025-03-15T03:22:04.876+0000] {processor.py:914} INFO - Processing file /opt/airflow/dags/ELT_DAG.py for tasks to queue
[2025-03-15T03:22:04.877+0000] {logging_mixin.py:190} INFO - [2025-03-15T03:22:04.877+0000] {dagbag.py:587} INFO - Filling up the DagBag from /opt/airflow/dags/ELT_DAG.py
[2025-03-15T03:22:04.892+0000] {processor.py:925} INFO - DAG(s) 'ELT' retrieved from /opt/airflow/dags/ELT_DAG.py
[2025-03-15T03:22:04.929+0000] {logging_mixin.py:190} INFO - [2025-03-15T03:22:04.929+0000] {dag.py:3229} INFO - Sync 1 DAGs
[2025-03-15T03:22:04.954+0000] {logging_mixin.py:190} INFO - [2025-03-15T03:22:04.954+0000] {dag.py:4156} INFO - Setting next_dagrun for ELT to 2025-03-14 02:45:00+00:00, run_after=2025-03-15 02:45:00+00:00
[2025-03-15T03:22:04.963+0000] {processor.py:208} INFO - Processing /opt/airflow/dags/ELT_DAG.py took 0.099 seconds
[2025-03-15T03:22:35.260+0000] {processor.py:186} INFO - Started process (PID=3186) to work on /opt/airflow/dags/ELT_DAG.py
[2025-03-15T03:22:35.262+0000] {processor.py:914} INFO - Processing file /opt/airflow/dags/ELT_DAG.py for tasks to queue
[2025-03-15T03:22:35.266+0000] {logging_mixin.py:190} INFO - [2025-03-15T03:22:35.265+0000] {dagbag.py:587} INFO - Filling up the DagBag from /opt/airflow/dags/ELT_DAG.py
[2025-03-15T03:22:35.287+0000] {processor.py:925} INFO - DAG(s) 'ELT' retrieved from /opt/airflow/dags/ELT_DAG.py
[2025-03-15T03:22:35.317+0000] {logging_mixin.py:190} INFO - [2025-03-15T03:22:35.317+0000] {dag.py:3229} INFO - Sync 1 DAGs
[2025-03-15T03:22:35.340+0000] {logging_mixin.py:190} INFO - [2025-03-15T03:22:35.340+0000] {dag.py:4156} INFO - Setting next_dagrun for ELT to 2025-03-14 02:45:00+00:00, run_after=2025-03-15 02:45:00+00:00
[2025-03-15T03:22:35.351+0000] {processor.py:208} INFO - Processing /opt/airflow/dags/ELT_DAG.py took 0.105 seconds
[2025-03-15T03:23:05.889+0000] {processor.py:186} INFO - Started process (PID=3227) to work on /opt/airflow/dags/ELT_DAG.py
[2025-03-15T03:23:05.891+0000] {processor.py:914} INFO - Processing file /opt/airflow/dags/ELT_DAG.py for tasks to queue
[2025-03-15T03:23:05.892+0000] {logging_mixin.py:190} INFO - [2025-03-15T03:23:05.892+0000] {dagbag.py:587} INFO - Filling up the DagBag from /opt/airflow/dags/ELT_DAG.py
[2025-03-15T03:23:05.909+0000] {processor.py:925} INFO - DAG(s) 'ELT' retrieved from /opt/airflow/dags/ELT_DAG.py
[2025-03-15T03:23:05.937+0000] {logging_mixin.py:190} INFO - [2025-03-15T03:23:05.937+0000] {dag.py:3229} INFO - Sync 1 DAGs
[2025-03-15T03:23:05.955+0000] {logging_mixin.py:190} INFO - [2025-03-15T03:23:05.955+0000] {dag.py:4156} INFO - Setting next_dagrun for ELT to 2025-03-14 02:45:00+00:00, run_after=2025-03-15 02:45:00+00:00
[2025-03-15T03:23:05.963+0000] {processor.py:208} INFO - Processing /opt/airflow/dags/ELT_DAG.py took 0.087 seconds
[2025-03-15T03:23:36.301+0000] {processor.py:186} INFO - Started process (PID=3268) to work on /opt/airflow/dags/ELT_DAG.py
[2025-03-15T03:23:36.303+0000] {processor.py:914} INFO - Processing file /opt/airflow/dags/ELT_DAG.py for tasks to queue
[2025-03-15T03:23:36.304+0000] {logging_mixin.py:190} INFO - [2025-03-15T03:23:36.304+0000] {dagbag.py:587} INFO - Filling up the DagBag from /opt/airflow/dags/ELT_DAG.py
[2025-03-15T03:23:36.318+0000] {processor.py:925} INFO - DAG(s) 'ELT' retrieved from /opt/airflow/dags/ELT_DAG.py
[2025-03-15T03:23:36.352+0000] {logging_mixin.py:190} INFO - [2025-03-15T03:23:36.352+0000] {dag.py:3229} INFO - Sync 1 DAGs
[2025-03-15T03:23:36.374+0000] {logging_mixin.py:190} INFO - [2025-03-15T03:23:36.373+0000] {dag.py:4156} INFO - Setting next_dagrun for ELT to 2025-03-14 02:45:00+00:00, run_after=2025-03-15 02:45:00+00:00
[2025-03-15T03:23:36.381+0000] {processor.py:208} INFO - Processing /opt/airflow/dags/ELT_DAG.py took 0.093 seconds
[2025-03-15T03:24:06.756+0000] {processor.py:186} INFO - Started process (PID=3309) to work on /opt/airflow/dags/ELT_DAG.py
[2025-03-15T03:24:06.758+0000] {processor.py:914} INFO - Processing file /opt/airflow/dags/ELT_DAG.py for tasks to queue
[2025-03-15T03:24:06.760+0000] {logging_mixin.py:190} INFO - [2025-03-15T03:24:06.760+0000] {dagbag.py:587} INFO - Filling up the DagBag from /opt/airflow/dags/ELT_DAG.py
[2025-03-15T03:24:06.775+0000] {processor.py:925} INFO - DAG(s) 'ELT' retrieved from /opt/airflow/dags/ELT_DAG.py
[2025-03-15T03:24:06.806+0000] {logging_mixin.py:190} INFO - [2025-03-15T03:24:06.806+0000] {dag.py:3229} INFO - Sync 1 DAGs
[2025-03-15T03:24:06.825+0000] {logging_mixin.py:190} INFO - [2025-03-15T03:24:06.825+0000] {dag.py:4156} INFO - Setting next_dagrun for ELT to 2025-03-14 02:45:00+00:00, run_after=2025-03-15 02:45:00+00:00
[2025-03-15T03:24:06.843+0000] {processor.py:208} INFO - Processing /opt/airflow/dags/ELT_DAG.py took 0.104 seconds
[2025-03-15T03:24:37.262+0000] {processor.py:186} INFO - Started process (PID=3350) to work on /opt/airflow/dags/ELT_DAG.py
[2025-03-15T03:24:37.264+0000] {processor.py:914} INFO - Processing file /opt/airflow/dags/ELT_DAG.py for tasks to queue
[2025-03-15T03:24:37.266+0000] {logging_mixin.py:190} INFO - [2025-03-15T03:24:37.265+0000] {dagbag.py:587} INFO - Filling up the DagBag from /opt/airflow/dags/ELT_DAG.py
[2025-03-15T03:24:37.284+0000] {processor.py:925} INFO - DAG(s) 'ELT' retrieved from /opt/airflow/dags/ELT_DAG.py
[2025-03-15T03:24:37.324+0000] {logging_mixin.py:190} INFO - [2025-03-15T03:24:37.324+0000] {dag.py:3229} INFO - Sync 1 DAGs
[2025-03-15T03:24:37.342+0000] {logging_mixin.py:190} INFO - [2025-03-15T03:24:37.342+0000] {dag.py:4156} INFO - Setting next_dagrun for ELT to 2025-03-14 02:45:00+00:00, run_after=2025-03-15 02:45:00+00:00
[2025-03-15T03:24:37.349+0000] {processor.py:208} INFO - Processing /opt/airflow/dags/ELT_DAG.py took 0.095 seconds
[2025-03-15T03:25:07.992+0000] {processor.py:186} INFO - Started process (PID=3391) to work on /opt/airflow/dags/ELT_DAG.py
[2025-03-15T03:25:07.995+0000] {processor.py:914} INFO - Processing file /opt/airflow/dags/ELT_DAG.py for tasks to queue
[2025-03-15T03:25:07.996+0000] {logging_mixin.py:190} INFO - [2025-03-15T03:25:07.996+0000] {dagbag.py:587} INFO - Filling up the DagBag from /opt/airflow/dags/ELT_DAG.py
[2025-03-15T03:25:08.011+0000] {processor.py:925} INFO - DAG(s) 'ELT' retrieved from /opt/airflow/dags/ELT_DAG.py
[2025-03-15T03:25:08.036+0000] {logging_mixin.py:190} INFO - [2025-03-15T03:25:08.036+0000] {dag.py:3229} INFO - Sync 1 DAGs
[2025-03-15T03:25:08.056+0000] {logging_mixin.py:190} INFO - [2025-03-15T03:25:08.056+0000] {dag.py:4156} INFO - Setting next_dagrun for ELT to 2025-03-14 02:45:00+00:00, run_after=2025-03-15 02:45:00+00:00
[2025-03-15T03:25:08.063+0000] {processor.py:208} INFO - Processing /opt/airflow/dags/ELT_DAG.py took 0.081 seconds
[2025-03-15T03:25:38.735+0000] {processor.py:186} INFO - Started process (PID=3431) to work on /opt/airflow/dags/ELT_DAG.py
[2025-03-15T03:25:38.737+0000] {processor.py:914} INFO - Processing file /opt/airflow/dags/ELT_DAG.py for tasks to queue
[2025-03-15T03:25:38.738+0000] {logging_mixin.py:190} INFO - [2025-03-15T03:25:38.738+0000] {dagbag.py:587} INFO - Filling up the DagBag from /opt/airflow/dags/ELT_DAG.py
[2025-03-15T03:25:38.754+0000] {processor.py:925} INFO - DAG(s) 'ELT' retrieved from /opt/airflow/dags/ELT_DAG.py
[2025-03-15T03:25:38.786+0000] {logging_mixin.py:190} INFO - [2025-03-15T03:25:38.786+0000] {dag.py:3229} INFO - Sync 1 DAGs
[2025-03-15T03:25:38.807+0000] {logging_mixin.py:190} INFO - [2025-03-15T03:25:38.806+0000] {dag.py:4156} INFO - Setting next_dagrun for ELT to 2025-03-14 02:45:00+00:00, run_after=2025-03-15 02:45:00+00:00
[2025-03-15T03:25:38.814+0000] {processor.py:208} INFO - Processing /opt/airflow/dags/ELT_DAG.py took 0.089 seconds
