[2025-04-22T23:20:10.633+0000] {processor.py:186} INFO - Started process (PID=3515) to work on /opt/airflow/dags/Lab2_ELT.py
[2025-04-22T23:20:10.635+0000] {processor.py:914} INFO - Processing file /opt/airflow/dags/Lab2_ELT.py for tasks to queue
[2025-04-22T23:20:10.638+0000] {logging_mixin.py:190} INFO - [2025-04-22T23:20:10.636+0000] {dagbag.py:587} INFO - Filling up the DagBag from /opt/airflow/dags/Lab2_ELT.py
[2025-04-22T23:20:10.688+0000] {processor.py:925} INFO - DAG(s) 'law_enforcement_ELT_dbtcloud' retrieved from /opt/airflow/dags/Lab2_ELT.py
[2025-04-22T23:20:10.779+0000] {logging_mixin.py:190} INFO - [2025-04-22T23:20:10.779+0000] {dag.py:3229} INFO - Sync 1 DAGs
[2025-04-22T23:20:10.814+0000] {logging_mixin.py:190} INFO - [2025-04-22T23:20:10.814+0000] {dag.py:4156} INFO - Setting next_dagrun for law_enforcement_ELT_dbtcloud to 2025-04-22 02:30:00+00:00, run_after=2025-04-23 02:30:00+00:00
[2025-04-22T23:20:10.831+0000] {processor.py:208} INFO - Processing /opt/airflow/dags/Lab2_ELT.py took 0.208 seconds
[2025-04-22T23:20:41.276+0000] {processor.py:186} INFO - Started process (PID=3529) to work on /opt/airflow/dags/Lab2_ELT.py
[2025-04-22T23:20:41.279+0000] {processor.py:914} INFO - Processing file /opt/airflow/dags/Lab2_ELT.py for tasks to queue
[2025-04-22T23:20:41.281+0000] {logging_mixin.py:190} INFO - [2025-04-22T23:20:41.280+0000] {dagbag.py:587} INFO - Filling up the DagBag from /opt/airflow/dags/Lab2_ELT.py
[2025-04-22T23:20:41.319+0000] {processor.py:925} INFO - DAG(s) 'law_enforcement_ELT_dbtcloud' retrieved from /opt/airflow/dags/Lab2_ELT.py
[2025-04-22T23:20:41.335+0000] {logging_mixin.py:190} INFO - [2025-04-22T23:20:41.335+0000] {dag.py:3229} INFO - Sync 1 DAGs
[2025-04-22T23:20:41.359+0000] {logging_mixin.py:190} INFO - [2025-04-22T23:20:41.358+0000] {dag.py:4156} INFO - Setting next_dagrun for law_enforcement_ELT_dbtcloud to 2025-04-22 02:30:00+00:00, run_after=2025-04-23 02:30:00+00:00
[2025-04-22T23:20:41.370+0000] {processor.py:208} INFO - Processing /opt/airflow/dags/Lab2_ELT.py took 0.110 seconds
[2025-04-22T23:21:11.928+0000] {processor.py:186} INFO - Started process (PID=3552) to work on /opt/airflow/dags/Lab2_ELT.py
[2025-04-22T23:21:11.930+0000] {processor.py:914} INFO - Processing file /opt/airflow/dags/Lab2_ELT.py for tasks to queue
[2025-04-22T23:21:11.932+0000] {logging_mixin.py:190} INFO - [2025-04-22T23:21:11.932+0000] {dagbag.py:587} INFO - Filling up the DagBag from /opt/airflow/dags/Lab2_ELT.py
[2025-04-22T23:21:11.979+0000] {processor.py:925} INFO - DAG(s) 'law_enforcement_ELT_dbtcloud' retrieved from /opt/airflow/dags/Lab2_ELT.py
[2025-04-22T23:21:12.007+0000] {logging_mixin.py:190} INFO - [2025-04-22T23:21:12.007+0000] {dag.py:3229} INFO - Sync 1 DAGs
[2025-04-22T23:21:12.045+0000] {logging_mixin.py:190} INFO - [2025-04-22T23:21:12.045+0000] {dag.py:4156} INFO - Setting next_dagrun for law_enforcement_ELT_dbtcloud to 2025-04-22 02:30:00+00:00, run_after=2025-04-23 02:30:00+00:00
[2025-04-22T23:21:12.057+0000] {processor.py:208} INFO - Processing /opt/airflow/dags/Lab2_ELT.py took 0.143 seconds
[2025-04-22T23:21:42.460+0000] {processor.py:186} INFO - Started process (PID=3567) to work on /opt/airflow/dags/Lab2_ELT.py
[2025-04-22T23:21:42.462+0000] {processor.py:914} INFO - Processing file /opt/airflow/dags/Lab2_ELT.py for tasks to queue
[2025-04-22T23:21:42.464+0000] {logging_mixin.py:190} INFO - [2025-04-22T23:21:42.463+0000] {dagbag.py:587} INFO - Filling up the DagBag from /opt/airflow/dags/Lab2_ELT.py
[2025-04-22T23:21:42.518+0000] {processor.py:925} INFO - DAG(s) 'law_enforcement_ELT_dbtcloud' retrieved from /opt/airflow/dags/Lab2_ELT.py
[2025-04-22T23:21:42.546+0000] {logging_mixin.py:190} INFO - [2025-04-22T23:21:42.546+0000] {dag.py:3229} INFO - Sync 1 DAGs
[2025-04-22T23:21:42.581+0000] {logging_mixin.py:190} INFO - [2025-04-22T23:21:42.581+0000] {dag.py:4156} INFO - Setting next_dagrun for law_enforcement_ELT_dbtcloud to 2025-04-22 02:30:00+00:00, run_after=2025-04-23 02:30:00+00:00
[2025-04-22T23:21:42.589+0000] {processor.py:208} INFO - Processing /opt/airflow/dags/Lab2_ELT.py took 0.142 seconds
[2025-04-22T23:22:12.972+0000] {processor.py:186} INFO - Started process (PID=3583) to work on /opt/airflow/dags/Lab2_ELT.py
[2025-04-22T23:22:12.974+0000] {processor.py:914} INFO - Processing file /opt/airflow/dags/Lab2_ELT.py for tasks to queue
[2025-04-22T23:22:12.975+0000] {logging_mixin.py:190} INFO - [2025-04-22T23:22:12.975+0000] {dagbag.py:587} INFO - Filling up the DagBag from /opt/airflow/dags/Lab2_ELT.py
[2025-04-22T23:22:13.018+0000] {processor.py:925} INFO - DAG(s) 'law_enforcement_ELT_dbtcloud' retrieved from /opt/airflow/dags/Lab2_ELT.py
[2025-04-22T23:22:13.043+0000] {logging_mixin.py:190} INFO - [2025-04-22T23:22:13.042+0000] {dag.py:3229} INFO - Sync 1 DAGs
[2025-04-22T23:22:13.080+0000] {logging_mixin.py:190} INFO - [2025-04-22T23:22:13.080+0000] {dag.py:4156} INFO - Setting next_dagrun for law_enforcement_ELT_dbtcloud to 2025-04-22 02:30:00+00:00, run_after=2025-04-23 02:30:00+00:00
[2025-04-22T23:22:13.100+0000] {processor.py:208} INFO - Processing /opt/airflow/dags/Lab2_ELT.py took 0.138 seconds
[2025-04-22T23:22:43.277+0000] {processor.py:186} INFO - Started process (PID=3599) to work on /opt/airflow/dags/Lab2_ELT.py
[2025-04-22T23:22:43.278+0000] {processor.py:914} INFO - Processing file /opt/airflow/dags/Lab2_ELT.py for tasks to queue
[2025-04-22T23:22:43.280+0000] {logging_mixin.py:190} INFO - [2025-04-22T23:22:43.279+0000] {dagbag.py:587} INFO - Filling up the DagBag from /opt/airflow/dags/Lab2_ELT.py
[2025-04-22T23:22:43.314+0000] {processor.py:925} INFO - DAG(s) 'law_enforcement_ELT_dbtcloud' retrieved from /opt/airflow/dags/Lab2_ELT.py
[2025-04-22T23:22:43.337+0000] {logging_mixin.py:190} INFO - [2025-04-22T23:22:43.337+0000] {dag.py:3229} INFO - Sync 1 DAGs
[2025-04-22T23:22:43.362+0000] {logging_mixin.py:190} INFO - [2025-04-22T23:22:43.362+0000] {dag.py:4156} INFO - Setting next_dagrun for law_enforcement_ELT_dbtcloud to 2025-04-22 02:30:00+00:00, run_after=2025-04-23 02:30:00+00:00
[2025-04-22T23:22:43.371+0000] {processor.py:208} INFO - Processing /opt/airflow/dags/Lab2_ELT.py took 0.104 seconds
[2025-04-22T23:23:13.846+0000] {processor.py:186} INFO - Started process (PID=3615) to work on /opt/airflow/dags/Lab2_ELT.py
[2025-04-22T23:23:13.847+0000] {processor.py:914} INFO - Processing file /opt/airflow/dags/Lab2_ELT.py for tasks to queue
[2025-04-22T23:23:13.849+0000] {logging_mixin.py:190} INFO - [2025-04-22T23:23:13.848+0000] {dagbag.py:587} INFO - Filling up the DagBag from /opt/airflow/dags/Lab2_ELT.py
[2025-04-22T23:23:13.888+0000] {processor.py:925} INFO - DAG(s) 'law_enforcement_ELT_dbtcloud' retrieved from /opt/airflow/dags/Lab2_ELT.py
[2025-04-22T23:23:13.909+0000] {logging_mixin.py:190} INFO - [2025-04-22T23:23:13.909+0000] {dag.py:3229} INFO - Sync 1 DAGs
[2025-04-22T23:23:13.933+0000] {logging_mixin.py:190} INFO - [2025-04-22T23:23:13.932+0000] {dag.py:4156} INFO - Setting next_dagrun for law_enforcement_ELT_dbtcloud to 2025-04-22 02:30:00+00:00, run_after=2025-04-23 02:30:00+00:00
[2025-04-22T23:23:13.942+0000] {processor.py:208} INFO - Processing /opt/airflow/dags/Lab2_ELT.py took 0.110 seconds
[2025-04-22T23:23:44.371+0000] {processor.py:186} INFO - Started process (PID=3631) to work on /opt/airflow/dags/Lab2_ELT.py
[2025-04-22T23:23:44.375+0000] {processor.py:914} INFO - Processing file /opt/airflow/dags/Lab2_ELT.py for tasks to queue
[2025-04-22T23:23:44.376+0000] {logging_mixin.py:190} INFO - [2025-04-22T23:23:44.376+0000] {dagbag.py:587} INFO - Filling up the DagBag from /opt/airflow/dags/Lab2_ELT.py
[2025-04-22T23:23:44.412+0000] {processor.py:925} INFO - DAG(s) 'law_enforcement_ELT_dbtcloud' retrieved from /opt/airflow/dags/Lab2_ELT.py
[2025-04-22T23:23:44.431+0000] {logging_mixin.py:190} INFO - [2025-04-22T23:23:44.430+0000] {dag.py:3229} INFO - Sync 1 DAGs
[2025-04-22T23:23:44.452+0000] {logging_mixin.py:190} INFO - [2025-04-22T23:23:44.451+0000] {dag.py:4156} INFO - Setting next_dagrun for law_enforcement_ELT_dbtcloud to 2025-04-22 02:30:00+00:00, run_after=2025-04-23 02:30:00+00:00
[2025-04-22T23:23:44.461+0000] {processor.py:208} INFO - Processing /opt/airflow/dags/Lab2_ELT.py took 0.102 seconds
[2025-04-22T23:24:14.677+0000] {processor.py:186} INFO - Started process (PID=3647) to work on /opt/airflow/dags/Lab2_ELT.py
[2025-04-22T23:24:14.679+0000] {processor.py:914} INFO - Processing file /opt/airflow/dags/Lab2_ELT.py for tasks to queue
[2025-04-22T23:24:14.681+0000] {logging_mixin.py:190} INFO - [2025-04-22T23:24:14.680+0000] {dagbag.py:587} INFO - Filling up the DagBag from /opt/airflow/dags/Lab2_ELT.py
[2025-04-22T23:24:14.713+0000] {processor.py:925} INFO - DAG(s) 'law_enforcement_ELT_dbtcloud' retrieved from /opt/airflow/dags/Lab2_ELT.py
[2025-04-22T23:24:14.728+0000] {logging_mixin.py:190} INFO - [2025-04-22T23:24:14.728+0000] {dag.py:3229} INFO - Sync 1 DAGs
[2025-04-22T23:24:14.748+0000] {logging_mixin.py:190} INFO - [2025-04-22T23:24:14.748+0000] {dag.py:4156} INFO - Setting next_dagrun for law_enforcement_ELT_dbtcloud to 2025-04-22 02:30:00+00:00, run_after=2025-04-23 02:30:00+00:00
[2025-04-22T23:24:14.756+0000] {processor.py:208} INFO - Processing /opt/airflow/dags/Lab2_ELT.py took 0.092 seconds
[2025-04-22T23:24:45.243+0000] {processor.py:186} INFO - Started process (PID=3663) to work on /opt/airflow/dags/Lab2_ELT.py
[2025-04-22T23:24:45.245+0000] {processor.py:914} INFO - Processing file /opt/airflow/dags/Lab2_ELT.py for tasks to queue
[2025-04-22T23:24:45.246+0000] {logging_mixin.py:190} INFO - [2025-04-22T23:24:45.246+0000] {dagbag.py:587} INFO - Filling up the DagBag from /opt/airflow/dags/Lab2_ELT.py
[2025-04-22T23:24:45.285+0000] {processor.py:925} INFO - DAG(s) 'law_enforcement_ELT_dbtcloud' retrieved from /opt/airflow/dags/Lab2_ELT.py
[2025-04-22T23:24:45.311+0000] {logging_mixin.py:190} INFO - [2025-04-22T23:24:45.310+0000] {dag.py:3229} INFO - Sync 1 DAGs
[2025-04-22T23:24:45.336+0000] {logging_mixin.py:190} INFO - [2025-04-22T23:24:45.336+0000] {dag.py:4156} INFO - Setting next_dagrun for law_enforcement_ELT_dbtcloud to 2025-04-22 02:30:00+00:00, run_after=2025-04-23 02:30:00+00:00
[2025-04-22T23:24:45.347+0000] {processor.py:208} INFO - Processing /opt/airflow/dags/Lab2_ELT.py took 0.112 seconds
