[2025-02-28T06:37:13.116+0000] {processor.py:186} INFO - Started process (PID=1348) to work on /opt/airflow/dags/ETL_to_snowflake.py
[2025-02-28T06:37:13.117+0000] {processor.py:914} INFO - Processing file /opt/airflow/dags/ETL_to_snowflake.py for tasks to queue
[2025-02-28T06:37:13.119+0000] {logging_mixin.py:190} INFO - [2025-02-28T06:37:13.119+0000] {dagbag.py:587} INFO - Filling up the DagBag from /opt/airflow/dags/ETL_to_snowflake.py
[2025-02-28T06:37:13.162+0000] {logging_mixin.py:190} INFO - [2025-02-28T06:37:13.162+0000] {base.py:84} INFO - Retrieving connection 'snowflake_conn'
[2025-02-28T06:37:13.162+0000] {logging_mixin.py:190} INFO - [2025-02-28T06:37:13.162+0000] {connection.py:413} INFO - Snowflake Connector for Python Version: 3.12.1, Python Version: 3.12.5, Platform: Linux-6.12.5-linuxkit-aarch64-with-glibc2.36
[2025-02-28T06:37:13.163+0000] {logging_mixin.py:190} INFO - [2025-02-28T06:37:13.163+0000] {connection.py:1196} INFO - Connecting to GLOBAL Snowflake domain
[2025-02-28T06:37:13.163+0000] {logging_mixin.py:190} INFO - [2025-02-28T06:37:13.163+0000] {connection.py:1277} INFO - This connection is in OCSP Fail Open Mode. TLS Certificates would be checked for validity and revocation status. Any other Certificate Revocation related exceptions or OCSP Responder failures would be disregarded in favor of connectivity.
[2025-02-28T06:37:13.814+0000] {processor.py:925} INFO - DAG(s) 'Stock_Price' retrieved from /opt/airflow/dags/ETL_to_snowflake.py
[2025-02-28T06:37:13.866+0000] {logging_mixin.py:190} INFO - [2025-02-28T06:37:13.865+0000] {override.py:1900} INFO - Created Permission View: can read on DAG:Stock_Price
[2025-02-28T06:37:13.869+0000] {logging_mixin.py:190} INFO - [2025-02-28T06:37:13.869+0000] {override.py:1900} INFO - Created Permission View: can edit on DAG:Stock_Price
[2025-02-28T06:37:13.871+0000] {logging_mixin.py:190} INFO - [2025-02-28T06:37:13.871+0000] {override.py:1900} INFO - Created Permission View: can delete on DAG:Stock_Price
[2025-02-28T06:37:13.872+0000] {logging_mixin.py:190} INFO - [2025-02-28T06:37:13.872+0000] {override.py:1900} INFO - Created Permission View: menu access on DAG Run:Stock_Price
[2025-02-28T06:37:13.873+0000] {logging_mixin.py:190} INFO - [2025-02-28T06:37:13.873+0000] {override.py:1900} INFO - Created Permission View: can read on DAG Run:Stock_Price
[2025-02-28T06:37:13.874+0000] {logging_mixin.py:190} INFO - [2025-02-28T06:37:13.874+0000] {override.py:1900} INFO - Created Permission View: can delete on DAG Run:Stock_Price
[2025-02-28T06:37:13.876+0000] {logging_mixin.py:190} INFO - [2025-02-28T06:37:13.876+0000] {override.py:1900} INFO - Created Permission View: can create on DAG Run:Stock_Price
[2025-02-28T06:37:13.876+0000] {logging_mixin.py:190} INFO - [2025-02-28T06:37:13.876+0000] {dag.py:3229} INFO - Sync 1 DAGs
[2025-02-28T06:37:13.884+0000] {logging_mixin.py:190} INFO - [2025-02-28T06:37:13.884+0000] {dag.py:3252} INFO - Creating ORM DAG for Stock_Price
[2025-02-28T06:37:13.891+0000] {logging_mixin.py:190} INFO - [2025-02-28T06:37:13.891+0000] {dag.py:4156} INFO - Setting next_dagrun for Stock_Price to 2025-02-27 02:30:00+00:00, run_after=2025-02-28 02:30:00+00:00
[2025-02-28T06:37:13.899+0000] {processor.py:208} INFO - Processing /opt/airflow/dags/ETL_to_snowflake.py took 0.787 seconds
[2025-02-28T06:37:31.115+0000] {processor.py:186} INFO - Started process (PID=1364) to work on /opt/airflow/dags/ETL_to_snowflake.py
[2025-02-28T06:37:31.116+0000] {processor.py:914} INFO - Processing file /opt/airflow/dags/ETL_to_snowflake.py for tasks to queue
[2025-02-28T06:37:31.118+0000] {logging_mixin.py:190} INFO - [2025-02-28T06:37:31.118+0000] {dagbag.py:587} INFO - Filling up the DagBag from /opt/airflow/dags/ETL_to_snowflake.py
[2025-02-28T06:37:31.145+0000] {logging_mixin.py:190} INFO - [2025-02-28T06:37:31.145+0000] {base.py:84} INFO - Retrieving connection 'snowflake_conn'
[2025-02-28T06:37:31.146+0000] {logging_mixin.py:190} INFO - [2025-02-28T06:37:31.146+0000] {connection.py:413} INFO - Snowflake Connector for Python Version: 3.12.1, Python Version: 3.12.5, Platform: Linux-6.12.5-linuxkit-aarch64-with-glibc2.36
[2025-02-28T06:37:31.147+0000] {logging_mixin.py:190} INFO - [2025-02-28T06:37:31.147+0000] {connection.py:1196} INFO - Connecting to GLOBAL Snowflake domain
[2025-02-28T06:37:31.147+0000] {logging_mixin.py:190} INFO - [2025-02-28T06:37:31.147+0000] {connection.py:1277} INFO - This connection is in OCSP Fail Open Mode. TLS Certificates would be checked for validity and revocation status. Any other Certificate Revocation related exceptions or OCSP Responder failures would be disregarded in favor of connectivity.
[2025-02-28T06:37:31.521+0000] {processor.py:925} INFO - DAG(s) 'Stock_Price' retrieved from /opt/airflow/dags/ETL_to_snowflake.py
[2025-02-28T06:37:31.525+0000] {logging_mixin.py:190} INFO - [2025-02-28T06:37:31.524+0000] {dag.py:3229} INFO - Sync 1 DAGs
[2025-02-28T06:37:31.545+0000] {logging_mixin.py:190} INFO - [2025-02-28T06:37:31.545+0000] {dag.py:4156} INFO - Setting next_dagrun for Stock_Price to 2025-02-27 02:30:00+00:00, run_after=2025-02-28 02:30:00+00:00
[2025-02-28T06:37:31.554+0000] {processor.py:208} INFO - Processing /opt/airflow/dags/ETL_to_snowflake.py took 0.446 seconds
[2025-02-28T06:38:01.816+0000] {processor.py:186} INFO - Started process (PID=1380) to work on /opt/airflow/dags/ETL_to_snowflake.py
[2025-02-28T06:38:01.821+0000] {processor.py:914} INFO - Processing file /opt/airflow/dags/ETL_to_snowflake.py for tasks to queue
[2025-02-28T06:38:01.825+0000] {logging_mixin.py:190} INFO - [2025-02-28T06:38:01.824+0000] {dagbag.py:587} INFO - Filling up the DagBag from /opt/airflow/dags/ETL_to_snowflake.py
[2025-02-28T06:38:01.851+0000] {logging_mixin.py:190} INFO - [2025-02-28T06:38:01.851+0000] {base.py:84} INFO - Retrieving connection 'snowflake_conn'
[2025-02-28T06:38:01.852+0000] {logging_mixin.py:190} INFO - [2025-02-28T06:38:01.852+0000] {connection.py:413} INFO - Snowflake Connector for Python Version: 3.12.1, Python Version: 3.12.5, Platform: Linux-6.12.5-linuxkit-aarch64-with-glibc2.36
[2025-02-28T06:38:01.853+0000] {logging_mixin.py:190} INFO - [2025-02-28T06:38:01.853+0000] {connection.py:1196} INFO - Connecting to GLOBAL Snowflake domain
[2025-02-28T06:38:01.854+0000] {logging_mixin.py:190} INFO - [2025-02-28T06:38:01.854+0000] {connection.py:1277} INFO - This connection is in OCSP Fail Open Mode. TLS Certificates would be checked for validity and revocation status. Any other Certificate Revocation related exceptions or OCSP Responder failures would be disregarded in favor of connectivity.
[2025-02-28T06:38:02.350+0000] {processor.py:925} INFO - DAG(s) 'Stock_Price' retrieved from /opt/airflow/dags/ETL_to_snowflake.py
[2025-02-28T06:38:02.407+0000] {logging_mixin.py:190} INFO - [2025-02-28T06:38:02.407+0000] {dag.py:3229} INFO - Sync 1 DAGs
[2025-02-28T06:38:02.416+0000] {logging_mixin.py:190} INFO - [2025-02-28T06:38:02.416+0000] {dag.py:4156} INFO - Setting next_dagrun for Stock_Price to 2025-02-27 02:30:00+00:00, run_after=2025-02-28 02:30:00+00:00
[2025-02-28T06:38:02.425+0000] {processor.py:208} INFO - Processing /opt/airflow/dags/ETL_to_snowflake.py took 0.622 seconds
[2025-02-28T06:38:33.217+0000] {processor.py:186} INFO - Started process (PID=1395) to work on /opt/airflow/dags/ETL_to_snowflake.py
[2025-02-28T06:38:33.218+0000] {processor.py:914} INFO - Processing file /opt/airflow/dags/ETL_to_snowflake.py for tasks to queue
[2025-02-28T06:38:33.219+0000] {logging_mixin.py:190} INFO - [2025-02-28T06:38:33.219+0000] {dagbag.py:587} INFO - Filling up the DagBag from /opt/airflow/dags/ETL_to_snowflake.py
[2025-02-28T06:38:33.234+0000] {logging_mixin.py:190} INFO - [2025-02-28T06:38:33.234+0000] {base.py:84} INFO - Retrieving connection 'snowflake_conn'
[2025-02-28T06:38:33.236+0000] {logging_mixin.py:190} INFO - [2025-02-28T06:38:33.236+0000] {connection.py:413} INFO - Snowflake Connector for Python Version: 3.12.1, Python Version: 3.12.5, Platform: Linux-6.12.5-linuxkit-aarch64-with-glibc2.36
[2025-02-28T06:38:33.236+0000] {logging_mixin.py:190} INFO - [2025-02-28T06:38:33.236+0000] {connection.py:1196} INFO - Connecting to GLOBAL Snowflake domain
[2025-02-28T06:38:33.237+0000] {logging_mixin.py:190} INFO - [2025-02-28T06:38:33.237+0000] {connection.py:1277} INFO - This connection is in OCSP Fail Open Mode. TLS Certificates would be checked for validity and revocation status. Any other Certificate Revocation related exceptions or OCSP Responder failures would be disregarded in favor of connectivity.
[2025-02-28T06:38:33.633+0000] {processor.py:925} INFO - DAG(s) 'Stock_Price' retrieved from /opt/airflow/dags/ETL_to_snowflake.py
[2025-02-28T06:38:33.692+0000] {logging_mixin.py:190} INFO - [2025-02-28T06:38:33.691+0000] {dag.py:3229} INFO - Sync 1 DAGs
[2025-02-28T06:38:33.699+0000] {logging_mixin.py:190} INFO - [2025-02-28T06:38:33.699+0000] {dag.py:4156} INFO - Setting next_dagrun for Stock_Price to 2025-02-27 02:30:00+00:00, run_after=2025-02-28 02:30:00+00:00
[2025-02-28T06:38:33.706+0000] {processor.py:208} INFO - Processing /opt/airflow/dags/ETL_to_snowflake.py took 0.495 seconds
[2025-02-28T06:39:04.639+0000] {processor.py:186} INFO - Started process (PID=1411) to work on /opt/airflow/dags/ETL_to_snowflake.py
[2025-02-28T06:39:04.641+0000] {processor.py:914} INFO - Processing file /opt/airflow/dags/ETL_to_snowflake.py for tasks to queue
[2025-02-28T06:39:04.643+0000] {logging_mixin.py:190} INFO - [2025-02-28T06:39:04.643+0000] {dagbag.py:587} INFO - Filling up the DagBag from /opt/airflow/dags/ETL_to_snowflake.py
[2025-02-28T06:39:04.656+0000] {logging_mixin.py:190} INFO - [2025-02-28T06:39:04.656+0000] {base.py:84} INFO - Retrieving connection 'snowflake_conn'
[2025-02-28T06:39:04.657+0000] {logging_mixin.py:190} INFO - [2025-02-28T06:39:04.657+0000] {connection.py:413} INFO - Snowflake Connector for Python Version: 3.12.1, Python Version: 3.12.5, Platform: Linux-6.12.5-linuxkit-aarch64-with-glibc2.36
[2025-02-28T06:39:04.657+0000] {logging_mixin.py:190} INFO - [2025-02-28T06:39:04.657+0000] {connection.py:1196} INFO - Connecting to GLOBAL Snowflake domain
[2025-02-28T06:39:04.657+0000] {logging_mixin.py:190} INFO - [2025-02-28T06:39:04.657+0000] {connection.py:1277} INFO - This connection is in OCSP Fail Open Mode. TLS Certificates would be checked for validity and revocation status. Any other Certificate Revocation related exceptions or OCSP Responder failures would be disregarded in favor of connectivity.
[2025-02-28T06:39:05.072+0000] {processor.py:925} INFO - DAG(s) 'Stock_Price' retrieved from /opt/airflow/dags/ETL_to_snowflake.py
[2025-02-28T06:39:05.125+0000] {logging_mixin.py:190} INFO - [2025-02-28T06:39:05.125+0000] {dag.py:3229} INFO - Sync 1 DAGs
[2025-02-28T06:39:05.133+0000] {logging_mixin.py:190} INFO - [2025-02-28T06:39:05.133+0000] {dag.py:4156} INFO - Setting next_dagrun for Stock_Price to 2025-02-27 02:30:00+00:00, run_after=2025-02-28 02:30:00+00:00
[2025-02-28T06:39:05.139+0000] {processor.py:208} INFO - Processing /opt/airflow/dags/ETL_to_snowflake.py took 0.505 seconds
[2025-02-28T06:39:35.951+0000] {processor.py:186} INFO - Started process (PID=1427) to work on /opt/airflow/dags/ETL_to_snowflake.py
[2025-02-28T06:39:35.952+0000] {processor.py:914} INFO - Processing file /opt/airflow/dags/ETL_to_snowflake.py for tasks to queue
[2025-02-28T06:39:35.954+0000] {logging_mixin.py:190} INFO - [2025-02-28T06:39:35.954+0000] {dagbag.py:587} INFO - Filling up the DagBag from /opt/airflow/dags/ETL_to_snowflake.py
[2025-02-28T06:39:35.971+0000] {logging_mixin.py:190} INFO - [2025-02-28T06:39:35.971+0000] {base.py:84} INFO - Retrieving connection 'snowflake_conn'
[2025-02-28T06:39:35.972+0000] {logging_mixin.py:190} INFO - [2025-02-28T06:39:35.972+0000] {connection.py:413} INFO - Snowflake Connector for Python Version: 3.12.1, Python Version: 3.12.5, Platform: Linux-6.12.5-linuxkit-aarch64-with-glibc2.36
[2025-02-28T06:39:35.973+0000] {logging_mixin.py:190} INFO - [2025-02-28T06:39:35.972+0000] {connection.py:1196} INFO - Connecting to GLOBAL Snowflake domain
[2025-02-28T06:39:35.973+0000] {logging_mixin.py:190} INFO - [2025-02-28T06:39:35.973+0000] {connection.py:1277} INFO - This connection is in OCSP Fail Open Mode. TLS Certificates would be checked for validity and revocation status. Any other Certificate Revocation related exceptions or OCSP Responder failures would be disregarded in favor of connectivity.
[2025-02-28T06:39:36.312+0000] {processor.py:925} INFO - DAG(s) 'Stock_Price' retrieved from /opt/airflow/dags/ETL_to_snowflake.py
[2025-02-28T06:39:36.367+0000] {logging_mixin.py:190} INFO - [2025-02-28T06:39:36.366+0000] {dag.py:3229} INFO - Sync 1 DAGs
[2025-02-28T06:39:36.375+0000] {logging_mixin.py:190} INFO - [2025-02-28T06:39:36.375+0000] {dag.py:4156} INFO - Setting next_dagrun for Stock_Price to 2025-02-27 02:30:00+00:00, run_after=2025-02-28 02:30:00+00:00
[2025-02-28T06:39:36.381+0000] {processor.py:208} INFO - Processing /opt/airflow/dags/ETL_to_snowflake.py took 0.435 seconds
[2025-02-28T06:40:07.288+0000] {processor.py:186} INFO - Started process (PID=1443) to work on /opt/airflow/dags/ETL_to_snowflake.py
[2025-02-28T06:40:07.290+0000] {processor.py:914} INFO - Processing file /opt/airflow/dags/ETL_to_snowflake.py for tasks to queue
[2025-02-28T06:40:07.296+0000] {logging_mixin.py:190} INFO - [2025-02-28T06:40:07.296+0000] {dagbag.py:587} INFO - Filling up the DagBag from /opt/airflow/dags/ETL_to_snowflake.py
[2025-02-28T06:40:07.321+0000] {logging_mixin.py:190} INFO - [2025-02-28T06:40:07.321+0000] {base.py:84} INFO - Retrieving connection 'snowflake_conn'
[2025-02-28T06:40:07.322+0000] {logging_mixin.py:190} INFO - [2025-02-28T06:40:07.322+0000] {connection.py:413} INFO - Snowflake Connector for Python Version: 3.12.1, Python Version: 3.12.5, Platform: Linux-6.12.5-linuxkit-aarch64-with-glibc2.36
[2025-02-28T06:40:07.323+0000] {logging_mixin.py:190} INFO - [2025-02-28T06:40:07.323+0000] {connection.py:1196} INFO - Connecting to GLOBAL Snowflake domain
[2025-02-28T06:40:07.323+0000] {logging_mixin.py:190} INFO - [2025-02-28T06:40:07.323+0000] {connection.py:1277} INFO - This connection is in OCSP Fail Open Mode. TLS Certificates would be checked for validity and revocation status. Any other Certificate Revocation related exceptions or OCSP Responder failures would be disregarded in favor of connectivity.
[2025-02-28T06:40:07.812+0000] {processor.py:925} INFO - DAG(s) 'Stock_Price' retrieved from /opt/airflow/dags/ETL_to_snowflake.py
[2025-02-28T06:40:07.874+0000] {logging_mixin.py:190} INFO - [2025-02-28T06:40:07.874+0000] {dag.py:3229} INFO - Sync 1 DAGs
[2025-02-28T06:40:07.883+0000] {logging_mixin.py:190} INFO - [2025-02-28T06:40:07.883+0000] {dag.py:4156} INFO - Setting next_dagrun for Stock_Price to 2025-02-27 02:30:00+00:00, run_after=2025-02-28 02:30:00+00:00
[2025-02-28T06:40:07.890+0000] {processor.py:208} INFO - Processing /opt/airflow/dags/ETL_to_snowflake.py took 0.610 seconds
[2025-02-28T06:40:38.739+0000] {processor.py:186} INFO - Started process (PID=1459) to work on /opt/airflow/dags/ETL_to_snowflake.py
[2025-02-28T06:40:38.742+0000] {processor.py:914} INFO - Processing file /opt/airflow/dags/ETL_to_snowflake.py for tasks to queue
[2025-02-28T06:40:38.758+0000] {logging_mixin.py:190} INFO - [2025-02-28T06:40:38.757+0000] {dagbag.py:587} INFO - Filling up the DagBag from /opt/airflow/dags/ETL_to_snowflake.py
[2025-02-28T06:40:38.801+0000] {logging_mixin.py:190} INFO - [2025-02-28T06:40:38.801+0000] {base.py:84} INFO - Retrieving connection 'snowflake_conn'
[2025-02-28T06:40:38.806+0000] {logging_mixin.py:190} INFO - [2025-02-28T06:40:38.805+0000] {connection.py:413} INFO - Snowflake Connector for Python Version: 3.12.1, Python Version: 3.12.5, Platform: Linux-6.12.5-linuxkit-aarch64-with-glibc2.36
[2025-02-28T06:40:38.808+0000] {logging_mixin.py:190} INFO - [2025-02-28T06:40:38.808+0000] {connection.py:1196} INFO - Connecting to GLOBAL Snowflake domain
[2025-02-28T06:40:38.808+0000] {logging_mixin.py:190} INFO - [2025-02-28T06:40:38.808+0000] {connection.py:1277} INFO - This connection is in OCSP Fail Open Mode. TLS Certificates would be checked for validity and revocation status. Any other Certificate Revocation related exceptions or OCSP Responder failures would be disregarded in favor of connectivity.
[2025-02-28T06:40:39.555+0000] {processor.py:925} INFO - DAG(s) 'Stock_Price' retrieved from /opt/airflow/dags/ETL_to_snowflake.py
[2025-02-28T06:40:39.614+0000] {logging_mixin.py:190} INFO - [2025-02-28T06:40:39.614+0000] {dag.py:3229} INFO - Sync 1 DAGs
[2025-02-28T06:40:39.623+0000] {logging_mixin.py:190} INFO - [2025-02-28T06:40:39.623+0000] {dag.py:4156} INFO - Setting next_dagrun for Stock_Price to 2025-02-27 02:30:00+00:00, run_after=2025-02-28 02:30:00+00:00
[2025-02-28T06:40:39.630+0000] {processor.py:208} INFO - Processing /opt/airflow/dags/ETL_to_snowflake.py took 0.904 seconds
[2025-02-28T06:41:57.503+0000] {processor.py:186} INFO - Started process (PID=1469) to work on /opt/airflow/dags/ETL_to_snowflake.py
[2025-02-28T06:41:57.505+0000] {processor.py:914} INFO - Processing file /opt/airflow/dags/ETL_to_snowflake.py for tasks to queue
[2025-02-28T06:41:57.513+0000] {logging_mixin.py:190} INFO - [2025-02-28T06:41:57.512+0000] {dagbag.py:587} INFO - Filling up the DagBag from /opt/airflow/dags/ETL_to_snowflake.py
[2025-02-28T06:41:57.550+0000] {logging_mixin.py:190} INFO - [2025-02-28T06:41:57.550+0000] {base.py:84} INFO - Retrieving connection 'snowflake_conn'
[2025-02-28T06:41:57.551+0000] {logging_mixin.py:190} INFO - [2025-02-28T06:41:57.551+0000] {connection.py:413} INFO - Snowflake Connector for Python Version: 3.12.1, Python Version: 3.12.5, Platform: Linux-6.12.5-linuxkit-aarch64-with-glibc2.36
[2025-02-28T06:41:57.552+0000] {logging_mixin.py:190} INFO - [2025-02-28T06:41:57.552+0000] {connection.py:1196} INFO - Connecting to GLOBAL Snowflake domain
[2025-02-28T06:41:57.552+0000] {logging_mixin.py:190} INFO - [2025-02-28T06:41:57.552+0000] {connection.py:1277} INFO - This connection is in OCSP Fail Open Mode. TLS Certificates would be checked for validity and revocation status. Any other Certificate Revocation related exceptions or OCSP Responder failures would be disregarded in favor of connectivity.
[2025-02-28T06:41:57.927+0000] {processor.py:925} INFO - DAG(s) 'Stock_Price' retrieved from /opt/airflow/dags/ETL_to_snowflake.py
[2025-02-28T06:41:57.982+0000] {logging_mixin.py:190} INFO - [2025-02-28T06:41:57.982+0000] {dag.py:3229} INFO - Sync 1 DAGs
[2025-02-28T06:41:57.990+0000] {logging_mixin.py:190} INFO - [2025-02-28T06:41:57.990+0000] {dag.py:4156} INFO - Setting next_dagrun for Stock_Price to 2025-02-27 02:30:00+00:00, run_after=2025-02-28 02:30:00+00:00
[2025-02-28T06:41:57.996+0000] {processor.py:208} INFO - Processing /opt/airflow/dags/ETL_to_snowflake.py took 0.502 seconds
[2025-02-28T06:42:28.358+0000] {processor.py:186} INFO - Started process (PID=1491) to work on /opt/airflow/dags/ETL_to_snowflake.py
[2025-02-28T06:42:28.360+0000] {processor.py:914} INFO - Processing file /opt/airflow/dags/ETL_to_snowflake.py for tasks to queue
[2025-02-28T06:42:28.362+0000] {logging_mixin.py:190} INFO - [2025-02-28T06:42:28.362+0000] {dagbag.py:587} INFO - Filling up the DagBag from /opt/airflow/dags/ETL_to_snowflake.py
[2025-02-28T06:42:28.384+0000] {logging_mixin.py:190} INFO - [2025-02-28T06:42:28.384+0000] {base.py:84} INFO - Retrieving connection 'snowflake_conn'
[2025-02-28T06:42:28.385+0000] {logging_mixin.py:190} INFO - [2025-02-28T06:42:28.385+0000] {connection.py:413} INFO - Snowflake Connector for Python Version: 3.12.1, Python Version: 3.12.5, Platform: Linux-6.12.5-linuxkit-aarch64-with-glibc2.36
[2025-02-28T06:42:28.387+0000] {logging_mixin.py:190} INFO - [2025-02-28T06:42:28.387+0000] {connection.py:1196} INFO - Connecting to GLOBAL Snowflake domain
[2025-02-28T06:42:28.390+0000] {logging_mixin.py:190} INFO - [2025-02-28T06:42:28.390+0000] {connection.py:1277} INFO - This connection is in OCSP Fail Open Mode. TLS Certificates would be checked for validity and revocation status. Any other Certificate Revocation related exceptions or OCSP Responder failures would be disregarded in favor of connectivity.
[2025-02-28T06:42:28.726+0000] {processor.py:925} INFO - DAG(s) 'Stock_Price' retrieved from /opt/airflow/dags/ETL_to_snowflake.py
[2025-02-28T06:42:28.776+0000] {logging_mixin.py:190} INFO - [2025-02-28T06:42:28.775+0000] {dag.py:3229} INFO - Sync 1 DAGs
[2025-02-28T06:42:28.783+0000] {logging_mixin.py:190} INFO - [2025-02-28T06:42:28.783+0000] {dag.py:4156} INFO - Setting next_dagrun for Stock_Price to 2025-02-27 02:30:00+00:00, run_after=2025-02-28 02:30:00+00:00
[2025-02-28T06:42:28.789+0000] {processor.py:208} INFO - Processing /opt/airflow/dags/ETL_to_snowflake.py took 0.436 seconds
[2025-02-28T06:42:59.133+0000] {processor.py:186} INFO - Started process (PID=1512) to work on /opt/airflow/dags/ETL_to_snowflake.py
[2025-02-28T06:42:59.135+0000] {processor.py:914} INFO - Processing file /opt/airflow/dags/ETL_to_snowflake.py for tasks to queue
[2025-02-28T06:42:59.136+0000] {logging_mixin.py:190} INFO - [2025-02-28T06:42:59.136+0000] {dagbag.py:587} INFO - Filling up the DagBag from /opt/airflow/dags/ETL_to_snowflake.py
[2025-02-28T06:42:59.158+0000] {logging_mixin.py:190} INFO - [2025-02-28T06:42:59.158+0000] {base.py:84} INFO - Retrieving connection 'snowflake_conn'
[2025-02-28T06:42:59.159+0000] {logging_mixin.py:190} INFO - [2025-02-28T06:42:59.159+0000] {connection.py:413} INFO - Snowflake Connector for Python Version: 3.12.1, Python Version: 3.12.5, Platform: Linux-6.12.5-linuxkit-aarch64-with-glibc2.36
[2025-02-28T06:42:59.161+0000] {logging_mixin.py:190} INFO - [2025-02-28T06:42:59.161+0000] {connection.py:1196} INFO - Connecting to GLOBAL Snowflake domain
[2025-02-28T06:42:59.162+0000] {logging_mixin.py:190} INFO - [2025-02-28T06:42:59.162+0000] {connection.py:1277} INFO - This connection is in OCSP Fail Open Mode. TLS Certificates would be checked for validity and revocation status. Any other Certificate Revocation related exceptions or OCSP Responder failures would be disregarded in favor of connectivity.
[2025-02-28T06:42:59.503+0000] {processor.py:925} INFO - DAG(s) 'Stock_Price' retrieved from /opt/airflow/dags/ETL_to_snowflake.py
[2025-02-28T06:42:59.560+0000] {logging_mixin.py:190} INFO - [2025-02-28T06:42:59.559+0000] {dag.py:3229} INFO - Sync 1 DAGs
[2025-02-28T06:42:59.576+0000] {logging_mixin.py:190} INFO - [2025-02-28T06:42:59.576+0000] {dag.py:4156} INFO - Setting next_dagrun for Stock_Price to 2025-02-27 02:30:00+00:00, run_after=2025-02-28 02:30:00+00:00
[2025-02-28T06:42:59.585+0000] {processor.py:208} INFO - Processing /opt/airflow/dags/ETL_to_snowflake.py took 0.459 seconds
[2025-02-28T06:43:29.876+0000] {processor.py:186} INFO - Started process (PID=1534) to work on /opt/airflow/dags/ETL_to_snowflake.py
[2025-02-28T06:43:29.878+0000] {processor.py:914} INFO - Processing file /opt/airflow/dags/ETL_to_snowflake.py for tasks to queue
[2025-02-28T06:43:29.880+0000] {logging_mixin.py:190} INFO - [2025-02-28T06:43:29.880+0000] {dagbag.py:587} INFO - Filling up the DagBag from /opt/airflow/dags/ETL_to_snowflake.py
[2025-02-28T06:43:29.897+0000] {logging_mixin.py:190} INFO - [2025-02-28T06:43:29.897+0000] {base.py:84} INFO - Retrieving connection 'snowflake_conn'
[2025-02-28T06:43:29.897+0000] {logging_mixin.py:190} INFO - [2025-02-28T06:43:29.897+0000] {connection.py:413} INFO - Snowflake Connector for Python Version: 3.12.1, Python Version: 3.12.5, Platform: Linux-6.12.5-linuxkit-aarch64-with-glibc2.36
[2025-02-28T06:43:29.898+0000] {logging_mixin.py:190} INFO - [2025-02-28T06:43:29.898+0000] {connection.py:1196} INFO - Connecting to GLOBAL Snowflake domain
[2025-02-28T06:43:29.898+0000] {logging_mixin.py:190} INFO - [2025-02-28T06:43:29.898+0000] {connection.py:1277} INFO - This connection is in OCSP Fail Open Mode. TLS Certificates would be checked for validity and revocation status. Any other Certificate Revocation related exceptions or OCSP Responder failures would be disregarded in favor of connectivity.
[2025-02-28T06:43:30.219+0000] {processor.py:925} INFO - DAG(s) 'Stock_Price' retrieved from /opt/airflow/dags/ETL_to_snowflake.py
[2025-02-28T06:43:30.274+0000] {logging_mixin.py:190} INFO - [2025-02-28T06:43:30.273+0000] {dag.py:3229} INFO - Sync 1 DAGs
[2025-02-28T06:43:30.281+0000] {logging_mixin.py:190} INFO - [2025-02-28T06:43:30.281+0000] {dag.py:4156} INFO - Setting next_dagrun for Stock_Price to 2025-02-27 02:30:00+00:00, run_after=2025-02-28 02:30:00+00:00
[2025-02-28T06:43:30.290+0000] {processor.py:208} INFO - Processing /opt/airflow/dags/ETL_to_snowflake.py took 0.419 seconds
[2025-02-28T06:44:00.591+0000] {processor.py:186} INFO - Started process (PID=1561) to work on /opt/airflow/dags/ETL_to_snowflake.py
[2025-02-28T06:44:00.592+0000] {processor.py:914} INFO - Processing file /opt/airflow/dags/ETL_to_snowflake.py for tasks to queue
[2025-02-28T06:44:00.593+0000] {logging_mixin.py:190} INFO - [2025-02-28T06:44:00.593+0000] {dagbag.py:587} INFO - Filling up the DagBag from /opt/airflow/dags/ETL_to_snowflake.py
[2025-02-28T06:44:00.615+0000] {logging_mixin.py:190} INFO - [2025-02-28T06:44:00.614+0000] {base.py:84} INFO - Retrieving connection 'snowflake_conn'
[2025-02-28T06:44:00.616+0000] {logging_mixin.py:190} INFO - [2025-02-28T06:44:00.616+0000] {connection.py:413} INFO - Snowflake Connector for Python Version: 3.12.1, Python Version: 3.12.5, Platform: Linux-6.12.5-linuxkit-aarch64-with-glibc2.36
[2025-02-28T06:44:00.616+0000] {logging_mixin.py:190} INFO - [2025-02-28T06:44:00.616+0000] {connection.py:1196} INFO - Connecting to GLOBAL Snowflake domain
[2025-02-28T06:44:00.617+0000] {logging_mixin.py:190} INFO - [2025-02-28T06:44:00.617+0000] {connection.py:1277} INFO - This connection is in OCSP Fail Open Mode. TLS Certificates would be checked for validity and revocation status. Any other Certificate Revocation related exceptions or OCSP Responder failures would be disregarded in favor of connectivity.
[2025-02-28T06:44:00.920+0000] {processor.py:925} INFO - DAG(s) 'Stock_Price' retrieved from /opt/airflow/dags/ETL_to_snowflake.py
[2025-02-28T06:44:00.967+0000] {logging_mixin.py:190} INFO - [2025-02-28T06:44:00.967+0000] {dag.py:3229} INFO - Sync 1 DAGs
[2025-02-28T06:44:00.975+0000] {logging_mixin.py:190} INFO - [2025-02-28T06:44:00.975+0000] {dag.py:4156} INFO - Setting next_dagrun for Stock_Price to 2025-02-27 02:30:00+00:00, run_after=2025-02-28 02:30:00+00:00
[2025-02-28T06:44:00.980+0000] {processor.py:208} INFO - Processing /opt/airflow/dags/ETL_to_snowflake.py took 0.394 seconds
[2025-02-28T06:44:31.307+0000] {processor.py:186} INFO - Started process (PID=1583) to work on /opt/airflow/dags/ETL_to_snowflake.py
[2025-02-28T06:44:31.310+0000] {processor.py:914} INFO - Processing file /opt/airflow/dags/ETL_to_snowflake.py for tasks to queue
[2025-02-28T06:44:31.312+0000] {logging_mixin.py:190} INFO - [2025-02-28T06:44:31.311+0000] {dagbag.py:587} INFO - Filling up the DagBag from /opt/airflow/dags/ETL_to_snowflake.py
[2025-02-28T06:44:31.333+0000] {logging_mixin.py:190} INFO - [2025-02-28T06:44:31.333+0000] {base.py:84} INFO - Retrieving connection 'snowflake_conn'
[2025-02-28T06:44:31.334+0000] {logging_mixin.py:190} INFO - [2025-02-28T06:44:31.334+0000] {connection.py:413} INFO - Snowflake Connector for Python Version: 3.12.1, Python Version: 3.12.5, Platform: Linux-6.12.5-linuxkit-aarch64-with-glibc2.36
[2025-02-28T06:44:31.335+0000] {logging_mixin.py:190} INFO - [2025-02-28T06:44:31.334+0000] {connection.py:1196} INFO - Connecting to GLOBAL Snowflake domain
[2025-02-28T06:44:31.335+0000] {logging_mixin.py:190} INFO - [2025-02-28T06:44:31.335+0000] {connection.py:1277} INFO - This connection is in OCSP Fail Open Mode. TLS Certificates would be checked for validity and revocation status. Any other Certificate Revocation related exceptions or OCSP Responder failures would be disregarded in favor of connectivity.
[2025-02-28T06:44:31.670+0000] {processor.py:925} INFO - DAG(s) 'Stock_Price' retrieved from /opt/airflow/dags/ETL_to_snowflake.py
[2025-02-28T06:44:31.731+0000] {logging_mixin.py:190} INFO - [2025-02-28T06:44:31.731+0000] {dag.py:3229} INFO - Sync 1 DAGs
[2025-02-28T06:44:31.740+0000] {logging_mixin.py:190} INFO - [2025-02-28T06:44:31.740+0000] {dag.py:4156} INFO - Setting next_dagrun for Stock_Price to 2025-02-27 02:30:00+00:00, run_after=2025-02-28 02:30:00+00:00
[2025-02-28T06:44:31.747+0000] {processor.py:208} INFO - Processing /opt/airflow/dags/ETL_to_snowflake.py took 0.446 seconds
[2025-02-28T06:45:02.533+0000] {processor.py:186} INFO - Started process (PID=1615) to work on /opt/airflow/dags/ETL_to_snowflake.py
[2025-02-28T06:45:02.535+0000] {processor.py:914} INFO - Processing file /opt/airflow/dags/ETL_to_snowflake.py for tasks to queue
[2025-02-28T06:45:02.537+0000] {logging_mixin.py:190} INFO - [2025-02-28T06:45:02.537+0000] {dagbag.py:587} INFO - Filling up the DagBag from /opt/airflow/dags/ETL_to_snowflake.py
[2025-02-28T06:45:02.558+0000] {logging_mixin.py:190} INFO - [2025-02-28T06:45:02.558+0000] {base.py:84} INFO - Retrieving connection 'snowflake_conn'
[2025-02-28T06:45:02.559+0000] {logging_mixin.py:190} INFO - [2025-02-28T06:45:02.559+0000] {connection.py:413} INFO - Snowflake Connector for Python Version: 3.12.1, Python Version: 3.12.5, Platform: Linux-6.12.5-linuxkit-aarch64-with-glibc2.36
[2025-02-28T06:45:02.560+0000] {logging_mixin.py:190} INFO - [2025-02-28T06:45:02.560+0000] {connection.py:1196} INFO - Connecting to GLOBAL Snowflake domain
[2025-02-28T06:45:02.560+0000] {logging_mixin.py:190} INFO - [2025-02-28T06:45:02.560+0000] {connection.py:1277} INFO - This connection is in OCSP Fail Open Mode. TLS Certificates would be checked for validity and revocation status. Any other Certificate Revocation related exceptions or OCSP Responder failures would be disregarded in favor of connectivity.
[2025-02-28T06:45:02.906+0000] {processor.py:925} INFO - DAG(s) 'Stock_Price' retrieved from /opt/airflow/dags/ETL_to_snowflake.py
[2025-02-28T06:45:02.959+0000] {logging_mixin.py:190} INFO - [2025-02-28T06:45:02.958+0000] {dag.py:3229} INFO - Sync 1 DAGs
[2025-02-28T06:45:02.967+0000] {logging_mixin.py:190} INFO - [2025-02-28T06:45:02.967+0000] {dag.py:4156} INFO - Setting next_dagrun for Stock_Price to 2025-02-27 02:30:00+00:00, run_after=2025-02-28 02:30:00+00:00
[2025-02-28T06:45:02.973+0000] {processor.py:208} INFO - Processing /opt/airflow/dags/ETL_to_snowflake.py took 0.448 seconds
[2025-02-28T06:45:33.368+0000] {processor.py:186} INFO - Started process (PID=1643) to work on /opt/airflow/dags/ETL_to_snowflake.py
[2025-02-28T06:45:33.370+0000] {processor.py:914} INFO - Processing file /opt/airflow/dags/ETL_to_snowflake.py for tasks to queue
[2025-02-28T06:45:33.371+0000] {logging_mixin.py:190} INFO - [2025-02-28T06:45:33.371+0000] {dagbag.py:587} INFO - Filling up the DagBag from /opt/airflow/dags/ETL_to_snowflake.py
[2025-02-28T06:45:33.390+0000] {logging_mixin.py:190} INFO - [2025-02-28T06:45:33.390+0000] {base.py:84} INFO - Retrieving connection 'snowflake_conn'
[2025-02-28T06:45:33.391+0000] {logging_mixin.py:190} INFO - [2025-02-28T06:45:33.390+0000] {connection.py:413} INFO - Snowflake Connector for Python Version: 3.12.1, Python Version: 3.12.5, Platform: Linux-6.12.5-linuxkit-aarch64-with-glibc2.36
[2025-02-28T06:45:33.391+0000] {logging_mixin.py:190} INFO - [2025-02-28T06:45:33.391+0000] {connection.py:1196} INFO - Connecting to GLOBAL Snowflake domain
[2025-02-28T06:45:33.392+0000] {logging_mixin.py:190} INFO - [2025-02-28T06:45:33.392+0000] {connection.py:1277} INFO - This connection is in OCSP Fail Open Mode. TLS Certificates would be checked for validity and revocation status. Any other Certificate Revocation related exceptions or OCSP Responder failures would be disregarded in favor of connectivity.
[2025-02-28T06:45:33.958+0000] {processor.py:925} INFO - DAG(s) 'Stock_Price' retrieved from /opt/airflow/dags/ETL_to_snowflake.py
[2025-02-28T06:45:34.018+0000] {logging_mixin.py:190} INFO - [2025-02-28T06:45:34.018+0000] {dag.py:3229} INFO - Sync 1 DAGs
[2025-02-28T06:45:34.028+0000] {logging_mixin.py:190} INFO - [2025-02-28T06:45:34.028+0000] {dag.py:4156} INFO - Setting next_dagrun for Stock_Price to 2025-02-27 02:30:00+00:00, run_after=2025-02-28 02:30:00+00:00
[2025-02-28T06:45:34.035+0000] {processor.py:208} INFO - Processing /opt/airflow/dags/ETL_to_snowflake.py took 0.672 seconds
[2025-02-28T06:46:04.753+0000] {processor.py:186} INFO - Started process (PID=1675) to work on /opt/airflow/dags/ETL_to_snowflake.py
[2025-02-28T06:46:04.755+0000] {processor.py:914} INFO - Processing file /opt/airflow/dags/ETL_to_snowflake.py for tasks to queue
[2025-02-28T06:46:04.756+0000] {logging_mixin.py:190} INFO - [2025-02-28T06:46:04.756+0000] {dagbag.py:587} INFO - Filling up the DagBag from /opt/airflow/dags/ETL_to_snowflake.py
[2025-02-28T06:46:04.772+0000] {logging_mixin.py:190} INFO - [2025-02-28T06:46:04.772+0000] {base.py:84} INFO - Retrieving connection 'snowflake_conn'
[2025-02-28T06:46:04.773+0000] {logging_mixin.py:190} INFO - [2025-02-28T06:46:04.773+0000] {connection.py:413} INFO - Snowflake Connector for Python Version: 3.12.1, Python Version: 3.12.5, Platform: Linux-6.12.5-linuxkit-aarch64-with-glibc2.36
[2025-02-28T06:46:04.774+0000] {logging_mixin.py:190} INFO - [2025-02-28T06:46:04.774+0000] {connection.py:1196} INFO - Connecting to GLOBAL Snowflake domain
[2025-02-28T06:46:04.774+0000] {logging_mixin.py:190} INFO - [2025-02-28T06:46:04.774+0000] {connection.py:1277} INFO - This connection is in OCSP Fail Open Mode. TLS Certificates would be checked for validity and revocation status. Any other Certificate Revocation related exceptions or OCSP Responder failures would be disregarded in favor of connectivity.
[2025-02-28T06:46:05.135+0000] {processor.py:925} INFO - DAG(s) 'Stock_Price' retrieved from /opt/airflow/dags/ETL_to_snowflake.py
[2025-02-28T06:46:05.193+0000] {logging_mixin.py:190} INFO - [2025-02-28T06:46:05.193+0000] {dag.py:3229} INFO - Sync 1 DAGs
[2025-02-28T06:46:05.203+0000] {logging_mixin.py:190} INFO - [2025-02-28T06:46:05.203+0000] {dag.py:4156} INFO - Setting next_dagrun for Stock_Price to 2025-02-28 02:30:00+00:00, run_after=2025-03-01 02:30:00+00:00
[2025-02-28T06:46:05.210+0000] {processor.py:208} INFO - Processing /opt/airflow/dags/ETL_to_snowflake.py took 0.473 seconds
[2025-02-28T06:46:35.703+0000] {processor.py:186} INFO - Started process (PID=1707) to work on /opt/airflow/dags/ETL_to_snowflake.py
[2025-02-28T06:46:35.705+0000] {processor.py:914} INFO - Processing file /opt/airflow/dags/ETL_to_snowflake.py for tasks to queue
[2025-02-28T06:46:35.706+0000] {logging_mixin.py:190} INFO - [2025-02-28T06:46:35.706+0000] {dagbag.py:587} INFO - Filling up the DagBag from /opt/airflow/dags/ETL_to_snowflake.py
[2025-02-28T06:46:35.722+0000] {logging_mixin.py:190} INFO - [2025-02-28T06:46:35.722+0000] {base.py:84} INFO - Retrieving connection 'snowflake_conn'
[2025-02-28T06:46:35.723+0000] {logging_mixin.py:190} INFO - [2025-02-28T06:46:35.722+0000] {connection.py:413} INFO - Snowflake Connector for Python Version: 3.12.1, Python Version: 3.12.5, Platform: Linux-6.12.5-linuxkit-aarch64-with-glibc2.36
[2025-02-28T06:46:35.723+0000] {logging_mixin.py:190} INFO - [2025-02-28T06:46:35.723+0000] {connection.py:1196} INFO - Connecting to GLOBAL Snowflake domain
[2025-02-28T06:46:35.724+0000] {logging_mixin.py:190} INFO - [2025-02-28T06:46:35.723+0000] {connection.py:1277} INFO - This connection is in OCSP Fail Open Mode. TLS Certificates would be checked for validity and revocation status. Any other Certificate Revocation related exceptions or OCSP Responder failures would be disregarded in favor of connectivity.
[2025-02-28T06:46:36.096+0000] {processor.py:925} INFO - DAG(s) 'Stock_Price' retrieved from /opt/airflow/dags/ETL_to_snowflake.py
[2025-02-28T06:46:36.164+0000] {logging_mixin.py:190} INFO - [2025-02-28T06:46:36.163+0000] {dag.py:3229} INFO - Sync 1 DAGs
[2025-02-28T06:46:36.173+0000] {logging_mixin.py:190} INFO - [2025-02-28T06:46:36.173+0000] {dag.py:4156} INFO - Setting next_dagrun for Stock_Price to 2025-02-28 02:30:00+00:00, run_after=2025-03-01 02:30:00+00:00
[2025-02-28T06:46:36.179+0000] {processor.py:208} INFO - Processing /opt/airflow/dags/ETL_to_snowflake.py took 0.482 seconds
[2025-02-28T06:46:46.831+0000] {processor.py:186} INFO - Started process (PID=1712) to work on /opt/airflow/dags/ETL_to_snowflake.py
[2025-02-28T06:46:46.833+0000] {processor.py:914} INFO - Processing file /opt/airflow/dags/ETL_to_snowflake.py for tasks to queue
[2025-02-28T06:46:46.836+0000] {logging_mixin.py:190} INFO - [2025-02-28T06:46:46.836+0000] {dagbag.py:587} INFO - Filling up the DagBag from /opt/airflow/dags/ETL_to_snowflake.py
[2025-02-28T06:46:46.858+0000] {logging_mixin.py:190} INFO - [2025-02-28T06:46:46.858+0000] {base.py:84} INFO - Retrieving connection 'snowflake_conn'
[2025-02-28T06:46:46.859+0000] {logging_mixin.py:190} INFO - [2025-02-28T06:46:46.859+0000] {connection.py:413} INFO - Snowflake Connector for Python Version: 3.12.1, Python Version: 3.12.5, Platform: Linux-6.12.5-linuxkit-aarch64-with-glibc2.36
[2025-02-28T06:46:46.860+0000] {logging_mixin.py:190} INFO - [2025-02-28T06:46:46.860+0000] {connection.py:1196} INFO - Connecting to GLOBAL Snowflake domain
[2025-02-28T06:46:46.860+0000] {logging_mixin.py:190} INFO - [2025-02-28T06:46:46.860+0000] {connection.py:1277} INFO - This connection is in OCSP Fail Open Mode. TLS Certificates would be checked for validity and revocation status. Any other Certificate Revocation related exceptions or OCSP Responder failures would be disregarded in favor of connectivity.
[2025-02-28T06:46:47.214+0000] {processor.py:925} INFO - DAG(s) 'StockPrice' retrieved from /opt/airflow/dags/ETL_to_snowflake.py
[2025-02-28T06:46:47.271+0000] {logging_mixin.py:190} INFO - [2025-02-28T06:46:47.270+0000] {override.py:1900} INFO - Created Permission View: can read on DAG:StockPrice
[2025-02-28T06:46:47.274+0000] {logging_mixin.py:190} INFO - [2025-02-28T06:46:47.274+0000] {override.py:1900} INFO - Created Permission View: can edit on DAG:StockPrice
[2025-02-28T06:46:47.276+0000] {logging_mixin.py:190} INFO - [2025-02-28T06:46:47.276+0000] {override.py:1900} INFO - Created Permission View: can delete on DAG:StockPrice
[2025-02-28T06:46:47.277+0000] {logging_mixin.py:190} INFO - [2025-02-28T06:46:47.277+0000] {override.py:1900} INFO - Created Permission View: menu access on DAG Run:StockPrice
[2025-02-28T06:46:47.278+0000] {logging_mixin.py:190} INFO - [2025-02-28T06:46:47.278+0000] {override.py:1900} INFO - Created Permission View: can read on DAG Run:StockPrice
[2025-02-28T06:46:47.280+0000] {logging_mixin.py:190} INFO - [2025-02-28T06:46:47.280+0000] {override.py:1900} INFO - Created Permission View: can delete on DAG Run:StockPrice
[2025-02-28T06:46:47.281+0000] {logging_mixin.py:190} INFO - [2025-02-28T06:46:47.281+0000] {override.py:1900} INFO - Created Permission View: can create on DAG Run:StockPrice
[2025-02-28T06:46:47.281+0000] {logging_mixin.py:190} INFO - [2025-02-28T06:46:47.281+0000] {dag.py:3229} INFO - Sync 1 DAGs
[2025-02-28T06:46:47.287+0000] {logging_mixin.py:190} INFO - [2025-02-28T06:46:47.287+0000] {dag.py:3252} INFO - Creating ORM DAG for StockPrice
[2025-02-28T06:46:47.291+0000] {logging_mixin.py:190} INFO - [2025-02-28T06:46:47.291+0000] {dag.py:4156} INFO - Setting next_dagrun for StockPrice to 2025-02-27 02:30:00+00:00, run_after=2025-02-28 02:30:00+00:00
[2025-02-28T06:46:47.297+0000] {processor.py:208} INFO - Processing /opt/airflow/dags/ETL_to_snowflake.py took 0.473 seconds
[2025-02-28T06:47:17.663+0000] {processor.py:186} INFO - Started process (PID=1733) to work on /opt/airflow/dags/ETL_to_snowflake.py
[2025-02-28T06:47:17.665+0000] {processor.py:914} INFO - Processing file /opt/airflow/dags/ETL_to_snowflake.py for tasks to queue
[2025-02-28T06:47:17.667+0000] {logging_mixin.py:190} INFO - [2025-02-28T06:47:17.667+0000] {dagbag.py:587} INFO - Filling up the DagBag from /opt/airflow/dags/ETL_to_snowflake.py
[2025-02-28T06:47:17.681+0000] {logging_mixin.py:190} INFO - [2025-02-28T06:47:17.681+0000] {base.py:84} INFO - Retrieving connection 'snowflake_conn'
[2025-02-28T06:47:17.682+0000] {logging_mixin.py:190} INFO - [2025-02-28T06:47:17.682+0000] {connection.py:413} INFO - Snowflake Connector for Python Version: 3.12.1, Python Version: 3.12.5, Platform: Linux-6.12.5-linuxkit-aarch64-with-glibc2.36
[2025-02-28T06:47:17.683+0000] {logging_mixin.py:190} INFO - [2025-02-28T06:47:17.683+0000] {connection.py:1196} INFO - Connecting to GLOBAL Snowflake domain
[2025-02-28T06:47:17.683+0000] {logging_mixin.py:190} INFO - [2025-02-28T06:47:17.683+0000] {connection.py:1277} INFO - This connection is in OCSP Fail Open Mode. TLS Certificates would be checked for validity and revocation status. Any other Certificate Revocation related exceptions or OCSP Responder failures would be disregarded in favor of connectivity.
[2025-02-28T06:47:18.061+0000] {processor.py:925} INFO - DAG(s) 'StockPrice' retrieved from /opt/airflow/dags/ETL_to_snowflake.py
[2025-02-28T06:47:18.107+0000] {logging_mixin.py:190} INFO - [2025-02-28T06:47:18.107+0000] {dag.py:3229} INFO - Sync 1 DAGs
[2025-02-28T06:47:18.115+0000] {logging_mixin.py:190} INFO - [2025-02-28T06:47:18.115+0000] {dag.py:4156} INFO - Setting next_dagrun for StockPrice to 2025-02-27 02:30:00+00:00, run_after=2025-02-28 02:30:00+00:00
[2025-02-28T06:47:18.120+0000] {processor.py:208} INFO - Processing /opt/airflow/dags/ETL_to_snowflake.py took 0.463 seconds
[2025-02-28T06:47:48.543+0000] {processor.py:186} INFO - Started process (PID=1754) to work on /opt/airflow/dags/ETL_to_snowflake.py
[2025-02-28T06:47:48.545+0000] {processor.py:914} INFO - Processing file /opt/airflow/dags/ETL_to_snowflake.py for tasks to queue
[2025-02-28T06:47:48.548+0000] {logging_mixin.py:190} INFO - [2025-02-28T06:47:48.547+0000] {dagbag.py:587} INFO - Filling up the DagBag from /opt/airflow/dags/ETL_to_snowflake.py
[2025-02-28T06:47:48.567+0000] {logging_mixin.py:190} INFO - [2025-02-28T06:47:48.567+0000] {base.py:84} INFO - Retrieving connection 'snowflake_conn'
[2025-02-28T06:47:48.568+0000] {logging_mixin.py:190} INFO - [2025-02-28T06:47:48.567+0000] {connection.py:413} INFO - Snowflake Connector for Python Version: 3.12.1, Python Version: 3.12.5, Platform: Linux-6.12.5-linuxkit-aarch64-with-glibc2.36
[2025-02-28T06:47:48.568+0000] {logging_mixin.py:190} INFO - [2025-02-28T06:47:48.568+0000] {connection.py:1196} INFO - Connecting to GLOBAL Snowflake domain
[2025-02-28T06:47:48.569+0000] {logging_mixin.py:190} INFO - [2025-02-28T06:47:48.569+0000] {connection.py:1277} INFO - This connection is in OCSP Fail Open Mode. TLS Certificates would be checked for validity and revocation status. Any other Certificate Revocation related exceptions or OCSP Responder failures would be disregarded in favor of connectivity.
[2025-02-28T06:47:48.969+0000] {processor.py:925} INFO - DAG(s) 'StockPrice' retrieved from /opt/airflow/dags/ETL_to_snowflake.py
[2025-02-28T06:47:49.022+0000] {logging_mixin.py:190} INFO - [2025-02-28T06:47:49.022+0000] {dag.py:3229} INFO - Sync 1 DAGs
[2025-02-28T06:47:49.031+0000] {logging_mixin.py:190} INFO - [2025-02-28T06:47:49.031+0000] {dag.py:4156} INFO - Setting next_dagrun for StockPrice to 2025-02-27 02:30:00+00:00, run_after=2025-02-28 02:30:00+00:00
[2025-02-28T06:47:49.038+0000] {processor.py:208} INFO - Processing /opt/airflow/dags/ETL_to_snowflake.py took 0.500 seconds
[2025-02-28T06:48:19.974+0000] {processor.py:186} INFO - Started process (PID=1775) to work on /opt/airflow/dags/ETL_to_snowflake.py
[2025-02-28T06:48:19.977+0000] {processor.py:914} INFO - Processing file /opt/airflow/dags/ETL_to_snowflake.py for tasks to queue
[2025-02-28T06:48:19.978+0000] {logging_mixin.py:190} INFO - [2025-02-28T06:48:19.977+0000] {dagbag.py:587} INFO - Filling up the DagBag from /opt/airflow/dags/ETL_to_snowflake.py
[2025-02-28T06:48:19.994+0000] {logging_mixin.py:190} INFO - [2025-02-28T06:48:19.994+0000] {base.py:84} INFO - Retrieving connection 'snowflake_conn'
[2025-02-28T06:48:19.995+0000] {logging_mixin.py:190} INFO - [2025-02-28T06:48:19.994+0000] {connection.py:413} INFO - Snowflake Connector for Python Version: 3.12.1, Python Version: 3.12.5, Platform: Linux-6.12.5-linuxkit-aarch64-with-glibc2.36
[2025-02-28T06:48:19.995+0000] {logging_mixin.py:190} INFO - [2025-02-28T06:48:19.995+0000] {connection.py:1196} INFO - Connecting to GLOBAL Snowflake domain
[2025-02-28T06:48:19.996+0000] {logging_mixin.py:190} INFO - [2025-02-28T06:48:19.996+0000] {connection.py:1277} INFO - This connection is in OCSP Fail Open Mode. TLS Certificates would be checked for validity and revocation status. Any other Certificate Revocation related exceptions or OCSP Responder failures would be disregarded in favor of connectivity.
[2025-02-28T06:48:20.344+0000] {processor.py:925} INFO - DAG(s) 'StockPrice' retrieved from /opt/airflow/dags/ETL_to_snowflake.py
[2025-02-28T06:48:20.399+0000] {logging_mixin.py:190} INFO - [2025-02-28T06:48:20.399+0000] {dag.py:3229} INFO - Sync 1 DAGs
[2025-02-28T06:48:20.408+0000] {logging_mixin.py:190} INFO - [2025-02-28T06:48:20.408+0000] {dag.py:4156} INFO - Setting next_dagrun for StockPrice to 2025-02-27 02:30:00+00:00, run_after=2025-02-28 02:30:00+00:00
[2025-02-28T06:48:20.414+0000] {processor.py:208} INFO - Processing /opt/airflow/dags/ETL_to_snowflake.py took 0.449 seconds
[2025-02-28T06:48:51.309+0000] {processor.py:186} INFO - Started process (PID=1796) to work on /opt/airflow/dags/ETL_to_snowflake.py
[2025-02-28T06:48:51.313+0000] {processor.py:914} INFO - Processing file /opt/airflow/dags/ETL_to_snowflake.py for tasks to queue
[2025-02-28T06:48:51.317+0000] {logging_mixin.py:190} INFO - [2025-02-28T06:48:51.315+0000] {dagbag.py:587} INFO - Filling up the DagBag from /opt/airflow/dags/ETL_to_snowflake.py
[2025-02-28T06:48:51.348+0000] {logging_mixin.py:190} INFO - [2025-02-28T06:48:51.348+0000] {base.py:84} INFO - Retrieving connection 'snowflake_conn'
[2025-02-28T06:48:51.349+0000] {logging_mixin.py:190} INFO - [2025-02-28T06:48:51.349+0000] {connection.py:413} INFO - Snowflake Connector for Python Version: 3.12.1, Python Version: 3.12.5, Platform: Linux-6.12.5-linuxkit-aarch64-with-glibc2.36
[2025-02-28T06:48:51.350+0000] {logging_mixin.py:190} INFO - [2025-02-28T06:48:51.350+0000] {connection.py:1196} INFO - Connecting to GLOBAL Snowflake domain
[2025-02-28T06:48:51.351+0000] {logging_mixin.py:190} INFO - [2025-02-28T06:48:51.351+0000] {connection.py:1277} INFO - This connection is in OCSP Fail Open Mode. TLS Certificates would be checked for validity and revocation status. Any other Certificate Revocation related exceptions or OCSP Responder failures would be disregarded in favor of connectivity.
[2025-02-28T06:48:51.749+0000] {processor.py:925} INFO - DAG(s) 'StockPrice' retrieved from /opt/airflow/dags/ETL_to_snowflake.py
[2025-02-28T06:48:51.825+0000] {logging_mixin.py:190} INFO - [2025-02-28T06:48:51.825+0000] {dag.py:3229} INFO - Sync 1 DAGs
[2025-02-28T06:48:51.839+0000] {logging_mixin.py:190} INFO - [2025-02-28T06:48:51.839+0000] {dag.py:4156} INFO - Setting next_dagrun for StockPrice to 2025-02-27 02:30:00+00:00, run_after=2025-02-28 02:30:00+00:00
[2025-02-28T06:48:51.847+0000] {processor.py:208} INFO - Processing /opt/airflow/dags/ETL_to_snowflake.py took 0.547 seconds
[2025-02-28T06:49:22.751+0000] {processor.py:186} INFO - Started process (PID=1817) to work on /opt/airflow/dags/ETL_to_snowflake.py
[2025-02-28T06:49:22.753+0000] {processor.py:914} INFO - Processing file /opt/airflow/dags/ETL_to_snowflake.py for tasks to queue
[2025-02-28T06:49:22.755+0000] {logging_mixin.py:190} INFO - [2025-02-28T06:49:22.754+0000] {dagbag.py:587} INFO - Filling up the DagBag from /opt/airflow/dags/ETL_to_snowflake.py
[2025-02-28T06:49:22.785+0000] {logging_mixin.py:190} INFO - [2025-02-28T06:49:22.785+0000] {base.py:84} INFO - Retrieving connection 'snowflake_conn'
[2025-02-28T06:49:22.786+0000] {logging_mixin.py:190} INFO - [2025-02-28T06:49:22.786+0000] {connection.py:413} INFO - Snowflake Connector for Python Version: 3.12.1, Python Version: 3.12.5, Platform: Linux-6.12.5-linuxkit-aarch64-with-glibc2.36
[2025-02-28T06:49:22.788+0000] {logging_mixin.py:190} INFO - [2025-02-28T06:49:22.787+0000] {connection.py:1196} INFO - Connecting to GLOBAL Snowflake domain
[2025-02-28T06:49:22.788+0000] {logging_mixin.py:190} INFO - [2025-02-28T06:49:22.788+0000] {connection.py:1277} INFO - This connection is in OCSP Fail Open Mode. TLS Certificates would be checked for validity and revocation status. Any other Certificate Revocation related exceptions or OCSP Responder failures would be disregarded in favor of connectivity.
[2025-02-28T06:49:23.249+0000] {processor.py:925} INFO - DAG(s) 'StockPrice' retrieved from /opt/airflow/dags/ETL_to_snowflake.py
[2025-02-28T06:49:23.317+0000] {logging_mixin.py:190} INFO - [2025-02-28T06:49:23.317+0000] {dag.py:3229} INFO - Sync 1 DAGs
[2025-02-28T06:49:23.330+0000] {logging_mixin.py:190} INFO - [2025-02-28T06:49:23.330+0000] {dag.py:4156} INFO - Setting next_dagrun for StockPrice to 2025-02-27 02:30:00+00:00, run_after=2025-02-28 02:30:00+00:00
[2025-02-28T06:49:23.339+0000] {processor.py:208} INFO - Processing /opt/airflow/dags/ETL_to_snowflake.py took 0.607 seconds
[2025-02-28T06:49:54.168+0000] {processor.py:186} INFO - Started process (PID=1838) to work on /opt/airflow/dags/ETL_to_snowflake.py
[2025-02-28T06:49:54.170+0000] {processor.py:914} INFO - Processing file /opt/airflow/dags/ETL_to_snowflake.py for tasks to queue
[2025-02-28T06:49:54.171+0000] {logging_mixin.py:190} INFO - [2025-02-28T06:49:54.171+0000] {dagbag.py:587} INFO - Filling up the DagBag from /opt/airflow/dags/ETL_to_snowflake.py
[2025-02-28T06:49:54.188+0000] {logging_mixin.py:190} INFO - [2025-02-28T06:49:54.188+0000] {base.py:84} INFO - Retrieving connection 'snowflake_conn'
[2025-02-28T06:49:54.189+0000] {logging_mixin.py:190} INFO - [2025-02-28T06:49:54.189+0000] {connection.py:413} INFO - Snowflake Connector for Python Version: 3.12.1, Python Version: 3.12.5, Platform: Linux-6.12.5-linuxkit-aarch64-with-glibc2.36
[2025-02-28T06:49:54.190+0000] {logging_mixin.py:190} INFO - [2025-02-28T06:49:54.190+0000] {connection.py:1196} INFO - Connecting to GLOBAL Snowflake domain
[2025-02-28T06:49:54.191+0000] {logging_mixin.py:190} INFO - [2025-02-28T06:49:54.190+0000] {connection.py:1277} INFO - This connection is in OCSP Fail Open Mode. TLS Certificates would be checked for validity and revocation status. Any other Certificate Revocation related exceptions or OCSP Responder failures would be disregarded in favor of connectivity.
[2025-02-28T06:49:54.546+0000] {processor.py:925} INFO - DAG(s) 'StockPrice' retrieved from /opt/airflow/dags/ETL_to_snowflake.py
[2025-02-28T06:49:54.606+0000] {logging_mixin.py:190} INFO - [2025-02-28T06:49:54.606+0000] {dag.py:3229} INFO - Sync 1 DAGs
[2025-02-28T06:49:54.615+0000] {logging_mixin.py:190} INFO - [2025-02-28T06:49:54.615+0000] {dag.py:4156} INFO - Setting next_dagrun for StockPrice to 2025-02-27 02:30:00+00:00, run_after=2025-02-28 02:30:00+00:00
[2025-02-28T06:49:54.622+0000] {processor.py:208} INFO - Processing /opt/airflow/dags/ETL_to_snowflake.py took 0.460 seconds
[2025-02-28T06:50:03.812+0000] {processor.py:186} INFO - Started process (PID=1854) to work on /opt/airflow/dags/ETL_to_snowflake.py
[2025-02-28T06:50:03.814+0000] {processor.py:914} INFO - Processing file /opt/airflow/dags/ETL_to_snowflake.py for tasks to queue
[2025-02-28T06:50:03.816+0000] {logging_mixin.py:190} INFO - [2025-02-28T06:50:03.815+0000] {dagbag.py:587} INFO - Filling up the DagBag from /opt/airflow/dags/ETL_to_snowflake.py
[2025-02-28T06:50:03.843+0000] {logging_mixin.py:190} INFO - [2025-02-28T06:50:03.843+0000] {base.py:84} INFO - Retrieving connection 'snowflake_conn'
[2025-02-28T06:50:03.844+0000] {logging_mixin.py:190} INFO - [2025-02-28T06:50:03.844+0000] {connection.py:413} INFO - Snowflake Connector for Python Version: 3.12.1, Python Version: 3.12.5, Platform: Linux-6.12.5-linuxkit-aarch64-with-glibc2.36
[2025-02-28T06:50:03.845+0000] {logging_mixin.py:190} INFO - [2025-02-28T06:50:03.845+0000] {connection.py:1196} INFO - Connecting to GLOBAL Snowflake domain
[2025-02-28T06:50:03.845+0000] {logging_mixin.py:190} INFO - [2025-02-28T06:50:03.845+0000] {connection.py:1277} INFO - This connection is in OCSP Fail Open Mode. TLS Certificates would be checked for validity and revocation status. Any other Certificate Revocation related exceptions or OCSP Responder failures would be disregarded in favor of connectivity.
[2025-02-28T06:50:04.221+0000] {processor.py:925} INFO - DAG(s) 'StockPrice' retrieved from /opt/airflow/dags/ETL_to_snowflake.py
[2025-02-28T06:50:04.226+0000] {logging_mixin.py:190} INFO - [2025-02-28T06:50:04.226+0000] {dag.py:3229} INFO - Sync 1 DAGs
[2025-02-28T06:50:04.250+0000] {logging_mixin.py:190} INFO - [2025-02-28T06:50:04.250+0000] {dag.py:4156} INFO - Setting next_dagrun for StockPrice to 2025-02-27 02:30:00+00:00, run_after=2025-02-28 02:30:00+00:00
[2025-02-28T06:50:04.260+0000] {processor.py:208} INFO - Processing /opt/airflow/dags/ETL_to_snowflake.py took 0.455 seconds
[2025-02-28T06:50:34.710+0000] {processor.py:186} INFO - Started process (PID=1895) to work on /opt/airflow/dags/ETL_to_snowflake.py
[2025-02-28T06:50:34.714+0000] {processor.py:914} INFO - Processing file /opt/airflow/dags/ETL_to_snowflake.py for tasks to queue
[2025-02-28T06:50:34.718+0000] {logging_mixin.py:190} INFO - [2025-02-28T06:50:34.718+0000] {dagbag.py:587} INFO - Filling up the DagBag from /opt/airflow/dags/ETL_to_snowflake.py
[2025-02-28T06:50:34.763+0000] {logging_mixin.py:190} INFO - [2025-02-28T06:50:34.763+0000] {base.py:84} INFO - Retrieving connection 'snowflake_conn'
[2025-02-28T06:50:34.764+0000] {logging_mixin.py:190} INFO - [2025-02-28T06:50:34.764+0000] {connection.py:413} INFO - Snowflake Connector for Python Version: 3.12.1, Python Version: 3.12.5, Platform: Linux-6.12.5-linuxkit-aarch64-with-glibc2.36
[2025-02-28T06:50:34.766+0000] {logging_mixin.py:190} INFO - [2025-02-28T06:50:34.766+0000] {connection.py:1196} INFO - Connecting to GLOBAL Snowflake domain
[2025-02-28T06:50:34.766+0000] {logging_mixin.py:190} INFO - [2025-02-28T06:50:34.766+0000] {connection.py:1277} INFO - This connection is in OCSP Fail Open Mode. TLS Certificates would be checked for validity and revocation status. Any other Certificate Revocation related exceptions or OCSP Responder failures would be disregarded in favor of connectivity.
[2025-02-28T06:50:35.172+0000] {processor.py:925} INFO - DAG(s) 'StockPrice' retrieved from /opt/airflow/dags/ETL_to_snowflake.py
[2025-02-28T06:50:35.237+0000] {logging_mixin.py:190} INFO - [2025-02-28T06:50:35.236+0000] {dag.py:3229} INFO - Sync 1 DAGs
[2025-02-28T06:50:35.247+0000] {logging_mixin.py:190} INFO - [2025-02-28T06:50:35.247+0000] {dag.py:4156} INFO - Setting next_dagrun for StockPrice to 2025-02-28 02:30:00+00:00, run_after=2025-03-01 02:30:00+00:00
[2025-02-28T06:50:35.255+0000] {processor.py:208} INFO - Processing /opt/airflow/dags/ETL_to_snowflake.py took 0.569 seconds
[2025-02-28T06:51:05.528+0000] {processor.py:186} INFO - Started process (PID=1916) to work on /opt/airflow/dags/ETL_to_snowflake.py
[2025-02-28T06:51:05.533+0000] {processor.py:914} INFO - Processing file /opt/airflow/dags/ETL_to_snowflake.py for tasks to queue
[2025-02-28T06:51:05.534+0000] {logging_mixin.py:190} INFO - [2025-02-28T06:51:05.534+0000] {dagbag.py:587} INFO - Filling up the DagBag from /opt/airflow/dags/ETL_to_snowflake.py
[2025-02-28T06:51:05.556+0000] {logging_mixin.py:190} INFO - [2025-02-28T06:51:05.556+0000] {base.py:84} INFO - Retrieving connection 'snowflake_conn'
[2025-02-28T06:51:05.557+0000] {logging_mixin.py:190} INFO - [2025-02-28T06:51:05.557+0000] {connection.py:413} INFO - Snowflake Connector for Python Version: 3.12.1, Python Version: 3.12.5, Platform: Linux-6.12.5-linuxkit-aarch64-with-glibc2.36
[2025-02-28T06:51:05.557+0000] {logging_mixin.py:190} INFO - [2025-02-28T06:51:05.557+0000] {connection.py:1196} INFO - Connecting to GLOBAL Snowflake domain
[2025-02-28T06:51:05.558+0000] {logging_mixin.py:190} INFO - [2025-02-28T06:51:05.558+0000] {connection.py:1277} INFO - This connection is in OCSP Fail Open Mode. TLS Certificates would be checked for validity and revocation status. Any other Certificate Revocation related exceptions or OCSP Responder failures would be disregarded in favor of connectivity.
[2025-02-28T06:51:05.908+0000] {processor.py:925} INFO - DAG(s) 'StockPrice' retrieved from /opt/airflow/dags/ETL_to_snowflake.py
[2025-02-28T06:51:05.962+0000] {logging_mixin.py:190} INFO - [2025-02-28T06:51:05.961+0000] {dag.py:3229} INFO - Sync 1 DAGs
[2025-02-28T06:51:05.970+0000] {logging_mixin.py:190} INFO - [2025-02-28T06:51:05.970+0000] {dag.py:4156} INFO - Setting next_dagrun for StockPrice to 2025-02-28 02:30:00+00:00, run_after=2025-03-01 02:30:00+00:00
[2025-02-28T06:51:05.976+0000] {processor.py:208} INFO - Processing /opt/airflow/dags/ETL_to_snowflake.py took 0.459 seconds
[2025-02-28T06:51:36.124+0000] {processor.py:186} INFO - Started process (PID=1936) to work on /opt/airflow/dags/ETL_to_snowflake.py
[2025-02-28T06:51:36.127+0000] {processor.py:914} INFO - Processing file /opt/airflow/dags/ETL_to_snowflake.py for tasks to queue
[2025-02-28T06:51:36.128+0000] {logging_mixin.py:190} INFO - [2025-02-28T06:51:36.128+0000] {dagbag.py:587} INFO - Filling up the DagBag from /opt/airflow/dags/ETL_to_snowflake.py
[2025-02-28T06:51:36.153+0000] {logging_mixin.py:190} INFO - [2025-02-28T06:51:36.153+0000] {base.py:84} INFO - Retrieving connection 'snowflake_conn'
[2025-02-28T06:51:36.154+0000] {logging_mixin.py:190} INFO - [2025-02-28T06:51:36.154+0000] {connection.py:413} INFO - Snowflake Connector for Python Version: 3.12.1, Python Version: 3.12.5, Platform: Linux-6.12.5-linuxkit-aarch64-with-glibc2.36
[2025-02-28T06:51:36.155+0000] {logging_mixin.py:190} INFO - [2025-02-28T06:51:36.155+0000] {connection.py:1196} INFO - Connecting to GLOBAL Snowflake domain
[2025-02-28T06:51:36.155+0000] {logging_mixin.py:190} INFO - [2025-02-28T06:51:36.155+0000] {connection.py:1277} INFO - This connection is in OCSP Fail Open Mode. TLS Certificates would be checked for validity and revocation status. Any other Certificate Revocation related exceptions or OCSP Responder failures would be disregarded in favor of connectivity.
[2025-02-28T06:51:36.588+0000] {processor.py:925} INFO - DAG(s) 'StockPrice' retrieved from /opt/airflow/dags/ETL_to_snowflake.py
[2025-02-28T06:51:36.670+0000] {logging_mixin.py:190} INFO - [2025-02-28T06:51:36.670+0000] {dag.py:3229} INFO - Sync 1 DAGs
[2025-02-28T06:51:36.681+0000] {logging_mixin.py:190} INFO - [2025-02-28T06:51:36.681+0000] {dag.py:4156} INFO - Setting next_dagrun for StockPrice to 2025-02-28 02:30:00+00:00, run_after=2025-03-01 02:30:00+00:00
[2025-02-28T06:51:36.690+0000] {processor.py:208} INFO - Processing /opt/airflow/dags/ETL_to_snowflake.py took 0.581 seconds
[2025-02-28T06:52:07.083+0000] {processor.py:186} INFO - Started process (PID=1957) to work on /opt/airflow/dags/ETL_to_snowflake.py
[2025-02-28T06:52:07.084+0000] {processor.py:914} INFO - Processing file /opt/airflow/dags/ETL_to_snowflake.py for tasks to queue
[2025-02-28T06:52:07.086+0000] {logging_mixin.py:190} INFO - [2025-02-28T06:52:07.085+0000] {dagbag.py:587} INFO - Filling up the DagBag from /opt/airflow/dags/ETL_to_snowflake.py
[2025-02-28T06:52:07.104+0000] {logging_mixin.py:190} INFO - [2025-02-28T06:52:07.104+0000] {base.py:84} INFO - Retrieving connection 'snowflake_conn'
[2025-02-28T06:52:07.105+0000] {logging_mixin.py:190} INFO - [2025-02-28T06:52:07.105+0000] {connection.py:413} INFO - Snowflake Connector for Python Version: 3.12.1, Python Version: 3.12.5, Platform: Linux-6.12.5-linuxkit-aarch64-with-glibc2.36
[2025-02-28T06:52:07.105+0000] {logging_mixin.py:190} INFO - [2025-02-28T06:52:07.105+0000] {connection.py:1196} INFO - Connecting to GLOBAL Snowflake domain
[2025-02-28T06:52:07.105+0000] {logging_mixin.py:190} INFO - [2025-02-28T06:52:07.105+0000] {connection.py:1277} INFO - This connection is in OCSP Fail Open Mode. TLS Certificates would be checked for validity and revocation status. Any other Certificate Revocation related exceptions or OCSP Responder failures would be disregarded in favor of connectivity.
[2025-02-28T06:52:07.575+0000] {processor.py:925} INFO - DAG(s) 'StockPrice' retrieved from /opt/airflow/dags/ETL_to_snowflake.py
[2025-02-28T06:52:07.620+0000] {logging_mixin.py:190} INFO - [2025-02-28T06:52:07.619+0000] {dag.py:3229} INFO - Sync 1 DAGs
[2025-02-28T06:52:07.627+0000] {logging_mixin.py:190} INFO - [2025-02-28T06:52:07.627+0000] {dag.py:4156} INFO - Setting next_dagrun for StockPrice to 2025-02-28 02:30:00+00:00, run_after=2025-03-01 02:30:00+00:00
[2025-02-28T06:52:07.633+0000] {processor.py:208} INFO - Processing /opt/airflow/dags/ETL_to_snowflake.py took 0.557 seconds
[2025-02-28T06:52:38.037+0000] {processor.py:186} INFO - Started process (PID=1978) to work on /opt/airflow/dags/ETL_to_snowflake.py
[2025-02-28T06:52:38.039+0000] {processor.py:914} INFO - Processing file /opt/airflow/dags/ETL_to_snowflake.py for tasks to queue
[2025-02-28T06:52:38.040+0000] {logging_mixin.py:190} INFO - [2025-02-28T06:52:38.040+0000] {dagbag.py:587} INFO - Filling up the DagBag from /opt/airflow/dags/ETL_to_snowflake.py
[2025-02-28T06:52:38.057+0000] {logging_mixin.py:190} INFO - [2025-02-28T06:52:38.056+0000] {base.py:84} INFO - Retrieving connection 'snowflake_conn'
[2025-02-28T06:52:38.057+0000] {logging_mixin.py:190} INFO - [2025-02-28T06:52:38.057+0000] {connection.py:413} INFO - Snowflake Connector for Python Version: 3.12.1, Python Version: 3.12.5, Platform: Linux-6.12.5-linuxkit-aarch64-with-glibc2.36
[2025-02-28T06:52:38.058+0000] {logging_mixin.py:190} INFO - [2025-02-28T06:52:38.058+0000] {connection.py:1196} INFO - Connecting to GLOBAL Snowflake domain
[2025-02-28T06:52:38.058+0000] {logging_mixin.py:190} INFO - [2025-02-28T06:52:38.058+0000] {connection.py:1277} INFO - This connection is in OCSP Fail Open Mode. TLS Certificates would be checked for validity and revocation status. Any other Certificate Revocation related exceptions or OCSP Responder failures would be disregarded in favor of connectivity.
[2025-02-28T06:52:38.362+0000] {processor.py:925} INFO - DAG(s) 'StockPrice' retrieved from /opt/airflow/dags/ETL_to_snowflake.py
[2025-02-28T06:52:38.412+0000] {logging_mixin.py:190} INFO - [2025-02-28T06:52:38.412+0000] {dag.py:3229} INFO - Sync 1 DAGs
[2025-02-28T06:52:38.420+0000] {logging_mixin.py:190} INFO - [2025-02-28T06:52:38.420+0000] {dag.py:4156} INFO - Setting next_dagrun for StockPrice to 2025-02-28 02:30:00+00:00, run_after=2025-03-01 02:30:00+00:00
[2025-02-28T06:52:38.426+0000] {processor.py:208} INFO - Processing /opt/airflow/dags/ETL_to_snowflake.py took 0.395 seconds
