[2025-04-19T19:26:23.504+0000] {processor.py:186} INFO - Started process (PID=203) to work on /opt/airflow/dags/Lab2_ETL.py
[2025-04-19T19:26:23.505+0000] {processor.py:914} INFO - Processing file /opt/airflow/dags/Lab2_ETL.py for tasks to queue
[2025-04-19T19:26:23.511+0000] {logging_mixin.py:190} INFO - [2025-04-19T19:26:23.510+0000] {dagbag.py:587} INFO - Filling up the DagBag from /opt/airflow/dags/Lab2_ETL.py
[2025-04-19T19:26:23.533+0000] {logging_mixin.py:190} INFO - [2025-04-19T19:26:23.533+0000] {base.py:84} INFO - Retrieving connection 'snowflake_conn'
[2025-04-19T19:26:23.534+0000] {logging_mixin.py:190} INFO - [2025-04-19T19:26:23.534+0000] {connection.py:413} INFO - Snowflake Connector for Python Version: 3.12.1, Python Version: 3.12.5, Platform: Linux-6.12.5-linuxkit-aarch64-with-glibc2.36
[2025-04-19T19:26:23.534+0000] {logging_mixin.py:190} INFO - [2025-04-19T19:26:23.534+0000] {connection.py:1196} INFO - Connecting to GLOBAL Snowflake domain
[2025-04-19T19:26:23.535+0000] {logging_mixin.py:190} INFO - [2025-04-19T19:26:23.535+0000] {connection.py:1277} INFO - This connection is in OCSP Fail Open Mode. TLS Certificates would be checked for validity and revocation status. Any other Certificate Revocation related exceptions or OCSP Responder failures would be disregarded in favor of connectivity.
[2025-04-19T19:26:24.443+0000] {processor.py:925} INFO - DAG(s) 'law_enforcement_ETL' retrieved from /opt/airflow/dags/Lab2_ETL.py
[2025-04-19T19:26:24.550+0000] {logging_mixin.py:190} INFO - [2025-04-19T19:26:24.549+0000] {dag.py:3229} INFO - Sync 1 DAGs
[2025-04-19T19:26:24.562+0000] {logging_mixin.py:190} INFO - [2025-04-19T19:26:24.562+0000] {dag.py:4156} INFO - Setting next_dagrun for law_enforcement_ETL to 2025-04-19 02:30:00+00:00, run_after=2025-04-20 02:30:00+00:00
[2025-04-19T19:26:24.578+0000] {processor.py:208} INFO - Processing /opt/airflow/dags/Lab2_ETL.py took 1.081 seconds
[2025-04-19T19:26:54.967+0000] {processor.py:186} INFO - Started process (PID=267) to work on /opt/airflow/dags/Lab2_ETL.py
[2025-04-19T19:26:54.970+0000] {processor.py:914} INFO - Processing file /opt/airflow/dags/Lab2_ETL.py for tasks to queue
[2025-04-19T19:26:54.973+0000] {logging_mixin.py:190} INFO - [2025-04-19T19:26:54.973+0000] {dagbag.py:587} INFO - Filling up the DagBag from /opt/airflow/dags/Lab2_ETL.py
[2025-04-19T19:26:54.993+0000] {logging_mixin.py:190} INFO - [2025-04-19T19:26:54.993+0000] {base.py:84} INFO - Retrieving connection 'snowflake_conn'
[2025-04-19T19:26:54.994+0000] {logging_mixin.py:190} INFO - [2025-04-19T19:26:54.994+0000] {connection.py:413} INFO - Snowflake Connector for Python Version: 3.12.1, Python Version: 3.12.5, Platform: Linux-6.12.5-linuxkit-aarch64-with-glibc2.36
[2025-04-19T19:26:54.995+0000] {logging_mixin.py:190} INFO - [2025-04-19T19:26:54.995+0000] {connection.py:1196} INFO - Connecting to GLOBAL Snowflake domain
[2025-04-19T19:26:54.996+0000] {logging_mixin.py:190} INFO - [2025-04-19T19:26:54.995+0000] {connection.py:1277} INFO - This connection is in OCSP Fail Open Mode. TLS Certificates would be checked for validity and revocation status. Any other Certificate Revocation related exceptions or OCSP Responder failures would be disregarded in favor of connectivity.
[2025-04-19T19:26:55.523+0000] {processor.py:925} INFO - DAG(s) 'law_enforcement_ETL' retrieved from /opt/airflow/dags/Lab2_ETL.py
[2025-04-19T19:26:55.584+0000] {logging_mixin.py:190} INFO - [2025-04-19T19:26:55.584+0000] {dag.py:3229} INFO - Sync 1 DAGs
[2025-04-19T19:26:55.593+0000] {logging_mixin.py:190} INFO - [2025-04-19T19:26:55.593+0000] {dag.py:4156} INFO - Setting next_dagrun for law_enforcement_ETL to 2025-04-19 02:30:00+00:00, run_after=2025-04-20 02:30:00+00:00
[2025-04-19T19:26:55.599+0000] {processor.py:208} INFO - Processing /opt/airflow/dags/Lab2_ETL.py took 0.641 seconds
[2025-04-19T19:27:26.312+0000] {processor.py:186} INFO - Started process (PID=283) to work on /opt/airflow/dags/Lab2_ETL.py
[2025-04-19T19:27:26.313+0000] {processor.py:914} INFO - Processing file /opt/airflow/dags/Lab2_ETL.py for tasks to queue
[2025-04-19T19:27:26.314+0000] {logging_mixin.py:190} INFO - [2025-04-19T19:27:26.314+0000] {dagbag.py:587} INFO - Filling up the DagBag from /opt/airflow/dags/Lab2_ETL.py
[2025-04-19T19:27:26.338+0000] {logging_mixin.py:190} INFO - [2025-04-19T19:27:26.338+0000] {base.py:84} INFO - Retrieving connection 'snowflake_conn'
[2025-04-19T19:27:26.339+0000] {logging_mixin.py:190} INFO - [2025-04-19T19:27:26.339+0000] {connection.py:413} INFO - Snowflake Connector for Python Version: 3.12.1, Python Version: 3.12.5, Platform: Linux-6.12.5-linuxkit-aarch64-with-glibc2.36
[2025-04-19T19:27:26.340+0000] {logging_mixin.py:190} INFO - [2025-04-19T19:27:26.340+0000] {connection.py:1196} INFO - Connecting to GLOBAL Snowflake domain
[2025-04-19T19:27:26.340+0000] {logging_mixin.py:190} INFO - [2025-04-19T19:27:26.340+0000] {connection.py:1277} INFO - This connection is in OCSP Fail Open Mode. TLS Certificates would be checked for validity and revocation status. Any other Certificate Revocation related exceptions or OCSP Responder failures would be disregarded in favor of connectivity.
[2025-04-19T19:27:26.756+0000] {processor.py:925} INFO - DAG(s) 'law_enforcement_ETL' retrieved from /opt/airflow/dags/Lab2_ETL.py
[2025-04-19T19:27:26.814+0000] {logging_mixin.py:190} INFO - [2025-04-19T19:27:26.814+0000] {dag.py:3229} INFO - Sync 1 DAGs
[2025-04-19T19:27:26.823+0000] {logging_mixin.py:190} INFO - [2025-04-19T19:27:26.823+0000] {dag.py:4156} INFO - Setting next_dagrun for law_enforcement_ETL to 2025-04-19 02:30:00+00:00, run_after=2025-04-20 02:30:00+00:00
[2025-04-19T19:27:26.829+0000] {processor.py:208} INFO - Processing /opt/airflow/dags/Lab2_ETL.py took 0.522 seconds
[2025-04-19T19:27:57.672+0000] {processor.py:186} INFO - Started process (PID=299) to work on /opt/airflow/dags/Lab2_ETL.py
[2025-04-19T19:27:57.673+0000] {processor.py:914} INFO - Processing file /opt/airflow/dags/Lab2_ETL.py for tasks to queue
[2025-04-19T19:27:57.674+0000] {logging_mixin.py:190} INFO - [2025-04-19T19:27:57.674+0000] {dagbag.py:587} INFO - Filling up the DagBag from /opt/airflow/dags/Lab2_ETL.py
[2025-04-19T19:27:57.690+0000] {logging_mixin.py:190} INFO - [2025-04-19T19:27:57.690+0000] {base.py:84} INFO - Retrieving connection 'snowflake_conn'
[2025-04-19T19:27:57.691+0000] {logging_mixin.py:190} INFO - [2025-04-19T19:27:57.691+0000] {connection.py:413} INFO - Snowflake Connector for Python Version: 3.12.1, Python Version: 3.12.5, Platform: Linux-6.12.5-linuxkit-aarch64-with-glibc2.36
[2025-04-19T19:27:57.692+0000] {logging_mixin.py:190} INFO - [2025-04-19T19:27:57.692+0000] {connection.py:1196} INFO - Connecting to GLOBAL Snowflake domain
[2025-04-19T19:27:57.692+0000] {logging_mixin.py:190} INFO - [2025-04-19T19:27:57.692+0000] {connection.py:1277} INFO - This connection is in OCSP Fail Open Mode. TLS Certificates would be checked for validity and revocation status. Any other Certificate Revocation related exceptions or OCSP Responder failures would be disregarded in favor of connectivity.
[2025-04-19T19:27:58.031+0000] {processor.py:925} INFO - DAG(s) 'law_enforcement_ETL' retrieved from /opt/airflow/dags/Lab2_ETL.py
[2025-04-19T19:27:58.040+0000] {logging_mixin.py:190} INFO - [2025-04-19T19:27:58.039+0000] {dag.py:3229} INFO - Sync 1 DAGs
[2025-04-19T19:27:58.053+0000] {logging_mixin.py:190} INFO - [2025-04-19T19:27:58.053+0000] {dag.py:4156} INFO - Setting next_dagrun for law_enforcement_ETL to 2025-04-19 02:30:00+00:00, run_after=2025-04-20 02:30:00+00:00
[2025-04-19T19:27:58.060+0000] {processor.py:208} INFO - Processing /opt/airflow/dags/Lab2_ETL.py took 0.393 seconds
[2025-04-19T19:28:28.129+0000] {processor.py:186} INFO - Started process (PID=315) to work on /opt/airflow/dags/Lab2_ETL.py
[2025-04-19T19:28:28.130+0000] {processor.py:914} INFO - Processing file /opt/airflow/dags/Lab2_ETL.py for tasks to queue
[2025-04-19T19:28:28.132+0000] {logging_mixin.py:190} INFO - [2025-04-19T19:28:28.132+0000] {dagbag.py:587} INFO - Filling up the DagBag from /opt/airflow/dags/Lab2_ETL.py
[2025-04-19T19:28:28.157+0000] {logging_mixin.py:190} INFO - [2025-04-19T19:28:28.157+0000] {base.py:84} INFO - Retrieving connection 'snowflake_conn'
[2025-04-19T19:28:28.158+0000] {logging_mixin.py:190} INFO - [2025-04-19T19:28:28.158+0000] {connection.py:413} INFO - Snowflake Connector for Python Version: 3.12.1, Python Version: 3.12.5, Platform: Linux-6.12.5-linuxkit-aarch64-with-glibc2.36
[2025-04-19T19:28:28.159+0000] {logging_mixin.py:190} INFO - [2025-04-19T19:28:28.159+0000] {connection.py:1196} INFO - Connecting to GLOBAL Snowflake domain
[2025-04-19T19:28:28.159+0000] {logging_mixin.py:190} INFO - [2025-04-19T19:28:28.159+0000] {connection.py:1277} INFO - This connection is in OCSP Fail Open Mode. TLS Certificates would be checked for validity and revocation status. Any other Certificate Revocation related exceptions or OCSP Responder failures would be disregarded in favor of connectivity.
[2025-04-19T19:28:28.614+0000] {processor.py:925} INFO - DAG(s) 'law_enforcement_ETL' retrieved from /opt/airflow/dags/Lab2_ETL.py
[2025-04-19T19:28:28.628+0000] {logging_mixin.py:190} INFO - [2025-04-19T19:28:28.628+0000] {dag.py:3229} INFO - Sync 1 DAGs
[2025-04-19T19:28:28.643+0000] {logging_mixin.py:190} INFO - [2025-04-19T19:28:28.643+0000] {dag.py:4156} INFO - Setting next_dagrun for law_enforcement_ETL to 2025-04-19 02:30:00+00:00, run_after=2025-04-20 02:30:00+00:00
[2025-04-19T19:28:28.651+0000] {processor.py:208} INFO - Processing /opt/airflow/dags/Lab2_ETL.py took 0.526 seconds
[2025-04-19T19:28:59.477+0000] {processor.py:186} INFO - Started process (PID=331) to work on /opt/airflow/dags/Lab2_ETL.py
[2025-04-19T19:28:59.479+0000] {processor.py:914} INFO - Processing file /opt/airflow/dags/Lab2_ETL.py for tasks to queue
[2025-04-19T19:28:59.481+0000] {logging_mixin.py:190} INFO - [2025-04-19T19:28:59.481+0000] {dagbag.py:587} INFO - Filling up the DagBag from /opt/airflow/dags/Lab2_ETL.py
[2025-04-19T19:28:59.510+0000] {logging_mixin.py:190} INFO - [2025-04-19T19:28:59.510+0000] {base.py:84} INFO - Retrieving connection 'snowflake_conn'
[2025-04-19T19:28:59.511+0000] {logging_mixin.py:190} INFO - [2025-04-19T19:28:59.511+0000] {connection.py:413} INFO - Snowflake Connector for Python Version: 3.12.1, Python Version: 3.12.5, Platform: Linux-6.12.5-linuxkit-aarch64-with-glibc2.36
[2025-04-19T19:28:59.512+0000] {logging_mixin.py:190} INFO - [2025-04-19T19:28:59.512+0000] {connection.py:1196} INFO - Connecting to GLOBAL Snowflake domain
[2025-04-19T19:28:59.512+0000] {logging_mixin.py:190} INFO - [2025-04-19T19:28:59.512+0000] {connection.py:1277} INFO - This connection is in OCSP Fail Open Mode. TLS Certificates would be checked for validity and revocation status. Any other Certificate Revocation related exceptions or OCSP Responder failures would be disregarded in favor of connectivity.
[2025-04-19T19:28:59.854+0000] {processor.py:925} INFO - DAG(s) 'law_enforcement_ETL' retrieved from /opt/airflow/dags/Lab2_ETL.py
[2025-04-19T19:28:59.917+0000] {logging_mixin.py:190} INFO - [2025-04-19T19:28:59.916+0000] {dag.py:3229} INFO - Sync 1 DAGs
[2025-04-19T19:28:59.925+0000] {logging_mixin.py:190} INFO - [2025-04-19T19:28:59.925+0000] {dag.py:4156} INFO - Setting next_dagrun for law_enforcement_ETL to 2025-04-19 02:30:00+00:00, run_after=2025-04-20 02:30:00+00:00
[2025-04-19T19:28:59.931+0000] {processor.py:208} INFO - Processing /opt/airflow/dags/Lab2_ETL.py took 0.460 seconds
[2025-04-19T19:29:30.869+0000] {processor.py:186} INFO - Started process (PID=347) to work on /opt/airflow/dags/Lab2_ETL.py
[2025-04-19T19:29:30.870+0000] {processor.py:914} INFO - Processing file /opt/airflow/dags/Lab2_ETL.py for tasks to queue
[2025-04-19T19:29:30.871+0000] {logging_mixin.py:190} INFO - [2025-04-19T19:29:30.871+0000] {dagbag.py:587} INFO - Filling up the DagBag from /opt/airflow/dags/Lab2_ETL.py
[2025-04-19T19:29:30.885+0000] {logging_mixin.py:190} INFO - [2025-04-19T19:29:30.885+0000] {base.py:84} INFO - Retrieving connection 'snowflake_conn'
[2025-04-19T19:29:30.887+0000] {logging_mixin.py:190} INFO - [2025-04-19T19:29:30.887+0000] {connection.py:413} INFO - Snowflake Connector for Python Version: 3.12.1, Python Version: 3.12.5, Platform: Linux-6.12.5-linuxkit-aarch64-with-glibc2.36
[2025-04-19T19:29:30.891+0000] {logging_mixin.py:190} INFO - [2025-04-19T19:29:30.891+0000] {connection.py:1196} INFO - Connecting to GLOBAL Snowflake domain
[2025-04-19T19:29:30.891+0000] {logging_mixin.py:190} INFO - [2025-04-19T19:29:30.891+0000] {connection.py:1277} INFO - This connection is in OCSP Fail Open Mode. TLS Certificates would be checked for validity and revocation status. Any other Certificate Revocation related exceptions or OCSP Responder failures would be disregarded in favor of connectivity.
[2025-04-19T19:29:31.459+0000] {processor.py:925} INFO - DAG(s) 'law_enforcement_ETL' retrieved from /opt/airflow/dags/Lab2_ETL.py
[2025-04-19T19:29:31.518+0000] {logging_mixin.py:190} INFO - [2025-04-19T19:29:31.518+0000] {dag.py:3229} INFO - Sync 1 DAGs
[2025-04-19T19:29:31.526+0000] {logging_mixin.py:190} INFO - [2025-04-19T19:29:31.526+0000] {dag.py:4156} INFO - Setting next_dagrun for law_enforcement_ETL to 2025-04-19 02:30:00+00:00, run_after=2025-04-20 02:30:00+00:00
[2025-04-19T19:29:31.532+0000] {processor.py:208} INFO - Processing /opt/airflow/dags/Lab2_ETL.py took 0.668 seconds
[2025-04-19T19:30:02.257+0000] {processor.py:186} INFO - Started process (PID=363) to work on /opt/airflow/dags/Lab2_ETL.py
[2025-04-19T19:30:02.258+0000] {processor.py:914} INFO - Processing file /opt/airflow/dags/Lab2_ETL.py for tasks to queue
[2025-04-19T19:30:02.259+0000] {logging_mixin.py:190} INFO - [2025-04-19T19:30:02.259+0000] {dagbag.py:587} INFO - Filling up the DagBag from /opt/airflow/dags/Lab2_ETL.py
[2025-04-19T19:30:02.274+0000] {logging_mixin.py:190} INFO - [2025-04-19T19:30:02.274+0000] {base.py:84} INFO - Retrieving connection 'snowflake_conn'
[2025-04-19T19:30:02.275+0000] {logging_mixin.py:190} INFO - [2025-04-19T19:30:02.275+0000] {connection.py:413} INFO - Snowflake Connector for Python Version: 3.12.1, Python Version: 3.12.5, Platform: Linux-6.12.5-linuxkit-aarch64-with-glibc2.36
[2025-04-19T19:30:02.276+0000] {logging_mixin.py:190} INFO - [2025-04-19T19:30:02.276+0000] {connection.py:1196} INFO - Connecting to GLOBAL Snowflake domain
[2025-04-19T19:30:02.276+0000] {logging_mixin.py:190} INFO - [2025-04-19T19:30:02.276+0000] {connection.py:1277} INFO - This connection is in OCSP Fail Open Mode. TLS Certificates would be checked for validity and revocation status. Any other Certificate Revocation related exceptions or OCSP Responder failures would be disregarded in favor of connectivity.
[2025-04-19T19:30:02.607+0000] {processor.py:925} INFO - DAG(s) 'law_enforcement_ETL' retrieved from /opt/airflow/dags/Lab2_ETL.py
[2025-04-19T19:30:02.655+0000] {logging_mixin.py:190} INFO - [2025-04-19T19:30:02.655+0000] {dag.py:3229} INFO - Sync 1 DAGs
[2025-04-19T19:30:02.663+0000] {logging_mixin.py:190} INFO - [2025-04-19T19:30:02.663+0000] {dag.py:4156} INFO - Setting next_dagrun for law_enforcement_ETL to 2025-04-19 02:30:00+00:00, run_after=2025-04-20 02:30:00+00:00
[2025-04-19T19:30:02.669+0000] {processor.py:208} INFO - Processing /opt/airflow/dags/Lab2_ETL.py took 0.417 seconds
[2025-04-19T19:30:33.620+0000] {processor.py:186} INFO - Started process (PID=379) to work on /opt/airflow/dags/Lab2_ETL.py
[2025-04-19T19:30:33.621+0000] {processor.py:914} INFO - Processing file /opt/airflow/dags/Lab2_ETL.py for tasks to queue
[2025-04-19T19:30:33.625+0000] {logging_mixin.py:190} INFO - [2025-04-19T19:30:33.624+0000] {dagbag.py:587} INFO - Filling up the DagBag from /opt/airflow/dags/Lab2_ETL.py
[2025-04-19T19:30:33.642+0000] {logging_mixin.py:190} INFO - [2025-04-19T19:30:33.642+0000] {base.py:84} INFO - Retrieving connection 'snowflake_conn'
[2025-04-19T19:30:33.643+0000] {logging_mixin.py:190} INFO - [2025-04-19T19:30:33.643+0000] {connection.py:413} INFO - Snowflake Connector for Python Version: 3.12.1, Python Version: 3.12.5, Platform: Linux-6.12.5-linuxkit-aarch64-with-glibc2.36
[2025-04-19T19:30:33.644+0000] {logging_mixin.py:190} INFO - [2025-04-19T19:30:33.644+0000] {connection.py:1196} INFO - Connecting to GLOBAL Snowflake domain
[2025-04-19T19:30:33.644+0000] {logging_mixin.py:190} INFO - [2025-04-19T19:30:33.644+0000] {connection.py:1277} INFO - This connection is in OCSP Fail Open Mode. TLS Certificates would be checked for validity and revocation status. Any other Certificate Revocation related exceptions or OCSP Responder failures would be disregarded in favor of connectivity.
[2025-04-19T19:30:34.118+0000] {processor.py:925} INFO - DAG(s) 'law_enforcement_ETL' retrieved from /opt/airflow/dags/Lab2_ETL.py
[2025-04-19T19:30:34.181+0000] {logging_mixin.py:190} INFO - [2025-04-19T19:30:34.181+0000] {dag.py:3229} INFO - Sync 1 DAGs
[2025-04-19T19:30:34.190+0000] {logging_mixin.py:190} INFO - [2025-04-19T19:30:34.190+0000] {dag.py:4156} INFO - Setting next_dagrun for law_enforcement_ETL to 2025-04-19 02:30:00+00:00, run_after=2025-04-20 02:30:00+00:00
[2025-04-19T19:30:34.196+0000] {processor.py:208} INFO - Processing /opt/airflow/dags/Lab2_ETL.py took 0.583 seconds
[2025-04-19T19:31:04.936+0000] {processor.py:186} INFO - Started process (PID=395) to work on /opt/airflow/dags/Lab2_ETL.py
[2025-04-19T19:31:04.936+0000] {processor.py:914} INFO - Processing file /opt/airflow/dags/Lab2_ETL.py for tasks to queue
[2025-04-19T19:31:04.938+0000] {logging_mixin.py:190} INFO - [2025-04-19T19:31:04.938+0000] {dagbag.py:587} INFO - Filling up the DagBag from /opt/airflow/dags/Lab2_ETL.py
[2025-04-19T19:31:04.953+0000] {logging_mixin.py:190} INFO - [2025-04-19T19:31:04.953+0000] {base.py:84} INFO - Retrieving connection 'snowflake_conn'
[2025-04-19T19:31:04.954+0000] {logging_mixin.py:190} INFO - [2025-04-19T19:31:04.954+0000] {connection.py:413} INFO - Snowflake Connector for Python Version: 3.12.1, Python Version: 3.12.5, Platform: Linux-6.12.5-linuxkit-aarch64-with-glibc2.36
[2025-04-19T19:31:04.955+0000] {logging_mixin.py:190} INFO - [2025-04-19T19:31:04.955+0000] {connection.py:1196} INFO - Connecting to GLOBAL Snowflake domain
[2025-04-19T19:31:04.955+0000] {logging_mixin.py:190} INFO - [2025-04-19T19:31:04.955+0000] {connection.py:1277} INFO - This connection is in OCSP Fail Open Mode. TLS Certificates would be checked for validity and revocation status. Any other Certificate Revocation related exceptions or OCSP Responder failures would be disregarded in favor of connectivity.
[2025-04-19T19:31:05.341+0000] {processor.py:925} INFO - DAG(s) 'law_enforcement_ETL' retrieved from /opt/airflow/dags/Lab2_ETL.py
[2025-04-19T19:31:05.391+0000] {logging_mixin.py:190} INFO - [2025-04-19T19:31:05.390+0000] {dag.py:3229} INFO - Sync 1 DAGs
[2025-04-19T19:31:05.399+0000] {logging_mixin.py:190} INFO - [2025-04-19T19:31:05.399+0000] {dag.py:4156} INFO - Setting next_dagrun for law_enforcement_ETL to 2025-04-19 02:30:00+00:00, run_after=2025-04-20 02:30:00+00:00
[2025-04-19T19:31:05.405+0000] {processor.py:208} INFO - Processing /opt/airflow/dags/Lab2_ETL.py took 0.474 seconds
[2025-04-19T19:31:36.305+0000] {processor.py:186} INFO - Started process (PID=417) to work on /opt/airflow/dags/Lab2_ETL.py
[2025-04-19T19:31:36.308+0000] {processor.py:914} INFO - Processing file /opt/airflow/dags/Lab2_ETL.py for tasks to queue
[2025-04-19T19:31:36.312+0000] {logging_mixin.py:190} INFO - [2025-04-19T19:31:36.312+0000] {dagbag.py:587} INFO - Filling up the DagBag from /opt/airflow/dags/Lab2_ETL.py
[2025-04-19T19:31:36.329+0000] {logging_mixin.py:190} INFO - [2025-04-19T19:31:36.329+0000] {base.py:84} INFO - Retrieving connection 'snowflake_conn'
[2025-04-19T19:31:36.330+0000] {logging_mixin.py:190} INFO - [2025-04-19T19:31:36.330+0000] {connection.py:413} INFO - Snowflake Connector for Python Version: 3.12.1, Python Version: 3.12.5, Platform: Linux-6.12.5-linuxkit-aarch64-with-glibc2.36
[2025-04-19T19:31:36.331+0000] {logging_mixin.py:190} INFO - [2025-04-19T19:31:36.331+0000] {connection.py:1196} INFO - Connecting to GLOBAL Snowflake domain
[2025-04-19T19:31:36.332+0000] {logging_mixin.py:190} INFO - [2025-04-19T19:31:36.332+0000] {connection.py:1277} INFO - This connection is in OCSP Fail Open Mode. TLS Certificates would be checked for validity and revocation status. Any other Certificate Revocation related exceptions or OCSP Responder failures would be disregarded in favor of connectivity.
[2025-04-19T19:31:36.732+0000] {processor.py:925} INFO - DAG(s) 'law_enforcement_ETL' retrieved from /opt/airflow/dags/Lab2_ETL.py
[2025-04-19T19:31:36.795+0000] {logging_mixin.py:190} INFO - [2025-04-19T19:31:36.795+0000] {dag.py:3229} INFO - Sync 1 DAGs
[2025-04-19T19:31:36.807+0000] {logging_mixin.py:190} INFO - [2025-04-19T19:31:36.807+0000] {dag.py:4156} INFO - Setting next_dagrun for law_enforcement_ETL to 2025-04-19 02:30:00+00:00, run_after=2025-04-20 02:30:00+00:00
[2025-04-19T19:31:36.815+0000] {processor.py:208} INFO - Processing /opt/airflow/dags/Lab2_ETL.py took 0.516 seconds
[2025-04-19T19:48:19.505+0000] {processor.py:186} INFO - Started process (PID=425) to work on /opt/airflow/dags/Lab2_ETL.py
[2025-04-19T19:48:19.506+0000] {processor.py:914} INFO - Processing file /opt/airflow/dags/Lab2_ETL.py for tasks to queue
[2025-04-19T19:48:19.508+0000] {logging_mixin.py:190} INFO - [2025-04-19T19:48:19.508+0000] {dagbag.py:587} INFO - Filling up the DagBag from /opt/airflow/dags/Lab2_ETL.py
[2025-04-19T19:48:19.533+0000] {logging_mixin.py:190} INFO - [2025-04-19T19:48:19.533+0000] {base.py:84} INFO - Retrieving connection 'snowflake_conn'
[2025-04-19T19:48:19.535+0000] {logging_mixin.py:190} INFO - [2025-04-19T19:48:19.535+0000] {connection.py:413} INFO - Snowflake Connector for Python Version: 3.12.1, Python Version: 3.12.5, Platform: Linux-6.12.5-linuxkit-aarch64-with-glibc2.36
[2025-04-19T19:48:19.536+0000] {logging_mixin.py:190} INFO - [2025-04-19T19:48:19.536+0000] {connection.py:1196} INFO - Connecting to GLOBAL Snowflake domain
[2025-04-19T19:48:19.536+0000] {logging_mixin.py:190} INFO - [2025-04-19T19:48:19.536+0000] {connection.py:1277} INFO - This connection is in OCSP Fail Open Mode. TLS Certificates would be checked for validity and revocation status. Any other Certificate Revocation related exceptions or OCSP Responder failures would be disregarded in favor of connectivity.
[2025-04-19T19:48:20.155+0000] {processor.py:925} INFO - DAG(s) 'law_enforcement_ETL' retrieved from /opt/airflow/dags/Lab2_ETL.py
[2025-04-19T19:48:20.219+0000] {logging_mixin.py:190} INFO - [2025-04-19T19:48:20.218+0000] {dag.py:3229} INFO - Sync 1 DAGs
[2025-04-19T19:48:20.228+0000] {logging_mixin.py:190} INFO - [2025-04-19T19:48:20.228+0000] {dag.py:4156} INFO - Setting next_dagrun for law_enforcement_ETL to 2025-04-19 02:30:00+00:00, run_after=2025-04-20 02:30:00+00:00
[2025-04-19T19:48:20.233+0000] {processor.py:208} INFO - Processing /opt/airflow/dags/Lab2_ETL.py took 0.735 seconds
