[2025-04-19T19:26:21.722+0000] {processor.py:186} INFO - Started process (PID=185) to work on /opt/airflow/dags/Lab2_ELT.py
[2025-04-19T19:26:21.724+0000] {processor.py:914} INFO - Processing file /opt/airflow/dags/Lab2_ELT.py for tasks to queue
[2025-04-19T19:26:21.729+0000] {logging_mixin.py:190} INFO - [2025-04-19T19:26:21.729+0000] {dagbag.py:587} INFO - Filling up the DagBag from /opt/airflow/dags/Lab2_ELT.py
[2025-04-19T19:26:21.756+0000] {logging_mixin.py:190} INFO - [2025-04-19T19:26:21.756+0000] {base.py:84} INFO - Retrieving connection 'snowflake_conn'
[2025-04-19T19:26:21.768+0000] {processor.py:925} INFO - DAG(s) 'law_enforcement_ELT_dbt' retrieved from /opt/airflow/dags/Lab2_ELT.py
[2025-04-19T19:26:21.809+0000] {logging_mixin.py:190} INFO - [2025-04-19T19:26:21.809+0000] {dag.py:3229} INFO - Sync 1 DAGs
[2025-04-19T19:26:21.835+0000] {logging_mixin.py:190} INFO - [2025-04-19T19:26:21.835+0000] {dag.py:4156} INFO - Setting next_dagrun for law_enforcement_ELT_dbt to None, run_after=None
[2025-04-19T19:26:21.859+0000] {processor.py:208} INFO - Processing /opt/airflow/dags/Lab2_ELT.py took 0.141 seconds
[2025-04-19T19:26:53.935+0000] {processor.py:186} INFO - Started process (PID=262) to work on /opt/airflow/dags/Lab2_ELT.py
[2025-04-19T19:26:53.938+0000] {processor.py:914} INFO - Processing file /opt/airflow/dags/Lab2_ELT.py for tasks to queue
[2025-04-19T19:26:53.942+0000] {logging_mixin.py:190} INFO - [2025-04-19T19:26:53.942+0000] {dagbag.py:587} INFO - Filling up the DagBag from /opt/airflow/dags/Lab2_ELT.py
[2025-04-19T19:26:53.962+0000] {logging_mixin.py:190} INFO - [2025-04-19T19:26:53.962+0000] {base.py:84} INFO - Retrieving connection 'snowflake_conn'
[2025-04-19T19:26:53.973+0000] {processor.py:925} INFO - DAG(s) 'law_enforcement_ELT_dbt' retrieved from /opt/airflow/dags/Lab2_ELT.py
[2025-04-19T19:26:53.992+0000] {logging_mixin.py:190} INFO - [2025-04-19T19:26:53.992+0000] {dag.py:3229} INFO - Sync 1 DAGs
[2025-04-19T19:26:54.002+0000] {logging_mixin.py:190} INFO - [2025-04-19T19:26:54.002+0000] {dag.py:4156} INFO - Setting next_dagrun for law_enforcement_ELT_dbt to None, run_after=None
[2025-04-19T19:26:54.014+0000] {processor.py:208} INFO - Processing /opt/airflow/dags/Lab2_ELT.py took 0.087 seconds
[2025-04-19T19:27:24.285+0000] {processor.py:186} INFO - Started process (PID=278) to work on /opt/airflow/dags/Lab2_ELT.py
[2025-04-19T19:27:24.287+0000] {processor.py:914} INFO - Processing file /opt/airflow/dags/Lab2_ELT.py for tasks to queue
[2025-04-19T19:27:24.294+0000] {logging_mixin.py:190} INFO - [2025-04-19T19:27:24.293+0000] {dagbag.py:587} INFO - Filling up the DagBag from /opt/airflow/dags/Lab2_ELT.py
[2025-04-19T19:27:24.310+0000] {logging_mixin.py:190} INFO - [2025-04-19T19:27:24.310+0000] {base.py:84} INFO - Retrieving connection 'snowflake_conn'
[2025-04-19T19:27:24.322+0000] {processor.py:925} INFO - DAG(s) 'law_enforcement_ELT_dbt' retrieved from /opt/airflow/dags/Lab2_ELT.py
[2025-04-19T19:27:24.333+0000] {logging_mixin.py:190} INFO - [2025-04-19T19:27:24.333+0000] {dag.py:3229} INFO - Sync 1 DAGs
[2025-04-19T19:27:24.344+0000] {logging_mixin.py:190} INFO - [2025-04-19T19:27:24.344+0000] {dag.py:4156} INFO - Setting next_dagrun for law_enforcement_ELT_dbt to None, run_after=None
[2025-04-19T19:27:24.350+0000] {processor.py:208} INFO - Processing /opt/airflow/dags/Lab2_ELT.py took 0.071 seconds
[2025-04-19T19:27:54.638+0000] {processor.py:186} INFO - Started process (PID=294) to work on /opt/airflow/dags/Lab2_ELT.py
[2025-04-19T19:27:54.639+0000] {processor.py:914} INFO - Processing file /opt/airflow/dags/Lab2_ELT.py for tasks to queue
[2025-04-19T19:27:54.644+0000] {logging_mixin.py:190} INFO - [2025-04-19T19:27:54.644+0000] {dagbag.py:587} INFO - Filling up the DagBag from /opt/airflow/dags/Lab2_ELT.py
[2025-04-19T19:27:54.657+0000] {logging_mixin.py:190} INFO - [2025-04-19T19:27:54.657+0000] {base.py:84} INFO - Retrieving connection 'snowflake_conn'
[2025-04-19T19:27:54.664+0000] {processor.py:925} INFO - DAG(s) 'law_enforcement_ELT_dbt' retrieved from /opt/airflow/dags/Lab2_ELT.py
[2025-04-19T19:27:54.675+0000] {logging_mixin.py:190} INFO - [2025-04-19T19:27:54.675+0000] {dag.py:3229} INFO - Sync 1 DAGs
[2025-04-19T19:27:54.687+0000] {logging_mixin.py:190} INFO - [2025-04-19T19:27:54.687+0000] {dag.py:4156} INFO - Setting next_dagrun for law_enforcement_ELT_dbt to None, run_after=None
[2025-04-19T19:27:54.694+0000] {processor.py:208} INFO - Processing /opt/airflow/dags/Lab2_ELT.py took 0.062 seconds
[2025-04-19T19:28:25.035+0000] {processor.py:186} INFO - Started process (PID=310) to work on /opt/airflow/dags/Lab2_ELT.py
[2025-04-19T19:28:25.037+0000] {processor.py:914} INFO - Processing file /opt/airflow/dags/Lab2_ELT.py for tasks to queue
[2025-04-19T19:28:25.042+0000] {logging_mixin.py:190} INFO - [2025-04-19T19:28:25.041+0000] {dagbag.py:587} INFO - Filling up the DagBag from /opt/airflow/dags/Lab2_ELT.py
[2025-04-19T19:28:25.055+0000] {logging_mixin.py:190} INFO - [2025-04-19T19:28:25.055+0000] {base.py:84} INFO - Retrieving connection 'snowflake_conn'
[2025-04-19T19:28:25.060+0000] {processor.py:925} INFO - DAG(s) 'law_enforcement_ELT_dbt' retrieved from /opt/airflow/dags/Lab2_ELT.py
[2025-04-19T19:28:25.070+0000] {logging_mixin.py:190} INFO - [2025-04-19T19:28:25.070+0000] {dag.py:3229} INFO - Sync 1 DAGs
[2025-04-19T19:28:25.078+0000] {logging_mixin.py:190} INFO - [2025-04-19T19:28:25.078+0000] {dag.py:4156} INFO - Setting next_dagrun for law_enforcement_ELT_dbt to None, run_after=None
[2025-04-19T19:28:25.084+0000] {processor.py:208} INFO - Processing /opt/airflow/dags/Lab2_ELT.py took 0.056 seconds
[2025-04-19T19:28:55.432+0000] {processor.py:186} INFO - Started process (PID=326) to work on /opt/airflow/dags/Lab2_ELT.py
[2025-04-19T19:28:55.435+0000] {processor.py:914} INFO - Processing file /opt/airflow/dags/Lab2_ELT.py for tasks to queue
[2025-04-19T19:28:55.438+0000] {logging_mixin.py:190} INFO - [2025-04-19T19:28:55.437+0000] {dagbag.py:587} INFO - Filling up the DagBag from /opt/airflow/dags/Lab2_ELT.py
[2025-04-19T19:28:55.453+0000] {logging_mixin.py:190} INFO - [2025-04-19T19:28:55.453+0000] {base.py:84} INFO - Retrieving connection 'snowflake_conn'
[2025-04-19T19:28:55.458+0000] {processor.py:925} INFO - DAG(s) 'law_enforcement_ELT_dbt' retrieved from /opt/airflow/dags/Lab2_ELT.py
[2025-04-19T19:28:55.471+0000] {logging_mixin.py:190} INFO - [2025-04-19T19:28:55.471+0000] {dag.py:3229} INFO - Sync 1 DAGs
[2025-04-19T19:28:55.479+0000] {logging_mixin.py:190} INFO - [2025-04-19T19:28:55.478+0000] {dag.py:4156} INFO - Setting next_dagrun for law_enforcement_ELT_dbt to None, run_after=None
[2025-04-19T19:28:55.486+0000] {processor.py:208} INFO - Processing /opt/airflow/dags/Lab2_ELT.py took 0.061 seconds
[2025-04-19T19:29:25.820+0000] {processor.py:186} INFO - Started process (PID=342) to work on /opt/airflow/dags/Lab2_ELT.py
[2025-04-19T19:29:25.822+0000] {processor.py:914} INFO - Processing file /opt/airflow/dags/Lab2_ELT.py for tasks to queue
[2025-04-19T19:29:25.827+0000] {logging_mixin.py:190} INFO - [2025-04-19T19:29:25.826+0000] {dagbag.py:587} INFO - Filling up the DagBag from /opt/airflow/dags/Lab2_ELT.py
[2025-04-19T19:29:25.853+0000] {logging_mixin.py:190} INFO - [2025-04-19T19:29:25.852+0000] {base.py:84} INFO - Retrieving connection 'snowflake_conn'
[2025-04-19T19:29:25.858+0000] {processor.py:925} INFO - DAG(s) 'law_enforcement_ELT_dbt' retrieved from /opt/airflow/dags/Lab2_ELT.py
[2025-04-19T19:29:25.872+0000] {logging_mixin.py:190} INFO - [2025-04-19T19:29:25.872+0000] {dag.py:3229} INFO - Sync 1 DAGs
[2025-04-19T19:29:25.880+0000] {logging_mixin.py:190} INFO - [2025-04-19T19:29:25.880+0000] {dag.py:4156} INFO - Setting next_dagrun for law_enforcement_ELT_dbt to None, run_after=None
[2025-04-19T19:29:25.886+0000] {processor.py:208} INFO - Processing /opt/airflow/dags/Lab2_ELT.py took 0.081 seconds
[2025-04-19T19:29:56.196+0000] {processor.py:186} INFO - Started process (PID=358) to work on /opt/airflow/dags/Lab2_ELT.py
[2025-04-19T19:29:56.198+0000] {processor.py:914} INFO - Processing file /opt/airflow/dags/Lab2_ELT.py for tasks to queue
[2025-04-19T19:29:56.202+0000] {logging_mixin.py:190} INFO - [2025-04-19T19:29:56.202+0000] {dagbag.py:587} INFO - Filling up the DagBag from /opt/airflow/dags/Lab2_ELT.py
[2025-04-19T19:29:56.216+0000] {logging_mixin.py:190} INFO - [2025-04-19T19:29:56.216+0000] {base.py:84} INFO - Retrieving connection 'snowflake_conn'
[2025-04-19T19:29:56.220+0000] {processor.py:925} INFO - DAG(s) 'law_enforcement_ELT_dbt' retrieved from /opt/airflow/dags/Lab2_ELT.py
[2025-04-19T19:29:56.229+0000] {logging_mixin.py:190} INFO - [2025-04-19T19:29:56.229+0000] {dag.py:3229} INFO - Sync 1 DAGs
[2025-04-19T19:29:56.236+0000] {logging_mixin.py:190} INFO - [2025-04-19T19:29:56.236+0000] {dag.py:4156} INFO - Setting next_dagrun for law_enforcement_ELT_dbt to None, run_after=None
[2025-04-19T19:29:56.242+0000] {processor.py:208} INFO - Processing /opt/airflow/dags/Lab2_ELT.py took 0.053 seconds
[2025-04-19T19:30:26.518+0000] {processor.py:186} INFO - Started process (PID=374) to work on /opt/airflow/dags/Lab2_ELT.py
[2025-04-19T19:30:26.519+0000] {processor.py:914} INFO - Processing file /opt/airflow/dags/Lab2_ELT.py for tasks to queue
[2025-04-19T19:30:26.522+0000] {logging_mixin.py:190} INFO - [2025-04-19T19:30:26.522+0000] {dagbag.py:587} INFO - Filling up the DagBag from /opt/airflow/dags/Lab2_ELT.py
[2025-04-19T19:30:26.535+0000] {logging_mixin.py:190} INFO - [2025-04-19T19:30:26.535+0000] {base.py:84} INFO - Retrieving connection 'snowflake_conn'
[2025-04-19T19:30:26.539+0000] {processor.py:925} INFO - DAG(s) 'law_enforcement_ELT_dbt' retrieved from /opt/airflow/dags/Lab2_ELT.py
[2025-04-19T19:30:26.548+0000] {logging_mixin.py:190} INFO - [2025-04-19T19:30:26.548+0000] {dag.py:3229} INFO - Sync 1 DAGs
[2025-04-19T19:30:26.555+0000] {logging_mixin.py:190} INFO - [2025-04-19T19:30:26.554+0000] {dag.py:4156} INFO - Setting next_dagrun for law_enforcement_ELT_dbt to None, run_after=None
[2025-04-19T19:30:26.561+0000] {processor.py:208} INFO - Processing /opt/airflow/dags/Lab2_ELT.py took 0.049 seconds
[2025-04-19T19:30:56.859+0000] {processor.py:186} INFO - Started process (PID=390) to work on /opt/airflow/dags/Lab2_ELT.py
[2025-04-19T19:30:56.860+0000] {processor.py:914} INFO - Processing file /opt/airflow/dags/Lab2_ELT.py for tasks to queue
[2025-04-19T19:30:56.863+0000] {logging_mixin.py:190} INFO - [2025-04-19T19:30:56.863+0000] {dagbag.py:587} INFO - Filling up the DagBag from /opt/airflow/dags/Lab2_ELT.py
[2025-04-19T19:30:56.877+0000] {logging_mixin.py:190} INFO - [2025-04-19T19:30:56.876+0000] {base.py:84} INFO - Retrieving connection 'snowflake_conn'
[2025-04-19T19:30:56.881+0000] {processor.py:925} INFO - DAG(s) 'law_enforcement_ELT_dbt' retrieved from /opt/airflow/dags/Lab2_ELT.py
[2025-04-19T19:30:56.890+0000] {logging_mixin.py:190} INFO - [2025-04-19T19:30:56.890+0000] {dag.py:3229} INFO - Sync 1 DAGs
[2025-04-19T19:30:56.897+0000] {logging_mixin.py:190} INFO - [2025-04-19T19:30:56.897+0000] {dag.py:4156} INFO - Setting next_dagrun for law_enforcement_ELT_dbt to None, run_after=None
[2025-04-19T19:30:56.903+0000] {processor.py:208} INFO - Processing /opt/airflow/dags/Lab2_ELT.py took 0.050 seconds
[2025-04-19T19:31:27.197+0000] {processor.py:186} INFO - Started process (PID=406) to work on /opt/airflow/dags/Lab2_ELT.py
[2025-04-19T19:31:27.198+0000] {processor.py:914} INFO - Processing file /opt/airflow/dags/Lab2_ELT.py for tasks to queue
[2025-04-19T19:31:27.200+0000] {logging_mixin.py:190} INFO - [2025-04-19T19:31:27.200+0000] {dagbag.py:587} INFO - Filling up the DagBag from /opt/airflow/dags/Lab2_ELT.py
[2025-04-19T19:31:27.211+0000] {logging_mixin.py:190} INFO - [2025-04-19T19:31:27.211+0000] {base.py:84} INFO - Retrieving connection 'snowflake_conn'
[2025-04-19T19:31:27.216+0000] {processor.py:925} INFO - DAG(s) 'law_enforcement_ELT_dbt' retrieved from /opt/airflow/dags/Lab2_ELT.py
[2025-04-19T19:31:27.226+0000] {logging_mixin.py:190} INFO - [2025-04-19T19:31:27.226+0000] {dag.py:3229} INFO - Sync 1 DAGs
[2025-04-19T19:31:27.233+0000] {logging_mixin.py:190} INFO - [2025-04-19T19:31:27.232+0000] {dag.py:4156} INFO - Setting next_dagrun for law_enforcement_ELT_dbt to None, run_after=None
[2025-04-19T19:31:27.239+0000] {processor.py:208} INFO - Processing /opt/airflow/dags/Lab2_ELT.py took 0.049 seconds
[2025-04-19T19:48:19.497+0000] {processor.py:186} INFO - Started process (PID=422) to work on /opt/airflow/dags/Lab2_ELT.py
[2025-04-19T19:48:19.498+0000] {processor.py:914} INFO - Processing file /opt/airflow/dags/Lab2_ELT.py for tasks to queue
[2025-04-19T19:48:19.501+0000] {logging_mixin.py:190} INFO - [2025-04-19T19:48:19.501+0000] {dagbag.py:587} INFO - Filling up the DagBag from /opt/airflow/dags/Lab2_ELT.py
[2025-04-19T19:48:19.519+0000] {logging_mixin.py:190} INFO - [2025-04-19T19:48:19.519+0000] {base.py:84} INFO - Retrieving connection 'snowflake_conn'
[2025-04-19T19:48:19.533+0000] {processor.py:925} INFO - DAG(s) 'law_enforcement_ELT_dbt' retrieved from /opt/airflow/dags/Lab2_ELT.py
[2025-04-19T19:48:19.547+0000] {logging_mixin.py:190} INFO - [2025-04-19T19:48:19.547+0000] {dag.py:3229} INFO - Sync 1 DAGs
[2025-04-19T19:48:19.554+0000] {logging_mixin.py:190} INFO - [2025-04-19T19:48:19.554+0000] {dag.py:4156} INFO - Setting next_dagrun for law_enforcement_ELT_dbt to None, run_after=None
[2025-04-19T19:48:19.562+0000] {processor.py:208} INFO - Processing /opt/airflow/dags/Lab2_ELT.py took 0.075 seconds
