[2025-04-21T23:54:18.839+0000] {processor.py:186} INFO - Started process (PID=2852) to work on /opt/airflow/dags/project_apidata_ETL.py
[2025-04-21T23:54:18.840+0000] {processor.py:914} INFO - Processing file /opt/airflow/dags/project_apidata_ETL.py for tasks to queue
[2025-04-21T23:54:18.844+0000] {logging_mixin.py:190} INFO - [2025-04-21T23:54:18.843+0000] {dagbag.py:587} INFO - Filling up the DagBag from /opt/airflow/dags/project_apidata_ETL.py
[2025-04-21T23:54:19.024+0000] {logging_mixin.py:190} INFO - [2025-04-21T23:54:19.024+0000] {base.py:84} INFO - Retrieving connection 'snowflake_conn'
[2025-04-21T23:54:19.027+0000] {logging_mixin.py:190} INFO - [2025-04-21T23:54:19.026+0000] {connection.py:413} INFO - Snowflake Connector for Python Version: 3.12.1, Python Version: 3.12.5, Platform: Linux-6.12.5-linuxkit-aarch64-with-glibc2.36
[2025-04-21T23:54:19.031+0000] {logging_mixin.py:190} INFO - [2025-04-21T23:54:19.031+0000] {connection.py:1196} INFO - Connecting to GLOBAL Snowflake domain
[2025-04-21T23:54:19.032+0000] {logging_mixin.py:190} INFO - [2025-04-21T23:54:19.032+0000] {connection.py:1277} INFO - This connection is in OCSP Fail Open Mode. TLS Certificates would be checked for validity and revocation status. Any other Certificate Revocation related exceptions or OCSP Responder failures would be disregarded in favor of connectivity.
[2025-04-21T23:54:19.583+0000] {processor.py:925} INFO - DAG(s) 'project_apidata_ETL' retrieved from /opt/airflow/dags/project_apidata_ETL.py
[2025-04-21T23:54:19.697+0000] {logging_mixin.py:190} INFO - [2025-04-21T23:54:19.697+0000] {dag.py:3229} INFO - Sync 1 DAGs
[2025-04-21T23:54:19.735+0000] {logging_mixin.py:190} INFO - [2025-04-21T23:54:19.735+0000] {dag.py:4156} INFO - Setting next_dagrun for project_apidata_ETL to 2025-04-20 02:30:00+00:00, run_after=2025-04-21 02:30:00+00:00
[2025-04-21T23:54:19.757+0000] {processor.py:208} INFO - Processing /opt/airflow/dags/project_apidata_ETL.py took 0.966 seconds
[2025-04-21T23:54:50.288+0000] {processor.py:186} INFO - Started process (PID=2868) to work on /opt/airflow/dags/project_apidata_ETL.py
[2025-04-21T23:54:50.289+0000] {processor.py:914} INFO - Processing file /opt/airflow/dags/project_apidata_ETL.py for tasks to queue
[2025-04-21T23:54:50.290+0000] {logging_mixin.py:190} INFO - [2025-04-21T23:54:50.290+0000] {dagbag.py:587} INFO - Filling up the DagBag from /opt/airflow/dags/project_apidata_ETL.py
[2025-04-21T23:54:50.338+0000] {logging_mixin.py:190} INFO - [2025-04-21T23:54:50.338+0000] {base.py:84} INFO - Retrieving connection 'snowflake_conn'
[2025-04-21T23:54:50.339+0000] {logging_mixin.py:190} INFO - [2025-04-21T23:54:50.339+0000] {connection.py:413} INFO - Snowflake Connector for Python Version: 3.12.1, Python Version: 3.12.5, Platform: Linux-6.12.5-linuxkit-aarch64-with-glibc2.36
[2025-04-21T23:54:50.340+0000] {logging_mixin.py:190} INFO - [2025-04-21T23:54:50.340+0000] {connection.py:1196} INFO - Connecting to GLOBAL Snowflake domain
[2025-04-21T23:54:50.341+0000] {logging_mixin.py:190} INFO - [2025-04-21T23:54:50.341+0000] {connection.py:1277} INFO - This connection is in OCSP Fail Open Mode. TLS Certificates would be checked for validity and revocation status. Any other Certificate Revocation related exceptions or OCSP Responder failures would be disregarded in favor of connectivity.
[2025-04-21T23:54:50.710+0000] {processor.py:925} INFO - DAG(s) 'project_apidata_ETL' retrieved from /opt/airflow/dags/project_apidata_ETL.py
[2025-04-21T23:54:50.812+0000] {logging_mixin.py:190} INFO - [2025-04-21T23:54:50.811+0000] {dag.py:3229} INFO - Sync 1 DAGs
[2025-04-21T23:54:50.821+0000] {logging_mixin.py:190} INFO - [2025-04-21T23:54:50.820+0000] {dag.py:4156} INFO - Setting next_dagrun for project_apidata_ETL to 2025-04-20 02:30:00+00:00, run_after=2025-04-21 02:30:00+00:00
[2025-04-21T23:54:50.827+0000] {processor.py:208} INFO - Processing /opt/airflow/dags/project_apidata_ETL.py took 0.542 seconds
[2025-04-21T23:55:21.289+0000] {processor.py:186} INFO - Started process (PID=2884) to work on /opt/airflow/dags/project_apidata_ETL.py
[2025-04-21T23:55:21.290+0000] {processor.py:914} INFO - Processing file /opt/airflow/dags/project_apidata_ETL.py for tasks to queue
[2025-04-21T23:55:21.291+0000] {logging_mixin.py:190} INFO - [2025-04-21T23:55:21.291+0000] {dagbag.py:587} INFO - Filling up the DagBag from /opt/airflow/dags/project_apidata_ETL.py
[2025-04-21T23:55:21.334+0000] {logging_mixin.py:190} INFO - [2025-04-21T23:55:21.334+0000] {base.py:84} INFO - Retrieving connection 'snowflake_conn'
[2025-04-21T23:55:21.335+0000] {logging_mixin.py:190} INFO - [2025-04-21T23:55:21.335+0000] {connection.py:413} INFO - Snowflake Connector for Python Version: 3.12.1, Python Version: 3.12.5, Platform: Linux-6.12.5-linuxkit-aarch64-with-glibc2.36
[2025-04-21T23:55:21.336+0000] {logging_mixin.py:190} INFO - [2025-04-21T23:55:21.336+0000] {connection.py:1196} INFO - Connecting to GLOBAL Snowflake domain
[2025-04-21T23:55:21.336+0000] {logging_mixin.py:190} INFO - [2025-04-21T23:55:21.336+0000] {connection.py:1277} INFO - This connection is in OCSP Fail Open Mode. TLS Certificates would be checked for validity and revocation status. Any other Certificate Revocation related exceptions or OCSP Responder failures would be disregarded in favor of connectivity.
[2025-04-21T23:55:21.932+0000] {processor.py:925} INFO - DAG(s) 'project_apidata_ETL' retrieved from /opt/airflow/dags/project_apidata_ETL.py
[2025-04-21T23:55:21.990+0000] {logging_mixin.py:190} INFO - [2025-04-21T23:55:21.989+0000] {dag.py:3229} INFO - Sync 1 DAGs
[2025-04-21T23:55:21.997+0000] {logging_mixin.py:190} INFO - [2025-04-21T23:55:21.997+0000] {dag.py:4156} INFO - Setting next_dagrun for project_apidata_ETL to 2025-04-20 02:30:00+00:00, run_after=2025-04-21 02:30:00+00:00
[2025-04-21T23:55:22.003+0000] {processor.py:208} INFO - Processing /opt/airflow/dags/project_apidata_ETL.py took 0.723 seconds
[2025-04-21T23:55:52.455+0000] {processor.py:186} INFO - Started process (PID=2900) to work on /opt/airflow/dags/project_apidata_ETL.py
[2025-04-21T23:55:52.459+0000] {processor.py:914} INFO - Processing file /opt/airflow/dags/project_apidata_ETL.py for tasks to queue
[2025-04-21T23:55:52.461+0000] {logging_mixin.py:190} INFO - [2025-04-21T23:55:52.460+0000] {dagbag.py:587} INFO - Filling up the DagBag from /opt/airflow/dags/project_apidata_ETL.py
[2025-04-21T23:55:52.514+0000] {logging_mixin.py:190} INFO - [2025-04-21T23:55:52.513+0000] {base.py:84} INFO - Retrieving connection 'snowflake_conn'
[2025-04-21T23:55:52.516+0000] {logging_mixin.py:190} INFO - [2025-04-21T23:55:52.516+0000] {connection.py:413} INFO - Snowflake Connector for Python Version: 3.12.1, Python Version: 3.12.5, Platform: Linux-6.12.5-linuxkit-aarch64-with-glibc2.36
[2025-04-21T23:55:52.517+0000] {logging_mixin.py:190} INFO - [2025-04-21T23:55:52.517+0000] {connection.py:1196} INFO - Connecting to GLOBAL Snowflake domain
[2025-04-21T23:55:52.517+0000] {logging_mixin.py:190} INFO - [2025-04-21T23:55:52.517+0000] {connection.py:1277} INFO - This connection is in OCSP Fail Open Mode. TLS Certificates would be checked for validity and revocation status. Any other Certificate Revocation related exceptions or OCSP Responder failures would be disregarded in favor of connectivity.
[2025-04-21T23:55:52.864+0000] {processor.py:925} INFO - DAG(s) 'project_apidata_ETL' retrieved from /opt/airflow/dags/project_apidata_ETL.py
[2025-04-21T23:55:52.930+0000] {logging_mixin.py:190} INFO - [2025-04-21T23:55:52.930+0000] {dag.py:3229} INFO - Sync 1 DAGs
[2025-04-21T23:55:52.938+0000] {logging_mixin.py:190} INFO - [2025-04-21T23:55:52.938+0000] {dag.py:4156} INFO - Setting next_dagrun for project_apidata_ETL to 2025-04-20 02:30:00+00:00, run_after=2025-04-21 02:30:00+00:00
[2025-04-21T23:55:52.944+0000] {processor.py:208} INFO - Processing /opt/airflow/dags/project_apidata_ETL.py took 0.494 seconds
[2025-04-21T23:56:23.744+0000] {processor.py:186} INFO - Started process (PID=2916) to work on /opt/airflow/dags/project_apidata_ETL.py
[2025-04-21T23:56:23.746+0000] {processor.py:914} INFO - Processing file /opt/airflow/dags/project_apidata_ETL.py for tasks to queue
[2025-04-21T23:56:23.751+0000] {logging_mixin.py:190} INFO - [2025-04-21T23:56:23.750+0000] {dagbag.py:587} INFO - Filling up the DagBag from /opt/airflow/dags/project_apidata_ETL.py
[2025-04-21T23:56:23.841+0000] {logging_mixin.py:190} INFO - [2025-04-21T23:56:23.840+0000] {base.py:84} INFO - Retrieving connection 'snowflake_conn'
[2025-04-21T23:56:23.846+0000] {logging_mixin.py:190} INFO - [2025-04-21T23:56:23.846+0000] {connection.py:413} INFO - Snowflake Connector for Python Version: 3.12.1, Python Version: 3.12.5, Platform: Linux-6.12.5-linuxkit-aarch64-with-glibc2.36
[2025-04-21T23:56:23.848+0000] {logging_mixin.py:190} INFO - [2025-04-21T23:56:23.848+0000] {connection.py:1196} INFO - Connecting to GLOBAL Snowflake domain
[2025-04-21T23:56:23.849+0000] {logging_mixin.py:190} INFO - [2025-04-21T23:56:23.849+0000] {connection.py:1277} INFO - This connection is in OCSP Fail Open Mode. TLS Certificates would be checked for validity and revocation status. Any other Certificate Revocation related exceptions or OCSP Responder failures would be disregarded in favor of connectivity.
[2025-04-21T23:56:24.272+0000] {processor.py:925} INFO - DAG(s) 'project_apidata_ETL' retrieved from /opt/airflow/dags/project_apidata_ETL.py
[2025-04-21T23:56:24.352+0000] {logging_mixin.py:190} INFO - [2025-04-21T23:56:24.351+0000] {dag.py:3229} INFO - Sync 1 DAGs
[2025-04-21T23:56:24.364+0000] {logging_mixin.py:190} INFO - [2025-04-21T23:56:24.364+0000] {dag.py:4156} INFO - Setting next_dagrun for project_apidata_ETL to 2025-04-20 02:30:00+00:00, run_after=2025-04-21 02:30:00+00:00
[2025-04-21T23:56:24.373+0000] {processor.py:208} INFO - Processing /opt/airflow/dags/project_apidata_ETL.py took 0.638 seconds
[2025-04-21T23:56:54.795+0000] {processor.py:186} INFO - Started process (PID=2932) to work on /opt/airflow/dags/project_apidata_ETL.py
[2025-04-21T23:56:54.796+0000] {processor.py:914} INFO - Processing file /opt/airflow/dags/project_apidata_ETL.py for tasks to queue
[2025-04-21T23:56:54.797+0000] {logging_mixin.py:190} INFO - [2025-04-21T23:56:54.797+0000] {dagbag.py:587} INFO - Filling up the DagBag from /opt/airflow/dags/project_apidata_ETL.py
[2025-04-21T23:56:54.848+0000] {logging_mixin.py:190} INFO - [2025-04-21T23:56:54.848+0000] {base.py:84} INFO - Retrieving connection 'snowflake_conn'
[2025-04-21T23:56:54.850+0000] {logging_mixin.py:190} INFO - [2025-04-21T23:56:54.849+0000] {connection.py:413} INFO - Snowflake Connector for Python Version: 3.12.1, Python Version: 3.12.5, Platform: Linux-6.12.5-linuxkit-aarch64-with-glibc2.36
[2025-04-21T23:56:54.850+0000] {logging_mixin.py:190} INFO - [2025-04-21T23:56:54.850+0000] {connection.py:1196} INFO - Connecting to GLOBAL Snowflake domain
[2025-04-21T23:56:54.851+0000] {logging_mixin.py:190} INFO - [2025-04-21T23:56:54.851+0000] {connection.py:1277} INFO - This connection is in OCSP Fail Open Mode. TLS Certificates would be checked for validity and revocation status. Any other Certificate Revocation related exceptions or OCSP Responder failures would be disregarded in favor of connectivity.
[2025-04-21T23:56:55.215+0000] {processor.py:925} INFO - DAG(s) 'project_apidata_ETL' retrieved from /opt/airflow/dags/project_apidata_ETL.py
[2025-04-21T23:56:55.343+0000] {logging_mixin.py:190} INFO - [2025-04-21T23:56:55.343+0000] {dag.py:3229} INFO - Sync 1 DAGs
[2025-04-21T23:56:55.351+0000] {logging_mixin.py:190} INFO - [2025-04-21T23:56:55.351+0000] {dag.py:4156} INFO - Setting next_dagrun for project_apidata_ETL to 2025-04-20 02:30:00+00:00, run_after=2025-04-21 02:30:00+00:00
[2025-04-21T23:56:55.358+0000] {processor.py:208} INFO - Processing /opt/airflow/dags/project_apidata_ETL.py took 0.569 seconds
