[2025-04-12T04:19:00.608+0000] {processor.py:186} INFO - Started process (PID=549) to work on /opt/airflow/dags/build_pinecone_search.py
[2025-04-12T04:19:00.610+0000] {processor.py:914} INFO - Processing file /opt/airflow/dags/build_pinecone_search.py for tasks to queue
[2025-04-12T04:19:00.614+0000] {logging_mixin.py:190} INFO - [2025-04-12T04:19:00.612+0000] {dagbag.py:587} INFO - Filling up the DagBag from /opt/airflow/dags/build_pinecone_search.py
[2025-04-12T04:19:06.592+0000] {logging_mixin.py:190} INFO - {{ task_instance.xcom_pull(task_ids='preprocess_data', dag_id='Medium_to_Pinecone', key='return_value') }}
[2025-04-12T04:19:06.597+0000] {processor.py:925} INFO - DAG(s) 'Medium_to_Pinecone' retrieved from /opt/airflow/dags/build_pinecone_search.py
[2025-04-12T04:19:06.757+0000] {logging_mixin.py:190} INFO - [2025-04-12T04:19:06.756+0000] {override.py:1900} INFO - Created Permission View: can read on DAG:Medium_to_Pinecone
[2025-04-12T04:19:06.761+0000] {logging_mixin.py:190} INFO - [2025-04-12T04:19:06.761+0000] {override.py:1900} INFO - Created Permission View: can edit on DAG:Medium_to_Pinecone
[2025-04-12T04:19:06.762+0000] {logging_mixin.py:190} INFO - [2025-04-12T04:19:06.762+0000] {override.py:1900} INFO - Created Permission View: can delete on DAG:Medium_to_Pinecone
[2025-04-12T04:19:06.766+0000] {logging_mixin.py:190} INFO - [2025-04-12T04:19:06.766+0000] {override.py:1900} INFO - Created Permission View: menu access on DAG Run:Medium_to_Pinecone
[2025-04-12T04:19:06.768+0000] {logging_mixin.py:190} INFO - [2025-04-12T04:19:06.768+0000] {override.py:1900} INFO - Created Permission View: can read on DAG Run:Medium_to_Pinecone
[2025-04-12T04:19:06.770+0000] {logging_mixin.py:190} INFO - [2025-04-12T04:19:06.770+0000] {override.py:1900} INFO - Created Permission View: can delete on DAG Run:Medium_to_Pinecone
[2025-04-12T04:19:06.773+0000] {logging_mixin.py:190} INFO - [2025-04-12T04:19:06.773+0000] {override.py:1900} INFO - Created Permission View: can create on DAG Run:Medium_to_Pinecone
[2025-04-12T04:19:06.773+0000] {logging_mixin.py:190} INFO - [2025-04-12T04:19:06.773+0000] {dag.py:3229} INFO - Sync 1 DAGs
[2025-04-12T04:19:06.784+0000] {logging_mixin.py:190} INFO - [2025-04-12T04:19:06.784+0000] {dag.py:3252} INFO - Creating ORM DAG for Medium_to_Pinecone
[2025-04-12T04:19:06.792+0000] {logging_mixin.py:190} INFO - [2025-04-12T04:19:06.792+0000] {dag.py:4156} INFO - Setting next_dagrun for Medium_to_Pinecone to 2025-04-03 00:00:00+00:00, run_after=2025-04-10 00:00:00+00:00
[2025-04-12T04:19:06.812+0000] {processor.py:208} INFO - Processing /opt/airflow/dags/build_pinecone_search.py took 6.223 seconds
[2025-04-12T04:19:07.756+0000] {processor.py:186} INFO - Started process (PID=557) to work on /opt/airflow/dags/build_pinecone_search.py
[2025-04-12T04:19:07.758+0000] {processor.py:914} INFO - Processing file /opt/airflow/dags/build_pinecone_search.py for tasks to queue
[2025-04-12T04:19:07.760+0000] {logging_mixin.py:190} INFO - [2025-04-12T04:19:07.759+0000] {dagbag.py:587} INFO - Filling up the DagBag from /opt/airflow/dags/build_pinecone_search.py
[2025-04-12T04:19:10.673+0000] {logging_mixin.py:190} INFO - {{ task_instance.xcom_pull(task_ids='preprocess_data', dag_id='Medium_to_Pinecone', key='return_value') }}
[2025-04-12T04:19:10.676+0000] {processor.py:925} INFO - DAG(s) 'Medium_to_Pinecone' retrieved from /opt/airflow/dags/build_pinecone_search.py
[2025-04-12T04:19:10.687+0000] {logging_mixin.py:190} INFO - [2025-04-12T04:19:10.686+0000] {dag.py:3229} INFO - Sync 1 DAGs
[2025-04-12T04:19:10.703+0000] {logging_mixin.py:190} INFO - [2025-04-12T04:19:10.703+0000] {dag.py:4156} INFO - Setting next_dagrun for Medium_to_Pinecone to 2025-04-03 00:00:00+00:00, run_after=2025-04-10 00:00:00+00:00
[2025-04-12T04:19:10.718+0000] {processor.py:208} INFO - Processing /opt/airflow/dags/build_pinecone_search.py took 2.981 seconds
[2025-04-12T04:19:16.918+0000] {processor.py:186} INFO - Started process (PID=565) to work on /opt/airflow/dags/build_pinecone_search.py
[2025-04-12T04:19:16.919+0000] {processor.py:914} INFO - Processing file /opt/airflow/dags/build_pinecone_search.py for tasks to queue
[2025-04-12T04:19:16.922+0000] {logging_mixin.py:190} INFO - [2025-04-12T04:19:16.921+0000] {dagbag.py:587} INFO - Filling up the DagBag from /opt/airflow/dags/build_pinecone_search.py
[2025-04-12T04:19:19.103+0000] {logging_mixin.py:190} INFO - {{ task_instance.xcom_pull(task_ids='preprocess_data', dag_id='Medium_to_Pinecone', key='return_value') }}
[2025-04-12T04:19:19.106+0000] {processor.py:925} INFO - DAG(s) 'Medium_to_Pinecone' retrieved from /opt/airflow/dags/build_pinecone_search.py
[2025-04-12T04:19:19.124+0000] {logging_mixin.py:190} INFO - [2025-04-12T04:19:19.123+0000] {dag.py:3229} INFO - Sync 1 DAGs
[2025-04-12T04:19:19.142+0000] {logging_mixin.py:190} INFO - [2025-04-12T04:19:19.142+0000] {dag.py:4156} INFO - Setting next_dagrun for Medium_to_Pinecone to 2025-04-03 00:00:00+00:00, run_after=2025-04-10 00:00:00+00:00
[2025-04-12T04:19:19.152+0000] {processor.py:208} INFO - Processing /opt/airflow/dags/build_pinecone_search.py took 2.246 seconds
[2025-04-12T04:19:27.316+0000] {processor.py:186} INFO - Started process (PID=579) to work on /opt/airflow/dags/build_pinecone_search.py
[2025-04-12T04:19:27.319+0000] {processor.py:914} INFO - Processing file /opt/airflow/dags/build_pinecone_search.py for tasks to queue
[2025-04-12T04:19:27.320+0000] {logging_mixin.py:190} INFO - [2025-04-12T04:19:27.320+0000] {dagbag.py:587} INFO - Filling up the DagBag from /opt/airflow/dags/build_pinecone_search.py
[2025-04-12T04:19:29.985+0000] {logging_mixin.py:190} INFO - {{ task_instance.xcom_pull(task_ids='preprocess_data', dag_id='Medium_to_Pinecone', key='return_value') }}
[2025-04-12T04:19:29.992+0000] {processor.py:925} INFO - DAG(s) 'Medium_to_Pinecone' retrieved from /opt/airflow/dags/build_pinecone_search.py
[2025-04-12T04:19:30.006+0000] {logging_mixin.py:190} INFO - [2025-04-12T04:19:30.005+0000] {dag.py:3229} INFO - Sync 1 DAGs
[2025-04-12T04:19:30.015+0000] {logging_mixin.py:190} INFO - [2025-04-12T04:19:30.015+0000] {dag.py:4156} INFO - Setting next_dagrun for Medium_to_Pinecone to 2025-04-03 00:00:00+00:00, run_after=2025-04-10 00:00:00+00:00
[2025-04-12T04:19:30.023+0000] {processor.py:208} INFO - Processing /opt/airflow/dags/build_pinecone_search.py took 2.716 seconds
[2025-04-12T04:20:01.119+0000] {processor.py:186} INFO - Started process (PID=642) to work on /opt/airflow/dags/build_pinecone_search.py
[2025-04-12T04:20:01.124+0000] {processor.py:914} INFO - Processing file /opt/airflow/dags/build_pinecone_search.py for tasks to queue
[2025-04-12T04:20:01.148+0000] {logging_mixin.py:190} INFO - [2025-04-12T04:20:01.141+0000] {dagbag.py:587} INFO - Filling up the DagBag from /opt/airflow/dags/build_pinecone_search.py
[2025-04-12T04:20:06.198+0000] {logging_mixin.py:190} INFO - {{ task_instance.xcom_pull(task_ids='preprocess_data', dag_id='Medium_to_Pinecone', key='return_value') }}
[2025-04-12T04:20:06.213+0000] {processor.py:925} INFO - DAG(s) 'Medium_to_Pinecone' retrieved from /opt/airflow/dags/build_pinecone_search.py
[2025-04-12T04:20:06.251+0000] {logging_mixin.py:190} INFO - [2025-04-12T04:20:06.251+0000] {dag.py:3229} INFO - Sync 1 DAGs
[2025-04-12T04:20:06.263+0000] {logging_mixin.py:190} INFO - [2025-04-12T04:20:06.262+0000] {dag.py:4156} INFO - Setting next_dagrun for Medium_to_Pinecone to 2025-04-10 00:00:00+00:00, run_after=2025-04-17 00:00:00+00:00
[2025-04-12T04:20:06.285+0000] {processor.py:208} INFO - Processing /opt/airflow/dags/build_pinecone_search.py took 5.289 seconds
[2025-04-12T04:20:36.644+0000] {processor.py:186} INFO - Started process (PID=683) to work on /opt/airflow/dags/build_pinecone_search.py
[2025-04-12T04:20:36.646+0000] {processor.py:914} INFO - Processing file /opt/airflow/dags/build_pinecone_search.py for tasks to queue
[2025-04-12T04:20:36.651+0000] {logging_mixin.py:190} INFO - [2025-04-12T04:20:36.649+0000] {dagbag.py:587} INFO - Filling up the DagBag from /opt/airflow/dags/build_pinecone_search.py
[2025-04-12T04:20:41.506+0000] {logging_mixin.py:190} INFO - {{ task_instance.xcom_pull(task_ids='preprocess_data', dag_id='Medium_to_Pinecone', key='return_value') }}
[2025-04-12T04:20:41.517+0000] {processor.py:925} INFO - DAG(s) 'Medium_to_Pinecone' retrieved from /opt/airflow/dags/build_pinecone_search.py
[2025-04-12T04:20:41.631+0000] {logging_mixin.py:190} INFO - [2025-04-12T04:20:41.630+0000] {dag.py:3229} INFO - Sync 1 DAGs
[2025-04-12T04:20:41.679+0000] {logging_mixin.py:190} INFO - [2025-04-12T04:20:41.679+0000] {dag.py:4156} INFO - Setting next_dagrun for Medium_to_Pinecone to 2025-04-10 00:00:00+00:00, run_after=2025-04-17 00:00:00+00:00
[2025-04-12T04:20:41.708+0000] {processor.py:208} INFO - Processing /opt/airflow/dags/build_pinecone_search.py took 5.084 seconds
[2025-04-12T04:21:12.273+0000] {processor.py:186} INFO - Started process (PID=731) to work on /opt/airflow/dags/build_pinecone_search.py
[2025-04-12T04:21:12.275+0000] {processor.py:914} INFO - Processing file /opt/airflow/dags/build_pinecone_search.py for tasks to queue
[2025-04-12T04:21:12.278+0000] {logging_mixin.py:190} INFO - [2025-04-12T04:21:12.277+0000] {dagbag.py:587} INFO - Filling up the DagBag from /opt/airflow/dags/build_pinecone_search.py
[2025-04-12T04:21:15.558+0000] {logging_mixin.py:190} INFO - {{ task_instance.xcom_pull(task_ids='preprocess_data', dag_id='Medium_to_Pinecone', key='return_value') }}
[2025-04-12T04:21:15.561+0000] {processor.py:925} INFO - DAG(s) 'Medium_to_Pinecone' retrieved from /opt/airflow/dags/build_pinecone_search.py
[2025-04-12T04:21:15.591+0000] {logging_mixin.py:190} INFO - [2025-04-12T04:21:15.591+0000] {dag.py:3229} INFO - Sync 1 DAGs
[2025-04-12T04:21:15.611+0000] {logging_mixin.py:190} INFO - [2025-04-12T04:21:15.611+0000] {dag.py:4156} INFO - Setting next_dagrun for Medium_to_Pinecone to 2025-04-10 00:00:00+00:00, run_after=2025-04-17 00:00:00+00:00
[2025-04-12T04:21:15.621+0000] {processor.py:208} INFO - Processing /opt/airflow/dags/build_pinecone_search.py took 3.362 seconds
[2025-04-12T04:21:45.808+0000] {processor.py:186} INFO - Started process (PID=745) to work on /opt/airflow/dags/build_pinecone_search.py
[2025-04-12T04:21:45.809+0000] {processor.py:914} INFO - Processing file /opt/airflow/dags/build_pinecone_search.py for tasks to queue
[2025-04-12T04:21:45.811+0000] {logging_mixin.py:190} INFO - [2025-04-12T04:21:45.810+0000] {dagbag.py:587} INFO - Filling up the DagBag from /opt/airflow/dags/build_pinecone_search.py
[2025-04-12T04:21:47.740+0000] {logging_mixin.py:190} INFO - {{ task_instance.xcom_pull(task_ids='preprocess_data', dag_id='Medium_to_Pinecone', key='return_value') }}
[2025-04-12T04:21:47.741+0000] {processor.py:925} INFO - DAG(s) 'Medium_to_Pinecone' retrieved from /opt/airflow/dags/build_pinecone_search.py
[2025-04-12T04:21:47.752+0000] {logging_mixin.py:190} INFO - [2025-04-12T04:21:47.752+0000] {dag.py:3229} INFO - Sync 1 DAGs
[2025-04-12T04:21:47.763+0000] {logging_mixin.py:190} INFO - [2025-04-12T04:21:47.763+0000] {dag.py:4156} INFO - Setting next_dagrun for Medium_to_Pinecone to 2025-04-10 00:00:00+00:00, run_after=2025-04-17 00:00:00+00:00
[2025-04-12T04:21:47.769+0000] {processor.py:208} INFO - Processing /opt/airflow/dags/build_pinecone_search.py took 1.978 seconds
[2025-04-12T04:22:18.364+0000] {processor.py:186} INFO - Started process (PID=759) to work on /opt/airflow/dags/build_pinecone_search.py
[2025-04-12T04:22:18.366+0000] {processor.py:914} INFO - Processing file /opt/airflow/dags/build_pinecone_search.py for tasks to queue
[2025-04-12T04:22:18.369+0000] {logging_mixin.py:190} INFO - [2025-04-12T04:22:18.368+0000] {dagbag.py:587} INFO - Filling up the DagBag from /opt/airflow/dags/build_pinecone_search.py
[2025-04-12T04:22:21.365+0000] {logging_mixin.py:190} INFO - {{ task_instance.xcom_pull(task_ids='preprocess_data', dag_id='Medium_to_Pinecone', key='return_value') }}
[2025-04-12T04:22:21.370+0000] {processor.py:925} INFO - DAG(s) 'Medium_to_Pinecone' retrieved from /opt/airflow/dags/build_pinecone_search.py
[2025-04-12T04:22:21.388+0000] {logging_mixin.py:190} INFO - [2025-04-12T04:22:21.388+0000] {dag.py:3229} INFO - Sync 1 DAGs
[2025-04-12T04:22:21.400+0000] {logging_mixin.py:190} INFO - [2025-04-12T04:22:21.400+0000] {dag.py:4156} INFO - Setting next_dagrun for Medium_to_Pinecone to 2025-04-10 00:00:00+00:00, run_after=2025-04-17 00:00:00+00:00
[2025-04-12T04:22:21.407+0000] {processor.py:208} INFO - Processing /opt/airflow/dags/build_pinecone_search.py took 3.077 seconds
[2025-04-12T04:22:51.927+0000] {processor.py:186} INFO - Started process (PID=773) to work on /opt/airflow/dags/build_pinecone_search.py
[2025-04-12T04:22:51.929+0000] {processor.py:914} INFO - Processing file /opt/airflow/dags/build_pinecone_search.py for tasks to queue
[2025-04-12T04:22:51.930+0000] {logging_mixin.py:190} INFO - [2025-04-12T04:22:51.930+0000] {dagbag.py:587} INFO - Filling up the DagBag from /opt/airflow/dags/build_pinecone_search.py
[2025-04-12T04:22:54.166+0000] {logging_mixin.py:190} INFO - {{ task_instance.xcom_pull(task_ids='preprocess_data', dag_id='Medium_to_Pinecone', key='return_value') }}
[2025-04-12T04:22:54.167+0000] {processor.py:925} INFO - DAG(s) 'Medium_to_Pinecone' retrieved from /opt/airflow/dags/build_pinecone_search.py
[2025-04-12T04:22:54.185+0000] {logging_mixin.py:190} INFO - [2025-04-12T04:22:54.185+0000] {dag.py:3229} INFO - Sync 1 DAGs
[2025-04-12T04:22:54.194+0000] {logging_mixin.py:190} INFO - [2025-04-12T04:22:54.194+0000] {dag.py:4156} INFO - Setting next_dagrun for Medium_to_Pinecone to 2025-04-10 00:00:00+00:00, run_after=2025-04-17 00:00:00+00:00
[2025-04-12T04:22:54.200+0000] {processor.py:208} INFO - Processing /opt/airflow/dags/build_pinecone_search.py took 2.286 seconds
[2025-04-12T04:23:24.446+0000] {processor.py:186} INFO - Started process (PID=787) to work on /opt/airflow/dags/build_pinecone_search.py
[2025-04-12T04:23:24.449+0000] {processor.py:914} INFO - Processing file /opt/airflow/dags/build_pinecone_search.py for tasks to queue
[2025-04-12T04:23:24.451+0000] {logging_mixin.py:190} INFO - [2025-04-12T04:23:24.450+0000] {dagbag.py:587} INFO - Filling up the DagBag from /opt/airflow/dags/build_pinecone_search.py
[2025-04-12T04:23:27.469+0000] {logging_mixin.py:190} INFO - {{ task_instance.xcom_pull(task_ids='preprocess_data', dag_id='Medium_to_Pinecone', key='return_value') }}
[2025-04-12T04:23:27.475+0000] {processor.py:925} INFO - DAG(s) 'Medium_to_Pinecone' retrieved from /opt/airflow/dags/build_pinecone_search.py
[2025-04-12T04:23:27.501+0000] {logging_mixin.py:190} INFO - [2025-04-12T04:23:27.501+0000] {dag.py:3229} INFO - Sync 1 DAGs
[2025-04-12T04:23:27.513+0000] {logging_mixin.py:190} INFO - [2025-04-12T04:23:27.513+0000] {dag.py:4156} INFO - Setting next_dagrun for Medium_to_Pinecone to 2025-04-10 00:00:00+00:00, run_after=2025-04-17 00:00:00+00:00
[2025-04-12T04:23:27.523+0000] {processor.py:208} INFO - Processing /opt/airflow/dags/build_pinecone_search.py took 3.097 seconds
[2025-04-12T04:23:57.945+0000] {processor.py:186} INFO - Started process (PID=807) to work on /opt/airflow/dags/build_pinecone_search.py
[2025-04-12T04:23:57.947+0000] {processor.py:914} INFO - Processing file /opt/airflow/dags/build_pinecone_search.py for tasks to queue
[2025-04-12T04:23:57.949+0000] {logging_mixin.py:190} INFO - [2025-04-12T04:23:57.949+0000] {dagbag.py:587} INFO - Filling up the DagBag from /opt/airflow/dags/build_pinecone_search.py
[2025-04-12T04:24:00.430+0000] {logging_mixin.py:190} INFO - {{ task_instance.xcom_pull(task_ids='preprocess_data', dag_id='Medium_to_Pinecone', key='return_value') }}
[2025-04-12T04:24:00.433+0000] {processor.py:925} INFO - DAG(s) 'Medium_to_Pinecone' retrieved from /opt/airflow/dags/build_pinecone_search.py
[2025-04-12T04:24:00.458+0000] {logging_mixin.py:190} INFO - [2025-04-12T04:24:00.458+0000] {dag.py:3229} INFO - Sync 1 DAGs
[2025-04-12T04:24:00.476+0000] {logging_mixin.py:190} INFO - [2025-04-12T04:24:00.476+0000] {dag.py:4156} INFO - Setting next_dagrun for Medium_to_Pinecone to 2025-04-10 00:00:00+00:00, run_after=2025-04-17 00:00:00+00:00
[2025-04-12T04:24:00.485+0000] {processor.py:208} INFO - Processing /opt/airflow/dags/build_pinecone_search.py took 2.546 seconds
[2025-04-12T04:24:30.710+0000] {processor.py:186} INFO - Started process (PID=837) to work on /opt/airflow/dags/build_pinecone_search.py
[2025-04-12T04:24:30.714+0000] {processor.py:914} INFO - Processing file /opt/airflow/dags/build_pinecone_search.py for tasks to queue
[2025-04-12T04:24:30.719+0000] {logging_mixin.py:190} INFO - [2025-04-12T04:24:30.718+0000] {dagbag.py:587} INFO - Filling up the DagBag from /opt/airflow/dags/build_pinecone_search.py
[2025-04-12T04:24:33.716+0000] {logging_mixin.py:190} INFO - {{ task_instance.xcom_pull(task_ids='preprocess_data', dag_id='Medium_to_Pinecone', key='return_value') }}
[2025-04-12T04:24:33.724+0000] {processor.py:925} INFO - DAG(s) 'Medium_to_Pinecone' retrieved from /opt/airflow/dags/build_pinecone_search.py
[2025-04-12T04:24:33.908+0000] {logging_mixin.py:190} INFO - [2025-04-12T04:24:33.907+0000] {dag.py:3229} INFO - Sync 1 DAGs
[2025-04-12T04:24:33.934+0000] {logging_mixin.py:190} INFO - [2025-04-12T04:24:33.934+0000] {dag.py:4156} INFO - Setting next_dagrun for Medium_to_Pinecone to 2025-04-10 00:00:00+00:00, run_after=2025-04-17 00:00:00+00:00
[2025-04-12T04:24:33.951+0000] {processor.py:208} INFO - Processing /opt/airflow/dags/build_pinecone_search.py took 3.253 seconds
[2025-04-12T04:25:04.175+0000] {processor.py:186} INFO - Started process (PID=859) to work on /opt/airflow/dags/build_pinecone_search.py
[2025-04-12T04:25:04.178+0000] {processor.py:914} INFO - Processing file /opt/airflow/dags/build_pinecone_search.py for tasks to queue
[2025-04-12T04:25:04.181+0000] {logging_mixin.py:190} INFO - [2025-04-12T04:25:04.180+0000] {dagbag.py:587} INFO - Filling up the DagBag from /opt/airflow/dags/build_pinecone_search.py
[2025-04-12T04:25:06.469+0000] {logging_mixin.py:190} INFO - {{ task_instance.xcom_pull(task_ids='preprocess_data', dag_id='Medium_to_Pinecone', key='return_value') }}
[2025-04-12T04:25:06.473+0000] {processor.py:925} INFO - DAG(s) 'Medium_to_Pinecone' retrieved from /opt/airflow/dags/build_pinecone_search.py
[2025-04-12T04:25:06.493+0000] {logging_mixin.py:190} INFO - [2025-04-12T04:25:06.493+0000] {dag.py:3229} INFO - Sync 1 DAGs
[2025-04-12T04:25:06.508+0000] {logging_mixin.py:190} INFO - [2025-04-12T04:25:06.508+0000] {dag.py:4156} INFO - Setting next_dagrun for Medium_to_Pinecone to 2025-04-10 00:00:00+00:00, run_after=2025-04-17 00:00:00+00:00
[2025-04-12T04:25:06.520+0000] {processor.py:208} INFO - Processing /opt/airflow/dags/build_pinecone_search.py took 2.357 seconds
[2025-04-12T04:25:36.940+0000] {processor.py:186} INFO - Started process (PID=881) to work on /opt/airflow/dags/build_pinecone_search.py
[2025-04-12T04:25:36.942+0000] {processor.py:914} INFO - Processing file /opt/airflow/dags/build_pinecone_search.py for tasks to queue
[2025-04-12T04:25:36.944+0000] {logging_mixin.py:190} INFO - [2025-04-12T04:25:36.943+0000] {dagbag.py:587} INFO - Filling up the DagBag from /opt/airflow/dags/build_pinecone_search.py
[2025-04-12T04:25:39.163+0000] {logging_mixin.py:190} INFO - {{ task_instance.xcom_pull(task_ids='preprocess_data', dag_id='Medium_to_Pinecone', key='return_value') }}
[2025-04-12T04:25:39.167+0000] {processor.py:925} INFO - DAG(s) 'Medium_to_Pinecone' retrieved from /opt/airflow/dags/build_pinecone_search.py
[2025-04-12T04:25:39.339+0000] {logging_mixin.py:190} INFO - [2025-04-12T04:25:39.338+0000] {dag.py:3229} INFO - Sync 1 DAGs
[2025-04-12T04:25:39.375+0000] {logging_mixin.py:190} INFO - [2025-04-12T04:25:39.375+0000] {dag.py:4156} INFO - Setting next_dagrun for Medium_to_Pinecone to 2025-04-10 00:00:00+00:00, run_after=2025-04-17 00:00:00+00:00
[2025-04-12T04:25:39.394+0000] {processor.py:208} INFO - Processing /opt/airflow/dags/build_pinecone_search.py took 2.469 seconds
[2025-04-12T04:26:09.682+0000] {processor.py:186} INFO - Started process (PID=903) to work on /opt/airflow/dags/build_pinecone_search.py
[2025-04-12T04:26:09.685+0000] {processor.py:914} INFO - Processing file /opt/airflow/dags/build_pinecone_search.py for tasks to queue
[2025-04-12T04:26:09.687+0000] {logging_mixin.py:190} INFO - [2025-04-12T04:26:09.686+0000] {dagbag.py:587} INFO - Filling up the DagBag from /opt/airflow/dags/build_pinecone_search.py
[2025-04-12T04:26:12.200+0000] {logging_mixin.py:190} INFO - {{ task_instance.xcom_pull(task_ids='preprocess_data', dag_id='Medium_to_Pinecone', key='return_value') }}
[2025-04-12T04:26:12.206+0000] {processor.py:925} INFO - DAG(s) 'Medium_to_Pinecone' retrieved from /opt/airflow/dags/build_pinecone_search.py
[2025-04-12T04:26:12.241+0000] {logging_mixin.py:190} INFO - [2025-04-12T04:26:12.240+0000] {dag.py:3229} INFO - Sync 1 DAGs
[2025-04-12T04:26:12.263+0000] {logging_mixin.py:190} INFO - [2025-04-12T04:26:12.263+0000] {dag.py:4156} INFO - Setting next_dagrun for Medium_to_Pinecone to 2025-04-10 00:00:00+00:00, run_after=2025-04-17 00:00:00+00:00
[2025-04-12T04:26:12.275+0000] {processor.py:208} INFO - Processing /opt/airflow/dags/build_pinecone_search.py took 2.605 seconds
[2025-04-12T04:26:42.720+0000] {processor.py:186} INFO - Started process (PID=925) to work on /opt/airflow/dags/build_pinecone_search.py
[2025-04-12T04:26:42.722+0000] {processor.py:914} INFO - Processing file /opt/airflow/dags/build_pinecone_search.py for tasks to queue
[2025-04-12T04:26:42.724+0000] {logging_mixin.py:190} INFO - [2025-04-12T04:26:42.723+0000] {dagbag.py:587} INFO - Filling up the DagBag from /opt/airflow/dags/build_pinecone_search.py
[2025-04-12T04:26:45.181+0000] {logging_mixin.py:190} INFO - {{ task_instance.xcom_pull(task_ids='preprocess_data', dag_id='Medium_to_Pinecone', key='return_value') }}
[2025-04-12T04:26:45.183+0000] {processor.py:925} INFO - DAG(s) 'Medium_to_Pinecone' retrieved from /opt/airflow/dags/build_pinecone_search.py
[2025-04-12T04:26:45.249+0000] {logging_mixin.py:190} INFO - [2025-04-12T04:26:45.248+0000] {dag.py:3229} INFO - Sync 1 DAGs
[2025-04-12T04:26:45.260+0000] {logging_mixin.py:190} INFO - [2025-04-12T04:26:45.260+0000] {dag.py:4156} INFO - Setting next_dagrun for Medium_to_Pinecone to 2025-04-10 00:00:00+00:00, run_after=2025-04-17 00:00:00+00:00
[2025-04-12T04:26:45.274+0000] {processor.py:208} INFO - Processing /opt/airflow/dags/build_pinecone_search.py took 2.562 seconds
[2025-04-12T04:27:15.602+0000] {processor.py:186} INFO - Started process (PID=947) to work on /opt/airflow/dags/build_pinecone_search.py
[2025-04-12T04:27:15.604+0000] {processor.py:914} INFO - Processing file /opt/airflow/dags/build_pinecone_search.py for tasks to queue
[2025-04-12T04:27:15.607+0000] {logging_mixin.py:190} INFO - [2025-04-12T04:27:15.606+0000] {dagbag.py:587} INFO - Filling up the DagBag from /opt/airflow/dags/build_pinecone_search.py
[2025-04-12T04:27:17.549+0000] {logging_mixin.py:190} INFO - {{ task_instance.xcom_pull(task_ids='preprocess_data', dag_id='Medium_to_Pinecone', key='return_value') }}
[2025-04-12T04:27:17.550+0000] {processor.py:925} INFO - DAG(s) 'Medium_to_Pinecone' retrieved from /opt/airflow/dags/build_pinecone_search.py
[2025-04-12T04:27:17.561+0000] {logging_mixin.py:190} INFO - [2025-04-12T04:27:17.560+0000] {dag.py:3229} INFO - Sync 1 DAGs
[2025-04-12T04:27:17.568+0000] {logging_mixin.py:190} INFO - [2025-04-12T04:27:17.568+0000] {dag.py:4156} INFO - Setting next_dagrun for Medium_to_Pinecone to 2025-04-10 00:00:00+00:00, run_after=2025-04-17 00:00:00+00:00
[2025-04-12T04:27:17.575+0000] {processor.py:208} INFO - Processing /opt/airflow/dags/build_pinecone_search.py took 1.985 seconds
[2025-04-12T04:27:48.567+0000] {processor.py:186} INFO - Started process (PID=969) to work on /opt/airflow/dags/build_pinecone_search.py
[2025-04-12T04:27:48.569+0000] {processor.py:914} INFO - Processing file /opt/airflow/dags/build_pinecone_search.py for tasks to queue
[2025-04-12T04:27:48.572+0000] {logging_mixin.py:190} INFO - [2025-04-12T04:27:48.571+0000] {dagbag.py:587} INFO - Filling up the DagBag from /opt/airflow/dags/build_pinecone_search.py
[2025-04-12T04:27:51.499+0000] {logging_mixin.py:190} INFO - {{ task_instance.xcom_pull(task_ids='preprocess_data', dag_id='Medium_to_Pinecone', key='return_value') }}
[2025-04-12T04:27:51.508+0000] {processor.py:925} INFO - DAG(s) 'Medium_to_Pinecone' retrieved from /opt/airflow/dags/build_pinecone_search.py
[2025-04-12T04:27:51.630+0000] {logging_mixin.py:190} INFO - [2025-04-12T04:27:51.630+0000] {dag.py:3229} INFO - Sync 1 DAGs
[2025-04-12T04:27:51.649+0000] {logging_mixin.py:190} INFO - [2025-04-12T04:27:51.649+0000] {dag.py:4156} INFO - Setting next_dagrun for Medium_to_Pinecone to 2025-04-10 00:00:00+00:00, run_after=2025-04-17 00:00:00+00:00
[2025-04-12T04:27:51.660+0000] {processor.py:208} INFO - Processing /opt/airflow/dags/build_pinecone_search.py took 3.107 seconds
[2025-04-12T04:28:22.157+0000] {processor.py:186} INFO - Started process (PID=991) to work on /opt/airflow/dags/build_pinecone_search.py
[2025-04-12T04:28:22.159+0000] {processor.py:914} INFO - Processing file /opt/airflow/dags/build_pinecone_search.py for tasks to queue
[2025-04-12T04:28:22.163+0000] {logging_mixin.py:190} INFO - [2025-04-12T04:28:22.161+0000] {dagbag.py:587} INFO - Filling up the DagBag from /opt/airflow/dags/build_pinecone_search.py
[2025-04-12T04:28:26.498+0000] {logging_mixin.py:190} INFO - {{ task_instance.xcom_pull(task_ids='preprocess_data', dag_id='Medium_to_Pinecone', key='return_value') }}
[2025-04-12T04:28:26.503+0000] {processor.py:925} INFO - DAG(s) 'Medium_to_Pinecone' retrieved from /opt/airflow/dags/build_pinecone_search.py
[2025-04-12T04:28:26.543+0000] {logging_mixin.py:190} INFO - [2025-04-12T04:28:26.543+0000] {dag.py:3229} INFO - Sync 1 DAGs
[2025-04-12T04:28:26.565+0000] {logging_mixin.py:190} INFO - [2025-04-12T04:28:26.564+0000] {dag.py:4156} INFO - Setting next_dagrun for Medium_to_Pinecone to 2025-04-10 00:00:00+00:00, run_after=2025-04-17 00:00:00+00:00
[2025-04-12T04:28:26.582+0000] {processor.py:208} INFO - Processing /opt/airflow/dags/build_pinecone_search.py took 4.438 seconds
[2025-04-12T04:28:56.768+0000] {processor.py:186} INFO - Started process (PID=1012) to work on /opt/airflow/dags/build_pinecone_search.py
[2025-04-12T04:28:56.770+0000] {processor.py:914} INFO - Processing file /opt/airflow/dags/build_pinecone_search.py for tasks to queue
[2025-04-12T04:28:56.772+0000] {logging_mixin.py:190} INFO - [2025-04-12T04:28:56.771+0000] {dagbag.py:587} INFO - Filling up the DagBag from /opt/airflow/dags/build_pinecone_search.py
[2025-04-12T04:28:59.120+0000] {logging_mixin.py:190} INFO - {{ task_instance.xcom_pull(task_ids='preprocess_data', dag_id='Medium_to_Pinecone', key='return_value') }}
[2025-04-12T04:28:59.123+0000] {processor.py:925} INFO - DAG(s) 'Medium_to_Pinecone' retrieved from /opt/airflow/dags/build_pinecone_search.py
[2025-04-12T04:28:59.196+0000] {logging_mixin.py:190} INFO - [2025-04-12T04:28:59.196+0000] {dag.py:3229} INFO - Sync 1 DAGs
[2025-04-12T04:28:59.205+0000] {logging_mixin.py:190} INFO - [2025-04-12T04:28:59.205+0000] {dag.py:4156} INFO - Setting next_dagrun for Medium_to_Pinecone to 2025-04-10 00:00:00+00:00, run_after=2025-04-17 00:00:00+00:00
[2025-04-12T04:28:59.216+0000] {processor.py:208} INFO - Processing /opt/airflow/dags/build_pinecone_search.py took 2.460 seconds
[2025-04-12T04:29:29.689+0000] {processor.py:186} INFO - Started process (PID=1040) to work on /opt/airflow/dags/build_pinecone_search.py
[2025-04-12T04:29:29.690+0000] {processor.py:914} INFO - Processing file /opt/airflow/dags/build_pinecone_search.py for tasks to queue
[2025-04-12T04:29:29.693+0000] {logging_mixin.py:190} INFO - [2025-04-12T04:29:29.691+0000] {dagbag.py:587} INFO - Filling up the DagBag from /opt/airflow/dags/build_pinecone_search.py
[2025-04-12T04:29:31.775+0000] {logging_mixin.py:190} INFO - {{ task_instance.xcom_pull(task_ids='preprocess_data', dag_id='Medium_to_Pinecone', key='return_value') }}
[2025-04-12T04:29:31.776+0000] {processor.py:925} INFO - DAG(s) 'Medium_to_Pinecone' retrieved from /opt/airflow/dags/build_pinecone_search.py
[2025-04-12T04:29:31.798+0000] {logging_mixin.py:190} INFO - [2025-04-12T04:29:31.798+0000] {dag.py:3229} INFO - Sync 1 DAGs
[2025-04-12T04:29:31.808+0000] {logging_mixin.py:190} INFO - [2025-04-12T04:29:31.808+0000] {dag.py:4156} INFO - Setting next_dagrun for Medium_to_Pinecone to 2025-04-10 00:00:00+00:00, run_after=2025-04-17 00:00:00+00:00
[2025-04-12T04:29:31.815+0000] {processor.py:208} INFO - Processing /opt/airflow/dags/build_pinecone_search.py took 2.137 seconds
[2025-04-12T04:30:02.257+0000] {processor.py:186} INFO - Started process (PID=1062) to work on /opt/airflow/dags/build_pinecone_search.py
[2025-04-12T04:30:02.260+0000] {processor.py:914} INFO - Processing file /opt/airflow/dags/build_pinecone_search.py for tasks to queue
[2025-04-12T04:30:02.262+0000] {logging_mixin.py:190} INFO - [2025-04-12T04:30:02.261+0000] {dagbag.py:587} INFO - Filling up the DagBag from /opt/airflow/dags/build_pinecone_search.py
[2025-04-12T04:30:04.858+0000] {logging_mixin.py:190} INFO - {{ task_instance.xcom_pull(task_ids='preprocess_data', dag_id='Medium_to_Pinecone', key='return_value') }}
[2025-04-12T04:30:04.860+0000] {processor.py:925} INFO - DAG(s) 'Medium_to_Pinecone' retrieved from /opt/airflow/dags/build_pinecone_search.py
[2025-04-12T04:30:04.931+0000] {logging_mixin.py:190} INFO - [2025-04-12T04:30:04.931+0000] {dag.py:3229} INFO - Sync 1 DAGs
[2025-04-12T04:30:04.944+0000] {logging_mixin.py:190} INFO - [2025-04-12T04:30:04.944+0000] {dag.py:4156} INFO - Setting next_dagrun for Medium_to_Pinecone to 2025-04-10 00:00:00+00:00, run_after=2025-04-17 00:00:00+00:00
[2025-04-12T04:30:04.953+0000] {processor.py:208} INFO - Processing /opt/airflow/dags/build_pinecone_search.py took 2.730 seconds
[2025-04-12T04:30:35.474+0000] {processor.py:186} INFO - Started process (PID=1084) to work on /opt/airflow/dags/build_pinecone_search.py
[2025-04-12T04:30:35.476+0000] {processor.py:914} INFO - Processing file /opt/airflow/dags/build_pinecone_search.py for tasks to queue
[2025-04-12T04:30:35.478+0000] {logging_mixin.py:190} INFO - [2025-04-12T04:30:35.478+0000] {dagbag.py:587} INFO - Filling up the DagBag from /opt/airflow/dags/build_pinecone_search.py
[2025-04-12T04:30:37.807+0000] {logging_mixin.py:190} INFO - {{ task_instance.xcom_pull(task_ids='preprocess_data', dag_id='Medium_to_Pinecone', key='return_value') }}
[2025-04-12T04:30:37.809+0000] {processor.py:925} INFO - DAG(s) 'Medium_to_Pinecone' retrieved from /opt/airflow/dags/build_pinecone_search.py
[2025-04-12T04:30:37.832+0000] {logging_mixin.py:190} INFO - [2025-04-12T04:30:37.831+0000] {dag.py:3229} INFO - Sync 1 DAGs
[2025-04-12T04:30:37.842+0000] {logging_mixin.py:190} INFO - [2025-04-12T04:30:37.842+0000] {dag.py:4156} INFO - Setting next_dagrun for Medium_to_Pinecone to 2025-04-10 00:00:00+00:00, run_after=2025-04-17 00:00:00+00:00
[2025-04-12T04:30:37.848+0000] {processor.py:208} INFO - Processing /opt/airflow/dags/build_pinecone_search.py took 2.391 seconds
[2025-04-12T04:31:08.927+0000] {processor.py:186} INFO - Started process (PID=1110) to work on /opt/airflow/dags/build_pinecone_search.py
[2025-04-12T04:31:08.929+0000] {processor.py:914} INFO - Processing file /opt/airflow/dags/build_pinecone_search.py for tasks to queue
[2025-04-12T04:31:08.932+0000] {logging_mixin.py:190} INFO - [2025-04-12T04:31:08.931+0000] {dagbag.py:587} INFO - Filling up the DagBag from /opt/airflow/dags/build_pinecone_search.py
[2025-04-12T04:31:11.725+0000] {logging_mixin.py:190} INFO - {{ task_instance.xcom_pull(task_ids='preprocess_data', dag_id='Medium_to_Pinecone', key='return_value') }}
[2025-04-12T04:31:11.728+0000] {processor.py:925} INFO - DAG(s) 'Medium_to_Pinecone' retrieved from /opt/airflow/dags/build_pinecone_search.py
[2025-04-12T04:31:11.921+0000] {logging_mixin.py:190} INFO - [2025-04-12T04:31:11.920+0000] {dag.py:3229} INFO - Sync 1 DAGs
[2025-04-12T04:31:11.937+0000] {logging_mixin.py:190} INFO - [2025-04-12T04:31:11.937+0000] {dag.py:4156} INFO - Setting next_dagrun for Medium_to_Pinecone to 2025-04-10 00:00:00+00:00, run_after=2025-04-17 00:00:00+00:00
[2025-04-12T04:31:11.952+0000] {processor.py:208} INFO - Processing /opt/airflow/dags/build_pinecone_search.py took 3.034 seconds
[2025-04-12T04:31:42.434+0000] {processor.py:186} INFO - Started process (PID=1131) to work on /opt/airflow/dags/build_pinecone_search.py
[2025-04-12T04:31:42.437+0000] {processor.py:914} INFO - Processing file /opt/airflow/dags/build_pinecone_search.py for tasks to queue
[2025-04-12T04:31:42.440+0000] {logging_mixin.py:190} INFO - [2025-04-12T04:31:42.440+0000] {dagbag.py:587} INFO - Filling up the DagBag from /opt/airflow/dags/build_pinecone_search.py
[2025-04-12T04:31:44.901+0000] {logging_mixin.py:190} INFO - {{ task_instance.xcom_pull(task_ids='preprocess_data', dag_id='Medium_to_Pinecone', key='return_value') }}
[2025-04-12T04:31:44.904+0000] {processor.py:925} INFO - DAG(s) 'Medium_to_Pinecone' retrieved from /opt/airflow/dags/build_pinecone_search.py
[2025-04-12T04:31:44.934+0000] {logging_mixin.py:190} INFO - [2025-04-12T04:31:44.934+0000] {dag.py:3229} INFO - Sync 1 DAGs
[2025-04-12T04:31:44.957+0000] {logging_mixin.py:190} INFO - [2025-04-12T04:31:44.957+0000] {dag.py:4156} INFO - Setting next_dagrun for Medium_to_Pinecone to 2025-04-10 00:00:00+00:00, run_after=2025-04-17 00:00:00+00:00
[2025-04-12T04:31:44.972+0000] {processor.py:208} INFO - Processing /opt/airflow/dags/build_pinecone_search.py took 2.551 seconds
[2025-04-12T04:32:15.463+0000] {processor.py:186} INFO - Started process (PID=1153) to work on /opt/airflow/dags/build_pinecone_search.py
[2025-04-12T04:32:15.466+0000] {processor.py:914} INFO - Processing file /opt/airflow/dags/build_pinecone_search.py for tasks to queue
[2025-04-12T04:32:15.473+0000] {logging_mixin.py:190} INFO - [2025-04-12T04:32:15.472+0000] {dagbag.py:587} INFO - Filling up the DagBag from /opt/airflow/dags/build_pinecone_search.py
[2025-04-12T04:32:18.002+0000] {logging_mixin.py:190} INFO - {{ task_instance.xcom_pull(task_ids='preprocess_data', dag_id='Medium_to_Pinecone', key='return_value') }}
[2025-04-12T04:32:18.005+0000] {processor.py:925} INFO - DAG(s) 'Medium_to_Pinecone' retrieved from /opt/airflow/dags/build_pinecone_search.py
[2025-04-12T04:32:18.075+0000] {logging_mixin.py:190} INFO - [2025-04-12T04:32:18.075+0000] {dag.py:3229} INFO - Sync 1 DAGs
[2025-04-12T04:32:18.084+0000] {logging_mixin.py:190} INFO - [2025-04-12T04:32:18.084+0000] {dag.py:4156} INFO - Setting next_dagrun for Medium_to_Pinecone to 2025-04-10 00:00:00+00:00, run_after=2025-04-17 00:00:00+00:00
[2025-04-12T04:32:18.091+0000] {processor.py:208} INFO - Processing /opt/airflow/dags/build_pinecone_search.py took 2.644 seconds
[2025-04-12T04:32:48.537+0000] {processor.py:186} INFO - Started process (PID=1173) to work on /opt/airflow/dags/build_pinecone_search.py
[2025-04-12T04:32:48.539+0000] {processor.py:914} INFO - Processing file /opt/airflow/dags/build_pinecone_search.py for tasks to queue
[2025-04-12T04:32:48.541+0000] {logging_mixin.py:190} INFO - [2025-04-12T04:32:48.541+0000] {dagbag.py:587} INFO - Filling up the DagBag from /opt/airflow/dags/build_pinecone_search.py
[2025-04-12T04:32:51.273+0000] {logging_mixin.py:190} INFO - {{ task_instance.xcom_pull(task_ids='preprocess_data', dag_id='Medium_to_Pinecone', key='return_value') }}
[2025-04-12T04:32:51.280+0000] {processor.py:925} INFO - DAG(s) 'Medium_to_Pinecone' retrieved from /opt/airflow/dags/build_pinecone_search.py
[2025-04-12T04:32:51.313+0000] {logging_mixin.py:190} INFO - [2025-04-12T04:32:51.312+0000] {dag.py:3229} INFO - Sync 1 DAGs
[2025-04-12T04:32:51.332+0000] {logging_mixin.py:190} INFO - [2025-04-12T04:32:51.332+0000] {dag.py:4156} INFO - Setting next_dagrun for Medium_to_Pinecone to 2025-04-10 00:00:00+00:00, run_after=2025-04-17 00:00:00+00:00
[2025-04-12T04:32:51.341+0000] {processor.py:208} INFO - Processing /opt/airflow/dags/build_pinecone_search.py took 2.816 seconds
[2025-04-12T04:33:22.157+0000] {processor.py:186} INFO - Started process (PID=1197) to work on /opt/airflow/dags/build_pinecone_search.py
[2025-04-12T04:33:22.161+0000] {processor.py:914} INFO - Processing file /opt/airflow/dags/build_pinecone_search.py for tasks to queue
[2025-04-12T04:33:22.165+0000] {logging_mixin.py:190} INFO - [2025-04-12T04:33:22.164+0000] {dagbag.py:587} INFO - Filling up the DagBag from /opt/airflow/dags/build_pinecone_search.py
[2025-04-12T04:33:24.487+0000] {logging_mixin.py:190} INFO - {{ task_instance.xcom_pull(task_ids='preprocess_data', dag_id='Medium_to_Pinecone', key='return_value') }}
[2025-04-12T04:33:24.489+0000] {processor.py:925} INFO - DAG(s) 'Medium_to_Pinecone' retrieved from /opt/airflow/dags/build_pinecone_search.py
[2025-04-12T04:33:24.541+0000] {logging_mixin.py:190} INFO - [2025-04-12T04:33:24.541+0000] {dag.py:3229} INFO - Sync 1 DAGs
[2025-04-12T04:33:24.550+0000] {logging_mixin.py:190} INFO - [2025-04-12T04:33:24.550+0000] {dag.py:4156} INFO - Setting next_dagrun for Medium_to_Pinecone to 2025-04-10 00:00:00+00:00, run_after=2025-04-17 00:00:00+00:00
[2025-04-12T04:33:24.556+0000] {processor.py:208} INFO - Processing /opt/airflow/dags/build_pinecone_search.py took 2.413 seconds
[2025-04-12T04:33:55.129+0000] {processor.py:186} INFO - Started process (PID=1219) to work on /opt/airflow/dags/build_pinecone_search.py
[2025-04-12T04:33:55.131+0000] {processor.py:914} INFO - Processing file /opt/airflow/dags/build_pinecone_search.py for tasks to queue
[2025-04-12T04:33:55.133+0000] {logging_mixin.py:190} INFO - [2025-04-12T04:33:55.132+0000] {dagbag.py:587} INFO - Filling up the DagBag from /opt/airflow/dags/build_pinecone_search.py
[2025-04-12T04:33:58.101+0000] {logging_mixin.py:190} INFO - {{ task_instance.xcom_pull(task_ids='preprocess_data', dag_id='Medium_to_Pinecone', key='return_value') }}
[2025-04-12T04:33:58.106+0000] {processor.py:925} INFO - DAG(s) 'Medium_to_Pinecone' retrieved from /opt/airflow/dags/build_pinecone_search.py
[2025-04-12T04:33:58.138+0000] {logging_mixin.py:190} INFO - [2025-04-12T04:33:58.137+0000] {dag.py:3229} INFO - Sync 1 DAGs
[2025-04-12T04:33:58.157+0000] {logging_mixin.py:190} INFO - [2025-04-12T04:33:58.157+0000] {dag.py:4156} INFO - Setting next_dagrun for Medium_to_Pinecone to 2025-04-10 00:00:00+00:00, run_after=2025-04-17 00:00:00+00:00
[2025-04-12T04:33:58.166+0000] {processor.py:208} INFO - Processing /opt/airflow/dags/build_pinecone_search.py took 3.048 seconds
[2025-04-12T04:34:28.761+0000] {processor.py:186} INFO - Started process (PID=1241) to work on /opt/airflow/dags/build_pinecone_search.py
[2025-04-12T04:34:28.764+0000] {processor.py:914} INFO - Processing file /opt/airflow/dags/build_pinecone_search.py for tasks to queue
[2025-04-12T04:34:28.769+0000] {logging_mixin.py:190} INFO - [2025-04-12T04:34:28.769+0000] {dagbag.py:587} INFO - Filling up the DagBag from /opt/airflow/dags/build_pinecone_search.py
[2025-04-12T04:34:32.174+0000] {logging_mixin.py:190} INFO - {{ task_instance.xcom_pull(task_ids='preprocess_data', dag_id='Medium_to_Pinecone', key='return_value') }}
[2025-04-12T04:34:32.176+0000] {processor.py:925} INFO - DAG(s) 'Medium_to_Pinecone' retrieved from /opt/airflow/dags/build_pinecone_search.py
[2025-04-12T04:34:32.264+0000] {logging_mixin.py:190} INFO - [2025-04-12T04:34:32.264+0000] {dag.py:3229} INFO - Sync 1 DAGs
[2025-04-12T04:34:32.278+0000] {logging_mixin.py:190} INFO - [2025-04-12T04:34:32.277+0000] {dag.py:4156} INFO - Setting next_dagrun for Medium_to_Pinecone to 2025-04-10 00:00:00+00:00, run_after=2025-04-17 00:00:00+00:00
[2025-04-12T04:34:32.286+0000] {processor.py:208} INFO - Processing /opt/airflow/dags/build_pinecone_search.py took 3.536 seconds
[2025-04-12T04:35:02.769+0000] {processor.py:186} INFO - Started process (PID=1267) to work on /opt/airflow/dags/build_pinecone_search.py
[2025-04-12T04:35:02.771+0000] {processor.py:914} INFO - Processing file /opt/airflow/dags/build_pinecone_search.py for tasks to queue
[2025-04-12T04:35:02.775+0000] {logging_mixin.py:190} INFO - [2025-04-12T04:35:02.775+0000] {dagbag.py:587} INFO - Filling up the DagBag from /opt/airflow/dags/build_pinecone_search.py
[2025-04-12T04:35:06.717+0000] {logging_mixin.py:190} INFO - {{ task_instance.xcom_pull(task_ids='preprocess_data', dag_id='Medium_to_Pinecone', key='return_value') }}
[2025-04-12T04:35:06.722+0000] {processor.py:925} INFO - DAG(s) 'Medium_to_Pinecone' retrieved from /opt/airflow/dags/build_pinecone_search.py
[2025-04-12T04:35:06.765+0000] {logging_mixin.py:190} INFO - [2025-04-12T04:35:06.765+0000] {dag.py:3229} INFO - Sync 1 DAGs
[2025-04-12T04:35:06.783+0000] {logging_mixin.py:190} INFO - [2025-04-12T04:35:06.782+0000] {dag.py:4156} INFO - Setting next_dagrun for Medium_to_Pinecone to 2025-04-10 00:00:00+00:00, run_after=2025-04-17 00:00:00+00:00
[2025-04-12T04:35:06.796+0000] {processor.py:208} INFO - Processing /opt/airflow/dags/build_pinecone_search.py took 4.040 seconds
[2025-04-12T04:35:36.911+0000] {processor.py:186} INFO - Started process (PID=1319) to work on /opt/airflow/dags/build_pinecone_search.py
[2025-04-12T04:35:36.913+0000] {processor.py:914} INFO - Processing file /opt/airflow/dags/build_pinecone_search.py for tasks to queue
[2025-04-12T04:35:36.916+0000] {logging_mixin.py:190} INFO - [2025-04-12T04:35:36.915+0000] {dagbag.py:587} INFO - Filling up the DagBag from /opt/airflow/dags/build_pinecone_search.py
[2025-04-12T04:35:40.612+0000] {logging_mixin.py:190} INFO - {{ task_instance.xcom_pull(task_ids='preprocess_data', dag_id='Medium_to_Pinecone', key='return_value') }}
[2025-04-12T04:35:40.619+0000] {processor.py:925} INFO - DAG(s) 'Medium_to_Pinecone' retrieved from /opt/airflow/dags/build_pinecone_search.py
[2025-04-12T04:35:40.754+0000] {logging_mixin.py:190} INFO - [2025-04-12T04:35:40.753+0000] {dag.py:3229} INFO - Sync 1 DAGs
[2025-04-12T04:35:40.787+0000] {logging_mixin.py:190} INFO - [2025-04-12T04:35:40.787+0000] {dag.py:4156} INFO - Setting next_dagrun for Medium_to_Pinecone to 2025-04-10 00:00:00+00:00, run_after=2025-04-17 00:00:00+00:00
[2025-04-12T04:35:40.803+0000] {processor.py:208} INFO - Processing /opt/airflow/dags/build_pinecone_search.py took 3.898 seconds
[2025-04-12T04:36:11.095+0000] {processor.py:186} INFO - Started process (PID=1367) to work on /opt/airflow/dags/build_pinecone_search.py
[2025-04-12T04:36:11.097+0000] {processor.py:914} INFO - Processing file /opt/airflow/dags/build_pinecone_search.py for tasks to queue
[2025-04-12T04:36:11.099+0000] {logging_mixin.py:190} INFO - [2025-04-12T04:36:11.098+0000] {dagbag.py:587} INFO - Filling up the DagBag from /opt/airflow/dags/build_pinecone_search.py
[2025-04-12T04:36:13.232+0000] {logging_mixin.py:190} INFO - {{ task_instance.xcom_pull(task_ids='preprocess_data', dag_id='Medium_to_Pinecone', key='return_value') }}
[2025-04-12T04:36:13.236+0000] {processor.py:925} INFO - DAG(s) 'Medium_to_Pinecone' retrieved from /opt/airflow/dags/build_pinecone_search.py
[2025-04-12T04:36:13.247+0000] {logging_mixin.py:190} INFO - [2025-04-12T04:36:13.247+0000] {dag.py:3229} INFO - Sync 1 DAGs
[2025-04-12T04:36:13.255+0000] {logging_mixin.py:190} INFO - [2025-04-12T04:36:13.255+0000] {dag.py:4156} INFO - Setting next_dagrun for Medium_to_Pinecone to 2025-04-10 00:00:00+00:00, run_after=2025-04-17 00:00:00+00:00
[2025-04-12T04:36:13.262+0000] {processor.py:208} INFO - Processing /opt/airflow/dags/build_pinecone_search.py took 2.179 seconds
[2025-04-12T04:36:43.740+0000] {processor.py:186} INFO - Started process (PID=1389) to work on /opt/airflow/dags/build_pinecone_search.py
[2025-04-12T04:36:43.742+0000] {processor.py:914} INFO - Processing file /opt/airflow/dags/build_pinecone_search.py for tasks to queue
[2025-04-12T04:36:43.744+0000] {logging_mixin.py:190} INFO - [2025-04-12T04:36:43.743+0000] {dagbag.py:587} INFO - Filling up the DagBag from /opt/airflow/dags/build_pinecone_search.py
[2025-04-12T04:36:46.145+0000] {logging_mixin.py:190} INFO - {{ task_instance.xcom_pull(task_ids='preprocess_data', dag_id='Medium_to_Pinecone', key='return_value') }}
[2025-04-12T04:36:46.146+0000] {processor.py:925} INFO - DAG(s) 'Medium_to_Pinecone' retrieved from /opt/airflow/dags/build_pinecone_search.py
[2025-04-12T04:36:46.161+0000] {logging_mixin.py:190} INFO - [2025-04-12T04:36:46.160+0000] {dag.py:3229} INFO - Sync 1 DAGs
[2025-04-12T04:36:46.171+0000] {logging_mixin.py:190} INFO - [2025-04-12T04:36:46.171+0000] {dag.py:4156} INFO - Setting next_dagrun for Medium_to_Pinecone to 2025-04-10 00:00:00+00:00, run_after=2025-04-17 00:00:00+00:00
[2025-04-12T04:36:46.177+0000] {processor.py:208} INFO - Processing /opt/airflow/dags/build_pinecone_search.py took 2.449 seconds
[2025-04-12T04:37:16.724+0000] {processor.py:186} INFO - Started process (PID=1421) to work on /opt/airflow/dags/build_pinecone_search.py
[2025-04-12T04:37:16.727+0000] {processor.py:914} INFO - Processing file /opt/airflow/dags/build_pinecone_search.py for tasks to queue
[2025-04-12T04:37:16.729+0000] {logging_mixin.py:190} INFO - [2025-04-12T04:37:16.728+0000] {dagbag.py:587} INFO - Filling up the DagBag from /opt/airflow/dags/build_pinecone_search.py
[2025-04-12T04:37:18.754+0000] {logging_mixin.py:190} INFO - {{ task_instance.xcom_pull(task_ids='preprocess_data', dag_id='Medium_to_Pinecone', key='return_value') }}
[2025-04-12T04:37:18.756+0000] {processor.py:925} INFO - DAG(s) 'Medium_to_Pinecone' retrieved from /opt/airflow/dags/build_pinecone_search.py
[2025-04-12T04:37:18.810+0000] {logging_mixin.py:190} INFO - [2025-04-12T04:37:18.809+0000] {dag.py:3229} INFO - Sync 1 DAGs
[2025-04-12T04:37:18.817+0000] {logging_mixin.py:190} INFO - [2025-04-12T04:37:18.817+0000] {dag.py:4156} INFO - Setting next_dagrun for Medium_to_Pinecone to 2025-04-10 00:00:00+00:00, run_after=2025-04-17 00:00:00+00:00
[2025-04-12T04:37:18.823+0000] {processor.py:208} INFO - Processing /opt/airflow/dags/build_pinecone_search.py took 2.112 seconds
[2025-04-12T04:37:48.971+0000] {processor.py:186} INFO - Started process (PID=1444) to work on /opt/airflow/dags/build_pinecone_search.py
[2025-04-12T04:37:48.974+0000] {processor.py:914} INFO - Processing file /opt/airflow/dags/build_pinecone_search.py for tasks to queue
[2025-04-12T04:37:48.975+0000] {logging_mixin.py:190} INFO - [2025-04-12T04:37:48.975+0000] {dagbag.py:587} INFO - Filling up the DagBag from /opt/airflow/dags/build_pinecone_search.py
[2025-04-12T04:37:50.841+0000] {logging_mixin.py:190} INFO - {{ task_instance.xcom_pull(task_ids='preprocess_data', dag_id='Medium_to_Pinecone', key='return_value') }}
[2025-04-12T04:37:50.842+0000] {processor.py:925} INFO - DAG(s) 'Medium_to_Pinecone' retrieved from /opt/airflow/dags/build_pinecone_search.py
[2025-04-12T04:37:50.852+0000] {logging_mixin.py:190} INFO - [2025-04-12T04:37:50.852+0000] {dag.py:3229} INFO - Sync 1 DAGs
[2025-04-12T04:37:50.859+0000] {logging_mixin.py:190} INFO - [2025-04-12T04:37:50.859+0000] {dag.py:4156} INFO - Setting next_dagrun for Medium_to_Pinecone to 2025-04-10 00:00:00+00:00, run_after=2025-04-17 00:00:00+00:00
[2025-04-12T04:37:50.866+0000] {processor.py:208} INFO - Processing /opt/airflow/dags/build_pinecone_search.py took 1.906 seconds
[2025-04-12T04:38:21.901+0000] {processor.py:186} INFO - Started process (PID=1482) to work on /opt/airflow/dags/build_pinecone_search.py
[2025-04-12T04:38:21.902+0000] {processor.py:914} INFO - Processing file /opt/airflow/dags/build_pinecone_search.py for tasks to queue
[2025-04-12T04:38:21.904+0000] {logging_mixin.py:190} INFO - [2025-04-12T04:38:21.904+0000] {dagbag.py:587} INFO - Filling up the DagBag from /opt/airflow/dags/build_pinecone_search.py
[2025-04-12T04:38:24.972+0000] {logging_mixin.py:190} INFO - {{ task_instance.xcom_pull(task_ids='preprocess_data', dag_id='Medium_to_Pinecone', key='return_value') }}
[2025-04-12T04:38:24.977+0000] {processor.py:925} INFO - DAG(s) 'Medium_to_Pinecone' retrieved from /opt/airflow/dags/build_pinecone_search.py
[2025-04-12T04:38:24.993+0000] {logging_mixin.py:190} INFO - [2025-04-12T04:38:24.992+0000] {dag.py:3229} INFO - Sync 1 DAGs
[2025-04-12T04:38:25.017+0000] {logging_mixin.py:190} INFO - [2025-04-12T04:38:25.016+0000] {dag.py:4156} INFO - Setting next_dagrun for Medium_to_Pinecone to 2025-04-10 00:00:00+00:00, run_after=2025-04-17 00:00:00+00:00
[2025-04-12T04:38:25.028+0000] {processor.py:208} INFO - Processing /opt/airflow/dags/build_pinecone_search.py took 3.134 seconds
[2025-04-12T04:38:55.499+0000] {processor.py:186} INFO - Started process (PID=1509) to work on /opt/airflow/dags/build_pinecone_search.py
[2025-04-12T04:38:55.502+0000] {processor.py:914} INFO - Processing file /opt/airflow/dags/build_pinecone_search.py for tasks to queue
[2025-04-12T04:38:55.504+0000] {logging_mixin.py:190} INFO - [2025-04-12T04:38:55.503+0000] {dagbag.py:587} INFO - Filling up the DagBag from /opt/airflow/dags/build_pinecone_search.py
[2025-04-12T04:38:57.957+0000] {logging_mixin.py:190} INFO - {{ task_instance.xcom_pull(task_ids='preprocess_data', dag_id='Medium_to_Pinecone', key='return_value') }}
[2025-04-12T04:38:57.959+0000] {processor.py:925} INFO - DAG(s) 'Medium_to_Pinecone' retrieved from /opt/airflow/dags/build_pinecone_search.py
[2025-04-12T04:38:58.026+0000] {logging_mixin.py:190} INFO - [2025-04-12T04:38:58.026+0000] {dag.py:3229} INFO - Sync 1 DAGs
[2025-04-12T04:38:58.037+0000] {logging_mixin.py:190} INFO - [2025-04-12T04:38:58.037+0000] {dag.py:4156} INFO - Setting next_dagrun for Medium_to_Pinecone to 2025-04-10 00:00:00+00:00, run_after=2025-04-17 00:00:00+00:00
[2025-04-12T04:38:58.048+0000] {processor.py:208} INFO - Processing /opt/airflow/dags/build_pinecone_search.py took 2.559 seconds
[2025-04-12T04:39:29.084+0000] {processor.py:186} INFO - Started process (PID=1547) to work on /opt/airflow/dags/build_pinecone_search.py
[2025-04-12T04:39:29.087+0000] {processor.py:914} INFO - Processing file /opt/airflow/dags/build_pinecone_search.py for tasks to queue
[2025-04-12T04:39:29.089+0000] {logging_mixin.py:190} INFO - [2025-04-12T04:39:29.088+0000] {dagbag.py:587} INFO - Filling up the DagBag from /opt/airflow/dags/build_pinecone_search.py
[2025-04-12T04:39:33.699+0000] {logging_mixin.py:190} INFO - {{ task_instance.xcom_pull(task_ids='preprocess_data', dag_id='Medium_to_Pinecone', key='return_value') }}
[2025-04-12T04:39:33.706+0000] {processor.py:925} INFO - DAG(s) 'Medium_to_Pinecone' retrieved from /opt/airflow/dags/build_pinecone_search.py
[2025-04-12T04:39:33.768+0000] {logging_mixin.py:190} INFO - [2025-04-12T04:39:33.768+0000] {dag.py:3229} INFO - Sync 1 DAGs
[2025-04-12T04:39:33.799+0000] {logging_mixin.py:190} INFO - [2025-04-12T04:39:33.799+0000] {dag.py:4156} INFO - Setting next_dagrun for Medium_to_Pinecone to 2025-04-10 00:00:00+00:00, run_after=2025-04-17 00:00:00+00:00
[2025-04-12T04:39:33.813+0000] {processor.py:208} INFO - Processing /opt/airflow/dags/build_pinecone_search.py took 4.741 seconds
[2025-04-12T04:40:03.947+0000] {processor.py:186} INFO - Started process (PID=1575) to work on /opt/airflow/dags/build_pinecone_search.py
[2025-04-12T04:40:03.950+0000] {processor.py:914} INFO - Processing file /opt/airflow/dags/build_pinecone_search.py for tasks to queue
[2025-04-12T04:40:03.953+0000] {logging_mixin.py:190} INFO - [2025-04-12T04:40:03.952+0000] {dagbag.py:587} INFO - Filling up the DagBag from /opt/airflow/dags/build_pinecone_search.py
[2025-04-12T04:40:06.881+0000] {logging_mixin.py:190} INFO - {{ task_instance.xcom_pull(task_ids='preprocess_data', dag_id='Medium_to_Pinecone', key='return_value') }}
[2025-04-12T04:40:06.883+0000] {processor.py:925} INFO - DAG(s) 'Medium_to_Pinecone' retrieved from /opt/airflow/dags/build_pinecone_search.py
[2025-04-12T04:40:06.965+0000] {logging_mixin.py:190} INFO - [2025-04-12T04:40:06.964+0000] {dag.py:3229} INFO - Sync 1 DAGs
[2025-04-12T04:40:06.977+0000] {logging_mixin.py:190} INFO - [2025-04-12T04:40:06.977+0000] {dag.py:4156} INFO - Setting next_dagrun for Medium_to_Pinecone to 2025-04-10 00:00:00+00:00, run_after=2025-04-17 00:00:00+00:00
[2025-04-12T04:40:06.987+0000] {processor.py:208} INFO - Processing /opt/airflow/dags/build_pinecone_search.py took 3.060 seconds
[2025-04-12T04:40:37.532+0000] {processor.py:186} INFO - Started process (PID=1604) to work on /opt/airflow/dags/build_pinecone_search.py
[2025-04-12T04:40:37.534+0000] {processor.py:914} INFO - Processing file /opt/airflow/dags/build_pinecone_search.py for tasks to queue
[2025-04-12T04:40:37.539+0000] {logging_mixin.py:190} INFO - [2025-04-12T04:40:37.537+0000] {dagbag.py:587} INFO - Filling up the DagBag from /opt/airflow/dags/build_pinecone_search.py
[2025-04-12T04:40:40.193+0000] {logging_mixin.py:190} INFO - {{ task_instance.xcom_pull(task_ids='preprocess_data', dag_id='Medium_to_Pinecone', key='return_value') }}
[2025-04-12T04:40:40.195+0000] {processor.py:925} INFO - DAG(s) 'Medium_to_Pinecone' retrieved from /opt/airflow/dags/build_pinecone_search.py
[2025-04-12T04:40:40.220+0000] {logging_mixin.py:190} INFO - [2025-04-12T04:40:40.219+0000] {dag.py:3229} INFO - Sync 1 DAGs
[2025-04-12T04:40:40.232+0000] {logging_mixin.py:190} INFO - [2025-04-12T04:40:40.232+0000] {dag.py:4156} INFO - Setting next_dagrun for Medium_to_Pinecone to 2025-04-10 00:00:00+00:00, run_after=2025-04-17 00:00:00+00:00
[2025-04-12T04:40:40.242+0000] {processor.py:208} INFO - Processing /opt/airflow/dags/build_pinecone_search.py took 2.732 seconds
[2025-04-12T04:41:10.763+0000] {processor.py:186} INFO - Started process (PID=1626) to work on /opt/airflow/dags/build_pinecone_search.py
[2025-04-12T04:41:10.765+0000] {processor.py:914} INFO - Processing file /opt/airflow/dags/build_pinecone_search.py for tasks to queue
[2025-04-12T04:41:10.768+0000] {logging_mixin.py:190} INFO - [2025-04-12T04:41:10.767+0000] {dagbag.py:587} INFO - Filling up the DagBag from /opt/airflow/dags/build_pinecone_search.py
[2025-04-12T04:41:13.120+0000] {logging_mixin.py:190} INFO - {{ task_instance.xcom_pull(task_ids='preprocess_data', dag_id='Medium_to_Pinecone', key='return_value') }}
[2025-04-12T04:41:13.122+0000] {processor.py:925} INFO - DAG(s) 'Medium_to_Pinecone' retrieved from /opt/airflow/dags/build_pinecone_search.py
[2025-04-12T04:41:13.132+0000] {logging_mixin.py:190} INFO - [2025-04-12T04:41:13.132+0000] {dag.py:3229} INFO - Sync 1 DAGs
[2025-04-12T04:41:13.147+0000] {logging_mixin.py:190} INFO - [2025-04-12T04:41:13.147+0000] {dag.py:4156} INFO - Setting next_dagrun for Medium_to_Pinecone to 2025-04-10 00:00:00+00:00, run_after=2025-04-17 00:00:00+00:00
[2025-04-12T04:41:13.157+0000] {processor.py:208} INFO - Processing /opt/airflow/dags/build_pinecone_search.py took 2.409 seconds
[2025-04-12T04:41:43.600+0000] {processor.py:186} INFO - Started process (PID=1659) to work on /opt/airflow/dags/build_pinecone_search.py
[2025-04-12T04:41:43.601+0000] {processor.py:914} INFO - Processing file /opt/airflow/dags/build_pinecone_search.py for tasks to queue
[2025-04-12T04:41:43.602+0000] {logging_mixin.py:190} INFO - [2025-04-12T04:41:43.602+0000] {dagbag.py:587} INFO - Filling up the DagBag from /opt/airflow/dags/build_pinecone_search.py
[2025-04-12T04:41:46.432+0000] {logging_mixin.py:190} INFO - {{ task_instance.xcom_pull(task_ids='preprocess_data', dag_id='Medium_to_Pinecone', key='return_value') }}
[2025-04-12T04:41:46.433+0000] {processor.py:925} INFO - DAG(s) 'Medium_to_Pinecone' retrieved from /opt/airflow/dags/build_pinecone_search.py
[2025-04-12T04:41:46.490+0000] {logging_mixin.py:190} INFO - [2025-04-12T04:41:46.490+0000] {dag.py:3229} INFO - Sync 1 DAGs
[2025-04-12T04:41:46.507+0000] {logging_mixin.py:190} INFO - [2025-04-12T04:41:46.506+0000] {dag.py:4156} INFO - Setting next_dagrun for Medium_to_Pinecone to 2025-04-10 00:00:00+00:00, run_after=2025-04-17 00:00:00+00:00
[2025-04-12T04:41:46.535+0000] {processor.py:208} INFO - Processing /opt/airflow/dags/build_pinecone_search.py took 2.938 seconds
[2025-04-12T04:42:16.645+0000] {processor.py:186} INFO - Started process (PID=1707) to work on /opt/airflow/dags/build_pinecone_search.py
[2025-04-12T04:42:16.651+0000] {processor.py:914} INFO - Processing file /opt/airflow/dags/build_pinecone_search.py for tasks to queue
[2025-04-12T04:42:16.658+0000] {logging_mixin.py:190} INFO - [2025-04-12T04:42:16.655+0000] {dagbag.py:587} INFO - Filling up the DagBag from /opt/airflow/dags/build_pinecone_search.py
[2025-04-12T04:42:22.618+0000] {logging_mixin.py:190} INFO - {{ task_instance.xcom_pull(task_ids='preprocess_data', dag_id='Medium_to_Pinecone', key='return_value') }}
[2025-04-12T04:42:22.625+0000] {processor.py:925} INFO - DAG(s) 'Medium_to_Pinecone' retrieved from /opt/airflow/dags/build_pinecone_search.py
[2025-04-12T04:42:22.668+0000] {logging_mixin.py:190} INFO - [2025-04-12T04:42:22.667+0000] {dag.py:3229} INFO - Sync 1 DAGs
[2025-04-12T04:42:22.695+0000] {logging_mixin.py:190} INFO - [2025-04-12T04:42:22.695+0000] {dag.py:4156} INFO - Setting next_dagrun for Medium_to_Pinecone to 2025-04-10 00:00:00+00:00, run_after=2025-04-17 00:00:00+00:00
[2025-04-12T04:42:22.716+0000] {processor.py:208} INFO - Processing /opt/airflow/dags/build_pinecone_search.py took 6.097 seconds
[2025-04-12T04:42:52.854+0000] {processor.py:186} INFO - Started process (PID=1762) to work on /opt/airflow/dags/build_pinecone_search.py
[2025-04-12T04:42:52.858+0000] {processor.py:914} INFO - Processing file /opt/airflow/dags/build_pinecone_search.py for tasks to queue
[2025-04-12T04:42:52.860+0000] {logging_mixin.py:190} INFO - [2025-04-12T04:42:52.860+0000] {dagbag.py:587} INFO - Filling up the DagBag from /opt/airflow/dags/build_pinecone_search.py
[2025-04-12T04:42:56.289+0000] {logging_mixin.py:190} INFO - {{ task_instance.xcom_pull(task_ids='preprocess_data', dag_id='Medium_to_Pinecone', key='return_value') }}
[2025-04-12T04:42:56.294+0000] {processor.py:925} INFO - DAG(s) 'Medium_to_Pinecone' retrieved from /opt/airflow/dags/build_pinecone_search.py
[2025-04-12T04:42:56.335+0000] {logging_mixin.py:190} INFO - [2025-04-12T04:42:56.335+0000] {dag.py:3229} INFO - Sync 1 DAGs
[2025-04-12T04:42:56.365+0000] {logging_mixin.py:190} INFO - [2025-04-12T04:42:56.364+0000] {dag.py:4156} INFO - Setting next_dagrun for Medium_to_Pinecone to 2025-04-10 00:00:00+00:00, run_after=2025-04-17 00:00:00+00:00
[2025-04-12T04:42:56.384+0000] {processor.py:208} INFO - Processing /opt/airflow/dags/build_pinecone_search.py took 3.551 seconds
[2025-04-12T04:43:26.723+0000] {processor.py:186} INFO - Started process (PID=1783) to work on /opt/airflow/dags/build_pinecone_search.py
[2025-04-12T04:43:26.726+0000] {processor.py:914} INFO - Processing file /opt/airflow/dags/build_pinecone_search.py for tasks to queue
[2025-04-12T04:43:26.727+0000] {logging_mixin.py:190} INFO - [2025-04-12T04:43:26.726+0000] {dagbag.py:587} INFO - Filling up the DagBag from /opt/airflow/dags/build_pinecone_search.py
[2025-04-12T04:43:29.769+0000] {logging_mixin.py:190} INFO - {{ task_instance.xcom_pull(task_ids='preprocess_data', dag_id='Medium_to_Pinecone', key='return_value') }}
[2025-04-12T04:43:29.772+0000] {processor.py:925} INFO - DAG(s) 'Medium_to_Pinecone' retrieved from /opt/airflow/dags/build_pinecone_search.py
[2025-04-12T04:43:29.812+0000] {logging_mixin.py:190} INFO - [2025-04-12T04:43:29.811+0000] {dag.py:3229} INFO - Sync 1 DAGs
[2025-04-12T04:43:29.823+0000] {logging_mixin.py:190} INFO - [2025-04-12T04:43:29.823+0000] {dag.py:4156} INFO - Setting next_dagrun for Medium_to_Pinecone to 2025-04-10 00:00:00+00:00, run_after=2025-04-17 00:00:00+00:00
[2025-04-12T04:43:29.850+0000] {processor.py:208} INFO - Processing /opt/airflow/dags/build_pinecone_search.py took 3.134 seconds
[2025-04-12T04:44:00.206+0000] {processor.py:186} INFO - Started process (PID=1805) to work on /opt/airflow/dags/build_pinecone_search.py
[2025-04-12T04:44:00.208+0000] {processor.py:914} INFO - Processing file /opt/airflow/dags/build_pinecone_search.py for tasks to queue
[2025-04-12T04:44:00.209+0000] {logging_mixin.py:190} INFO - [2025-04-12T04:44:00.208+0000] {dagbag.py:587} INFO - Filling up the DagBag from /opt/airflow/dags/build_pinecone_search.py
[2025-04-12T04:44:04.023+0000] {logging_mixin.py:190} INFO - {{ task_instance.xcom_pull(task_ids='preprocess_data', dag_id='Medium_to_Pinecone', key='return_value') }}
[2025-04-12T04:44:04.029+0000] {processor.py:925} INFO - DAG(s) 'Medium_to_Pinecone' retrieved from /opt/airflow/dags/build_pinecone_search.py
[2025-04-12T04:44:04.063+0000] {logging_mixin.py:190} INFO - [2025-04-12T04:44:04.063+0000] {dag.py:3229} INFO - Sync 1 DAGs
[2025-04-12T04:44:04.074+0000] {logging_mixin.py:190} INFO - [2025-04-12T04:44:04.074+0000] {dag.py:4156} INFO - Setting next_dagrun for Medium_to_Pinecone to 2025-04-10 00:00:00+00:00, run_after=2025-04-17 00:00:00+00:00
[2025-04-12T04:44:04.083+0000] {processor.py:208} INFO - Processing /opt/airflow/dags/build_pinecone_search.py took 3.891 seconds
[2025-04-12T04:44:34.655+0000] {processor.py:186} INFO - Started process (PID=1850) to work on /opt/airflow/dags/build_pinecone_search.py
[2025-04-12T04:44:34.656+0000] {processor.py:914} INFO - Processing file /opt/airflow/dags/build_pinecone_search.py for tasks to queue
[2025-04-12T04:44:34.658+0000] {logging_mixin.py:190} INFO - [2025-04-12T04:44:34.657+0000] {dagbag.py:587} INFO - Filling up the DagBag from /opt/airflow/dags/build_pinecone_search.py
[2025-04-12T04:44:37.125+0000] {logging_mixin.py:190} INFO - {{ task_instance.xcom_pull(task_ids='preprocess_data', dag_id='Medium_to_Pinecone', key='return_value') }}
[2025-04-12T04:44:37.127+0000] {processor.py:925} INFO - DAG(s) 'Medium_to_Pinecone' retrieved from /opt/airflow/dags/build_pinecone_search.py
[2025-04-12T04:44:37.144+0000] {logging_mixin.py:190} INFO - [2025-04-12T04:44:37.144+0000] {dag.py:3229} INFO - Sync 1 DAGs
[2025-04-12T04:44:37.153+0000] {logging_mixin.py:190} INFO - [2025-04-12T04:44:37.152+0000] {dag.py:4156} INFO - Setting next_dagrun for Medium_to_Pinecone to 2025-04-10 00:00:00+00:00, run_after=2025-04-17 00:00:00+00:00
[2025-04-12T04:44:37.159+0000] {processor.py:208} INFO - Processing /opt/airflow/dags/build_pinecone_search.py took 2.517 seconds
[2025-04-12T04:45:07.987+0000] {processor.py:186} INFO - Started process (PID=1872) to work on /opt/airflow/dags/build_pinecone_search.py
[2025-04-12T04:45:07.989+0000] {processor.py:914} INFO - Processing file /opt/airflow/dags/build_pinecone_search.py for tasks to queue
[2025-04-12T04:45:07.992+0000] {logging_mixin.py:190} INFO - [2025-04-12T04:45:07.991+0000] {dagbag.py:587} INFO - Filling up the DagBag from /opt/airflow/dags/build_pinecone_search.py
[2025-04-12T04:45:10.663+0000] {logging_mixin.py:190} INFO - {{ task_instance.xcom_pull(task_ids='preprocess_data', dag_id='Medium_to_Pinecone', key='return_value') }}
[2025-04-12T04:45:10.665+0000] {processor.py:925} INFO - DAG(s) 'Medium_to_Pinecone' retrieved from /opt/airflow/dags/build_pinecone_search.py
[2025-04-12T04:45:10.687+0000] {logging_mixin.py:190} INFO - [2025-04-12T04:45:10.686+0000] {dag.py:3229} INFO - Sync 1 DAGs
[2025-04-12T04:45:10.699+0000] {logging_mixin.py:190} INFO - [2025-04-12T04:45:10.699+0000] {dag.py:4156} INFO - Setting next_dagrun for Medium_to_Pinecone to 2025-04-10 00:00:00+00:00, run_after=2025-04-17 00:00:00+00:00
[2025-04-12T04:45:10.705+0000] {processor.py:208} INFO - Processing /opt/airflow/dags/build_pinecone_search.py took 2.735 seconds
[2025-04-12T04:45:41.443+0000] {processor.py:186} INFO - Started process (PID=1894) to work on /opt/airflow/dags/build_pinecone_search.py
[2025-04-12T04:45:41.444+0000] {processor.py:914} INFO - Processing file /opt/airflow/dags/build_pinecone_search.py for tasks to queue
[2025-04-12T04:45:41.446+0000] {logging_mixin.py:190} INFO - [2025-04-12T04:45:41.445+0000] {dagbag.py:587} INFO - Filling up the DagBag from /opt/airflow/dags/build_pinecone_search.py
[2025-04-12T04:45:43.884+0000] {logging_mixin.py:190} INFO - {{ task_instance.xcom_pull(task_ids='preprocess_data', dag_id='Medium_to_Pinecone', key='return_value') }}
[2025-04-12T04:45:43.886+0000] {processor.py:925} INFO - DAG(s) 'Medium_to_Pinecone' retrieved from /opt/airflow/dags/build_pinecone_search.py
[2025-04-12T04:45:43.910+0000] {logging_mixin.py:190} INFO - [2025-04-12T04:45:43.909+0000] {dag.py:3229} INFO - Sync 1 DAGs
[2025-04-12T04:45:43.925+0000] {logging_mixin.py:190} INFO - [2025-04-12T04:45:43.925+0000] {dag.py:4156} INFO - Setting next_dagrun for Medium_to_Pinecone to 2025-04-10 00:00:00+00:00, run_after=2025-04-17 00:00:00+00:00
[2025-04-12T04:45:43.933+0000] {processor.py:208} INFO - Processing /opt/airflow/dags/build_pinecone_search.py took 2.500 seconds
[2025-04-12T04:46:15.005+0000] {processor.py:186} INFO - Started process (PID=1916) to work on /opt/airflow/dags/build_pinecone_search.py
[2025-04-12T04:46:15.007+0000] {processor.py:914} INFO - Processing file /opt/airflow/dags/build_pinecone_search.py for tasks to queue
[2025-04-12T04:46:15.009+0000] {logging_mixin.py:190} INFO - [2025-04-12T04:46:15.009+0000] {dagbag.py:587} INFO - Filling up the DagBag from /opt/airflow/dags/build_pinecone_search.py
[2025-04-12T04:46:17.493+0000] {logging_mixin.py:190} INFO - {{ task_instance.xcom_pull(task_ids='preprocess_data', dag_id='Medium_to_Pinecone', key='return_value') }}
[2025-04-12T04:46:17.495+0000] {processor.py:925} INFO - DAG(s) 'Medium_to_Pinecone' retrieved from /opt/airflow/dags/build_pinecone_search.py
[2025-04-12T04:46:17.513+0000] {logging_mixin.py:190} INFO - [2025-04-12T04:46:17.513+0000] {dag.py:3229} INFO - Sync 1 DAGs
[2025-04-12T04:46:17.522+0000] {logging_mixin.py:190} INFO - [2025-04-12T04:46:17.522+0000] {dag.py:4156} INFO - Setting next_dagrun for Medium_to_Pinecone to 2025-04-10 00:00:00+00:00, run_after=2025-04-17 00:00:00+00:00
[2025-04-12T04:46:17.527+0000] {processor.py:208} INFO - Processing /opt/airflow/dags/build_pinecone_search.py took 2.536 seconds
[2025-04-12T04:46:47.906+0000] {processor.py:186} INFO - Started process (PID=1938) to work on /opt/airflow/dags/build_pinecone_search.py
[2025-04-12T04:46:47.908+0000] {processor.py:914} INFO - Processing file /opt/airflow/dags/build_pinecone_search.py for tasks to queue
[2025-04-12T04:46:47.911+0000] {logging_mixin.py:190} INFO - [2025-04-12T04:46:47.910+0000] {dagbag.py:587} INFO - Filling up the DagBag from /opt/airflow/dags/build_pinecone_search.py
[2025-04-12T04:46:49.939+0000] {logging_mixin.py:190} INFO - {{ task_instance.xcom_pull(task_ids='preprocess_data', dag_id='Medium_to_Pinecone', key='return_value') }}
[2025-04-12T04:46:49.941+0000] {processor.py:925} INFO - DAG(s) 'Medium_to_Pinecone' retrieved from /opt/airflow/dags/build_pinecone_search.py
[2025-04-12T04:46:49.955+0000] {logging_mixin.py:190} INFO - [2025-04-12T04:46:49.955+0000] {dag.py:3229} INFO - Sync 1 DAGs
[2025-04-12T04:46:49.963+0000] {logging_mixin.py:190} INFO - [2025-04-12T04:46:49.963+0000] {dag.py:4156} INFO - Setting next_dagrun for Medium_to_Pinecone to 2025-04-10 00:00:00+00:00, run_after=2025-04-17 00:00:00+00:00
[2025-04-12T04:46:49.969+0000] {processor.py:208} INFO - Processing /opt/airflow/dags/build_pinecone_search.py took 2.076 seconds
[2025-04-12T04:47:20.624+0000] {processor.py:186} INFO - Started process (PID=1960) to work on /opt/airflow/dags/build_pinecone_search.py
[2025-04-12T04:47:20.635+0000] {processor.py:914} INFO - Processing file /opt/airflow/dags/build_pinecone_search.py for tasks to queue
[2025-04-12T04:47:20.638+0000] {logging_mixin.py:190} INFO - [2025-04-12T04:47:20.637+0000] {dagbag.py:587} INFO - Filling up the DagBag from /opt/airflow/dags/build_pinecone_search.py
[2025-04-12T04:47:23.004+0000] {logging_mixin.py:190} INFO - {{ task_instance.xcom_pull(task_ids='preprocess_data', dag_id='Medium_to_Pinecone', key='return_value') }}
[2025-04-12T04:47:23.006+0000] {processor.py:925} INFO - DAG(s) 'Medium_to_Pinecone' retrieved from /opt/airflow/dags/build_pinecone_search.py
[2025-04-12T04:47:23.028+0000] {logging_mixin.py:190} INFO - [2025-04-12T04:47:23.028+0000] {dag.py:3229} INFO - Sync 1 DAGs
[2025-04-12T04:47:23.037+0000] {logging_mixin.py:190} INFO - [2025-04-12T04:47:23.037+0000] {dag.py:4156} INFO - Setting next_dagrun for Medium_to_Pinecone to 2025-04-10 00:00:00+00:00, run_after=2025-04-17 00:00:00+00:00
[2025-04-12T04:47:23.043+0000] {processor.py:208} INFO - Processing /opt/airflow/dags/build_pinecone_search.py took 2.461 seconds
[2025-04-12T04:47:53.598+0000] {processor.py:186} INFO - Started process (PID=1983) to work on /opt/airflow/dags/build_pinecone_search.py
[2025-04-12T04:47:53.600+0000] {processor.py:914} INFO - Processing file /opt/airflow/dags/build_pinecone_search.py for tasks to queue
[2025-04-12T04:47:53.602+0000] {logging_mixin.py:190} INFO - [2025-04-12T04:47:53.601+0000] {dagbag.py:587} INFO - Filling up the DagBag from /opt/airflow/dags/build_pinecone_search.py
[2025-04-12T04:47:55.620+0000] {logging_mixin.py:190} INFO - {{ task_instance.xcom_pull(task_ids='preprocess_data', dag_id='Medium_to_Pinecone', key='return_value') }}
[2025-04-12T04:47:55.622+0000] {processor.py:925} INFO - DAG(s) 'Medium_to_Pinecone' retrieved from /opt/airflow/dags/build_pinecone_search.py
[2025-04-12T04:47:55.636+0000] {logging_mixin.py:190} INFO - [2025-04-12T04:47:55.636+0000] {dag.py:3229} INFO - Sync 1 DAGs
[2025-04-12T04:47:55.645+0000] {logging_mixin.py:190} INFO - [2025-04-12T04:47:55.645+0000] {dag.py:4156} INFO - Setting next_dagrun for Medium_to_Pinecone to 2025-04-10 00:00:00+00:00, run_after=2025-04-17 00:00:00+00:00
[2025-04-12T04:47:55.651+0000] {processor.py:208} INFO - Processing /opt/airflow/dags/build_pinecone_search.py took 2.063 seconds
[2025-04-12T04:48:25.949+0000] {processor.py:186} INFO - Started process (PID=2004) to work on /opt/airflow/dags/build_pinecone_search.py
[2025-04-12T04:48:25.958+0000] {processor.py:914} INFO - Processing file /opt/airflow/dags/build_pinecone_search.py for tasks to queue
[2025-04-12T04:48:25.960+0000] {logging_mixin.py:190} INFO - [2025-04-12T04:48:25.959+0000] {dagbag.py:587} INFO - Filling up the DagBag from /opt/airflow/dags/build_pinecone_search.py
[2025-04-12T04:48:27.910+0000] {logging_mixin.py:190} INFO - {{ task_instance.xcom_pull(task_ids='preprocess_data', dag_id='Medium_to_Pinecone', key='return_value') }}
[2025-04-12T04:48:27.912+0000] {processor.py:925} INFO - DAG(s) 'Medium_to_Pinecone' retrieved from /opt/airflow/dags/build_pinecone_search.py
[2025-04-12T04:48:27.927+0000] {logging_mixin.py:190} INFO - [2025-04-12T04:48:27.926+0000] {dag.py:3229} INFO - Sync 1 DAGs
[2025-04-12T04:48:27.934+0000] {logging_mixin.py:190} INFO - [2025-04-12T04:48:27.934+0000] {dag.py:4156} INFO - Setting next_dagrun for Medium_to_Pinecone to 2025-04-10 00:00:00+00:00, run_after=2025-04-17 00:00:00+00:00
[2025-04-12T04:48:27.941+0000] {processor.py:208} INFO - Processing /opt/airflow/dags/build_pinecone_search.py took 2.004 seconds
[2025-04-12T04:48:58.371+0000] {processor.py:186} INFO - Started process (PID=2026) to work on /opt/airflow/dags/build_pinecone_search.py
[2025-04-12T04:48:58.373+0000] {processor.py:914} INFO - Processing file /opt/airflow/dags/build_pinecone_search.py for tasks to queue
[2025-04-12T04:48:58.375+0000] {logging_mixin.py:190} INFO - [2025-04-12T04:48:58.374+0000] {dagbag.py:587} INFO - Filling up the DagBag from /opt/airflow/dags/build_pinecone_search.py
[2025-04-12T04:49:00.392+0000] {logging_mixin.py:190} INFO - {{ task_instance.xcom_pull(task_ids='preprocess_data', dag_id='Medium_to_Pinecone', key='return_value') }}
[2025-04-12T04:49:00.393+0000] {processor.py:925} INFO - DAG(s) 'Medium_to_Pinecone' retrieved from /opt/airflow/dags/build_pinecone_search.py
[2025-04-12T04:49:00.412+0000] {logging_mixin.py:190} INFO - [2025-04-12T04:49:00.412+0000] {dag.py:3229} INFO - Sync 1 DAGs
[2025-04-12T04:49:00.421+0000] {logging_mixin.py:190} INFO - [2025-04-12T04:49:00.421+0000] {dag.py:4156} INFO - Setting next_dagrun for Medium_to_Pinecone to 2025-04-10 00:00:00+00:00, run_after=2025-04-17 00:00:00+00:00
[2025-04-12T04:49:00.427+0000] {processor.py:208} INFO - Processing /opt/airflow/dags/build_pinecone_search.py took 2.063 seconds
[2025-04-12T04:49:30.905+0000] {processor.py:186} INFO - Started process (PID=2048) to work on /opt/airflow/dags/build_pinecone_search.py
[2025-04-12T04:49:30.909+0000] {processor.py:914} INFO - Processing file /opt/airflow/dags/build_pinecone_search.py for tasks to queue
[2025-04-12T04:49:30.916+0000] {logging_mixin.py:190} INFO - [2025-04-12T04:49:30.914+0000] {dagbag.py:587} INFO - Filling up the DagBag from /opt/airflow/dags/build_pinecone_search.py
[2025-04-12T04:49:33.732+0000] {logging_mixin.py:190} INFO - {{ task_instance.xcom_pull(task_ids='preprocess_data', dag_id='Medium_to_Pinecone', key='return_value') }}
[2025-04-12T04:49:33.734+0000] {processor.py:925} INFO - DAG(s) 'Medium_to_Pinecone' retrieved from /opt/airflow/dags/build_pinecone_search.py
[2025-04-12T04:49:33.750+0000] {logging_mixin.py:190} INFO - [2025-04-12T04:49:33.750+0000] {dag.py:3229} INFO - Sync 1 DAGs
[2025-04-12T04:49:33.760+0000] {logging_mixin.py:190} INFO - [2025-04-12T04:49:33.760+0000] {dag.py:4156} INFO - Setting next_dagrun for Medium_to_Pinecone to 2025-04-10 00:00:00+00:00, run_after=2025-04-17 00:00:00+00:00
[2025-04-12T04:49:33.766+0000] {processor.py:208} INFO - Processing /opt/airflow/dags/build_pinecone_search.py took 2.878 seconds
[2025-04-12T04:50:04.418+0000] {processor.py:186} INFO - Started process (PID=2070) to work on /opt/airflow/dags/build_pinecone_search.py
[2025-04-12T04:50:04.425+0000] {processor.py:914} INFO - Processing file /opt/airflow/dags/build_pinecone_search.py for tasks to queue
[2025-04-12T04:50:04.427+0000] {logging_mixin.py:190} INFO - [2025-04-12T04:50:04.426+0000] {dagbag.py:587} INFO - Filling up the DagBag from /opt/airflow/dags/build_pinecone_search.py
[2025-04-12T04:50:06.629+0000] {logging_mixin.py:190} INFO - {{ task_instance.xcom_pull(task_ids='preprocess_data', dag_id='Medium_to_Pinecone', key='return_value') }}
[2025-04-12T04:50:06.631+0000] {processor.py:925} INFO - DAG(s) 'Medium_to_Pinecone' retrieved from /opt/airflow/dags/build_pinecone_search.py
[2025-04-12T04:50:06.644+0000] {logging_mixin.py:190} INFO - [2025-04-12T04:50:06.644+0000] {dag.py:3229} INFO - Sync 1 DAGs
[2025-04-12T04:50:06.659+0000] {logging_mixin.py:190} INFO - [2025-04-12T04:50:06.658+0000] {dag.py:4156} INFO - Setting next_dagrun for Medium_to_Pinecone to 2025-04-10 00:00:00+00:00, run_after=2025-04-17 00:00:00+00:00
[2025-04-12T04:50:06.667+0000] {processor.py:208} INFO - Processing /opt/airflow/dags/build_pinecone_search.py took 2.272 seconds
[2025-04-12T04:50:37.179+0000] {processor.py:186} INFO - Started process (PID=2098) to work on /opt/airflow/dags/build_pinecone_search.py
[2025-04-12T04:50:37.182+0000] {processor.py:914} INFO - Processing file /opt/airflow/dags/build_pinecone_search.py for tasks to queue
[2025-04-12T04:50:37.185+0000] {logging_mixin.py:190} INFO - [2025-04-12T04:50:37.184+0000] {dagbag.py:587} INFO - Filling up the DagBag from /opt/airflow/dags/build_pinecone_search.py
[2025-04-12T04:50:39.169+0000] {logging_mixin.py:190} INFO - {{ task_instance.xcom_pull(task_ids='preprocess_data', dag_id='Medium_to_Pinecone', key='return_value') }}
[2025-04-12T04:50:39.171+0000] {processor.py:925} INFO - DAG(s) 'Medium_to_Pinecone' retrieved from /opt/airflow/dags/build_pinecone_search.py
[2025-04-12T04:50:39.189+0000] {logging_mixin.py:190} INFO - [2025-04-12T04:50:39.189+0000] {dag.py:3229} INFO - Sync 1 DAGs
[2025-04-12T04:50:39.196+0000] {logging_mixin.py:190} INFO - [2025-04-12T04:50:39.196+0000] {dag.py:4156} INFO - Setting next_dagrun for Medium_to_Pinecone to 2025-04-10 00:00:00+00:00, run_after=2025-04-17 00:00:00+00:00
[2025-04-12T04:50:39.201+0000] {processor.py:208} INFO - Processing /opt/airflow/dags/build_pinecone_search.py took 2.034 seconds
[2025-04-12T04:51:09.628+0000] {processor.py:186} INFO - Started process (PID=2120) to work on /opt/airflow/dags/build_pinecone_search.py
[2025-04-12T04:51:09.630+0000] {processor.py:914} INFO - Processing file /opt/airflow/dags/build_pinecone_search.py for tasks to queue
[2025-04-12T04:51:09.631+0000] {logging_mixin.py:190} INFO - [2025-04-12T04:51:09.631+0000] {dagbag.py:587} INFO - Filling up the DagBag from /opt/airflow/dags/build_pinecone_search.py
[2025-04-12T04:51:12.204+0000] {logging_mixin.py:190} INFO - {{ task_instance.xcom_pull(task_ids='preprocess_data', dag_id='Medium_to_Pinecone', key='return_value') }}
[2025-04-12T04:51:12.206+0000] {processor.py:925} INFO - DAG(s) 'Medium_to_Pinecone' retrieved from /opt/airflow/dags/build_pinecone_search.py
[2025-04-12T04:51:12.227+0000] {logging_mixin.py:190} INFO - [2025-04-12T04:51:12.227+0000] {dag.py:3229} INFO - Sync 1 DAGs
[2025-04-12T04:51:12.236+0000] {logging_mixin.py:190} INFO - [2025-04-12T04:51:12.236+0000] {dag.py:4156} INFO - Setting next_dagrun for Medium_to_Pinecone to 2025-04-10 00:00:00+00:00, run_after=2025-04-17 00:00:00+00:00
[2025-04-12T04:51:12.439+0000] {processor.py:208} INFO - Processing /opt/airflow/dags/build_pinecone_search.py took 2.821 seconds
[2025-04-12T04:51:43.029+0000] {processor.py:186} INFO - Started process (PID=2142) to work on /opt/airflow/dags/build_pinecone_search.py
[2025-04-12T04:51:43.031+0000] {processor.py:914} INFO - Processing file /opt/airflow/dags/build_pinecone_search.py for tasks to queue
[2025-04-12T04:51:43.033+0000] {logging_mixin.py:190} INFO - [2025-04-12T04:51:43.032+0000] {dagbag.py:587} INFO - Filling up the DagBag from /opt/airflow/dags/build_pinecone_search.py
[2025-04-12T04:51:45.258+0000] {logging_mixin.py:190} INFO - {{ task_instance.xcom_pull(task_ids='preprocess_data', dag_id='Medium_to_Pinecone', key='return_value') }}
[2025-04-12T04:51:45.261+0000] {processor.py:925} INFO - DAG(s) 'Medium_to_Pinecone' retrieved from /opt/airflow/dags/build_pinecone_search.py
[2025-04-12T04:51:45.280+0000] {logging_mixin.py:190} INFO - [2025-04-12T04:51:45.279+0000] {dag.py:3229} INFO - Sync 1 DAGs
[2025-04-12T04:51:45.295+0000] {logging_mixin.py:190} INFO - [2025-04-12T04:51:45.294+0000] {dag.py:4156} INFO - Setting next_dagrun for Medium_to_Pinecone to 2025-04-10 00:00:00+00:00, run_after=2025-04-17 00:00:00+00:00
[2025-04-12T04:51:45.301+0000] {processor.py:208} INFO - Processing /opt/airflow/dags/build_pinecone_search.py took 2.279 seconds
[2025-04-12T04:52:15.783+0000] {processor.py:186} INFO - Started process (PID=2164) to work on /opt/airflow/dags/build_pinecone_search.py
[2025-04-12T04:52:15.785+0000] {processor.py:914} INFO - Processing file /opt/airflow/dags/build_pinecone_search.py for tasks to queue
[2025-04-12T04:52:15.787+0000] {logging_mixin.py:190} INFO - [2025-04-12T04:52:15.786+0000] {dagbag.py:587} INFO - Filling up the DagBag from /opt/airflow/dags/build_pinecone_search.py
[2025-04-12T04:52:17.803+0000] {logging_mixin.py:190} INFO - {{ task_instance.xcom_pull(task_ids='preprocess_data', dag_id='Medium_to_Pinecone', key='return_value') }}
[2025-04-12T04:52:17.806+0000] {processor.py:925} INFO - DAG(s) 'Medium_to_Pinecone' retrieved from /opt/airflow/dags/build_pinecone_search.py
[2025-04-12T04:52:17.820+0000] {logging_mixin.py:190} INFO - [2025-04-12T04:52:17.819+0000] {dag.py:3229} INFO - Sync 1 DAGs
[2025-04-12T04:52:17.828+0000] {logging_mixin.py:190} INFO - [2025-04-12T04:52:17.828+0000] {dag.py:4156} INFO - Setting next_dagrun for Medium_to_Pinecone to 2025-04-10 00:00:00+00:00, run_after=2025-04-17 00:00:00+00:00
[2025-04-12T04:52:17.833+0000] {processor.py:208} INFO - Processing /opt/airflow/dags/build_pinecone_search.py took 2.060 seconds
[2025-04-12T04:52:48.061+0000] {processor.py:186} INFO - Started process (PID=2185) to work on /opt/airflow/dags/build_pinecone_search.py
[2025-04-12T04:52:48.063+0000] {processor.py:914} INFO - Processing file /opt/airflow/dags/build_pinecone_search.py for tasks to queue
[2025-04-12T04:52:48.065+0000] {logging_mixin.py:190} INFO - [2025-04-12T04:52:48.064+0000] {dagbag.py:587} INFO - Filling up the DagBag from /opt/airflow/dags/build_pinecone_search.py
[2025-04-12T04:52:50.356+0000] {logging_mixin.py:190} INFO - {{ task_instance.xcom_pull(task_ids='preprocess_data', dag_id='Medium_to_Pinecone', key='return_value') }}
[2025-04-12T04:52:50.358+0000] {processor.py:925} INFO - DAG(s) 'Medium_to_Pinecone' retrieved from /opt/airflow/dags/build_pinecone_search.py
[2025-04-12T04:52:50.384+0000] {logging_mixin.py:190} INFO - [2025-04-12T04:52:50.384+0000] {dag.py:3229} INFO - Sync 1 DAGs
[2025-04-12T04:52:50.394+0000] {logging_mixin.py:190} INFO - [2025-04-12T04:52:50.394+0000] {dag.py:4156} INFO - Setting next_dagrun for Medium_to_Pinecone to 2025-04-10 00:00:00+00:00, run_after=2025-04-17 00:00:00+00:00
[2025-04-12T04:52:50.401+0000] {processor.py:208} INFO - Processing /opt/airflow/dags/build_pinecone_search.py took 2.354 seconds
[2025-04-12T04:53:20.823+0000] {processor.py:186} INFO - Started process (PID=2207) to work on /opt/airflow/dags/build_pinecone_search.py
[2025-04-12T04:53:20.826+0000] {processor.py:914} INFO - Processing file /opt/airflow/dags/build_pinecone_search.py for tasks to queue
[2025-04-12T04:53:20.828+0000] {logging_mixin.py:190} INFO - [2025-04-12T04:53:20.827+0000] {dagbag.py:587} INFO - Filling up the DagBag from /opt/airflow/dags/build_pinecone_search.py
[2025-04-12T04:53:23.638+0000] {logging_mixin.py:190} INFO - {{ task_instance.xcom_pull(task_ids='preprocess_data', dag_id='Medium_to_Pinecone', key='return_value') }}
[2025-04-12T04:53:23.640+0000] {processor.py:925} INFO - DAG(s) 'Medium_to_Pinecone' retrieved from /opt/airflow/dags/build_pinecone_search.py
[2025-04-12T04:53:23.656+0000] {logging_mixin.py:190} INFO - [2025-04-12T04:53:23.656+0000] {dag.py:3229} INFO - Sync 1 DAGs
[2025-04-12T04:53:23.670+0000] {logging_mixin.py:190} INFO - [2025-04-12T04:53:23.669+0000] {dag.py:4156} INFO - Setting next_dagrun for Medium_to_Pinecone to 2025-04-10 00:00:00+00:00, run_after=2025-04-17 00:00:00+00:00
[2025-04-12T04:53:23.677+0000] {processor.py:208} INFO - Processing /opt/airflow/dags/build_pinecone_search.py took 2.865 seconds
