[2025-04-12T03:59:38.275+0000] {processor.py:186} INFO - Started process (PID=241) to work on /opt/airflow/dags/ETL_DAG.py
[2025-04-12T03:59:38.276+0000] {processor.py:914} INFO - Processing file /opt/airflow/dags/ETL_DAG.py for tasks to queue
[2025-04-12T03:59:38.281+0000] {logging_mixin.py:190} INFO - [2025-04-12T03:59:38.281+0000] {dagbag.py:587} INFO - Filling up the DagBag from /opt/airflow/dags/ETL_DAG.py
[2025-04-12T03:59:38.311+0000] {processor.py:925} INFO - DAG(s) 'ETL' retrieved from /opt/airflow/dags/ETL_DAG.py
[2025-04-12T03:59:38.397+0000] {logging_mixin.py:190} INFO - [2025-04-12T03:59:38.397+0000] {dag.py:3229} INFO - Sync 1 DAGs
[2025-04-12T03:59:38.452+0000] {logging_mixin.py:190} INFO - [2025-04-12T03:59:38.450+0000] {dag.py:4156} INFO - Setting next_dagrun for ETL to 2025-04-12 02:30:00+00:00, run_after=2025-04-13 02:30:00+00:00
[2025-04-12T03:59:38.499+0000] {processor.py:208} INFO - Processing /opt/airflow/dags/ETL_DAG.py took 0.241 seconds
[2025-04-12T04:00:08.864+0000] {processor.py:186} INFO - Started process (PID=293) to work on /opt/airflow/dags/ETL_DAG.py
[2025-04-12T04:00:08.867+0000] {processor.py:914} INFO - Processing file /opt/airflow/dags/ETL_DAG.py for tasks to queue
[2025-04-12T04:00:08.881+0000] {logging_mixin.py:190} INFO - [2025-04-12T04:00:08.880+0000] {dagbag.py:587} INFO - Filling up the DagBag from /opt/airflow/dags/ETL_DAG.py
[2025-04-12T04:00:08.916+0000] {processor.py:925} INFO - DAG(s) 'ETL' retrieved from /opt/airflow/dags/ETL_DAG.py
[2025-04-12T04:00:08.988+0000] {logging_mixin.py:190} INFO - [2025-04-12T04:00:08.988+0000] {dag.py:3229} INFO - Sync 1 DAGs
[2025-04-12T04:00:09.018+0000] {logging_mixin.py:190} INFO - [2025-04-12T04:00:09.017+0000] {dag.py:4156} INFO - Setting next_dagrun for ETL to 2025-04-12 02:30:00+00:00, run_after=2025-04-13 02:30:00+00:00
[2025-04-12T04:00:09.035+0000] {processor.py:208} INFO - Processing /opt/airflow/dags/ETL_DAG.py took 0.191 seconds
[2025-04-12T04:00:39.494+0000] {processor.py:186} INFO - Started process (PID=309) to work on /opt/airflow/dags/ETL_DAG.py
[2025-04-12T04:00:39.496+0000] {processor.py:914} INFO - Processing file /opt/airflow/dags/ETL_DAG.py for tasks to queue
[2025-04-12T04:00:39.504+0000] {logging_mixin.py:190} INFO - [2025-04-12T04:00:39.503+0000] {dagbag.py:587} INFO - Filling up the DagBag from /opt/airflow/dags/ETL_DAG.py
[2025-04-12T04:00:39.539+0000] {processor.py:925} INFO - DAG(s) 'ETL' retrieved from /opt/airflow/dags/ETL_DAG.py
[2025-04-12T04:00:39.590+0000] {logging_mixin.py:190} INFO - [2025-04-12T04:00:39.589+0000] {dag.py:3229} INFO - Sync 1 DAGs
[2025-04-12T04:00:39.617+0000] {logging_mixin.py:190} INFO - [2025-04-12T04:00:39.617+0000] {dag.py:4156} INFO - Setting next_dagrun for ETL to 2025-04-12 02:30:00+00:00, run_after=2025-04-13 02:30:00+00:00
[2025-04-12T04:00:39.634+0000] {processor.py:208} INFO - Processing /opt/airflow/dags/ETL_DAG.py took 0.158 seconds
[2025-04-12T04:01:09.979+0000] {processor.py:186} INFO - Started process (PID=325) to work on /opt/airflow/dags/ETL_DAG.py
[2025-04-12T04:01:09.980+0000] {processor.py:914} INFO - Processing file /opt/airflow/dags/ETL_DAG.py for tasks to queue
[2025-04-12T04:01:09.988+0000] {logging_mixin.py:190} INFO - [2025-04-12T04:01:09.987+0000] {dagbag.py:587} INFO - Filling up the DagBag from /opt/airflow/dags/ETL_DAG.py
[2025-04-12T04:01:10.005+0000] {processor.py:925} INFO - DAG(s) 'ETL' retrieved from /opt/airflow/dags/ETL_DAG.py
[2025-04-12T04:01:10.037+0000] {logging_mixin.py:190} INFO - [2025-04-12T04:01:10.037+0000] {dag.py:3229} INFO - Sync 1 DAGs
[2025-04-12T04:01:10.059+0000] {logging_mixin.py:190} INFO - [2025-04-12T04:01:10.059+0000] {dag.py:4156} INFO - Setting next_dagrun for ETL to 2025-04-12 02:30:00+00:00, run_after=2025-04-13 02:30:00+00:00
[2025-04-12T04:01:10.072+0000] {processor.py:208} INFO - Processing /opt/airflow/dags/ETL_DAG.py took 0.104 seconds
[2025-04-12T04:01:40.580+0000] {processor.py:186} INFO - Started process (PID=341) to work on /opt/airflow/dags/ETL_DAG.py
[2025-04-12T04:01:40.582+0000] {processor.py:914} INFO - Processing file /opt/airflow/dags/ETL_DAG.py for tasks to queue
[2025-04-12T04:01:40.587+0000] {logging_mixin.py:190} INFO - [2025-04-12T04:01:40.586+0000] {dagbag.py:587} INFO - Filling up the DagBag from /opt/airflow/dags/ETL_DAG.py
[2025-04-12T04:01:40.602+0000] {processor.py:925} INFO - DAG(s) 'ETL' retrieved from /opt/airflow/dags/ETL_DAG.py
[2025-04-12T04:01:40.639+0000] {logging_mixin.py:190} INFO - [2025-04-12T04:01:40.638+0000] {dag.py:3229} INFO - Sync 1 DAGs
[2025-04-12T04:01:40.657+0000] {logging_mixin.py:190} INFO - [2025-04-12T04:01:40.657+0000] {dag.py:4156} INFO - Setting next_dagrun for ETL to 2025-04-12 02:30:00+00:00, run_after=2025-04-13 02:30:00+00:00
[2025-04-12T04:01:40.669+0000] {processor.py:208} INFO - Processing /opt/airflow/dags/ETL_DAG.py took 0.103 seconds
[2025-04-12T04:02:10.972+0000] {processor.py:186} INFO - Started process (PID=357) to work on /opt/airflow/dags/ETL_DAG.py
[2025-04-12T04:02:10.973+0000] {processor.py:914} INFO - Processing file /opt/airflow/dags/ETL_DAG.py for tasks to queue
[2025-04-12T04:02:10.979+0000] {logging_mixin.py:190} INFO - [2025-04-12T04:02:10.978+0000] {dagbag.py:587} INFO - Filling up the DagBag from /opt/airflow/dags/ETL_DAG.py
[2025-04-12T04:02:10.994+0000] {processor.py:925} INFO - DAG(s) 'ETL' retrieved from /opt/airflow/dags/ETL_DAG.py
[2025-04-12T04:02:11.023+0000] {logging_mixin.py:190} INFO - [2025-04-12T04:02:11.023+0000] {dag.py:3229} INFO - Sync 1 DAGs
[2025-04-12T04:02:11.039+0000] {logging_mixin.py:190} INFO - [2025-04-12T04:02:11.038+0000] {dag.py:4156} INFO - Setting next_dagrun for ETL to 2025-04-12 02:30:00+00:00, run_after=2025-04-13 02:30:00+00:00
[2025-04-12T04:02:11.050+0000] {processor.py:208} INFO - Processing /opt/airflow/dags/ETL_DAG.py took 0.092 seconds
[2025-04-12T04:02:41.384+0000] {processor.py:186} INFO - Started process (PID=373) to work on /opt/airflow/dags/ETL_DAG.py
[2025-04-12T04:02:41.386+0000] {processor.py:914} INFO - Processing file /opt/airflow/dags/ETL_DAG.py for tasks to queue
[2025-04-12T04:02:41.389+0000] {logging_mixin.py:190} INFO - [2025-04-12T04:02:41.388+0000] {dagbag.py:587} INFO - Filling up the DagBag from /opt/airflow/dags/ETL_DAG.py
[2025-04-12T04:02:41.404+0000] {processor.py:925} INFO - DAG(s) 'ETL' retrieved from /opt/airflow/dags/ETL_DAG.py
[2025-04-12T04:02:41.435+0000] {logging_mixin.py:190} INFO - [2025-04-12T04:02:41.434+0000] {dag.py:3229} INFO - Sync 1 DAGs
[2025-04-12T04:02:41.452+0000] {logging_mixin.py:190} INFO - [2025-04-12T04:02:41.452+0000] {dag.py:4156} INFO - Setting next_dagrun for ETL to 2025-04-12 02:30:00+00:00, run_after=2025-04-13 02:30:00+00:00
[2025-04-12T04:02:41.462+0000] {processor.py:208} INFO - Processing /opt/airflow/dags/ETL_DAG.py took 0.091 seconds
[2025-04-12T04:03:11.811+0000] {processor.py:186} INFO - Started process (PID=389) to work on /opt/airflow/dags/ETL_DAG.py
[2025-04-12T04:03:11.813+0000] {processor.py:914} INFO - Processing file /opt/airflow/dags/ETL_DAG.py for tasks to queue
[2025-04-12T04:03:11.817+0000] {logging_mixin.py:190} INFO - [2025-04-12T04:03:11.816+0000] {dagbag.py:587} INFO - Filling up the DagBag from /opt/airflow/dags/ETL_DAG.py
[2025-04-12T04:03:11.833+0000] {processor.py:925} INFO - DAG(s) 'ETL' retrieved from /opt/airflow/dags/ETL_DAG.py
[2025-04-12T04:03:11.861+0000] {logging_mixin.py:190} INFO - [2025-04-12T04:03:11.861+0000] {dag.py:3229} INFO - Sync 1 DAGs
[2025-04-12T04:03:11.875+0000] {logging_mixin.py:190} INFO - [2025-04-12T04:03:11.874+0000] {dag.py:4156} INFO - Setting next_dagrun for ETL to 2025-04-12 02:30:00+00:00, run_after=2025-04-13 02:30:00+00:00
[2025-04-12T04:03:11.886+0000] {processor.py:208} INFO - Processing /opt/airflow/dags/ETL_DAG.py took 0.084 seconds
[2025-04-12T04:03:42.319+0000] {processor.py:186} INFO - Started process (PID=405) to work on /opt/airflow/dags/ETL_DAG.py
[2025-04-12T04:03:42.322+0000] {processor.py:914} INFO - Processing file /opt/airflow/dags/ETL_DAG.py for tasks to queue
[2025-04-12T04:03:42.327+0000] {logging_mixin.py:190} INFO - [2025-04-12T04:03:42.327+0000] {dagbag.py:587} INFO - Filling up the DagBag from /opt/airflow/dags/ETL_DAG.py
[2025-04-12T04:03:42.350+0000] {processor.py:925} INFO - DAG(s) 'ETL' retrieved from /opt/airflow/dags/ETL_DAG.py
[2025-04-12T04:03:42.389+0000] {logging_mixin.py:190} INFO - [2025-04-12T04:03:42.389+0000] {dag.py:3229} INFO - Sync 1 DAGs
[2025-04-12T04:03:42.410+0000] {logging_mixin.py:190} INFO - [2025-04-12T04:03:42.410+0000] {dag.py:4156} INFO - Setting next_dagrun for ETL to 2025-04-12 02:30:00+00:00, run_after=2025-04-13 02:30:00+00:00
[2025-04-12T04:03:42.421+0000] {processor.py:208} INFO - Processing /opt/airflow/dags/ETL_DAG.py took 0.120 seconds
[2025-04-12T04:04:12.691+0000] {processor.py:186} INFO - Started process (PID=421) to work on /opt/airflow/dags/ETL_DAG.py
[2025-04-12T04:04:12.694+0000] {processor.py:914} INFO - Processing file /opt/airflow/dags/ETL_DAG.py for tasks to queue
[2025-04-12T04:04:12.697+0000] {logging_mixin.py:190} INFO - [2025-04-12T04:04:12.697+0000] {dagbag.py:587} INFO - Filling up the DagBag from /opt/airflow/dags/ETL_DAG.py
[2025-04-12T04:04:12.710+0000] {processor.py:925} INFO - DAG(s) 'ETL' retrieved from /opt/airflow/dags/ETL_DAG.py
[2025-04-12T04:04:12.736+0000] {logging_mixin.py:190} INFO - [2025-04-12T04:04:12.735+0000] {dag.py:3229} INFO - Sync 1 DAGs
[2025-04-12T04:04:12.751+0000] {logging_mixin.py:190} INFO - [2025-04-12T04:04:12.751+0000] {dag.py:4156} INFO - Setting next_dagrun for ETL to 2025-04-12 02:30:00+00:00, run_after=2025-04-13 02:30:00+00:00
[2025-04-12T04:04:12.759+0000] {processor.py:208} INFO - Processing /opt/airflow/dags/ETL_DAG.py took 0.079 seconds
[2025-04-12T04:04:43.072+0000] {processor.py:186} INFO - Started process (PID=437) to work on /opt/airflow/dags/ETL_DAG.py
[2025-04-12T04:04:43.074+0000] {processor.py:914} INFO - Processing file /opt/airflow/dags/ETL_DAG.py for tasks to queue
[2025-04-12T04:04:43.076+0000] {logging_mixin.py:190} INFO - [2025-04-12T04:04:43.076+0000] {dagbag.py:587} INFO - Filling up the DagBag from /opt/airflow/dags/ETL_DAG.py
[2025-04-12T04:04:43.088+0000] {processor.py:925} INFO - DAG(s) 'ETL' retrieved from /opt/airflow/dags/ETL_DAG.py
[2025-04-12T04:04:43.110+0000] {logging_mixin.py:190} INFO - [2025-04-12T04:04:43.109+0000] {dag.py:3229} INFO - Sync 1 DAGs
[2025-04-12T04:04:43.127+0000] {logging_mixin.py:190} INFO - [2025-04-12T04:04:43.127+0000] {dag.py:4156} INFO - Setting next_dagrun for ETL to 2025-04-12 02:30:00+00:00, run_after=2025-04-13 02:30:00+00:00
[2025-04-12T04:04:43.141+0000] {processor.py:208} INFO - Processing /opt/airflow/dags/ETL_DAG.py took 0.075 seconds
[2025-04-12T04:05:13.467+0000] {processor.py:186} INFO - Started process (PID=453) to work on /opt/airflow/dags/ETL_DAG.py
[2025-04-12T04:05:13.470+0000] {processor.py:914} INFO - Processing file /opt/airflow/dags/ETL_DAG.py for tasks to queue
[2025-04-12T04:05:13.474+0000] {logging_mixin.py:190} INFO - [2025-04-12T04:05:13.474+0000] {dagbag.py:587} INFO - Filling up the DagBag from /opt/airflow/dags/ETL_DAG.py
[2025-04-12T04:05:13.487+0000] {processor.py:925} INFO - DAG(s) 'ETL' retrieved from /opt/airflow/dags/ETL_DAG.py
[2025-04-12T04:05:13.513+0000] {logging_mixin.py:190} INFO - [2025-04-12T04:05:13.513+0000] {dag.py:3229} INFO - Sync 1 DAGs
[2025-04-12T04:05:13.527+0000] {logging_mixin.py:190} INFO - [2025-04-12T04:05:13.527+0000] {dag.py:4156} INFO - Setting next_dagrun for ETL to 2025-04-12 02:30:00+00:00, run_after=2025-04-13 02:30:00+00:00
[2025-04-12T04:05:13.542+0000] {processor.py:208} INFO - Processing /opt/airflow/dags/ETL_DAG.py took 0.084 seconds
[2025-04-12T04:05:43.874+0000] {processor.py:186} INFO - Started process (PID=469) to work on /opt/airflow/dags/ETL_DAG.py
[2025-04-12T04:05:43.878+0000] {processor.py:914} INFO - Processing file /opt/airflow/dags/ETL_DAG.py for tasks to queue
[2025-04-12T04:05:43.881+0000] {logging_mixin.py:190} INFO - [2025-04-12T04:05:43.881+0000] {dagbag.py:587} INFO - Filling up the DagBag from /opt/airflow/dags/ETL_DAG.py
[2025-04-12T04:05:43.905+0000] {processor.py:925} INFO - DAG(s) 'ETL' retrieved from /opt/airflow/dags/ETL_DAG.py
[2025-04-12T04:05:43.951+0000] {logging_mixin.py:190} INFO - [2025-04-12T04:05:43.951+0000] {dag.py:3229} INFO - Sync 1 DAGs
[2025-04-12T04:05:43.968+0000] {logging_mixin.py:190} INFO - [2025-04-12T04:05:43.968+0000] {dag.py:4156} INFO - Setting next_dagrun for ETL to 2025-04-12 02:30:00+00:00, run_after=2025-04-13 02:30:00+00:00
[2025-04-12T04:05:43.980+0000] {processor.py:208} INFO - Processing /opt/airflow/dags/ETL_DAG.py took 0.119 seconds
[2025-04-12T04:06:14.242+0000] {processor.py:186} INFO - Started process (PID=485) to work on /opt/airflow/dags/ETL_DAG.py
[2025-04-12T04:06:14.243+0000] {processor.py:914} INFO - Processing file /opt/airflow/dags/ETL_DAG.py for tasks to queue
[2025-04-12T04:06:14.248+0000] {logging_mixin.py:190} INFO - [2025-04-12T04:06:14.247+0000] {dagbag.py:587} INFO - Filling up the DagBag from /opt/airflow/dags/ETL_DAG.py
[2025-04-12T04:06:14.261+0000] {processor.py:925} INFO - DAG(s) 'ETL' retrieved from /opt/airflow/dags/ETL_DAG.py
[2025-04-12T04:06:14.286+0000] {logging_mixin.py:190} INFO - [2025-04-12T04:06:14.286+0000] {dag.py:3229} INFO - Sync 1 DAGs
[2025-04-12T04:06:14.300+0000] {logging_mixin.py:190} INFO - [2025-04-12T04:06:14.300+0000] {dag.py:4156} INFO - Setting next_dagrun for ETL to 2025-04-12 02:30:00+00:00, run_after=2025-04-13 02:30:00+00:00
[2025-04-12T04:06:14.310+0000] {processor.py:208} INFO - Processing /opt/airflow/dags/ETL_DAG.py took 0.077 seconds
[2025-04-12T04:06:44.674+0000] {processor.py:186} INFO - Started process (PID=500) to work on /opt/airflow/dags/ETL_DAG.py
[2025-04-12T04:06:44.675+0000] {processor.py:914} INFO - Processing file /opt/airflow/dags/ETL_DAG.py for tasks to queue
[2025-04-12T04:06:44.677+0000] {logging_mixin.py:190} INFO - [2025-04-12T04:06:44.677+0000] {dagbag.py:587} INFO - Filling up the DagBag from /opt/airflow/dags/ETL_DAG.py
[2025-04-12T04:06:44.690+0000] {processor.py:925} INFO - DAG(s) 'ETL' retrieved from /opt/airflow/dags/ETL_DAG.py
[2025-04-12T04:06:44.709+0000] {logging_mixin.py:190} INFO - [2025-04-12T04:06:44.709+0000] {dag.py:3229} INFO - Sync 1 DAGs
[2025-04-12T04:06:44.723+0000] {logging_mixin.py:190} INFO - [2025-04-12T04:06:44.723+0000] {dag.py:4156} INFO - Setting next_dagrun for ETL to 2025-04-12 02:30:00+00:00, run_after=2025-04-13 02:30:00+00:00
[2025-04-12T04:06:44.733+0000] {processor.py:208} INFO - Processing /opt/airflow/dags/ETL_DAG.py took 0.067 seconds
[2025-04-12T04:07:15.080+0000] {processor.py:186} INFO - Started process (PID=516) to work on /opt/airflow/dags/ETL_DAG.py
[2025-04-12T04:07:15.081+0000] {processor.py:914} INFO - Processing file /opt/airflow/dags/ETL_DAG.py for tasks to queue
[2025-04-12T04:07:15.087+0000] {logging_mixin.py:190} INFO - [2025-04-12T04:07:15.086+0000] {dagbag.py:587} INFO - Filling up the DagBag from /opt/airflow/dags/ETL_DAG.py
[2025-04-12T04:07:15.097+0000] {processor.py:925} INFO - DAG(s) 'ETL' retrieved from /opt/airflow/dags/ETL_DAG.py
[2025-04-12T04:07:15.122+0000] {logging_mixin.py:190} INFO - [2025-04-12T04:07:15.121+0000] {dag.py:3229} INFO - Sync 1 DAGs
[2025-04-12T04:07:15.137+0000] {logging_mixin.py:190} INFO - [2025-04-12T04:07:15.137+0000] {dag.py:4156} INFO - Setting next_dagrun for ETL to 2025-04-12 02:30:00+00:00, run_after=2025-04-13 02:30:00+00:00
[2025-04-12T04:07:15.147+0000] {processor.py:208} INFO - Processing /opt/airflow/dags/ETL_DAG.py took 0.079 seconds
[2025-04-12T04:07:45.473+0000] {processor.py:186} INFO - Started process (PID=533) to work on /opt/airflow/dags/ETL_DAG.py
[2025-04-12T04:07:45.475+0000] {processor.py:914} INFO - Processing file /opt/airflow/dags/ETL_DAG.py for tasks to queue
[2025-04-12T04:07:45.478+0000] {logging_mixin.py:190} INFO - [2025-04-12T04:07:45.478+0000] {dagbag.py:587} INFO - Filling up the DagBag from /opt/airflow/dags/ETL_DAG.py
[2025-04-12T04:07:45.494+0000] {processor.py:925} INFO - DAG(s) 'ETL' retrieved from /opt/airflow/dags/ETL_DAG.py
[2025-04-12T04:07:45.519+0000] {logging_mixin.py:190} INFO - [2025-04-12T04:07:45.519+0000] {dag.py:3229} INFO - Sync 1 DAGs
[2025-04-12T04:07:45.537+0000] {logging_mixin.py:190} INFO - [2025-04-12T04:07:45.537+0000] {dag.py:4156} INFO - Setting next_dagrun for ETL to 2025-04-12 02:30:00+00:00, run_after=2025-04-13 02:30:00+00:00
[2025-04-12T04:07:45.548+0000] {processor.py:208} INFO - Processing /opt/airflow/dags/ETL_DAG.py took 0.083 seconds
[2025-04-12T04:09:01.847+0000] {processor.py:186} INFO - Started process (PID=257) to work on /opt/airflow/dags/ETL_DAG.py
[2025-04-12T04:09:01.855+0000] {processor.py:914} INFO - Processing file /opt/airflow/dags/ETL_DAG.py for tasks to queue
[2025-04-12T04:09:01.862+0000] {logging_mixin.py:190} INFO - [2025-04-12T04:09:01.862+0000] {dagbag.py:587} INFO - Filling up the DagBag from /opt/airflow/dags/ETL_DAG.py
[2025-04-12T04:09:01.889+0000] {processor.py:925} INFO - DAG(s) 'ETL' retrieved from /opt/airflow/dags/ETL_DAG.py
[2025-04-12T04:09:01.934+0000] {logging_mixin.py:190} INFO - [2025-04-12T04:09:01.933+0000] {dag.py:3229} INFO - Sync 1 DAGs
[2025-04-12T04:09:01.962+0000] {logging_mixin.py:190} INFO - [2025-04-12T04:09:01.962+0000] {dag.py:4156} INFO - Setting next_dagrun for ETL to 2025-04-12 02:30:00+00:00, run_after=2025-04-13 02:30:00+00:00
[2025-04-12T04:09:01.977+0000] {processor.py:208} INFO - Processing /opt/airflow/dags/ETL_DAG.py took 0.145 seconds
[2025-04-12T04:09:32.401+0000] {processor.py:186} INFO - Started process (PID=284) to work on /opt/airflow/dags/ETL_DAG.py
[2025-04-12T04:09:32.403+0000] {processor.py:914} INFO - Processing file /opt/airflow/dags/ETL_DAG.py for tasks to queue
[2025-04-12T04:09:32.412+0000] {logging_mixin.py:190} INFO - [2025-04-12T04:09:32.410+0000] {dagbag.py:587} INFO - Filling up the DagBag from /opt/airflow/dags/ETL_DAG.py
[2025-04-12T04:09:32.437+0000] {processor.py:925} INFO - DAG(s) 'ETL' retrieved from /opt/airflow/dags/ETL_DAG.py
[2025-04-12T04:09:32.484+0000] {logging_mixin.py:190} INFO - [2025-04-12T04:09:32.484+0000] {dag.py:3229} INFO - Sync 1 DAGs
[2025-04-12T04:09:32.504+0000] {logging_mixin.py:190} INFO - [2025-04-12T04:09:32.504+0000] {dag.py:4156} INFO - Setting next_dagrun for ETL to 2025-04-12 02:30:00+00:00, run_after=2025-04-13 02:30:00+00:00
[2025-04-12T04:09:32.515+0000] {processor.py:208} INFO - Processing /opt/airflow/dags/ETL_DAG.py took 0.128 seconds
[2025-04-12T04:10:02.946+0000] {processor.py:186} INFO - Started process (PID=300) to work on /opt/airflow/dags/ETL_DAG.py
[2025-04-12T04:10:02.947+0000] {processor.py:914} INFO - Processing file /opt/airflow/dags/ETL_DAG.py for tasks to queue
[2025-04-12T04:10:02.949+0000] {logging_mixin.py:190} INFO - [2025-04-12T04:10:02.949+0000] {dagbag.py:587} INFO - Filling up the DagBag from /opt/airflow/dags/ETL_DAG.py
[2025-04-12T04:10:02.967+0000] {processor.py:925} INFO - DAG(s) 'ETL' retrieved from /opt/airflow/dags/ETL_DAG.py
[2025-04-12T04:10:02.999+0000] {logging_mixin.py:190} INFO - [2025-04-12T04:10:02.998+0000] {dag.py:3229} INFO - Sync 1 DAGs
[2025-04-12T04:10:03.016+0000] {logging_mixin.py:190} INFO - [2025-04-12T04:10:03.016+0000] {dag.py:4156} INFO - Setting next_dagrun for ETL to 2025-04-12 02:30:00+00:00, run_after=2025-04-13 02:30:00+00:00
[2025-04-12T04:10:03.028+0000] {processor.py:208} INFO - Processing /opt/airflow/dags/ETL_DAG.py took 0.092 seconds
[2025-04-12T04:10:33.465+0000] {processor.py:186} INFO - Started process (PID=316) to work on /opt/airflow/dags/ETL_DAG.py
[2025-04-12T04:10:33.466+0000] {processor.py:914} INFO - Processing file /opt/airflow/dags/ETL_DAG.py for tasks to queue
[2025-04-12T04:10:33.469+0000] {logging_mixin.py:190} INFO - [2025-04-12T04:10:33.469+0000] {dagbag.py:587} INFO - Filling up the DagBag from /opt/airflow/dags/ETL_DAG.py
[2025-04-12T04:10:33.482+0000] {processor.py:925} INFO - DAG(s) 'ETL' retrieved from /opt/airflow/dags/ETL_DAG.py
[2025-04-12T04:10:33.506+0000] {logging_mixin.py:190} INFO - [2025-04-12T04:10:33.506+0000] {dag.py:3229} INFO - Sync 1 DAGs
[2025-04-12T04:10:33.523+0000] {logging_mixin.py:190} INFO - [2025-04-12T04:10:33.523+0000] {dag.py:4156} INFO - Setting next_dagrun for ETL to 2025-04-12 02:30:00+00:00, run_after=2025-04-13 02:30:00+00:00
[2025-04-12T04:10:33.535+0000] {processor.py:208} INFO - Processing /opt/airflow/dags/ETL_DAG.py took 0.080 seconds
[2025-04-12T04:11:03.978+0000] {processor.py:186} INFO - Started process (PID=332) to work on /opt/airflow/dags/ETL_DAG.py
[2025-04-12T04:11:03.979+0000] {processor.py:914} INFO - Processing file /opt/airflow/dags/ETL_DAG.py for tasks to queue
[2025-04-12T04:11:03.983+0000] {logging_mixin.py:190} INFO - [2025-04-12T04:11:03.983+0000] {dagbag.py:587} INFO - Filling up the DagBag from /opt/airflow/dags/ETL_DAG.py
[2025-04-12T04:11:04.004+0000] {processor.py:925} INFO - DAG(s) 'ETL' retrieved from /opt/airflow/dags/ETL_DAG.py
[2025-04-12T04:11:04.036+0000] {logging_mixin.py:190} INFO - [2025-04-12T04:11:04.036+0000] {dag.py:3229} INFO - Sync 1 DAGs
[2025-04-12T04:11:04.053+0000] {logging_mixin.py:190} INFO - [2025-04-12T04:11:04.053+0000] {dag.py:4156} INFO - Setting next_dagrun for ETL to 2025-04-12 02:30:00+00:00, run_after=2025-04-13 02:30:00+00:00
[2025-04-12T04:11:04.065+0000] {processor.py:208} INFO - Processing /opt/airflow/dags/ETL_DAG.py took 0.103 seconds
[2025-04-12T04:11:34.427+0000] {processor.py:186} INFO - Started process (PID=348) to work on /opt/airflow/dags/ETL_DAG.py
[2025-04-12T04:11:34.428+0000] {processor.py:914} INFO - Processing file /opt/airflow/dags/ETL_DAG.py for tasks to queue
[2025-04-12T04:11:34.434+0000] {logging_mixin.py:190} INFO - [2025-04-12T04:11:34.433+0000] {dagbag.py:587} INFO - Filling up the DagBag from /opt/airflow/dags/ETL_DAG.py
[2025-04-12T04:11:34.451+0000] {processor.py:925} INFO - DAG(s) 'ETL' retrieved from /opt/airflow/dags/ETL_DAG.py
[2025-04-12T04:11:34.491+0000] {logging_mixin.py:190} INFO - [2025-04-12T04:11:34.491+0000] {dag.py:3229} INFO - Sync 1 DAGs
[2025-04-12T04:11:34.510+0000] {logging_mixin.py:190} INFO - [2025-04-12T04:11:34.510+0000] {dag.py:4156} INFO - Setting next_dagrun for ETL to 2025-04-12 02:30:00+00:00, run_after=2025-04-13 02:30:00+00:00
[2025-04-12T04:11:34.521+0000] {processor.py:208} INFO - Processing /opt/airflow/dags/ETL_DAG.py took 0.103 seconds
[2025-04-12T04:12:04.839+0000] {processor.py:186} INFO - Started process (PID=365) to work on /opt/airflow/dags/ETL_DAG.py
[2025-04-12T04:12:04.840+0000] {processor.py:914} INFO - Processing file /opt/airflow/dags/ETL_DAG.py for tasks to queue
[2025-04-12T04:12:04.846+0000] {logging_mixin.py:190} INFO - [2025-04-12T04:12:04.846+0000] {dagbag.py:587} INFO - Filling up the DagBag from /opt/airflow/dags/ETL_DAG.py
[2025-04-12T04:12:04.860+0000] {processor.py:925} INFO - DAG(s) 'ETL' retrieved from /opt/airflow/dags/ETL_DAG.py
[2025-04-12T04:12:04.901+0000] {logging_mixin.py:190} INFO - [2025-04-12T04:12:04.901+0000] {dag.py:3229} INFO - Sync 1 DAGs
[2025-04-12T04:12:04.922+0000] {logging_mixin.py:190} INFO - [2025-04-12T04:12:04.922+0000] {dag.py:4156} INFO - Setting next_dagrun for ETL to 2025-04-12 02:30:00+00:00, run_after=2025-04-13 02:30:00+00:00
[2025-04-12T04:12:04.936+0000] {processor.py:208} INFO - Processing /opt/airflow/dags/ETL_DAG.py took 0.108 seconds
[2025-04-12T04:12:35.326+0000] {processor.py:186} INFO - Started process (PID=381) to work on /opt/airflow/dags/ETL_DAG.py
[2025-04-12T04:12:35.328+0000] {processor.py:914} INFO - Processing file /opt/airflow/dags/ETL_DAG.py for tasks to queue
[2025-04-12T04:12:35.335+0000] {logging_mixin.py:190} INFO - [2025-04-12T04:12:35.335+0000] {dagbag.py:587} INFO - Filling up the DagBag from /opt/airflow/dags/ETL_DAG.py
[2025-04-12T04:12:35.355+0000] {processor.py:925} INFO - DAG(s) 'ETL' retrieved from /opt/airflow/dags/ETL_DAG.py
[2025-04-12T04:12:35.384+0000] {logging_mixin.py:190} INFO - [2025-04-12T04:12:35.384+0000] {dag.py:3229} INFO - Sync 1 DAGs
[2025-04-12T04:12:35.422+0000] {logging_mixin.py:190} INFO - [2025-04-12T04:12:35.422+0000] {dag.py:4156} INFO - Setting next_dagrun for ETL to 2025-04-12 02:30:00+00:00, run_after=2025-04-13 02:30:00+00:00
[2025-04-12T04:12:35.457+0000] {processor.py:208} INFO - Processing /opt/airflow/dags/ETL_DAG.py took 0.151 seconds
[2025-04-12T04:13:05.926+0000] {processor.py:186} INFO - Started process (PID=397) to work on /opt/airflow/dags/ETL_DAG.py
[2025-04-12T04:13:05.928+0000] {processor.py:914} INFO - Processing file /opt/airflow/dags/ETL_DAG.py for tasks to queue
[2025-04-12T04:13:05.937+0000] {logging_mixin.py:190} INFO - [2025-04-12T04:13:05.937+0000] {dagbag.py:587} INFO - Filling up the DagBag from /opt/airflow/dags/ETL_DAG.py
[2025-04-12T04:13:05.957+0000] {processor.py:925} INFO - DAG(s) 'ETL' retrieved from /opt/airflow/dags/ETL_DAG.py
[2025-04-12T04:13:05.991+0000] {logging_mixin.py:190} INFO - [2025-04-12T04:13:05.991+0000] {dag.py:3229} INFO - Sync 1 DAGs
[2025-04-12T04:13:06.010+0000] {logging_mixin.py:190} INFO - [2025-04-12T04:13:06.009+0000] {dag.py:4156} INFO - Setting next_dagrun for ETL to 2025-04-12 02:30:00+00:00, run_after=2025-04-13 02:30:00+00:00
[2025-04-12T04:13:06.022+0000] {processor.py:208} INFO - Processing /opt/airflow/dags/ETL_DAG.py took 0.108 seconds
[2025-04-12T04:13:36.431+0000] {processor.py:186} INFO - Started process (PID=413) to work on /opt/airflow/dags/ETL_DAG.py
[2025-04-12T04:13:36.432+0000] {processor.py:914} INFO - Processing file /opt/airflow/dags/ETL_DAG.py for tasks to queue
[2025-04-12T04:13:36.435+0000] {logging_mixin.py:190} INFO - [2025-04-12T04:13:36.435+0000] {dagbag.py:587} INFO - Filling up the DagBag from /opt/airflow/dags/ETL_DAG.py
[2025-04-12T04:13:36.449+0000] {processor.py:925} INFO - DAG(s) 'ETL' retrieved from /opt/airflow/dags/ETL_DAG.py
[2025-04-12T04:13:36.484+0000] {logging_mixin.py:190} INFO - [2025-04-12T04:13:36.484+0000] {dag.py:3229} INFO - Sync 1 DAGs
[2025-04-12T04:13:36.506+0000] {logging_mixin.py:190} INFO - [2025-04-12T04:13:36.506+0000] {dag.py:4156} INFO - Setting next_dagrun for ETL to 2025-04-12 02:30:00+00:00, run_after=2025-04-13 02:30:00+00:00
[2025-04-12T04:13:36.519+0000] {processor.py:208} INFO - Processing /opt/airflow/dags/ETL_DAG.py took 0.106 seconds
[2025-04-12T04:14:06.883+0000] {processor.py:186} INFO - Started process (PID=429) to work on /opt/airflow/dags/ETL_DAG.py
[2025-04-12T04:14:06.885+0000] {processor.py:914} INFO - Processing file /opt/airflow/dags/ETL_DAG.py for tasks to queue
[2025-04-12T04:14:06.891+0000] {logging_mixin.py:190} INFO - [2025-04-12T04:14:06.891+0000] {dagbag.py:587} INFO - Filling up the DagBag from /opt/airflow/dags/ETL_DAG.py
[2025-04-12T04:14:06.905+0000] {processor.py:925} INFO - DAG(s) 'ETL' retrieved from /opt/airflow/dags/ETL_DAG.py
[2025-04-12T04:14:06.928+0000] {logging_mixin.py:190} INFO - [2025-04-12T04:14:06.928+0000] {dag.py:3229} INFO - Sync 1 DAGs
[2025-04-12T04:14:06.949+0000] {logging_mixin.py:190} INFO - [2025-04-12T04:14:06.948+0000] {dag.py:4156} INFO - Setting next_dagrun for ETL to 2025-04-12 02:30:00+00:00, run_after=2025-04-13 02:30:00+00:00
[2025-04-12T04:14:06.972+0000] {processor.py:208} INFO - Processing /opt/airflow/dags/ETL_DAG.py took 0.096 seconds
[2025-04-12T04:14:37.454+0000] {processor.py:186} INFO - Started process (PID=445) to work on /opt/airflow/dags/ETL_DAG.py
[2025-04-12T04:14:37.455+0000] {processor.py:914} INFO - Processing file /opt/airflow/dags/ETL_DAG.py for tasks to queue
[2025-04-12T04:14:37.461+0000] {logging_mixin.py:190} INFO - [2025-04-12T04:14:37.461+0000] {dagbag.py:587} INFO - Filling up the DagBag from /opt/airflow/dags/ETL_DAG.py
[2025-04-12T04:14:37.482+0000] {processor.py:925} INFO - DAG(s) 'ETL' retrieved from /opt/airflow/dags/ETL_DAG.py
[2025-04-12T04:14:37.517+0000] {logging_mixin.py:190} INFO - [2025-04-12T04:14:37.517+0000] {dag.py:3229} INFO - Sync 1 DAGs
[2025-04-12T04:14:37.533+0000] {logging_mixin.py:190} INFO - [2025-04-12T04:14:37.533+0000] {dag.py:4156} INFO - Setting next_dagrun for ETL to 2025-04-12 02:30:00+00:00, run_after=2025-04-13 02:30:00+00:00
[2025-04-12T04:14:37.542+0000] {processor.py:208} INFO - Processing /opt/airflow/dags/ETL_DAG.py took 0.100 seconds
[2025-04-12T04:15:07.896+0000] {processor.py:186} INFO - Started process (PID=461) to work on /opt/airflow/dags/ETL_DAG.py
[2025-04-12T04:15:07.900+0000] {processor.py:914} INFO - Processing file /opt/airflow/dags/ETL_DAG.py for tasks to queue
[2025-04-12T04:15:07.906+0000] {logging_mixin.py:190} INFO - [2025-04-12T04:15:07.905+0000] {dagbag.py:587} INFO - Filling up the DagBag from /opt/airflow/dags/ETL_DAG.py
[2025-04-12T04:15:07.926+0000] {processor.py:925} INFO - DAG(s) 'ETL' retrieved from /opt/airflow/dags/ETL_DAG.py
[2025-04-12T04:15:07.958+0000] {logging_mixin.py:190} INFO - [2025-04-12T04:15:07.958+0000] {dag.py:3229} INFO - Sync 1 DAGs
[2025-04-12T04:15:07.974+0000] {logging_mixin.py:190} INFO - [2025-04-12T04:15:07.974+0000] {dag.py:4156} INFO - Setting next_dagrun for ETL to 2025-04-12 02:30:00+00:00, run_after=2025-04-13 02:30:00+00:00
[2025-04-12T04:15:07.984+0000] {processor.py:208} INFO - Processing /opt/airflow/dags/ETL_DAG.py took 0.106 seconds
[2025-04-12T04:15:38.263+0000] {processor.py:186} INFO - Started process (PID=477) to work on /opt/airflow/dags/ETL_DAG.py
[2025-04-12T04:15:38.264+0000] {processor.py:914} INFO - Processing file /opt/airflow/dags/ETL_DAG.py for tasks to queue
[2025-04-12T04:15:38.267+0000] {logging_mixin.py:190} INFO - [2025-04-12T04:15:38.266+0000] {dagbag.py:587} INFO - Filling up the DagBag from /opt/airflow/dags/ETL_DAG.py
[2025-04-12T04:15:38.281+0000] {processor.py:925} INFO - DAG(s) 'ETL' retrieved from /opt/airflow/dags/ETL_DAG.py
[2025-04-12T04:15:38.309+0000] {logging_mixin.py:190} INFO - [2025-04-12T04:15:38.309+0000] {dag.py:3229} INFO - Sync 1 DAGs
[2025-04-12T04:15:38.324+0000] {logging_mixin.py:190} INFO - [2025-04-12T04:15:38.324+0000] {dag.py:4156} INFO - Setting next_dagrun for ETL to 2025-04-12 02:30:00+00:00, run_after=2025-04-13 02:30:00+00:00
[2025-04-12T04:15:38.335+0000] {processor.py:208} INFO - Processing /opt/airflow/dags/ETL_DAG.py took 0.080 seconds
[2025-04-12T04:16:08.893+0000] {processor.py:186} INFO - Started process (PID=493) to work on /opt/airflow/dags/ETL_DAG.py
[2025-04-12T04:16:08.897+0000] {processor.py:914} INFO - Processing file /opt/airflow/dags/ETL_DAG.py for tasks to queue
[2025-04-12T04:16:08.905+0000] {logging_mixin.py:190} INFO - [2025-04-12T04:16:08.905+0000] {dagbag.py:587} INFO - Filling up the DagBag from /opt/airflow/dags/ETL_DAG.py
[2025-04-12T04:16:08.930+0000] {processor.py:925} INFO - DAG(s) 'ETL' retrieved from /opt/airflow/dags/ETL_DAG.py
[2025-04-12T04:16:08.979+0000] {logging_mixin.py:190} INFO - [2025-04-12T04:16:08.979+0000] {dag.py:3229} INFO - Sync 1 DAGs
[2025-04-12T04:16:09.006+0000] {logging_mixin.py:190} INFO - [2025-04-12T04:16:09.006+0000] {dag.py:4156} INFO - Setting next_dagrun for ETL to 2025-04-12 02:30:00+00:00, run_after=2025-04-13 02:30:00+00:00
[2025-04-12T04:16:09.019+0000] {processor.py:208} INFO - Processing /opt/airflow/dags/ETL_DAG.py took 0.167 seconds
[2025-04-12T04:16:39.520+0000] {processor.py:186} INFO - Started process (PID=509) to work on /opt/airflow/dags/ETL_DAG.py
[2025-04-12T04:16:39.524+0000] {processor.py:914} INFO - Processing file /opt/airflow/dags/ETL_DAG.py for tasks to queue
[2025-04-12T04:16:39.526+0000] {logging_mixin.py:190} INFO - [2025-04-12T04:16:39.526+0000] {dagbag.py:587} INFO - Filling up the DagBag from /opt/airflow/dags/ETL_DAG.py
[2025-04-12T04:16:39.542+0000] {processor.py:925} INFO - DAG(s) 'ETL' retrieved from /opt/airflow/dags/ETL_DAG.py
[2025-04-12T04:16:39.572+0000] {logging_mixin.py:190} INFO - [2025-04-12T04:16:39.572+0000] {dag.py:3229} INFO - Sync 1 DAGs
[2025-04-12T04:16:39.594+0000] {logging_mixin.py:190} INFO - [2025-04-12T04:16:39.593+0000] {dag.py:4156} INFO - Setting next_dagrun for ETL to 2025-04-12 02:30:00+00:00, run_after=2025-04-13 02:30:00+00:00
[2025-04-12T04:16:39.613+0000] {processor.py:208} INFO - Processing /opt/airflow/dags/ETL_DAG.py took 0.106 seconds
