[2025-03-15T02:54:55.691+0000] {processor.py:186} INFO - Started process (PID=677) to work on /opt/airflow/dags/not_running/hello_world.py
[2025-03-15T02:54:55.692+0000] {processor.py:914} INFO - Processing file /opt/airflow/dags/not_running/hello_world.py for tasks to queue
[2025-03-15T02:54:55.692+0000] {logging_mixin.py:190} INFO - [2025-03-15T02:54:55.692+0000] {dagbag.py:587} INFO - Filling up the DagBag from /opt/airflow/dags/not_running/hello_world.py
[2025-03-15T02:54:55.711+0000] {processor.py:925} INFO - DAG(s) 'HelloWorld' retrieved from /opt/airflow/dags/not_running/hello_world.py
[2025-03-15T02:54:55.809+0000] {logging_mixin.py:190} INFO - [2025-03-15T02:54:55.809+0000] {dag.py:3229} INFO - Sync 1 DAGs
[2025-03-15T02:54:55.823+0000] {logging_mixin.py:190} INFO - [2025-03-15T02:54:55.823+0000] {dag.py:4156} INFO - Setting next_dagrun for HelloWorld to 2025-03-14 02:00:00+00:00, run_after=2025-03-15 02:00:00+00:00
[2025-03-15T02:54:55.831+0000] {processor.py:208} INFO - Processing /opt/airflow/dags/not_running/hello_world.py took 0.143 seconds
[2025-03-15T02:55:25.888+0000] {processor.py:186} INFO - Started process (PID=713) to work on /opt/airflow/dags/not_running/hello_world.py
[2025-03-15T02:55:25.889+0000] {processor.py:914} INFO - Processing file /opt/airflow/dags/not_running/hello_world.py for tasks to queue
[2025-03-15T02:55:25.892+0000] {logging_mixin.py:190} INFO - [2025-03-15T02:55:25.892+0000] {dagbag.py:587} INFO - Filling up the DagBag from /opt/airflow/dags/not_running/hello_world.py
[2025-03-15T02:55:25.899+0000] {processor.py:925} INFO - DAG(s) 'HelloWorld' retrieved from /opt/airflow/dags/not_running/hello_world.py
[2025-03-15T02:55:25.917+0000] {logging_mixin.py:190} INFO - [2025-03-15T02:55:25.917+0000] {dag.py:3229} INFO - Sync 1 DAGs
[2025-03-15T02:55:25.929+0000] {logging_mixin.py:190} INFO - [2025-03-15T02:55:25.929+0000] {dag.py:4156} INFO - Setting next_dagrun for HelloWorld to 2025-03-14 02:00:00+00:00, run_after=2025-03-15 02:00:00+00:00
[2025-03-15T02:55:25.937+0000] {processor.py:208} INFO - Processing /opt/airflow/dags/not_running/hello_world.py took 0.054 seconds
[2025-03-15T02:55:56.808+0000] {processor.py:186} INFO - Started process (PID=751) to work on /opt/airflow/dags/not_running/hello_world.py
[2025-03-15T02:55:56.809+0000] {processor.py:914} INFO - Processing file /opt/airflow/dags/not_running/hello_world.py for tasks to queue
[2025-03-15T02:55:56.810+0000] {logging_mixin.py:190} INFO - [2025-03-15T02:55:56.810+0000] {dagbag.py:587} INFO - Filling up the DagBag from /opt/airflow/dags/not_running/hello_world.py
[2025-03-15T02:55:56.835+0000] {processor.py:925} INFO - DAG(s) 'HelloWorld' retrieved from /opt/airflow/dags/not_running/hello_world.py
[2025-03-15T02:55:56.857+0000] {logging_mixin.py:190} INFO - [2025-03-15T02:55:56.856+0000] {dag.py:3229} INFO - Sync 1 DAGs
[2025-03-15T02:55:56.866+0000] {logging_mixin.py:190} INFO - [2025-03-15T02:55:56.866+0000] {dag.py:4156} INFO - Setting next_dagrun for HelloWorld to 2025-03-14 02:00:00+00:00, run_after=2025-03-15 02:00:00+00:00
[2025-03-15T02:55:56.873+0000] {processor.py:208} INFO - Processing /opt/airflow/dags/not_running/hello_world.py took 0.071 seconds
[2025-03-15T02:56:28.048+0000] {processor.py:186} INFO - Started process (PID=798) to work on /opt/airflow/dags/not_running/hello_world.py
[2025-03-15T02:56:28.049+0000] {processor.py:914} INFO - Processing file /opt/airflow/dags/not_running/hello_world.py for tasks to queue
[2025-03-15T02:56:28.050+0000] {logging_mixin.py:190} INFO - [2025-03-15T02:56:28.050+0000] {dagbag.py:587} INFO - Filling up the DagBag from /opt/airflow/dags/not_running/hello_world.py
[2025-03-15T02:56:28.059+0000] {processor.py:925} INFO - DAG(s) 'HelloWorld' retrieved from /opt/airflow/dags/not_running/hello_world.py
[2025-03-15T02:56:28.081+0000] {logging_mixin.py:190} INFO - [2025-03-15T02:56:28.081+0000] {dag.py:3229} INFO - Sync 1 DAGs
[2025-03-15T02:56:28.096+0000] {logging_mixin.py:190} INFO - [2025-03-15T02:56:28.095+0000] {dag.py:4156} INFO - Setting next_dagrun for HelloWorld to 2025-03-14 02:00:00+00:00, run_after=2025-03-15 02:00:00+00:00
[2025-03-15T02:56:28.102+0000] {processor.py:208} INFO - Processing /opt/airflow/dags/not_running/hello_world.py took 0.058 seconds
[2025-03-15T02:56:59.136+0000] {processor.py:186} INFO - Started process (PID=841) to work on /opt/airflow/dags/not_running/hello_world.py
[2025-03-15T02:56:59.137+0000] {processor.py:914} INFO - Processing file /opt/airflow/dags/not_running/hello_world.py for tasks to queue
[2025-03-15T02:56:59.138+0000] {logging_mixin.py:190} INFO - [2025-03-15T02:56:59.138+0000] {dagbag.py:587} INFO - Filling up the DagBag from /opt/airflow/dags/not_running/hello_world.py
[2025-03-15T02:56:59.149+0000] {processor.py:925} INFO - DAG(s) 'HelloWorld' retrieved from /opt/airflow/dags/not_running/hello_world.py
[2025-03-15T02:56:59.166+0000] {logging_mixin.py:190} INFO - [2025-03-15T02:56:59.166+0000] {dag.py:3229} INFO - Sync 1 DAGs
[2025-03-15T02:56:59.177+0000] {logging_mixin.py:190} INFO - [2025-03-15T02:56:59.177+0000] {dag.py:4156} INFO - Setting next_dagrun for HelloWorld to 2025-03-14 02:00:00+00:00, run_after=2025-03-15 02:00:00+00:00
[2025-03-15T02:56:59.185+0000] {processor.py:208} INFO - Processing /opt/airflow/dags/not_running/hello_world.py took 0.052 seconds
[2025-03-15T02:57:31.655+0000] {processor.py:186} INFO - Started process (PID=882) to work on /opt/airflow/dags/not_running/hello_world.py
[2025-03-15T02:57:31.656+0000] {processor.py:914} INFO - Processing file /opt/airflow/dags/not_running/hello_world.py for tasks to queue
[2025-03-15T02:57:31.657+0000] {logging_mixin.py:190} INFO - [2025-03-15T02:57:31.657+0000] {dagbag.py:587} INFO - Filling up the DagBag from /opt/airflow/dags/not_running/hello_world.py
[2025-03-15T02:57:31.669+0000] {processor.py:925} INFO - DAG(s) 'HelloWorld' retrieved from /opt/airflow/dags/not_running/hello_world.py
[2025-03-15T02:57:31.688+0000] {logging_mixin.py:190} INFO - [2025-03-15T02:57:31.687+0000] {dag.py:3229} INFO - Sync 1 DAGs
[2025-03-15T02:57:31.700+0000] {logging_mixin.py:190} INFO - [2025-03-15T02:57:31.700+0000] {dag.py:4156} INFO - Setting next_dagrun for HelloWorld to 2025-03-14 02:00:00+00:00, run_after=2025-03-15 02:00:00+00:00
[2025-03-15T02:57:31.707+0000] {processor.py:208} INFO - Processing /opt/airflow/dags/not_running/hello_world.py took 0.057 seconds
[2025-03-15T02:58:02.784+0000] {processor.py:186} INFO - Started process (PID=928) to work on /opt/airflow/dags/not_running/hello_world.py
[2025-03-15T02:58:02.785+0000] {processor.py:914} INFO - Processing file /opt/airflow/dags/not_running/hello_world.py for tasks to queue
[2025-03-15T02:58:02.785+0000] {logging_mixin.py:190} INFO - [2025-03-15T02:58:02.785+0000] {dagbag.py:587} INFO - Filling up the DagBag from /opt/airflow/dags/not_running/hello_world.py
[2025-03-15T02:58:02.790+0000] {processor.py:925} INFO - DAG(s) 'HelloWorld' retrieved from /opt/airflow/dags/not_running/hello_world.py
[2025-03-15T02:58:02.801+0000] {logging_mixin.py:190} INFO - [2025-03-15T02:58:02.801+0000] {dag.py:3229} INFO - Sync 1 DAGs
[2025-03-15T02:58:02.809+0000] {logging_mixin.py:190} INFO - [2025-03-15T02:58:02.809+0000] {dag.py:4156} INFO - Setting next_dagrun for HelloWorld to 2025-03-14 02:00:00+00:00, run_after=2025-03-15 02:00:00+00:00
[2025-03-15T02:58:02.814+0000] {processor.py:208} INFO - Processing /opt/airflow/dags/not_running/hello_world.py took 0.032 seconds
[2025-03-15T02:58:34.035+0000] {processor.py:186} INFO - Started process (PID=969) to work on /opt/airflow/dags/not_running/hello_world.py
[2025-03-15T02:58:34.036+0000] {processor.py:914} INFO - Processing file /opt/airflow/dags/not_running/hello_world.py for tasks to queue
[2025-03-15T02:58:34.038+0000] {logging_mixin.py:190} INFO - [2025-03-15T02:58:34.038+0000] {dagbag.py:587} INFO - Filling up the DagBag from /opt/airflow/dags/not_running/hello_world.py
[2025-03-15T02:58:34.046+0000] {processor.py:925} INFO - DAG(s) 'HelloWorld' retrieved from /opt/airflow/dags/not_running/hello_world.py
[2025-03-15T02:58:34.057+0000] {logging_mixin.py:190} INFO - [2025-03-15T02:58:34.057+0000] {dag.py:3229} INFO - Sync 1 DAGs
[2025-03-15T02:58:34.066+0000] {logging_mixin.py:190} INFO - [2025-03-15T02:58:34.066+0000] {dag.py:4156} INFO - Setting next_dagrun for HelloWorld to 2025-03-14 02:00:00+00:00, run_after=2025-03-15 02:00:00+00:00
[2025-03-15T02:58:34.072+0000] {processor.py:208} INFO - Processing /opt/airflow/dags/not_running/hello_world.py took 0.041 seconds
[2025-03-15T02:59:04.357+0000] {processor.py:186} INFO - Started process (PID=1010) to work on /opt/airflow/dags/not_running/hello_world.py
[2025-03-15T02:59:04.358+0000] {processor.py:914} INFO - Processing file /opt/airflow/dags/not_running/hello_world.py for tasks to queue
[2025-03-15T02:59:04.359+0000] {logging_mixin.py:190} INFO - [2025-03-15T02:59:04.359+0000] {dagbag.py:587} INFO - Filling up the DagBag from /opt/airflow/dags/not_running/hello_world.py
[2025-03-15T02:59:04.367+0000] {processor.py:925} INFO - DAG(s) 'HelloWorld' retrieved from /opt/airflow/dags/not_running/hello_world.py
[2025-03-15T02:59:04.379+0000] {logging_mixin.py:190} INFO - [2025-03-15T02:59:04.378+0000] {dag.py:3229} INFO - Sync 1 DAGs
[2025-03-15T02:59:04.387+0000] {logging_mixin.py:190} INFO - [2025-03-15T02:59:04.387+0000] {dag.py:4156} INFO - Setting next_dagrun for HelloWorld to 2025-03-14 02:00:00+00:00, run_after=2025-03-15 02:00:00+00:00
[2025-03-15T02:59:04.393+0000] {processor.py:208} INFO - Processing /opt/airflow/dags/not_running/hello_world.py took 0.041 seconds
[2025-03-15T02:59:34.655+0000] {processor.py:186} INFO - Started process (PID=1051) to work on /opt/airflow/dags/not_running/hello_world.py
[2025-03-15T02:59:34.656+0000] {processor.py:914} INFO - Processing file /opt/airflow/dags/not_running/hello_world.py for tasks to queue
[2025-03-15T02:59:34.657+0000] {logging_mixin.py:190} INFO - [2025-03-15T02:59:34.657+0000] {dagbag.py:587} INFO - Filling up the DagBag from /opt/airflow/dags/not_running/hello_world.py
[2025-03-15T02:59:34.666+0000] {processor.py:925} INFO - DAG(s) 'HelloWorld' retrieved from /opt/airflow/dags/not_running/hello_world.py
[2025-03-15T02:59:34.678+0000] {logging_mixin.py:190} INFO - [2025-03-15T02:59:34.677+0000] {dag.py:3229} INFO - Sync 1 DAGs
[2025-03-15T02:59:34.687+0000] {logging_mixin.py:190} INFO - [2025-03-15T02:59:34.687+0000] {dag.py:4156} INFO - Setting next_dagrun for HelloWorld to 2025-03-14 02:00:00+00:00, run_after=2025-03-15 02:00:00+00:00
[2025-03-15T02:59:34.692+0000] {processor.py:208} INFO - Processing /opt/airflow/dags/not_running/hello_world.py took 0.042 seconds
[2025-03-15T03:00:05.022+0000] {processor.py:186} INFO - Started process (PID=1092) to work on /opt/airflow/dags/not_running/hello_world.py
[2025-03-15T03:00:05.022+0000] {processor.py:914} INFO - Processing file /opt/airflow/dags/not_running/hello_world.py for tasks to queue
[2025-03-15T03:00:05.023+0000] {logging_mixin.py:190} INFO - [2025-03-15T03:00:05.023+0000] {dagbag.py:587} INFO - Filling up the DagBag from /opt/airflow/dags/not_running/hello_world.py
[2025-03-15T03:00:05.033+0000] {processor.py:925} INFO - DAG(s) 'HelloWorld' retrieved from /opt/airflow/dags/not_running/hello_world.py
[2025-03-15T03:00:05.047+0000] {logging_mixin.py:190} INFO - [2025-03-15T03:00:05.047+0000] {dag.py:3229} INFO - Sync 1 DAGs
[2025-03-15T03:00:05.058+0000] {logging_mixin.py:190} INFO - [2025-03-15T03:00:05.058+0000] {dag.py:4156} INFO - Setting next_dagrun for HelloWorld to 2025-03-14 02:00:00+00:00, run_after=2025-03-15 02:00:00+00:00
[2025-03-15T03:00:05.064+0000] {processor.py:208} INFO - Processing /opt/airflow/dags/not_running/hello_world.py took 0.046 seconds
[2025-03-15T03:00:36.205+0000] {processor.py:186} INFO - Started process (PID=1133) to work on /opt/airflow/dags/not_running/hello_world.py
[2025-03-15T03:00:36.206+0000] {processor.py:914} INFO - Processing file /opt/airflow/dags/not_running/hello_world.py for tasks to queue
[2025-03-15T03:00:36.209+0000] {logging_mixin.py:190} INFO - [2025-03-15T03:00:36.209+0000] {dagbag.py:587} INFO - Filling up the DagBag from /opt/airflow/dags/not_running/hello_world.py
[2025-03-15T03:00:36.216+0000] {processor.py:925} INFO - DAG(s) 'HelloWorld' retrieved from /opt/airflow/dags/not_running/hello_world.py
[2025-03-15T03:00:36.231+0000] {logging_mixin.py:190} INFO - [2025-03-15T03:00:36.231+0000] {dag.py:3229} INFO - Sync 1 DAGs
[2025-03-15T03:00:36.240+0000] {logging_mixin.py:190} INFO - [2025-03-15T03:00:36.240+0000] {dag.py:4156} INFO - Setting next_dagrun for HelloWorld to 2025-03-14 02:00:00+00:00, run_after=2025-03-15 02:00:00+00:00
[2025-03-15T03:00:36.246+0000] {processor.py:208} INFO - Processing /opt/airflow/dags/not_running/hello_world.py took 0.043 seconds
[2025-03-15T03:01:07.546+0000] {processor.py:186} INFO - Started process (PID=1174) to work on /opt/airflow/dags/not_running/hello_world.py
[2025-03-15T03:01:07.547+0000] {processor.py:914} INFO - Processing file /opt/airflow/dags/not_running/hello_world.py for tasks to queue
[2025-03-15T03:01:07.547+0000] {logging_mixin.py:190} INFO - [2025-03-15T03:01:07.547+0000] {dagbag.py:587} INFO - Filling up the DagBag from /opt/airflow/dags/not_running/hello_world.py
[2025-03-15T03:01:07.553+0000] {processor.py:925} INFO - DAG(s) 'HelloWorld' retrieved from /opt/airflow/dags/not_running/hello_world.py
[2025-03-15T03:01:07.566+0000] {logging_mixin.py:190} INFO - [2025-03-15T03:01:07.565+0000] {dag.py:3229} INFO - Sync 1 DAGs
[2025-03-15T03:01:07.576+0000] {logging_mixin.py:190} INFO - [2025-03-15T03:01:07.575+0000] {dag.py:4156} INFO - Setting next_dagrun for HelloWorld to 2025-03-14 02:00:00+00:00, run_after=2025-03-15 02:00:00+00:00
[2025-03-15T03:01:07.587+0000] {processor.py:208} INFO - Processing /opt/airflow/dags/not_running/hello_world.py took 0.044 seconds
[2025-03-15T03:01:38.841+0000] {processor.py:186} INFO - Started process (PID=1215) to work on /opt/airflow/dags/not_running/hello_world.py
[2025-03-15T03:01:38.842+0000] {processor.py:914} INFO - Processing file /opt/airflow/dags/not_running/hello_world.py for tasks to queue
[2025-03-15T03:01:38.843+0000] {logging_mixin.py:190} INFO - [2025-03-15T03:01:38.843+0000] {dagbag.py:587} INFO - Filling up the DagBag from /opt/airflow/dags/not_running/hello_world.py
[2025-03-15T03:01:38.849+0000] {processor.py:925} INFO - DAG(s) 'HelloWorld' retrieved from /opt/airflow/dags/not_running/hello_world.py
[2025-03-15T03:01:38.864+0000] {logging_mixin.py:190} INFO - [2025-03-15T03:01:38.863+0000] {dag.py:3229} INFO - Sync 1 DAGs
[2025-03-15T03:01:38.881+0000] {logging_mixin.py:190} INFO - [2025-03-15T03:01:38.881+0000] {dag.py:4156} INFO - Setting next_dagrun for HelloWorld to 2025-03-14 02:00:00+00:00, run_after=2025-03-15 02:00:00+00:00
[2025-03-15T03:01:38.887+0000] {processor.py:208} INFO - Processing /opt/airflow/dags/not_running/hello_world.py took 0.048 seconds
[2025-03-15T03:02:09.699+0000] {processor.py:186} INFO - Started process (PID=1263) to work on /opt/airflow/dags/not_running/hello_world.py
[2025-03-15T03:02:09.700+0000] {processor.py:914} INFO - Processing file /opt/airflow/dags/not_running/hello_world.py for tasks to queue
[2025-03-15T03:02:09.700+0000] {logging_mixin.py:190} INFO - [2025-03-15T03:02:09.700+0000] {dagbag.py:587} INFO - Filling up the DagBag from /opt/airflow/dags/not_running/hello_world.py
[2025-03-15T03:02:09.706+0000] {processor.py:925} INFO - DAG(s) 'HelloWorld' retrieved from /opt/airflow/dags/not_running/hello_world.py
[2025-03-15T03:02:09.720+0000] {logging_mixin.py:190} INFO - [2025-03-15T03:02:09.720+0000] {dag.py:3229} INFO - Sync 1 DAGs
[2025-03-15T03:02:09.730+0000] {logging_mixin.py:190} INFO - [2025-03-15T03:02:09.730+0000] {dag.py:4156} INFO - Setting next_dagrun for HelloWorld to 2025-03-14 02:00:00+00:00, run_after=2025-03-15 02:00:00+00:00
[2025-03-15T03:02:09.735+0000] {processor.py:208} INFO - Processing /opt/airflow/dags/not_running/hello_world.py took 0.039 seconds
[2025-03-15T03:02:41.227+0000] {processor.py:186} INFO - Started process (PID=1307) to work on /opt/airflow/dags/not_running/hello_world.py
[2025-03-15T03:02:41.228+0000] {processor.py:914} INFO - Processing file /opt/airflow/dags/not_running/hello_world.py for tasks to queue
[2025-03-15T03:02:41.229+0000] {logging_mixin.py:190} INFO - [2025-03-15T03:02:41.229+0000] {dagbag.py:587} INFO - Filling up the DagBag from /opt/airflow/dags/not_running/hello_world.py
[2025-03-15T03:02:41.240+0000] {processor.py:925} INFO - DAG(s) 'HelloWorld' retrieved from /opt/airflow/dags/not_running/hello_world.py
[2025-03-15T03:02:41.258+0000] {logging_mixin.py:190} INFO - [2025-03-15T03:02:41.257+0000] {dag.py:3229} INFO - Sync 1 DAGs
[2025-03-15T03:02:41.273+0000] {logging_mixin.py:190} INFO - [2025-03-15T03:02:41.273+0000] {dag.py:4156} INFO - Setting next_dagrun for HelloWorld to 2025-03-14 02:00:00+00:00, run_after=2025-03-15 02:00:00+00:00
[2025-03-15T03:02:41.280+0000] {processor.py:208} INFO - Processing /opt/airflow/dags/not_running/hello_world.py took 0.057 seconds
[2025-03-15T03:03:11.573+0000] {processor.py:186} INFO - Started process (PID=1370) to work on /opt/airflow/dags/not_running/hello_world.py
[2025-03-15T03:03:11.574+0000] {processor.py:914} INFO - Processing file /opt/airflow/dags/not_running/hello_world.py for tasks to queue
[2025-03-15T03:03:11.575+0000] {logging_mixin.py:190} INFO - [2025-03-15T03:03:11.575+0000] {dagbag.py:587} INFO - Filling up the DagBag from /opt/airflow/dags/not_running/hello_world.py
[2025-03-15T03:03:11.591+0000] {processor.py:925} INFO - DAG(s) 'HelloWorld' retrieved from /opt/airflow/dags/not_running/hello_world.py
[2025-03-15T03:03:11.612+0000] {logging_mixin.py:190} INFO - [2025-03-15T03:03:11.611+0000] {dag.py:3229} INFO - Sync 1 DAGs
[2025-03-15T03:03:11.624+0000] {logging_mixin.py:190} INFO - [2025-03-15T03:03:11.624+0000] {dag.py:4156} INFO - Setting next_dagrun for HelloWorld to 2025-03-14 02:00:00+00:00, run_after=2025-03-15 02:00:00+00:00
[2025-03-15T03:03:11.631+0000] {processor.py:208} INFO - Processing /opt/airflow/dags/not_running/hello_world.py took 0.063 seconds
[2025-03-15T03:03:42.231+0000] {processor.py:186} INFO - Started process (PID=1411) to work on /opt/airflow/dags/not_running/hello_world.py
[2025-03-15T03:03:42.232+0000] {processor.py:914} INFO - Processing file /opt/airflow/dags/not_running/hello_world.py for tasks to queue
[2025-03-15T03:03:42.233+0000] {logging_mixin.py:190} INFO - [2025-03-15T03:03:42.232+0000] {dagbag.py:587} INFO - Filling up the DagBag from /opt/airflow/dags/not_running/hello_world.py
[2025-03-15T03:03:42.240+0000] {processor.py:925} INFO - DAG(s) 'HelloWorld' retrieved from /opt/airflow/dags/not_running/hello_world.py
[2025-03-15T03:03:42.255+0000] {logging_mixin.py:190} INFO - [2025-03-15T03:03:42.255+0000] {dag.py:3229} INFO - Sync 1 DAGs
[2025-03-15T03:03:42.266+0000] {logging_mixin.py:190} INFO - [2025-03-15T03:03:42.266+0000] {dag.py:4156} INFO - Setting next_dagrun for HelloWorld to 2025-03-14 02:00:00+00:00, run_after=2025-03-15 02:00:00+00:00
[2025-03-15T03:03:42.272+0000] {processor.py:208} INFO - Processing /opt/airflow/dags/not_running/hello_world.py took 0.044 seconds
[2025-03-15T03:04:12.624+0000] {processor.py:186} INFO - Started process (PID=1452) to work on /opt/airflow/dags/not_running/hello_world.py
[2025-03-15T03:04:12.625+0000] {processor.py:914} INFO - Processing file /opt/airflow/dags/not_running/hello_world.py for tasks to queue
[2025-03-15T03:04:12.625+0000] {logging_mixin.py:190} INFO - [2025-03-15T03:04:12.625+0000] {dagbag.py:587} INFO - Filling up the DagBag from /opt/airflow/dags/not_running/hello_world.py
[2025-03-15T03:04:12.631+0000] {processor.py:925} INFO - DAG(s) 'HelloWorld' retrieved from /opt/airflow/dags/not_running/hello_world.py
[2025-03-15T03:04:12.645+0000] {logging_mixin.py:190} INFO - [2025-03-15T03:04:12.645+0000] {dag.py:3229} INFO - Sync 1 DAGs
[2025-03-15T03:04:12.656+0000] {logging_mixin.py:190} INFO - [2025-03-15T03:04:12.656+0000] {dag.py:4156} INFO - Setting next_dagrun for HelloWorld to 2025-03-14 02:00:00+00:00, run_after=2025-03-15 02:00:00+00:00
[2025-03-15T03:04:12.662+0000] {processor.py:208} INFO - Processing /opt/airflow/dags/not_running/hello_world.py took 0.041 seconds
[2025-03-15T03:04:43.601+0000] {processor.py:186} INFO - Started process (PID=1493) to work on /opt/airflow/dags/not_running/hello_world.py
[2025-03-15T03:04:43.602+0000] {processor.py:914} INFO - Processing file /opt/airflow/dags/not_running/hello_world.py for tasks to queue
[2025-03-15T03:04:43.602+0000] {logging_mixin.py:190} INFO - [2025-03-15T03:04:43.602+0000] {dagbag.py:587} INFO - Filling up the DagBag from /opt/airflow/dags/not_running/hello_world.py
[2025-03-15T03:04:43.609+0000] {processor.py:925} INFO - DAG(s) 'HelloWorld' retrieved from /opt/airflow/dags/not_running/hello_world.py
[2025-03-15T03:04:43.625+0000] {logging_mixin.py:190} INFO - [2025-03-15T03:04:43.625+0000] {dag.py:3229} INFO - Sync 1 DAGs
[2025-03-15T03:04:43.640+0000] {logging_mixin.py:190} INFO - [2025-03-15T03:04:43.640+0000] {dag.py:4156} INFO - Setting next_dagrun for HelloWorld to 2025-03-14 02:00:00+00:00, run_after=2025-03-15 02:00:00+00:00
[2025-03-15T03:04:43.646+0000] {processor.py:208} INFO - Processing /opt/airflow/dags/not_running/hello_world.py took 0.048 seconds
[2025-03-15T03:05:13.798+0000] {processor.py:186} INFO - Started process (PID=1532) to work on /opt/airflow/dags/not_running/hello_world.py
[2025-03-15T03:05:13.799+0000] {processor.py:914} INFO - Processing file /opt/airflow/dags/not_running/hello_world.py for tasks to queue
[2025-03-15T03:05:13.800+0000] {logging_mixin.py:190} INFO - [2025-03-15T03:05:13.800+0000] {dagbag.py:587} INFO - Filling up the DagBag from /opt/airflow/dags/not_running/hello_world.py
[2025-03-15T03:05:13.806+0000] {processor.py:925} INFO - DAG(s) 'HelloWorld' retrieved from /opt/airflow/dags/not_running/hello_world.py
[2025-03-15T03:05:13.821+0000] {logging_mixin.py:190} INFO - [2025-03-15T03:05:13.821+0000] {dag.py:3229} INFO - Sync 1 DAGs
[2025-03-15T03:05:13.831+0000] {logging_mixin.py:190} INFO - [2025-03-15T03:05:13.831+0000] {dag.py:4156} INFO - Setting next_dagrun for HelloWorld to 2025-03-14 02:00:00+00:00, run_after=2025-03-15 02:00:00+00:00
[2025-03-15T03:05:13.837+0000] {processor.py:208} INFO - Processing /opt/airflow/dags/not_running/hello_world.py took 0.041 seconds
[2025-03-15T03:05:44.720+0000] {processor.py:186} INFO - Started process (PID=1573) to work on /opt/airflow/dags/not_running/hello_world.py
[2025-03-15T03:05:44.721+0000] {processor.py:914} INFO - Processing file /opt/airflow/dags/not_running/hello_world.py for tasks to queue
[2025-03-15T03:05:44.722+0000] {logging_mixin.py:190} INFO - [2025-03-15T03:05:44.722+0000] {dagbag.py:587} INFO - Filling up the DagBag from /opt/airflow/dags/not_running/hello_world.py
[2025-03-15T03:05:44.729+0000] {processor.py:925} INFO - DAG(s) 'HelloWorld' retrieved from /opt/airflow/dags/not_running/hello_world.py
[2025-03-15T03:05:44.744+0000] {logging_mixin.py:190} INFO - [2025-03-15T03:05:44.744+0000] {dag.py:3229} INFO - Sync 1 DAGs
[2025-03-15T03:05:44.755+0000] {logging_mixin.py:190} INFO - [2025-03-15T03:05:44.755+0000] {dag.py:4156} INFO - Setting next_dagrun for HelloWorld to 2025-03-14 02:00:00+00:00, run_after=2025-03-15 02:00:00+00:00
[2025-03-15T03:05:44.761+0000] {processor.py:208} INFO - Processing /opt/airflow/dags/not_running/hello_world.py took 0.044 seconds
[2025-03-15T03:06:16.384+0000] {processor.py:186} INFO - Started process (PID=1641) to work on /opt/airflow/dags/not_running/hello_world.py
[2025-03-15T03:06:16.384+0000] {processor.py:914} INFO - Processing file /opt/airflow/dags/not_running/hello_world.py for tasks to queue
[2025-03-15T03:06:16.385+0000] {logging_mixin.py:190} INFO - [2025-03-15T03:06:16.385+0000] {dagbag.py:587} INFO - Filling up the DagBag from /opt/airflow/dags/not_running/hello_world.py
[2025-03-15T03:06:16.391+0000] {processor.py:925} INFO - DAG(s) 'HelloWorld' retrieved from /opt/airflow/dags/not_running/hello_world.py
[2025-03-15T03:06:16.408+0000] {logging_mixin.py:190} INFO - [2025-03-15T03:06:16.407+0000] {dag.py:3229} INFO - Sync 1 DAGs
[2025-03-15T03:06:16.421+0000] {logging_mixin.py:190} INFO - [2025-03-15T03:06:16.421+0000] {dag.py:4156} INFO - Setting next_dagrun for HelloWorld to 2025-03-14 02:00:00+00:00, run_after=2025-03-15 02:00:00+00:00
[2025-03-15T03:06:16.428+0000] {processor.py:208} INFO - Processing /opt/airflow/dags/not_running/hello_world.py took 0.047 seconds
[2025-03-15T03:06:46.741+0000] {processor.py:186} INFO - Started process (PID=1695) to work on /opt/airflow/dags/not_running/hello_world.py
[2025-03-15T03:06:46.742+0000] {processor.py:914} INFO - Processing file /opt/airflow/dags/not_running/hello_world.py for tasks to queue
[2025-03-15T03:06:46.744+0000] {logging_mixin.py:190} INFO - [2025-03-15T03:06:46.743+0000] {dagbag.py:587} INFO - Filling up the DagBag from /opt/airflow/dags/not_running/hello_world.py
[2025-03-15T03:06:46.758+0000] {processor.py:925} INFO - DAG(s) 'HelloWorld' retrieved from /opt/airflow/dags/not_running/hello_world.py
[2025-03-15T03:06:46.788+0000] {logging_mixin.py:190} INFO - [2025-03-15T03:06:46.788+0000] {dag.py:3229} INFO - Sync 1 DAGs
[2025-03-15T03:06:46.809+0000] {logging_mixin.py:190} INFO - [2025-03-15T03:06:46.809+0000] {dag.py:4156} INFO - Setting next_dagrun for HelloWorld to 2025-03-14 02:00:00+00:00, run_after=2025-03-15 02:00:00+00:00
[2025-03-15T03:06:46.828+0000] {processor.py:208} INFO - Processing /opt/airflow/dags/not_running/hello_world.py took 0.095 seconds
[2025-03-15T03:07:17.183+0000] {processor.py:186} INFO - Started process (PID=1741) to work on /opt/airflow/dags/not_running/hello_world.py
[2025-03-15T03:07:17.184+0000] {processor.py:914} INFO - Processing file /opt/airflow/dags/not_running/hello_world.py for tasks to queue
[2025-03-15T03:07:17.185+0000] {logging_mixin.py:190} INFO - [2025-03-15T03:07:17.185+0000] {dagbag.py:587} INFO - Filling up the DagBag from /opt/airflow/dags/not_running/hello_world.py
[2025-03-15T03:07:17.195+0000] {processor.py:925} INFO - DAG(s) 'HelloWorld' retrieved from /opt/airflow/dags/not_running/hello_world.py
[2025-03-15T03:07:17.209+0000] {logging_mixin.py:190} INFO - [2025-03-15T03:07:17.209+0000] {dag.py:3229} INFO - Sync 1 DAGs
[2025-03-15T03:07:17.224+0000] {logging_mixin.py:190} INFO - [2025-03-15T03:07:17.224+0000] {dag.py:4156} INFO - Setting next_dagrun for HelloWorld to 2025-03-14 02:00:00+00:00, run_after=2025-03-15 02:00:00+00:00
[2025-03-15T03:07:17.232+0000] {processor.py:208} INFO - Processing /opt/airflow/dags/not_running/hello_world.py took 0.054 seconds
[2025-03-15T03:07:48.304+0000] {processor.py:186} INFO - Started process (PID=1849) to work on /opt/airflow/dags/not_running/hello_world.py
[2025-03-15T03:07:48.305+0000] {processor.py:914} INFO - Processing file /opt/airflow/dags/not_running/hello_world.py for tasks to queue
[2025-03-15T03:07:48.306+0000] {logging_mixin.py:190} INFO - [2025-03-15T03:07:48.306+0000] {dagbag.py:587} INFO - Filling up the DagBag from /opt/airflow/dags/not_running/hello_world.py
[2025-03-15T03:07:48.315+0000] {processor.py:925} INFO - DAG(s) 'HelloWorld' retrieved from /opt/airflow/dags/not_running/hello_world.py
[2025-03-15T03:07:48.330+0000] {logging_mixin.py:190} INFO - [2025-03-15T03:07:48.330+0000] {dag.py:3229} INFO - Sync 1 DAGs
[2025-03-15T03:07:48.351+0000] {logging_mixin.py:190} INFO - [2025-03-15T03:07:48.350+0000] {dag.py:4156} INFO - Setting next_dagrun for HelloWorld to 2025-03-14 02:00:00+00:00, run_after=2025-03-15 02:00:00+00:00
[2025-03-15T03:07:48.360+0000] {processor.py:208} INFO - Processing /opt/airflow/dags/not_running/hello_world.py took 0.060 seconds
[2025-03-15T03:08:18.809+0000] {processor.py:186} INFO - Started process (PID=1930) to work on /opt/airflow/dags/not_running/hello_world.py
[2025-03-15T03:08:18.809+0000] {processor.py:914} INFO - Processing file /opt/airflow/dags/not_running/hello_world.py for tasks to queue
[2025-03-15T03:08:18.810+0000] {logging_mixin.py:190} INFO - [2025-03-15T03:08:18.810+0000] {dagbag.py:587} INFO - Filling up the DagBag from /opt/airflow/dags/not_running/hello_world.py
[2025-03-15T03:08:18.821+0000] {processor.py:925} INFO - DAG(s) 'HelloWorld' retrieved from /opt/airflow/dags/not_running/hello_world.py
[2025-03-15T03:08:18.837+0000] {logging_mixin.py:190} INFO - [2025-03-15T03:08:18.836+0000] {dag.py:3229} INFO - Sync 1 DAGs
[2025-03-15T03:08:18.848+0000] {logging_mixin.py:190} INFO - [2025-03-15T03:08:18.848+0000] {dag.py:4156} INFO - Setting next_dagrun for HelloWorld to 2025-03-14 02:00:00+00:00, run_after=2025-03-15 02:00:00+00:00
[2025-03-15T03:08:18.854+0000] {processor.py:208} INFO - Processing /opt/airflow/dags/not_running/hello_world.py took 0.051 seconds
[2025-03-15T03:08:50.405+0000] {processor.py:186} INFO - Started process (PID=1984) to work on /opt/airflow/dags/not_running/hello_world.py
[2025-03-15T03:08:50.406+0000] {processor.py:914} INFO - Processing file /opt/airflow/dags/not_running/hello_world.py for tasks to queue
[2025-03-15T03:08:50.407+0000] {logging_mixin.py:190} INFO - [2025-03-15T03:08:50.406+0000] {dagbag.py:587} INFO - Filling up the DagBag from /opt/airflow/dags/not_running/hello_world.py
[2025-03-15T03:08:50.418+0000] {processor.py:925} INFO - DAG(s) 'HelloWorld' retrieved from /opt/airflow/dags/not_running/hello_world.py
[2025-03-15T03:08:50.431+0000] {logging_mixin.py:190} INFO - [2025-03-15T03:08:50.431+0000] {dag.py:3229} INFO - Sync 1 DAGs
[2025-03-15T03:08:50.442+0000] {logging_mixin.py:190} INFO - [2025-03-15T03:08:50.442+0000] {dag.py:4156} INFO - Setting next_dagrun for HelloWorld to 2025-03-14 02:00:00+00:00, run_after=2025-03-15 02:00:00+00:00
[2025-03-15T03:08:50.448+0000] {processor.py:208} INFO - Processing /opt/airflow/dags/not_running/hello_world.py took 0.046 seconds
[2025-03-15T03:09:20.499+0000] {processor.py:186} INFO - Started process (PID=2045) to work on /opt/airflow/dags/not_running/hello_world.py
[2025-03-15T03:09:20.501+0000] {processor.py:914} INFO - Processing file /opt/airflow/dags/not_running/hello_world.py for tasks to queue
[2025-03-15T03:09:20.501+0000] {logging_mixin.py:190} INFO - [2025-03-15T03:09:20.501+0000] {dagbag.py:587} INFO - Filling up the DagBag from /opt/airflow/dags/not_running/hello_world.py
[2025-03-15T03:09:20.513+0000] {processor.py:925} INFO - DAG(s) 'HelloWorld' retrieved from /opt/airflow/dags/not_running/hello_world.py
[2025-03-15T03:09:20.531+0000] {logging_mixin.py:190} INFO - [2025-03-15T03:09:20.531+0000] {dag.py:3229} INFO - Sync 1 DAGs
[2025-03-15T03:09:20.543+0000] {logging_mixin.py:190} INFO - [2025-03-15T03:09:20.543+0000] {dag.py:4156} INFO - Setting next_dagrun for HelloWorld to 2025-03-14 02:00:00+00:00, run_after=2025-03-15 02:00:00+00:00
[2025-03-15T03:09:20.551+0000] {processor.py:208} INFO - Processing /opt/airflow/dags/not_running/hello_world.py took 0.055 seconds
[2025-03-15T03:09:50.709+0000] {processor.py:186} INFO - Started process (PID=2101) to work on /opt/airflow/dags/not_running/hello_world.py
[2025-03-15T03:09:50.709+0000] {processor.py:914} INFO - Processing file /opt/airflow/dags/not_running/hello_world.py for tasks to queue
[2025-03-15T03:09:50.711+0000] {logging_mixin.py:190} INFO - [2025-03-15T03:09:50.711+0000] {dagbag.py:587} INFO - Filling up the DagBag from /opt/airflow/dags/not_running/hello_world.py
[2025-03-15T03:09:50.719+0000] {processor.py:925} INFO - DAG(s) 'HelloWorld' retrieved from /opt/airflow/dags/not_running/hello_world.py
[2025-03-15T03:09:50.736+0000] {logging_mixin.py:190} INFO - [2025-03-15T03:09:50.735+0000] {dag.py:3229} INFO - Sync 1 DAGs
[2025-03-15T03:09:50.747+0000] {logging_mixin.py:190} INFO - [2025-03-15T03:09:50.747+0000] {dag.py:4156} INFO - Setting next_dagrun for HelloWorld to 2025-03-14 02:00:00+00:00, run_after=2025-03-15 02:00:00+00:00
[2025-03-15T03:09:50.753+0000] {processor.py:208} INFO - Processing /opt/airflow/dags/not_running/hello_world.py took 0.051 seconds
[2025-03-15T03:10:22.045+0000] {processor.py:186} INFO - Started process (PID=2154) to work on /opt/airflow/dags/not_running/hello_world.py
[2025-03-15T03:10:22.046+0000] {processor.py:914} INFO - Processing file /opt/airflow/dags/not_running/hello_world.py for tasks to queue
[2025-03-15T03:10:22.047+0000] {logging_mixin.py:190} INFO - [2025-03-15T03:10:22.047+0000] {dagbag.py:587} INFO - Filling up the DagBag from /opt/airflow/dags/not_running/hello_world.py
[2025-03-15T03:10:22.053+0000] {processor.py:925} INFO - DAG(s) 'HelloWorld' retrieved from /opt/airflow/dags/not_running/hello_world.py
[2025-03-15T03:10:22.069+0000] {logging_mixin.py:190} INFO - [2025-03-15T03:10:22.069+0000] {dag.py:3229} INFO - Sync 1 DAGs
[2025-03-15T03:10:22.082+0000] {logging_mixin.py:190} INFO - [2025-03-15T03:10:22.082+0000] {dag.py:4156} INFO - Setting next_dagrun for HelloWorld to 2025-03-14 02:00:00+00:00, run_after=2025-03-15 02:00:00+00:00
[2025-03-15T03:10:22.089+0000] {processor.py:208} INFO - Processing /opt/airflow/dags/not_running/hello_world.py took 0.047 seconds
[2025-03-15T03:10:52.881+0000] {processor.py:186} INFO - Started process (PID=2218) to work on /opt/airflow/dags/not_running/hello_world.py
[2025-03-15T03:10:52.882+0000] {processor.py:914} INFO - Processing file /opt/airflow/dags/not_running/hello_world.py for tasks to queue
[2025-03-15T03:10:52.883+0000] {logging_mixin.py:190} INFO - [2025-03-15T03:10:52.882+0000] {dagbag.py:587} INFO - Filling up the DagBag from /opt/airflow/dags/not_running/hello_world.py
[2025-03-15T03:10:52.891+0000] {processor.py:925} INFO - DAG(s) 'HelloWorld' retrieved from /opt/airflow/dags/not_running/hello_world.py
[2025-03-15T03:10:52.907+0000] {logging_mixin.py:190} INFO - [2025-03-15T03:10:52.907+0000] {dag.py:3229} INFO - Sync 1 DAGs
[2025-03-15T03:10:52.922+0000] {logging_mixin.py:190} INFO - [2025-03-15T03:10:52.922+0000] {dag.py:4156} INFO - Setting next_dagrun for HelloWorld to 2025-03-14 02:00:00+00:00, run_after=2025-03-15 02:00:00+00:00
[2025-03-15T03:10:52.930+0000] {processor.py:208} INFO - Processing /opt/airflow/dags/not_running/hello_world.py took 0.052 seconds
[2025-03-15T03:11:24.103+0000] {processor.py:186} INFO - Started process (PID=2289) to work on /opt/airflow/dags/not_running/hello_world.py
[2025-03-15T03:11:24.104+0000] {processor.py:914} INFO - Processing file /opt/airflow/dags/not_running/hello_world.py for tasks to queue
[2025-03-15T03:11:24.105+0000] {logging_mixin.py:190} INFO - [2025-03-15T03:11:24.105+0000] {dagbag.py:587} INFO - Filling up the DagBag from /opt/airflow/dags/not_running/hello_world.py
[2025-03-15T03:11:24.117+0000] {processor.py:925} INFO - DAG(s) 'HelloWorld' retrieved from /opt/airflow/dags/not_running/hello_world.py
[2025-03-15T03:11:24.145+0000] {logging_mixin.py:190} INFO - [2025-03-15T03:11:24.145+0000] {dag.py:3229} INFO - Sync 1 DAGs
[2025-03-15T03:11:24.158+0000] {logging_mixin.py:190} INFO - [2025-03-15T03:11:24.158+0000] {dag.py:4156} INFO - Setting next_dagrun for HelloWorld to 2025-03-14 02:00:00+00:00, run_after=2025-03-15 02:00:00+00:00
[2025-03-15T03:11:24.167+0000] {processor.py:208} INFO - Processing /opt/airflow/dags/not_running/hello_world.py took 0.068 seconds
[2025-03-15T03:11:54.521+0000] {processor.py:186} INFO - Started process (PID=2329) to work on /opt/airflow/dags/not_running/hello_world.py
[2025-03-15T03:11:54.521+0000] {processor.py:914} INFO - Processing file /opt/airflow/dags/not_running/hello_world.py for tasks to queue
[2025-03-15T03:11:54.522+0000] {logging_mixin.py:190} INFO - [2025-03-15T03:11:54.522+0000] {dagbag.py:587} INFO - Filling up the DagBag from /opt/airflow/dags/not_running/hello_world.py
[2025-03-15T03:11:54.529+0000] {processor.py:925} INFO - DAG(s) 'HelloWorld' retrieved from /opt/airflow/dags/not_running/hello_world.py
[2025-03-15T03:11:54.545+0000] {logging_mixin.py:190} INFO - [2025-03-15T03:11:54.545+0000] {dag.py:3229} INFO - Sync 1 DAGs
[2025-03-15T03:11:54.556+0000] {logging_mixin.py:190} INFO - [2025-03-15T03:11:54.556+0000] {dag.py:4156} INFO - Setting next_dagrun for HelloWorld to 2025-03-14 02:00:00+00:00, run_after=2025-03-15 02:00:00+00:00
[2025-03-15T03:11:54.562+0000] {processor.py:208} INFO - Processing /opt/airflow/dags/not_running/hello_world.py took 0.046 seconds
[2025-03-15T03:12:25.214+0000] {processor.py:186} INFO - Started process (PID=2368) to work on /opt/airflow/dags/not_running/hello_world.py
[2025-03-15T03:12:25.214+0000] {processor.py:914} INFO - Processing file /opt/airflow/dags/not_running/hello_world.py for tasks to queue
[2025-03-15T03:12:25.215+0000] {logging_mixin.py:190} INFO - [2025-03-15T03:12:25.215+0000] {dagbag.py:587} INFO - Filling up the DagBag from /opt/airflow/dags/not_running/hello_world.py
[2025-03-15T03:12:25.220+0000] {processor.py:925} INFO - DAG(s) 'HelloWorld' retrieved from /opt/airflow/dags/not_running/hello_world.py
[2025-03-15T03:12:25.234+0000] {logging_mixin.py:190} INFO - [2025-03-15T03:12:25.234+0000] {dag.py:3229} INFO - Sync 1 DAGs
[2025-03-15T03:12:25.256+0000] {logging_mixin.py:190} INFO - [2025-03-15T03:12:25.256+0000] {dag.py:4156} INFO - Setting next_dagrun for HelloWorld to 2025-03-14 02:00:00+00:00, run_after=2025-03-15 02:00:00+00:00
[2025-03-15T03:12:25.265+0000] {processor.py:208} INFO - Processing /opt/airflow/dags/not_running/hello_world.py took 0.054 seconds
[2025-03-15T03:12:55.908+0000] {processor.py:186} INFO - Started process (PID=2417) to work on /opt/airflow/dags/not_running/hello_world.py
[2025-03-15T03:12:55.909+0000] {processor.py:914} INFO - Processing file /opt/airflow/dags/not_running/hello_world.py for tasks to queue
[2025-03-15T03:12:55.910+0000] {logging_mixin.py:190} INFO - [2025-03-15T03:12:55.910+0000] {dagbag.py:587} INFO - Filling up the DagBag from /opt/airflow/dags/not_running/hello_world.py
[2025-03-15T03:12:55.918+0000] {processor.py:925} INFO - DAG(s) 'HelloWorld' retrieved from /opt/airflow/dags/not_running/hello_world.py
[2025-03-15T03:12:55.931+0000] {logging_mixin.py:190} INFO - [2025-03-15T03:12:55.931+0000] {dag.py:3229} INFO - Sync 1 DAGs
[2025-03-15T03:12:55.941+0000] {logging_mixin.py:190} INFO - [2025-03-15T03:12:55.941+0000] {dag.py:4156} INFO - Setting next_dagrun for HelloWorld to 2025-03-14 02:00:00+00:00, run_after=2025-03-15 02:00:00+00:00
[2025-03-15T03:12:55.947+0000] {processor.py:208} INFO - Processing /opt/airflow/dags/not_running/hello_world.py took 0.043 seconds
[2025-03-15T03:13:26.995+0000] {processor.py:186} INFO - Started process (PID=2461) to work on /opt/airflow/dags/not_running/hello_world.py
[2025-03-15T03:13:26.996+0000] {processor.py:914} INFO - Processing file /opt/airflow/dags/not_running/hello_world.py for tasks to queue
[2025-03-15T03:13:26.996+0000] {logging_mixin.py:190} INFO - [2025-03-15T03:13:26.996+0000] {dagbag.py:587} INFO - Filling up the DagBag from /opt/airflow/dags/not_running/hello_world.py
[2025-03-15T03:13:27.004+0000] {processor.py:925} INFO - DAG(s) 'HelloWorld' retrieved from /opt/airflow/dags/not_running/hello_world.py
[2025-03-15T03:13:27.019+0000] {logging_mixin.py:190} INFO - [2025-03-15T03:13:27.019+0000] {dag.py:3229} INFO - Sync 1 DAGs
[2025-03-15T03:13:27.028+0000] {logging_mixin.py:190} INFO - [2025-03-15T03:13:27.028+0000] {dag.py:4156} INFO - Setting next_dagrun for HelloWorld to 2025-03-14 02:00:00+00:00, run_after=2025-03-15 02:00:00+00:00
[2025-03-15T03:13:27.034+0000] {processor.py:208} INFO - Processing /opt/airflow/dags/not_running/hello_world.py took 0.045 seconds
[2025-03-15T03:13:57.934+0000] {processor.py:186} INFO - Started process (PID=2502) to work on /opt/airflow/dags/not_running/hello_world.py
[2025-03-15T03:13:57.936+0000] {processor.py:914} INFO - Processing file /opt/airflow/dags/not_running/hello_world.py for tasks to queue
[2025-03-15T03:13:57.938+0000] {logging_mixin.py:190} INFO - [2025-03-15T03:13:57.937+0000] {dagbag.py:587} INFO - Filling up the DagBag from /opt/airflow/dags/not_running/hello_world.py
[2025-03-15T03:13:57.954+0000] {processor.py:925} INFO - DAG(s) 'HelloWorld' retrieved from /opt/airflow/dags/not_running/hello_world.py
[2025-03-15T03:13:57.997+0000] {logging_mixin.py:190} INFO - [2025-03-15T03:13:57.996+0000] {dag.py:3229} INFO - Sync 1 DAGs
[2025-03-15T03:13:58.015+0000] {logging_mixin.py:190} INFO - [2025-03-15T03:13:58.015+0000] {dag.py:4156} INFO - Setting next_dagrun for HelloWorld to 2025-03-14 02:00:00+00:00, run_after=2025-03-15 02:00:00+00:00
[2025-03-15T03:13:58.037+0000] {processor.py:208} INFO - Processing /opt/airflow/dags/not_running/hello_world.py took 0.109 seconds
[2025-03-15T03:14:28.113+0000] {processor.py:186} INFO - Started process (PID=2539) to work on /opt/airflow/dags/not_running/hello_world.py
[2025-03-15T03:14:28.113+0000] {processor.py:914} INFO - Processing file /opt/airflow/dags/not_running/hello_world.py for tasks to queue
[2025-03-15T03:14:28.114+0000] {logging_mixin.py:190} INFO - [2025-03-15T03:14:28.114+0000] {dagbag.py:587} INFO - Filling up the DagBag from /opt/airflow/dags/not_running/hello_world.py
[2025-03-15T03:14:28.119+0000] {processor.py:925} INFO - DAG(s) 'HelloWorld' retrieved from /opt/airflow/dags/not_running/hello_world.py
[2025-03-15T03:14:28.132+0000] {logging_mixin.py:190} INFO - [2025-03-15T03:14:28.132+0000] {dag.py:3229} INFO - Sync 1 DAGs
[2025-03-15T03:14:28.147+0000] {logging_mixin.py:190} INFO - [2025-03-15T03:14:28.146+0000] {dag.py:4156} INFO - Setting next_dagrun for HelloWorld to 2025-03-14 02:00:00+00:00, run_after=2025-03-15 02:00:00+00:00
[2025-03-15T03:14:28.153+0000] {processor.py:208} INFO - Processing /opt/airflow/dags/not_running/hello_world.py took 0.043 seconds
[2025-03-15T03:14:58.509+0000] {processor.py:186} INFO - Started process (PID=2580) to work on /opt/airflow/dags/not_running/hello_world.py
[2025-03-15T03:14:58.510+0000] {processor.py:914} INFO - Processing file /opt/airflow/dags/not_running/hello_world.py for tasks to queue
[2025-03-15T03:14:58.511+0000] {logging_mixin.py:190} INFO - [2025-03-15T03:14:58.510+0000] {dagbag.py:587} INFO - Filling up the DagBag from /opt/airflow/dags/not_running/hello_world.py
[2025-03-15T03:14:58.516+0000] {processor.py:925} INFO - DAG(s) 'HelloWorld' retrieved from /opt/airflow/dags/not_running/hello_world.py
[2025-03-15T03:14:58.529+0000] {logging_mixin.py:190} INFO - [2025-03-15T03:14:58.529+0000] {dag.py:3229} INFO - Sync 1 DAGs
[2025-03-15T03:14:58.538+0000] {logging_mixin.py:190} INFO - [2025-03-15T03:14:58.538+0000] {dag.py:4156} INFO - Setting next_dagrun for HelloWorld to 2025-03-14 02:00:00+00:00, run_after=2025-03-15 02:00:00+00:00
[2025-03-15T03:14:58.543+0000] {processor.py:208} INFO - Processing /opt/airflow/dags/not_running/hello_world.py took 0.036 seconds
[2025-03-15T03:15:28.603+0000] {processor.py:186} INFO - Started process (PID=2616) to work on /opt/airflow/dags/not_running/hello_world.py
[2025-03-15T03:15:28.606+0000] {processor.py:914} INFO - Processing file /opt/airflow/dags/not_running/hello_world.py for tasks to queue
[2025-03-15T03:15:28.608+0000] {logging_mixin.py:190} INFO - [2025-03-15T03:15:28.607+0000] {dagbag.py:587} INFO - Filling up the DagBag from /opt/airflow/dags/not_running/hello_world.py
[2025-03-15T03:15:28.626+0000] {processor.py:925} INFO - DAG(s) 'HelloWorld' retrieved from /opt/airflow/dags/not_running/hello_world.py
[2025-03-15T03:15:28.663+0000] {logging_mixin.py:190} INFO - [2025-03-15T03:15:28.663+0000] {dag.py:3229} INFO - Sync 1 DAGs
[2025-03-15T03:15:28.685+0000] {logging_mixin.py:190} INFO - [2025-03-15T03:15:28.685+0000] {dag.py:4156} INFO - Setting next_dagrun for HelloWorld to 2025-03-14 02:00:00+00:00, run_after=2025-03-15 02:00:00+00:00
[2025-03-15T03:15:28.699+0000] {processor.py:208} INFO - Processing /opt/airflow/dags/not_running/hello_world.py took 0.102 seconds
[2025-03-15T03:15:59.615+0000] {processor.py:186} INFO - Started process (PID=2667) to work on /opt/airflow/dags/not_running/hello_world.py
[2025-03-15T03:15:59.616+0000] {processor.py:914} INFO - Processing file /opt/airflow/dags/not_running/hello_world.py for tasks to queue
[2025-03-15T03:15:59.616+0000] {logging_mixin.py:190} INFO - [2025-03-15T03:15:59.616+0000] {dagbag.py:587} INFO - Filling up the DagBag from /opt/airflow/dags/not_running/hello_world.py
[2025-03-15T03:15:59.622+0000] {processor.py:925} INFO - DAG(s) 'HelloWorld' retrieved from /opt/airflow/dags/not_running/hello_world.py
[2025-03-15T03:15:59.637+0000] {logging_mixin.py:190} INFO - [2025-03-15T03:15:59.637+0000] {dag.py:3229} INFO - Sync 1 DAGs
[2025-03-15T03:15:59.650+0000] {logging_mixin.py:190} INFO - [2025-03-15T03:15:59.650+0000] {dag.py:4156} INFO - Setting next_dagrun for HelloWorld to 2025-03-14 02:00:00+00:00, run_after=2025-03-15 02:00:00+00:00
[2025-03-15T03:15:59.657+0000] {processor.py:208} INFO - Processing /opt/airflow/dags/not_running/hello_world.py took 0.044 seconds
[2025-03-15T03:16:30.185+0000] {processor.py:186} INFO - Started process (PID=2708) to work on /opt/airflow/dags/not_running/hello_world.py
[2025-03-15T03:16:30.186+0000] {processor.py:914} INFO - Processing file /opt/airflow/dags/not_running/hello_world.py for tasks to queue
[2025-03-15T03:16:30.186+0000] {logging_mixin.py:190} INFO - [2025-03-15T03:16:30.186+0000] {dagbag.py:587} INFO - Filling up the DagBag from /opt/airflow/dags/not_running/hello_world.py
[2025-03-15T03:16:30.191+0000] {processor.py:925} INFO - DAG(s) 'HelloWorld' retrieved from /opt/airflow/dags/not_running/hello_world.py
[2025-03-15T03:16:30.204+0000] {logging_mixin.py:190} INFO - [2025-03-15T03:16:30.204+0000] {dag.py:3229} INFO - Sync 1 DAGs
[2025-03-15T03:16:30.218+0000] {logging_mixin.py:190} INFO - [2025-03-15T03:16:30.218+0000] {dag.py:4156} INFO - Setting next_dagrun for HelloWorld to 2025-03-14 02:00:00+00:00, run_after=2025-03-15 02:00:00+00:00
[2025-03-15T03:16:30.224+0000] {processor.py:208} INFO - Processing /opt/airflow/dags/not_running/hello_world.py took 0.045 seconds
[2025-03-15T03:17:00.655+0000] {processor.py:186} INFO - Started process (PID=2749) to work on /opt/airflow/dags/not_running/hello_world.py
[2025-03-15T03:17:00.656+0000] {processor.py:914} INFO - Processing file /opt/airflow/dags/not_running/hello_world.py for tasks to queue
[2025-03-15T03:17:00.657+0000] {logging_mixin.py:190} INFO - [2025-03-15T03:17:00.656+0000] {dagbag.py:587} INFO - Filling up the DagBag from /opt/airflow/dags/not_running/hello_world.py
[2025-03-15T03:17:00.664+0000] {processor.py:925} INFO - DAG(s) 'HelloWorld' retrieved from /opt/airflow/dags/not_running/hello_world.py
[2025-03-15T03:17:00.675+0000] {logging_mixin.py:190} INFO - [2025-03-15T03:17:00.675+0000] {dag.py:3229} INFO - Sync 1 DAGs
[2025-03-15T03:17:00.687+0000] {logging_mixin.py:190} INFO - [2025-03-15T03:17:00.687+0000] {dag.py:4156} INFO - Setting next_dagrun for HelloWorld to 2025-03-14 02:00:00+00:00, run_after=2025-03-15 02:00:00+00:00
[2025-03-15T03:17:00.698+0000] {processor.py:208} INFO - Processing /opt/airflow/dags/not_running/hello_world.py took 0.049 seconds
[2025-03-15T03:17:31.150+0000] {processor.py:186} INFO - Started process (PID=2792) to work on /opt/airflow/dags/not_running/hello_world.py
[2025-03-15T03:17:31.151+0000] {processor.py:914} INFO - Processing file /opt/airflow/dags/not_running/hello_world.py for tasks to queue
[2025-03-15T03:17:31.151+0000] {logging_mixin.py:190} INFO - [2025-03-15T03:17:31.151+0000] {dagbag.py:587} INFO - Filling up the DagBag from /opt/airflow/dags/not_running/hello_world.py
[2025-03-15T03:17:31.156+0000] {processor.py:925} INFO - DAG(s) 'HelloWorld' retrieved from /opt/airflow/dags/not_running/hello_world.py
[2025-03-15T03:17:31.166+0000] {logging_mixin.py:190} INFO - [2025-03-15T03:17:31.166+0000] {dag.py:3229} INFO - Sync 1 DAGs
[2025-03-15T03:17:31.175+0000] {logging_mixin.py:190} INFO - [2025-03-15T03:17:31.174+0000] {dag.py:4156} INFO - Setting next_dagrun for HelloWorld to 2025-03-14 02:00:00+00:00, run_after=2025-03-15 02:00:00+00:00
[2025-03-15T03:17:31.180+0000] {processor.py:208} INFO - Processing /opt/airflow/dags/not_running/hello_world.py took 0.033 seconds
[2025-03-15T03:18:01.820+0000] {processor.py:186} INFO - Started process (PID=2833) to work on /opt/airflow/dags/not_running/hello_world.py
[2025-03-15T03:18:01.820+0000] {processor.py:914} INFO - Processing file /opt/airflow/dags/not_running/hello_world.py for tasks to queue
[2025-03-15T03:18:01.821+0000] {logging_mixin.py:190} INFO - [2025-03-15T03:18:01.821+0000] {dagbag.py:587} INFO - Filling up the DagBag from /opt/airflow/dags/not_running/hello_world.py
[2025-03-15T03:18:01.825+0000] {processor.py:925} INFO - DAG(s) 'HelloWorld' retrieved from /opt/airflow/dags/not_running/hello_world.py
[2025-03-15T03:18:01.835+0000] {logging_mixin.py:190} INFO - [2025-03-15T03:18:01.835+0000] {dag.py:3229} INFO - Sync 1 DAGs
[2025-03-15T03:18:01.843+0000] {logging_mixin.py:190} INFO - [2025-03-15T03:18:01.843+0000] {dag.py:4156} INFO - Setting next_dagrun for HelloWorld to 2025-03-14 02:00:00+00:00, run_after=2025-03-15 02:00:00+00:00
[2025-03-15T03:18:01.848+0000] {processor.py:208} INFO - Processing /opt/airflow/dags/not_running/hello_world.py took 0.031 seconds
[2025-03-15T03:18:32.366+0000] {processor.py:186} INFO - Started process (PID=2872) to work on /opt/airflow/dags/not_running/hello_world.py
[2025-03-15T03:18:32.367+0000] {processor.py:914} INFO - Processing file /opt/airflow/dags/not_running/hello_world.py for tasks to queue
[2025-03-15T03:18:32.367+0000] {logging_mixin.py:190} INFO - [2025-03-15T03:18:32.367+0000] {dagbag.py:587} INFO - Filling up the DagBag from /opt/airflow/dags/not_running/hello_world.py
[2025-03-15T03:18:32.372+0000] {processor.py:925} INFO - DAG(s) 'HelloWorld' retrieved from /opt/airflow/dags/not_running/hello_world.py
[2025-03-15T03:18:32.393+0000] {logging_mixin.py:190} INFO - [2025-03-15T03:18:32.393+0000] {dag.py:3229} INFO - Sync 1 DAGs
[2025-03-15T03:18:32.409+0000] {logging_mixin.py:190} INFO - [2025-03-15T03:18:32.409+0000] {dag.py:4156} INFO - Setting next_dagrun for HelloWorld to 2025-03-14 02:00:00+00:00, run_after=2025-03-15 02:00:00+00:00
[2025-03-15T03:18:32.422+0000] {processor.py:208} INFO - Processing /opt/airflow/dags/not_running/hello_world.py took 0.059 seconds
[2025-03-15T03:19:02.905+0000] {processor.py:186} INFO - Started process (PID=2915) to work on /opt/airflow/dags/not_running/hello_world.py
[2025-03-15T03:19:02.906+0000] {processor.py:914} INFO - Processing file /opt/airflow/dags/not_running/hello_world.py for tasks to queue
[2025-03-15T03:19:02.906+0000] {logging_mixin.py:190} INFO - [2025-03-15T03:19:02.906+0000] {dagbag.py:587} INFO - Filling up the DagBag from /opt/airflow/dags/not_running/hello_world.py
[2025-03-15T03:19:02.911+0000] {processor.py:925} INFO - DAG(s) 'HelloWorld' retrieved from /opt/airflow/dags/not_running/hello_world.py
[2025-03-15T03:19:02.922+0000] {logging_mixin.py:190} INFO - [2025-03-15T03:19:02.922+0000] {dag.py:3229} INFO - Sync 1 DAGs
[2025-03-15T03:19:02.931+0000] {logging_mixin.py:190} INFO - [2025-03-15T03:19:02.931+0000] {dag.py:4156} INFO - Setting next_dagrun for HelloWorld to 2025-03-14 02:00:00+00:00, run_after=2025-03-15 02:00:00+00:00
[2025-03-15T03:19:02.936+0000] {processor.py:208} INFO - Processing /opt/airflow/dags/not_running/hello_world.py took 0.034 seconds
[2025-03-15T03:19:33.381+0000] {processor.py:186} INFO - Started process (PID=2956) to work on /opt/airflow/dags/not_running/hello_world.py
[2025-03-15T03:19:33.382+0000] {processor.py:914} INFO - Processing file /opt/airflow/dags/not_running/hello_world.py for tasks to queue
[2025-03-15T03:19:33.383+0000] {logging_mixin.py:190} INFO - [2025-03-15T03:19:33.383+0000] {dagbag.py:587} INFO - Filling up the DagBag from /opt/airflow/dags/not_running/hello_world.py
[2025-03-15T03:19:33.388+0000] {processor.py:925} INFO - DAG(s) 'HelloWorld' retrieved from /opt/airflow/dags/not_running/hello_world.py
[2025-03-15T03:19:33.402+0000] {logging_mixin.py:190} INFO - [2025-03-15T03:19:33.402+0000] {dag.py:3229} INFO - Sync 1 DAGs
[2025-03-15T03:19:33.412+0000] {logging_mixin.py:190} INFO - [2025-03-15T03:19:33.412+0000] {dag.py:4156} INFO - Setting next_dagrun for HelloWorld to 2025-03-14 02:00:00+00:00, run_after=2025-03-15 02:00:00+00:00
[2025-03-15T03:19:33.418+0000] {processor.py:208} INFO - Processing /opt/airflow/dags/not_running/hello_world.py took 0.039 seconds
[2025-03-15T03:20:04.680+0000] {processor.py:186} INFO - Started process (PID=2999) to work on /opt/airflow/dags/not_running/hello_world.py
[2025-03-15T03:20:04.681+0000] {processor.py:914} INFO - Processing file /opt/airflow/dags/not_running/hello_world.py for tasks to queue
[2025-03-15T03:20:04.683+0000] {logging_mixin.py:190} INFO - [2025-03-15T03:20:04.683+0000] {dagbag.py:587} INFO - Filling up the DagBag from /opt/airflow/dags/not_running/hello_world.py
[2025-03-15T03:20:04.699+0000] {processor.py:925} INFO - DAG(s) 'HelloWorld' retrieved from /opt/airflow/dags/not_running/hello_world.py
[2025-03-15T03:20:04.713+0000] {logging_mixin.py:190} INFO - [2025-03-15T03:20:04.712+0000] {dag.py:3229} INFO - Sync 1 DAGs
[2025-03-15T03:20:04.723+0000] {logging_mixin.py:190} INFO - [2025-03-15T03:20:04.723+0000] {dag.py:4156} INFO - Setting next_dagrun for HelloWorld to 2025-03-14 02:00:00+00:00, run_after=2025-03-15 02:00:00+00:00
[2025-03-15T03:20:04.729+0000] {processor.py:208} INFO - Processing /opt/airflow/dags/not_running/hello_world.py took 0.072 seconds
[2025-03-15T03:20:36.719+0000] {processor.py:186} INFO - Started process (PID=3040) to work on /opt/airflow/dags/not_running/hello_world.py
[2025-03-15T03:20:36.720+0000] {processor.py:914} INFO - Processing file /opt/airflow/dags/not_running/hello_world.py for tasks to queue
[2025-03-15T03:20:36.721+0000] {logging_mixin.py:190} INFO - [2025-03-15T03:20:36.721+0000] {dagbag.py:587} INFO - Filling up the DagBag from /opt/airflow/dags/not_running/hello_world.py
[2025-03-15T03:20:36.733+0000] {processor.py:925} INFO - DAG(s) 'HelloWorld' retrieved from /opt/airflow/dags/not_running/hello_world.py
[2025-03-15T03:20:36.753+0000] {logging_mixin.py:190} INFO - [2025-03-15T03:20:36.752+0000] {dag.py:3229} INFO - Sync 1 DAGs
[2025-03-15T03:20:36.768+0000] {logging_mixin.py:190} INFO - [2025-03-15T03:20:36.768+0000] {dag.py:4156} INFO - Setting next_dagrun for HelloWorld to 2025-03-14 02:00:00+00:00, run_after=2025-03-15 02:00:00+00:00
[2025-03-15T03:20:36.774+0000] {processor.py:208} INFO - Processing /opt/airflow/dags/not_running/hello_world.py took 0.059 seconds
[2025-03-15T03:21:07.458+0000] {processor.py:186} INFO - Started process (PID=3078) to work on /opt/airflow/dags/not_running/hello_world.py
[2025-03-15T03:21:07.459+0000] {processor.py:914} INFO - Processing file /opt/airflow/dags/not_running/hello_world.py for tasks to queue
[2025-03-15T03:21:07.460+0000] {logging_mixin.py:190} INFO - [2025-03-15T03:21:07.460+0000] {dagbag.py:587} INFO - Filling up the DagBag from /opt/airflow/dags/not_running/hello_world.py
[2025-03-15T03:21:07.471+0000] {processor.py:925} INFO - DAG(s) 'HelloWorld' retrieved from /opt/airflow/dags/not_running/hello_world.py
[2025-03-15T03:21:07.509+0000] {logging_mixin.py:190} INFO - [2025-03-15T03:21:07.509+0000] {dag.py:3229} INFO - Sync 1 DAGs
[2025-03-15T03:21:07.527+0000] {logging_mixin.py:190} INFO - [2025-03-15T03:21:07.527+0000] {dag.py:4156} INFO - Setting next_dagrun for HelloWorld to 2025-03-14 02:00:00+00:00, run_after=2025-03-15 02:00:00+00:00
[2025-03-15T03:21:07.538+0000] {processor.py:208} INFO - Processing /opt/airflow/dags/not_running/hello_world.py took 0.093 seconds
[2025-03-15T03:21:38.422+0000] {processor.py:186} INFO - Started process (PID=3129) to work on /opt/airflow/dags/not_running/hello_world.py
[2025-03-15T03:21:38.423+0000] {processor.py:914} INFO - Processing file /opt/airflow/dags/not_running/hello_world.py for tasks to queue
[2025-03-15T03:21:38.424+0000] {logging_mixin.py:190} INFO - [2025-03-15T03:21:38.423+0000] {dagbag.py:587} INFO - Filling up the DagBag from /opt/airflow/dags/not_running/hello_world.py
[2025-03-15T03:21:38.431+0000] {processor.py:925} INFO - DAG(s) 'HelloWorld' retrieved from /opt/airflow/dags/not_running/hello_world.py
[2025-03-15T03:21:38.445+0000] {logging_mixin.py:190} INFO - [2025-03-15T03:21:38.445+0000] {dag.py:3229} INFO - Sync 1 DAGs
[2025-03-15T03:21:38.457+0000] {logging_mixin.py:190} INFO - [2025-03-15T03:21:38.456+0000] {dag.py:4156} INFO - Setting next_dagrun for HelloWorld to 2025-03-14 02:00:00+00:00, run_after=2025-03-15 02:00:00+00:00
[2025-03-15T03:21:38.463+0000] {processor.py:208} INFO - Processing /opt/airflow/dags/not_running/hello_world.py took 0.045 seconds
[2025-03-15T03:22:09.698+0000] {processor.py:186} INFO - Started process (PID=3168) to work on /opt/airflow/dags/not_running/hello_world.py
[2025-03-15T03:22:09.699+0000] {processor.py:914} INFO - Processing file /opt/airflow/dags/not_running/hello_world.py for tasks to queue
[2025-03-15T03:22:09.699+0000] {logging_mixin.py:190} INFO - [2025-03-15T03:22:09.699+0000] {dagbag.py:587} INFO - Filling up the DagBag from /opt/airflow/dags/not_running/hello_world.py
[2025-03-15T03:22:09.713+0000] {processor.py:925} INFO - DAG(s) 'HelloWorld' retrieved from /opt/airflow/dags/not_running/hello_world.py
[2025-03-15T03:22:09.731+0000] {logging_mixin.py:190} INFO - [2025-03-15T03:22:09.731+0000] {dag.py:3229} INFO - Sync 1 DAGs
[2025-03-15T03:22:09.745+0000] {logging_mixin.py:190} INFO - [2025-03-15T03:22:09.745+0000] {dag.py:4156} INFO - Setting next_dagrun for HelloWorld to 2025-03-14 02:00:00+00:00, run_after=2025-03-15 02:00:00+00:00
[2025-03-15T03:22:09.753+0000] {processor.py:208} INFO - Processing /opt/airflow/dags/not_running/hello_world.py took 0.058 seconds
[2025-03-15T03:22:41.184+0000] {processor.py:186} INFO - Started process (PID=3209) to work on /opt/airflow/dags/not_running/hello_world.py
[2025-03-15T03:22:41.185+0000] {processor.py:914} INFO - Processing file /opt/airflow/dags/not_running/hello_world.py for tasks to queue
[2025-03-15T03:22:41.185+0000] {logging_mixin.py:190} INFO - [2025-03-15T03:22:41.185+0000] {dagbag.py:587} INFO - Filling up the DagBag from /opt/airflow/dags/not_running/hello_world.py
[2025-03-15T03:22:41.198+0000] {processor.py:925} INFO - DAG(s) 'HelloWorld' retrieved from /opt/airflow/dags/not_running/hello_world.py
[2025-03-15T03:22:41.219+0000] {logging_mixin.py:190} INFO - [2025-03-15T03:22:41.219+0000] {dag.py:3229} INFO - Sync 1 DAGs
[2025-03-15T03:22:41.231+0000] {logging_mixin.py:190} INFO - [2025-03-15T03:22:41.230+0000] {dag.py:4156} INFO - Setting next_dagrun for HelloWorld to 2025-03-14 02:00:00+00:00, run_after=2025-03-15 02:00:00+00:00
[2025-03-15T03:22:41.237+0000] {processor.py:208} INFO - Processing /opt/airflow/dags/not_running/hello_world.py took 0.059 seconds
[2025-03-15T03:23:11.840+0000] {processor.py:186} INFO - Started process (PID=3252) to work on /opt/airflow/dags/not_running/hello_world.py
[2025-03-15T03:23:11.841+0000] {processor.py:914} INFO - Processing file /opt/airflow/dags/not_running/hello_world.py for tasks to queue
[2025-03-15T03:23:11.842+0000] {logging_mixin.py:190} INFO - [2025-03-15T03:23:11.841+0000] {dagbag.py:587} INFO - Filling up the DagBag from /opt/airflow/dags/not_running/hello_world.py
[2025-03-15T03:23:11.849+0000] {processor.py:925} INFO - DAG(s) 'HelloWorld' retrieved from /opt/airflow/dags/not_running/hello_world.py
[2025-03-15T03:23:11.866+0000] {logging_mixin.py:190} INFO - [2025-03-15T03:23:11.866+0000] {dag.py:3229} INFO - Sync 1 DAGs
[2025-03-15T03:23:11.877+0000] {logging_mixin.py:190} INFO - [2025-03-15T03:23:11.877+0000] {dag.py:4156} INFO - Setting next_dagrun for HelloWorld to 2025-03-14 02:00:00+00:00, run_after=2025-03-15 02:00:00+00:00
[2025-03-15T03:23:11.883+0000] {processor.py:208} INFO - Processing /opt/airflow/dags/not_running/hello_world.py took 0.047 seconds
[2025-03-15T03:23:43.259+0000] {processor.py:186} INFO - Started process (PID=3291) to work on /opt/airflow/dags/not_running/hello_world.py
[2025-03-15T03:23:43.262+0000] {processor.py:914} INFO - Processing file /opt/airflow/dags/not_running/hello_world.py for tasks to queue
[2025-03-15T03:23:43.262+0000] {logging_mixin.py:190} INFO - [2025-03-15T03:23:43.262+0000] {dagbag.py:587} INFO - Filling up the DagBag from /opt/airflow/dags/not_running/hello_world.py
[2025-03-15T03:23:43.270+0000] {processor.py:925} INFO - DAG(s) 'HelloWorld' retrieved from /opt/airflow/dags/not_running/hello_world.py
[2025-03-15T03:23:43.291+0000] {logging_mixin.py:190} INFO - [2025-03-15T03:23:43.291+0000] {dag.py:3229} INFO - Sync 1 DAGs
[2025-03-15T03:23:43.303+0000] {logging_mixin.py:190} INFO - [2025-03-15T03:23:43.303+0000] {dag.py:4156} INFO - Setting next_dagrun for HelloWorld to 2025-03-14 02:00:00+00:00, run_after=2025-03-15 02:00:00+00:00
[2025-03-15T03:23:43.309+0000] {processor.py:208} INFO - Processing /opt/airflow/dags/not_running/hello_world.py took 0.053 seconds
[2025-03-15T03:24:14.930+0000] {processor.py:186} INFO - Started process (PID=3333) to work on /opt/airflow/dags/not_running/hello_world.py
[2025-03-15T03:24:14.931+0000] {processor.py:914} INFO - Processing file /opt/airflow/dags/not_running/hello_world.py for tasks to queue
[2025-03-15T03:24:14.932+0000] {logging_mixin.py:190} INFO - [2025-03-15T03:24:14.932+0000] {dagbag.py:587} INFO - Filling up the DagBag from /opt/airflow/dags/not_running/hello_world.py
[2025-03-15T03:24:14.940+0000] {processor.py:925} INFO - DAG(s) 'HelloWorld' retrieved from /opt/airflow/dags/not_running/hello_world.py
[2025-03-15T03:24:14.961+0000] {logging_mixin.py:190} INFO - [2025-03-15T03:24:14.960+0000] {dag.py:3229} INFO - Sync 1 DAGs
[2025-03-15T03:24:14.983+0000] {logging_mixin.py:190} INFO - [2025-03-15T03:24:14.983+0000] {dag.py:4156} INFO - Setting next_dagrun for HelloWorld to 2025-03-14 02:00:00+00:00, run_after=2025-03-15 02:00:00+00:00
[2025-03-15T03:24:14.989+0000] {processor.py:208} INFO - Processing /opt/airflow/dags/not_running/hello_world.py took 0.062 seconds
[2025-03-15T03:24:46.369+0000] {processor.py:186} INFO - Started process (PID=3373) to work on /opt/airflow/dags/not_running/hello_world.py
[2025-03-15T03:24:46.370+0000] {processor.py:914} INFO - Processing file /opt/airflow/dags/not_running/hello_world.py for tasks to queue
[2025-03-15T03:24:46.370+0000] {logging_mixin.py:190} INFO - [2025-03-15T03:24:46.370+0000] {dagbag.py:587} INFO - Filling up the DagBag from /opt/airflow/dags/not_running/hello_world.py
[2025-03-15T03:24:46.379+0000] {processor.py:925} INFO - DAG(s) 'HelloWorld' retrieved from /opt/airflow/dags/not_running/hello_world.py
[2025-03-15T03:24:46.399+0000] {logging_mixin.py:190} INFO - [2025-03-15T03:24:46.399+0000] {dag.py:3229} INFO - Sync 1 DAGs
[2025-03-15T03:24:46.412+0000] {logging_mixin.py:190} INFO - [2025-03-15T03:24:46.412+0000] {dag.py:4156} INFO - Setting next_dagrun for HelloWorld to 2025-03-14 02:00:00+00:00, run_after=2025-03-15 02:00:00+00:00
[2025-03-15T03:24:46.418+0000] {processor.py:208} INFO - Processing /opt/airflow/dags/not_running/hello_world.py took 0.051 seconds
[2025-03-15T03:25:17.109+0000] {processor.py:186} INFO - Started process (PID=3414) to work on /opt/airflow/dags/not_running/hello_world.py
[2025-03-15T03:25:17.110+0000] {processor.py:914} INFO - Processing file /opt/airflow/dags/not_running/hello_world.py for tasks to queue
[2025-03-15T03:25:17.111+0000] {logging_mixin.py:190} INFO - [2025-03-15T03:25:17.111+0000] {dagbag.py:587} INFO - Filling up the DagBag from /opt/airflow/dags/not_running/hello_world.py
[2025-03-15T03:25:17.122+0000] {processor.py:925} INFO - DAG(s) 'HelloWorld' retrieved from /opt/airflow/dags/not_running/hello_world.py
[2025-03-15T03:25:17.140+0000] {logging_mixin.py:190} INFO - [2025-03-15T03:25:17.140+0000] {dag.py:3229} INFO - Sync 1 DAGs
[2025-03-15T03:25:17.155+0000] {logging_mixin.py:190} INFO - [2025-03-15T03:25:17.155+0000] {dag.py:4156} INFO - Setting next_dagrun for HelloWorld to 2025-03-14 02:00:00+00:00, run_after=2025-03-15 02:00:00+00:00
[2025-03-15T03:25:17.161+0000] {processor.py:208} INFO - Processing /opt/airflow/dags/not_running/hello_world.py took 0.056 seconds
